[ 2015-08-07T22:11:39+08:00 ] 127.0.0.1 /Home/Index/test?name=see%20you%20again
INFO: [ app_init ] --START--
INFO: Run Behavior\BuildLiteBehavior [ RunTime:0.000788s ]
INFO: [ app_init ] --END-- [ RunTime:0.006078s ]
INFO: [ app_begin ] --START--
INFO: Run Behavior\ReadHtmlCacheBehavior [ RunTime:0.038091s ]
INFO: [ app_begin ] --END-- [ RunTime:0.042988s ]
SQL: SHOW COLUMNS FROM `ttpod_song` [ RunTime:0.0092s ]
SQL: SHOW COLUMNS FROM `ttpod_song` [ RunTime:0.0077s ]
SQL: SELECT COUNT(*) AS tp_count FROM `ttpod_song` LIMIT 1   [ RunTime:0.0012s ]
SQL: select * from ttpod_song where song_name regexp '[see you again]{13}' limit 0,10 [ RunTime:0.0020s ]
SQL: SHOW COLUMNS FROM `ttpod_song` [ RunTime:0.0052s ]
SQL: SELECT * FROM `ttpod_song` WHERE `song_id` = 35027191  [ RunTime:0.0023s ]
SQL: INSERT INTO `ttpod_song` (`song_id`,`singer_id`,`album_id`,`song_name`,`singer_name`,`album_name`) VALUES ('35027191','1237105','2001639','See You Again','H2K','See You Again') [ RunTime:0.0161s ]
SQL: SHOW COLUMNS FROM `ttpod_audio` [ RunTime:0.0056s ]
SQL: SHOW COLUMNS FROM `ttpod_audio` [ RunTime:0.0070s ]
SQL: INSERT INTO `ttpod_audio` (`song_id`,`song_name`,`singer_name`,`duration`,`format`,`bitrate`,`type_description`,`url`,`size`,`type`) VALUES ('35027191','See You Again','H2K','03:34','m4a','32','压缩品质','http://om32.alicdn.com/175/621290175/1133996984/1774405890_16796300_l.m4a?auth_key=a51845a48d7ca2d29bd326ecb2fec416-1438992000-0-null','0.83M','1') [ RunTime:0.0035s ]
SQL: INSERT INTO `ttpod_audio` (`song_id`,`song_name`,`singer_name`,`duration`,`format`,`bitrate`,`type_description`,`url`,`size`,`type`) VALUES ('35027191','See You Again','H2K','03:34','mp3','128','标准品质','http://m5.file.xiami.com/175/621290175/1133996984/1774405890_16796300_l.mp3?auth_key=f5c225f92a2dc4d073bf39307b1a54c2-1438992000-0-null','3.27M','2') [ RunTime:0.0038s ]
SQL: INSERT INTO `ttpod_audio` (`song_id`,`song_name`,`singer_name`,`duration`,`format`,`bitrate`,`type_description`,`url`,`size`,`type`) VALUES ('35027191','See You Again','H2K','03:34','mp3','320','超高品质','http://m6.file.xiami.com/175/621290175/1133996984/1774405890_16796300_h.mp3?auth_key=ef440cfa5b18152dda96f2955dc5bbcc-1438992000-0-null','8.17M','4') [ RunTime:0.0034s ]
NOTIC: [8] Undefined index: album_name E:\wnmp\www\allinone\App\Common\Common\function.php 第 45 行.
SQL: SHOW COLUMNS FROM `ttpod_song` [ RunTime:0.0067s ]
SQL: SELECT * FROM `ttpod_song` WHERE `song_id` = 30353162  [ RunTime:0.0012s ]
SQL: INSERT INTO `ttpod_song` (`song_id`,`singer_id`,`album_id`,`song_name`,`singer_name`,`album_name`) VALUES ('30353162','130526','0','see you again','Jason Chen',NULL) [ RunTime:0.0022s ]
SQL: SHOW COLUMNS FROM `ttpod_audio` [ RunTime:0.0090s ]
SQL: INSERT INTO `ttpod_audio` (`song_id`,`song_name`,`singer_name`,`duration`,`format`,`bitrate`,`type_description`,`url`,`size`,`type`) VALUES ('30353162','see you again','Jason Chen','02:39','m4a','32','压缩品质','http://b.ali.hotchanson.com/01184df7f6a2112a/1439388698/m4a_32_303/54/f8/542d93b6d7d04b1bbee616717a2947f8.m4a?s=t','0.63M','1') [ RunTime:0.0033s ]
SQL: INSERT INTO `ttpod_audio` (`song_id`,`song_name`,`singer_name`,`duration`,`format`,`bitrate`,`type_description`,`url`,`size`,`type`) VALUES ('30353162','see you again','Jason Chen','02:39','mp3','128','标准品质','http://nmo.ouj.yymommy.com/01184df7f6a2112a/1439388698/mp3_128_303/54/f8/542d93b6d7d04b1bbee616717a2947f8.mp3?s=t','2.43M','2') [ RunTime:0.0057s ]
NOTIC: [8] Undefined index: album_name E:\wnmp\www\allinone\App\Common\Common\function.php 第 45 行.
SQL: SHOW COLUMNS FROM `ttpod_song` [ RunTime:0.0070s ]
SQL: SELECT * FROM `ttpod_song` WHERE `song_id` = 30221460  [ RunTime:0.0013s ]
SQL: INSERT INTO `ttpod_song` (`song_id`,`singer_id`,`album_id`,`song_name`,`singer_name`,`album_name`) VALUES ('30221460','39539','0','see you again','Charlie Puth',NULL) [ RunTime:0.0035s ]
SQL: SHOW COLUMNS FROM `ttpod_audio` [ RunTime:0.0053s ]
SQL: INSERT INTO `ttpod_audio` (`song_id`,`song_name`,`singer_name`,`duration`,`format`,`bitrate`,`type_description`,`url`,`size`,`type`) VALUES ('30221460','see you again','Charlie Puth','03:48','m4a','32','压缩品质','http://b.ali.hotchanson.com/6e640f6b0ca22333/1439388698/m4a_32_302/64/95/64c48167b830211c33fc40523f6fea95.m4a?s=t','0.89M','1') [ RunTime:0.0034s ]
SQL: INSERT INTO `ttpod_audio` (`song_id`,`song_name`,`singer_name`,`duration`,`format`,`bitrate`,`type_description`,`url`,`size`,`type`) VALUES ('30221460','see you again','Charlie Puth','03:48','mp3','128','标准品质','http://a.ali.dongting.com/6e640f6b0ca22333/1439388698/mp3_128_302/64/95/64c48167b830211c33fc40523f6fea95.mp3?s=t','3.48M','2') [ RunTime:0.0043s ]
SQL: SHOW COLUMNS FROM `ttpod_song` [ RunTime:0.0093s ]
SQL: SELECT * FROM `ttpod_song` WHERE `song_id` = 1128977  [ RunTime:0.0028s ]
SQL: INSERT INTO `ttpod_song` (`song_id`,`singer_id`,`album_id`,`song_name`,`singer_name`,`album_name`) VALUES ('1128977','142758','14535','See You Again','Carrie Underwood','Blown Away') [ RunTime:0.0026s ]
SQL: SHOW COLUMNS FROM `ttpod_audio` [ RunTime:0.0082s ]
SQL: INSERT INTO `ttpod_audio` (`song_id`,`song_name`,`singer_name`,`duration`,`format`,`bitrate`,`type_description`,`url`,`size`,`type`) VALUES ('1128977','See You Again','Carrie Underwood','04:07','m4a','32','压缩品质','http://om32.alicdn.com/2/35002/502009/1770887280_3252983_l.m4a?auth_key=48956b37e30af05dba92d02cb33d1a51-1438992000-0-null','0.96M','1') [ RunTime:0.0042s ]
SQL: INSERT INTO `ttpod_audio` (`song_id`,`song_name`,`singer_name`,`duration`,`format`,`bitrate`,`type_description`,`url`,`size`,`type`) VALUES ('1128977','See You Again','Carrie Underwood','04:07','mp3','128','标准品质','http://m5.file.xiami.com/2/35002/502009/1770887280_3252983_l.mp3?auth_key=9d1b6fee4920a1926192ab79ab38e5f9-1438992000-0-null','3.78M','2') [ RunTime:0.0034s ]
SQL: INSERT INTO `ttpod_audio` (`song_id`,`song_name`,`singer_name`,`duration`,`format`,`bitrate`,`type_description`,`url`,`size`,`type`) VALUES ('1128977','See You Again','Carrie Underwood','04:07','mp3','320','超高品质','http://m6.file.xiami.com/2/35002/502009/1770887280_3252983_h.mp3?auth_key=914e7b97fa3c104e9846837bd8a5d6f8-1438992000-0-null','9.45M','4') [ RunTime:0.0035s ]
SQL: SHOW COLUMNS FROM `ttpod_video` [ RunTime:0.0089s ]
SQL: SHOW COLUMNS FROM `ttpod_video` [ RunTime:0.0077s ]
SQL: INSERT INTO `ttpod_video` (`song_id`,`song_name`,`singer_name`,`format`,`bitrate`,`type_description`,`size`,`lsize`,`url`,`duration`,`duration_second`,`pic_url`,`video_id`,`type`) VALUES ('1128977','See You Again','Carrie Underwood','mp4','500','标清画质','21.93M','22999033','http://mv.hotmusique.com/mv_1_2/74/17/7459f9a9230b5a973de13289faae8117.mp4?k=2335b1a083927322&t=1439328111','04:15','255970','http://3p.pic.ttdtweb.com/3p.ttpod.com/video/mv_pic/mv_pic_2/160_90/785/28617/200322.jpg','200322','0') [ RunTime:0.0046s ]
NOTIC: [8] Undefined index: album_name E:\wnmp\www\allinone\App\Common\Common\function.php 第 45 行.
SQL: SHOW COLUMNS FROM `ttpod_song` [ RunTime:0.0054s ]
SQL: SELECT * FROM `ttpod_song` WHERE `song_id` = 30322961  [ RunTime:0.0034s ]
SQL: INSERT INTO `ttpod_song` (`song_id`,`singer_id`,`album_id`,`song_name`,`singer_name`,`album_name`) VALUES ('30322961','39539','0','See You Again (Piano Demo Version)','Charlie Puth',NULL) [ RunTime:0.0022s ]
SQL: SHOW COLUMNS FROM `ttpod_audio` [ RunTime:0.0075s ]
SQL: INSERT INTO `ttpod_audio` (`song_id`,`song_name`,`singer_name`,`duration`,`format`,`bitrate`,`type_description`,`url`,`size`,`type`) VALUES ('30322961','See You Again (Piano Demo Version)','Charlie Puth','03:48','m4a','32','压缩品质','http://a.ali.dongting.com/3940c68fa5502177/1439388698/m4a_32_303/b8/5b/b84fd8679c548643c141d76dee92b35b.m4a?s=t','0.89M','1') [ RunTime:0.0034s ]
SQL: INSERT INTO `ttpod_audio` (`song_id`,`song_name`,`singer_name`,`duration`,`format`,`bitrate`,`type_description`,`url`,`size`,`type`) VALUES ('30322961','See You Again (Piano Demo Version)','Charlie Puth','03:48','mp3','128','标准品质','http://oen.cye.yymommy.com/3940c68fa5502177/1439388698/mp3_128_303/b8/5b/b84fd8679c548643c141d76dee92b35b.mp3?s=t','3.48M','2') [ RunTime:0.0033s ]
SQL: SHOW COLUMNS FROM `ttpod_song` [ RunTime:0.0206s ]
SQL: SELECT * FROM `ttpod_song` WHERE `song_id` = 35204008  [ RunTime:0.0025s ]
SQL: INSERT INTO `ttpod_song` (`song_id`,`singer_id`,`album_id`,`song_name`,`singer_name`,`album_name`) VALUES ('35204008','10000024','2021463','See You Again (Live) ','张杰;吴汶芳','最美和声第三季 第十三期') [ RunTime:0.0025s ]
SQL: SHOW COLUMNS FROM `ttpod_audio` [ RunTime:0.0069s ]
SQL: INSERT INTO `ttpod_audio` (`song_id`,`song_name`,`singer_name`,`duration`,`format`,`bitrate`,`type_description`,`url`,`size`,`type`) VALUES ('35204008','See You Again (Live) ','张杰;吴汶芳','04:23','m4a','32','压缩品质','http://om32.alicdn.com/104/1376882104/2100173782/1774558018_16959613_l.m4a?auth_key=4314004ae0e9af4f1946024ed30885c8-1438992000-0-null','1.04M','1') [ RunTime:0.0033s ]
SQL: INSERT INTO `ttpod_audio` (`song_id`,`song_name`,`singer_name`,`duration`,`format`,`bitrate`,`type_description`,`url`,`size`,`type`) VALUES ('35204008','See You Again (Live) ','张杰;吴汶芳','04:23','mp3','128','标准品质','http://m5.file.xiami.com/104/1376882104/2100173782/1774558018_16959613_l.mp3?auth_key=9bca5d348ef21e37dfedc9a7a237ad48-1438992000-0-null','4.02M','2') [ RunTime:0.0033s ]
SQL: INSERT INTO `ttpod_audio` (`song_id`,`song_name`,`singer_name`,`duration`,`format`,`bitrate`,`type_description`,`url`,`size`,`type`) VALUES ('35204008','See You Again (Live) ','张杰;吴汶芳','04:23','mp3','320','超高品质','http://m6.file.xiami.com/104/1376882104/2100173782/1774558018_16959613_h.mp3?auth_key=195078bec9d20c7e75e476181315d95e-1438992000-0-null','10.04M','4') [ RunTime:0.0063s ]
NOTIC: [8] Undefined index: album_name E:\wnmp\www\allinone\App\Common\Common\function.php 第 45 行.
SQL: SHOW COLUMNS FROM `ttpod_song` [ RunTime:0.0079s ]
SQL: SELECT * FROM `ttpod_song` WHERE `song_id` = 35053370  [ RunTime:0.0013s ]
SQL: INSERT INTO `ttpod_song` (`song_id`,`singer_id`,`album_id`,`song_name`,`singer_name`,`album_name`) VALUES ('35053370','20000830','0','See You Again (Yari Tropical Remix)','Wiz Khalifa;Charlie Puth;YARI',NULL) [ RunTime:0.0030s ]
SQL: SHOW COLUMNS FROM `ttpod_audio` [ RunTime:0.0058s ]
SQL: INSERT INTO `ttpod_audio` (`song_id`,`song_name`,`singer_name`,`duration`,`format`,`bitrate`,`type_description`,`url`,`size`,`type`) VALUES ('35053370','See You Again (Yari Tropical Remix)','Wiz Khalifa;Charlie Puth;YARI','02:59','m4a','32','压缩品质','http://om32.alicdn.com/17/1834883017/534883333/1774432096_16826220_l.m4a?auth_key=61dfdca27b1aa04b7fbd308814bbdf53-1438992000-0-null','0.71M','1') [ RunTime:0.0049s ]
SQL: INSERT INTO `ttpod_audio` (`song_id`,`song_name`,`singer_name`,`duration`,`format`,`bitrate`,`type_description`,`url`,`size`,`type`) VALUES ('35053370','See You Again (Yari Tropical Remix)','Wiz Khalifa;Charlie Puth;YARI','02:59','mp3','128','标准品质','http://m5.file.xiami.com/17/1834883017/534883333/1774432096_16826220_l.mp3?auth_key=3d5e8ee12131be6ad92973f3635bb202-1438992000-0-null','2.74M','2') [ RunTime:0.0034s ]
SQL: INSERT INTO `ttpod_audio` (`song_id`,`song_name`,`singer_name`,`duration`,`format`,`bitrate`,`type_description`,`url`,`size`,`type`) VALUES ('35053370','See You Again (Yari Tropical Remix)','Wiz Khalifa;Charlie Puth;YARI','02:59','mp3','320','超高品质','http://m6.file.xiami.com/17/1834883017/534883333/1774432096_16826220_h.mp3?auth_key=fa71cacd7ce9177e3dd139d108b248d2-1438992000-0-null','6.84M','4') [ RunTime:0.0046s ]
NOTIC: [8] Undefined index: album_name E:\wnmp\www\allinone\App\Common\Common\function.php 第 45 行.
SQL: SHOW COLUMNS FROM `ttpod_song` [ RunTime:0.0059s ]
SQL: SELECT * FROM `ttpod_song` WHERE `song_id` = 28494346  [ RunTime:0.0012s ]
SQL: INSERT INTO `ttpod_song` (`song_id`,`singer_id`,`album_id`,`song_name`,`singer_name`,`album_name`) VALUES ('28494346','1000318','0','see you again','电影原声',NULL) [ RunTime:0.0022s ]
SQL: SHOW COLUMNS FROM `ttpod_audio` [ RunTime:0.0057s ]
SQL: INSERT INTO `ttpod_audio` (`song_id`,`song_name`,`singer_name`,`duration`,`format`,`bitrate`,`type_description`,`url`,`size`,`type`) VALUES ('28494346','see you again','电影原声','03:10','m4a','32','压缩品质','http://a.ali.dongting.com/e116241df0b56e2a/1439388698/m4a_32_284/3c/73/3c26346867b0291b8d3bb69c0aacaf73.m4a?s=t','0.75M','1') [ RunTime:0.0033s ]
SQL: INSERT INTO `ttpod_audio` (`song_id`,`song_name`,`singer_name`,`duration`,`format`,`bitrate`,`type_description`,`url`,`size`,`type`) VALUES ('28494346','see you again','电影原声','03:10','mp3','128','标准品质','http://a.ali.dongting.com/e116241df0b56e2a/1439388698/mp3_128_284/3c/73/3c26346867b0291b8d3bb69c0aacaf73.mp3?s=t','2.91M','2') [ RunTime:0.0033s ]
SQL: SHOW COLUMNS FROM `ttpod_song` [ RunTime:0.0102s ]
SQL: SELECT * FROM `ttpod_song` WHERE `song_id` = 1622196  [ RunTime:0.0015s ]
SQL: INSERT INTO `ttpod_song` (`song_id`,`singer_id`,`album_id`,`song_name`,`singer_name`,`album_name`) VALUES ('1622196','10627','7619','When Can I See You Again?','Owl City','无敌破坏王 电影原声带 Wreck-It Ralph') [ RunTime:0.0025s ]
SQL: SHOW COLUMNS FROM `ttpod_audio` [ RunTime:0.0077s ]
SQL: INSERT INTO `ttpod_audio` (`song_id`,`song_name`,`singer_name`,`duration`,`format`,`bitrate`,`type_description`,`url`,`size`,`type`) VALUES ('1622196','When Can I See You Again?','Owl City','03:40','m4a','32','压缩品质','http://om32.alicdn.com/240/59240/547945/1771371688_11265171_l.m4a?auth_key=6c19df1c4537615f9c819beec2e29983-1438992000-0-null','0.86M','1') [ RunTime:0.0053s ]
SQL: INSERT INTO `ttpod_audio` (`song_id`,`song_name`,`singer_name`,`duration`,`format`,`bitrate`,`type_description`,`url`,`size`,`type`) VALUES ('1622196','When Can I See You Again?','Owl City','03:40','mp3','128','标准品质','http://m5.file.xiami.com/240/59240/547945/1771371688_11265171_l.mp3?auth_key=0743f25b30b536d66536b2dca9502c87-1438992000-0-null','3.36M','2') [ RunTime:0.0034s ]
SQL: INSERT INTO `ttpod_audio` (`song_id`,`song_name`,`singer_name`,`duration`,`format`,`bitrate`,`type_description`,`url`,`size`,`type`) VALUES ('1622196','When Can I See You Again?','Owl City','03:40','mp3','320','超高品质','http://m6.file.xiami.com/240/59240/547945/1771371688_11265171_h.mp3?auth_key=09a12148d84e902c13184894a1a484a2-1438992000-0-null','8.40M','4') [ RunTime:0.0038s ]
SQL: SHOW COLUMNS FROM `ttpod_video` [ RunTime:0.0096s ]
SQL: INSERT INTO `ttpod_video` (`song_id`,`song_name`,`singer_name`,`format`,`bitrate`,`type_description`,`size`,`lsize`,`url`,`duration`,`duration_second`,`pic_url`,`video_id`,`type`) VALUES ('1622196','When Can I See You Again?','Owl City','mp4','500','标清画质','15.89M','16666196','http://mv.hotmusique.com/mv_1_5/5d/f1/5de2db0c36b34f2fee348d80ccfadcf1.mp4?k=f81756fb80e36222&t=1439328090','03:40','220860','http://3p.pic.ttdtweb.com/3p.ttpod.com/video/mv_pic/mv_pic_5/160_90/2213/80630/564412.jpg','564412','0') [ RunTime:0.0044s ]
SQL: INSERT INTO `ttpod_video` (`song_id`,`song_name`,`singer_name`,`format`,`bitrate`,`type_description`,`size`,`lsize`,`url`,`duration`,`duration_second`,`pic_url`,`video_id`,`type`) VALUES ('1622196','When Can I See You Again?','Owl City','mp4','750','高清画质','31.55M','33086775','http://mv.hotmusique.com/mv_1_5/da/46/da9e67ae1e7bdea49c270ff9a3b06c46.mp4?k=e9737e4080b998bc&t=1439328090','03:40','220860','http://3p.pic.ttdtweb.com/3p.ttpod.com/video/mv_pic/mv_pic_5/160_90/2213/80630/564412.jpg','564412','1') [ RunTime:0.0063s ]
NOTIC: [8] Undefined index: album_name E:\wnmp\www\allinone\App\Common\Common\function.php 第 45 行.
SQL: SHOW COLUMNS FROM `ttpod_song` [ RunTime:0.0057s ]
SQL: SELECT * FROM `ttpod_song` WHERE `song_id` = 30357001  [ RunTime:0.0012s ]
SQL: INSERT INTO `ttpod_song` (`song_id`,`singer_id`,`album_id`,`song_name`,`singer_name`,`album_name`) VALUES ('30357001','19131','0','see you again','陈杰瑞',NULL) [ RunTime:0.0022s ]
SQL: SHOW COLUMNS FROM `ttpod_audio` [ RunTime:0.0053s ]
SQL: INSERT INTO `ttpod_audio` (`song_id`,`song_name`,`singer_name`,`duration`,`format`,`bitrate`,`type_description`,`url`,`size`,`type`) VALUES ('30357001','see you again','陈杰瑞','03:50','m4a','32','压缩品质','http://oen.cye.yymommy.com/1d0160f5979ce76f/1439388698/m4a_32_303/16/05/1656665c04287484fe6a71d216187405.m4a?s=t','0.90M','1') [ RunTime:0.0033s ]
SQL: INSERT INTO `ttpod_audio` (`song_id`,`song_name`,`singer_name`,`duration`,`format`,`bitrate`,`type_description`,`url`,`size`,`type`) VALUES ('30357001','see you again','陈杰瑞','03:50','mp3','128','标准品质','http://a.ali.dongting.com/1d0160f5979ce76f/1439388698/mp3_128_303/16/05/1656665c04287484fe6a71d216187405.mp3?s=t','3.52M','2') [ RunTime:0.0038s ]
NOTIC: [8] Undefined index: album_name E:\wnmp\www\allinone\App\Common\Common\function.php 第 45 行.
SQL: SHOW COLUMNS FROM `ttpod_song` [ RunTime:0.0085s ]
SQL: SELECT * FROM `ttpod_song` WHERE `song_id` = 30285707  [ RunTime:0.0012s ]
SQL: INSERT INTO `ttpod_song` (`song_id`,`singer_id`,`album_id`,`song_name`,`singer_name`,`album_name`) VALUES ('30285707','1091873','0','wiz khalifa、charlie puth(伴奏)','See You Again',NULL) [ RunTime:0.0030s ]
SQL: SHOW COLUMNS FROM `ttpod_audio` [ RunTime:0.0079s ]
SQL: INSERT INTO `ttpod_audio` (`song_id`,`song_name`,`singer_name`,`duration`,`format`,`bitrate`,`type_description`,`url`,`size`,`type`) VALUES ('30285707','wiz khalifa、charlie puth(伴奏)','See You Again','03:49','m4a','32','压缩品质','http://a.ali.dongting.com/5ea83bb07bb89350/1439388698/m4a_32_302/2d/7d/2d55c74d3a8c47d1d15335919398457d.m4a?s=t','0.90M','1') [ RunTime:0.0037s ]
SQL: INSERT INTO `ttpod_audio` (`song_id`,`song_name`,`singer_name`,`duration`,`format`,`bitrate`,`type_description`,`url`,`size`,`type`) VALUES ('30285707','wiz khalifa、charlie puth(伴奏)','See You Again','03:49','mp3','128','标准品质','http://a.ali.dongting.com/5ea83bb07bb89350/1439388698/mp3_128_302/2d/7d/2d55c74d3a8c47d1d15335919398457d.mp3?s=t','3.51M','2') [ RunTime:0.0034s ]
SQL: SHOW COLUMNS FROM `ttpod_song` [ RunTime:0.0052s ]
SQL: SELECT * FROM `ttpod_song` WHERE `song_id` = 4374281  [ RunTime:0.0012s ]
SQL: INSERT INTO `ttpod_song` (`song_id`,`singer_id`,`album_id`,`song_name`,`singer_name`,`album_name`) VALUES ('4374281','1766297','232371','See You Again (Rock Mafia Remix)','Miley Cyrus','Hannah Montana 2: Meet Miley Cyrus') [ RunTime:0.0025s ]
SQL: SHOW COLUMNS FROM `ttpod_audio` [ RunTime:0.0086s ]
SQL: INSERT INTO `ttpod_audio` (`song_id`,`song_name`,`singer_name`,`duration`,`format`,`bitrate`,`type_description`,`url`,`size`,`type`) VALUES ('4374281','See You Again (Rock Mafia Remix)','Miley Cyrus','03:19','m4a','32','压缩品质','http://om32.alicdn.com/1/241/24241/305032/3424319_223748_l.m4a?auth_key=f70acd46483289450b8a739b26e21301-1438992000-0-null','0.77M','1') [ RunTime:0.0039s ]
SQL: INSERT INTO `ttpod_audio` (`song_id`,`song_name`,`singer_name`,`duration`,`format`,`bitrate`,`type_description`,`url`,`size`,`type`) VALUES ('4374281','See You Again (Rock Mafia Remix)','Miley Cyrus','03:19','mp3','128','标准品质','http://m5.file.xiami.com/1/241/24241/305032/3424319_223748_l.mp3?auth_key=590586aa828e7a39e4044a477c8ba29d-1438992000-0-null','3.04M','2') [ RunTime:0.0034s ]
SQL: INSERT INTO `ttpod_audio` (`song_id`,`song_name`,`singer_name`,`duration`,`format`,`bitrate`,`type_description`,`url`,`size`,`type`) VALUES ('4374281','See You Again (Rock Mafia Remix)','Miley Cyrus','03:10','mp3','320','超高品质','http://b.ali.hotchanson.com/ea6f3ef7911558e3/1439388698/mp3_190_43/90/36/90b0277418366f39d161810061cc3f36.mp3?s=t','7.27M','4') [ RunTime:0.0037s ]
SQL: SHOW COLUMNS FROM `ttpod_video` [ RunTime:0.0053s ]
SQL: INSERT INTO `ttpod_video` (`song_id`,`song_name`,`singer_name`,`format`,`bitrate`,`type_description`,`size`,`lsize`,`url`,`duration`,`duration_second`,`pic_url`,`video_id`,`type`) VALUES ('4374281','See You Again (Rock Mafia Remix)','Miley Cyrus','mp4','500','标清画质','17.18M','18016717','http://mv.hotmusique.com/mv_1_1/af/5d/af6bffc1719e5ac9e01c27c19a35d05d.mp4?k=6344e3fac3014305&t=1439328074','03:21','201600','http://3p.pic.ttdtweb.com/3p.ttpod.com/video/mv_pic/mv_pic_1/160_90/479/17474/122318.jpg','122318','0') [ RunTime:0.0042s ]
NOTIC: [8] Undefined index: album_name E:\wnmp\www\allinone\App\Common\Common\function.php 第 45 行.
SQL: SHOW COLUMNS FROM `ttpod_song` [ RunTime:0.0056s ]
SQL: SELECT * FROM `ttpod_song` WHERE `song_id` = 35146532  [ RunTime:0.0012s ]
SQL: INSERT INTO `ttpod_song` (`song_id`,`singer_id`,`album_id`,`song_name`,`singer_name`,`album_name`) VALUES ('35146532','20010913','0','See You Again (T-Mass Remix)','Wiz Khalifa;Charlie Puth;T-Mass',NULL) [ RunTime:0.0024s ]
SQL: SHOW COLUMNS FROM `ttpod_audio` [ RunTime:0.0082s ]
SQL: INSERT INTO `ttpod_audio` (`song_id`,`song_name`,`singer_name`,`duration`,`format`,`bitrate`,`type_description`,`url`,`size`,`type`) VALUES ('35146532','See You Again (T-Mass Remix)','Wiz Khalifa;Charlie Puth;T-Mass','03:06','m4a','32','压缩品质','http://om32.alicdn.com/199/1913005199/1436960270/1774507124_16902468_l.m4a?auth_key=1f3e56a95bbb9e2e046a5999c778714a-1438992000-0-null','0.74M','1') [ RunTime:0.0038s ]
SQL: INSERT INTO `ttpod_audio` (`song_id`,`song_name`,`singer_name`,`duration`,`format`,`bitrate`,`type_description`,`url`,`size`,`type`) VALUES ('35146532','See You Again (T-Mass Remix)','Wiz Khalifa;Charlie Puth;T-Mass','03:06','mp3','128','标准品质','http://m5.file.xiami.com/199/1913005199/1436960270/1774507124_16902468_l.mp3?auth_key=580879a14495b2adb429c9b92c4aefe5-1438992000-0-null','2.85M','2') [ RunTime:0.0040s ]
SQL: INSERT INTO `ttpod_audio` (`song_id`,`song_name`,`singer_name`,`duration`,`format`,`bitrate`,`type_description`,`url`,`size`,`type`) VALUES ('35146532','See You Again (T-Mass Remix)','Wiz Khalifa;Charlie Puth;T-Mass','03:06','mp3','320','超高品质','http://m6.file.xiami.com/199/1913005199/1436960270/1774507124_16902468_h.mp3?auth_key=5e932ace3ea1355e74c533e5fa8c565d-1438992000-0-null','7.13M','4') [ RunTime:0.0045s ]
SQL: SHOW COLUMNS FROM `ttpod_song` [ RunTime:0.0085s ]
SQL: SELECT * FROM `ttpod_song` WHERE `song_id` = 27910639  [ RunTime:0.0031s ]
SQL: INSERT INTO `ttpod_song` (`song_id`,`singer_id`,`album_id`,`song_name`,`singer_name`,`album_name`) VALUES ('27910639','243835','1161906','You\'ll Never See Me Again','Adele','You\'ll Never See Me Again / Never Gonna Leave You') [ RunTime:0.0025s ]
SQL: SHOW COLUMNS FROM `ttpod_audio` [ RunTime:0.0080s ]
SQL: INSERT INTO `ttpod_audio` (`song_id`,`song_name`,`singer_name`,`duration`,`format`,`bitrate`,`type_description`,`url`,`size`,`type`) VALUES ('27910639','You\'ll Never See Me Again','Adele','03:56','m4a','32','压缩品质','http://om32.alicdn.com/485/23485/9606085/1773488879_15726893_l.m4a?auth_key=a3acc6b03c7fec5bc98382167d492372-1438992000-0-null','0.93M','1') [ RunTime:0.0039s ]
SQL: INSERT INTO `ttpod_audio` (`song_id`,`song_name`,`singer_name`,`duration`,`format`,`bitrate`,`type_description`,`url`,`size`,`type`) VALUES ('27910639','You\'ll Never See Me Again','Adele','03:56','mp3','128','标准品质','http://m5.file.xiami.com/485/23485/9606085/1773488879_15726893_l.mp3?auth_key=e81aff172e1aa99bedf2e78dc80e2315-1438992000-0-null','3.61M','2') [ RunTime:0.0035s ]
SQL: INSERT INTO `ttpod_audio` (`song_id`,`song_name`,`singer_name`,`duration`,`format`,`bitrate`,`type_description`,`url`,`size`,`type`) VALUES ('27910639','You\'ll Never See Me Again','Adele','03:56','mp3','320','超高品质','http://m6.file.xiami.com/485/23485/9606085/1773488879_15726893_h.mp3?auth_key=8ec687eb75e81e309b76839a4d7ad219-1438992000-0-null','9.02M','4') [ RunTime:0.0034s ]
NOTIC: [8] Undefined index: album_name E:\wnmp\www\allinone\App\Common\Common\function.php 第 45 行.
SQL: SHOW COLUMNS FROM `ttpod_song` [ RunTime:0.0117s ]
SQL: SELECT * FROM `ttpod_song` WHERE `song_id` = 30232742  [ RunTime:0.0013s ]
SQL: INSERT INTO `ttpod_song` (`song_id`,`singer_id`,`album_id`,`song_name`,`singer_name`,`album_name`) VALUES ('30232742','2216551','0','see you again','Charlie Puth & Mike Tompkins',NULL) [ RunTime:0.0022s ]
SQL: SHOW COLUMNS FROM `ttpod_audio` [ RunTime:0.0069s ]
SQL: INSERT INTO `ttpod_audio` (`song_id`,`song_name`,`singer_name`,`duration`,`format`,`bitrate`,`type_description`,`url`,`size`,`type`) VALUES ('30232742','see you again','Charlie Puth & Mike Tompkins','03:59','m4a','32','压缩品质','http://b.ali.hotchanson.com/e7883e854f8b287d/1439388698/m4a_32_302/79/67/79eadeaa13cef9ee9a3c1ec4187a5367.m4a?s=t','0.94M','1') [ RunTime:0.0053s ]
SQL: INSERT INTO `ttpod_audio` (`song_id`,`song_name`,`singer_name`,`duration`,`format`,`bitrate`,`type_description`,`url`,`size`,`type`) VALUES ('30232742','see you again','Charlie Puth & Mike Tompkins','03:59','mp3','128','标准品质','http://nie.dfe.yymommy.com/e7883e854f8b287d/1439388698/mp3_128_302/79/67/79eadeaa13cef9ee9a3c1ec4187a5367.mp3?s=t','3.66M','2') [ RunTime:0.0036s ]
NOTIC: [8] Undefined index: album_name E:\wnmp\www\allinone\App\Common\Common\function.php 第 45 行.
SQL: SHOW COLUMNS FROM `ttpod_song` [ RunTime:0.0057s ]
SQL: SELECT * FROM `ttpod_song` WHERE `song_id` = 30387603  [ RunTime:0.0014s ]
SQL: INSERT INTO `ttpod_song` (`song_id`,`singer_id`,`album_id`,`song_name`,`singer_name`,`album_name`) VALUES ('30387603','2274049','0','see you again - mv版','Alex Goot & Eppic & Kurt Schneider',NULL) [ RunTime:0.0022s ]
SQL: SHOW COLUMNS FROM `ttpod_audio` [ RunTime:0.0089s ]
SQL: INSERT INTO `ttpod_audio` (`song_id`,`song_name`,`singer_name`,`duration`,`format`,`bitrate`,`type_description`,`url`,`size`,`type`) VALUES ('30387603','see you again - mv版','Alex Goot & Eppic & Kurt Schneider','03:26','m4a','32','压缩品质','http://nie.dfe.yymommy.com/4a631e83c61fdc03/1439388698/m4a_32_303/3e/54/3e091a688bb6abd74c4a1cdb417c6554.m4a?s=t','0.81M','1') [ RunTime:0.0039s ]
SQL: INSERT INTO `ttpod_audio` (`song_id`,`song_name`,`singer_name`,`duration`,`format`,`bitrate`,`type_description`,`url`,`size`,`type`) VALUES ('30387603','see you again - mv版','Alex Goot & Eppic & Kurt Schneider','03:26','mp3','128','标准品质','http://nie.dfe.yymommy.com/4a631e83c61fdc03/1439388698/mp3_128_303/3e/54/3e091a688bb6abd74c4a1cdb417c6554.mp3?s=t','3.16M','2') [ RunTime:0.0045s ]
SQL: SHOW COLUMNS FROM `ttpod_song` [ RunTime:0.0059s ]
SQL: SELECT * FROM `ttpod_song` WHERE `song_id` = 9658332  [ RunTime:0.0013s ]
SQL: INSERT INTO `ttpod_song` (`song_id`,`singer_id`,`album_id`,`song_name`,`singer_name`,`album_name`) VALUES ('9658332','534','861352','I Do','911','I Do') [ RunTime:0.0024s ]
SQL: SHOW COLUMNS FROM `ttpod_audio` [ RunTime:0.0064s ]
SQL: INSERT INTO `ttpod_audio` (`song_id`,`song_name`,`singer_name`,`duration`,`format`,`bitrate`,`type_description`,`url`,`size`,`type`) VALUES ('9658332','I Do','911','03:27','m4a','32','压缩品质','http://om32.alicdn.com/67/57067/692080438/1772539760_11377018_l.m4a?auth_key=0ab0606f3290549fda9d6986e79b67d3-1438992000-0-null','0.82M','1') [ RunTime:0.0033s ]
SQL: INSERT INTO `ttpod_audio` (`song_id`,`song_name`,`singer_name`,`duration`,`format`,`bitrate`,`type_description`,`url`,`size`,`type`) VALUES ('9658332','I Do','911','03:27','mp3','128','标准品质','http://m5.file.xiami.com/67/57067/692080438/1772539760_11377018_l.mp3?auth_key=b0f8de48878d6f2d7ffed57fcae4f4aa-1438992000-0-null','3.17M','2') [ RunTime:0.0034s ]
SQL: INSERT INTO `ttpod_audio` (`song_id`,`song_name`,`singer_name`,`duration`,`format`,`bitrate`,`type_description`,`url`,`size`,`type`) VALUES ('9658332','I Do','911','03:27','mp3','320','超高品质','http://m6.file.xiami.com/67/57067/692080438/1772539760_11377018_h.mp3?auth_key=2471d76e96038617b10df7a301691d71-1438992000-0-null','7.92M','4') [ RunTime:0.0039s ]
NOTIC: [8] Undefined index: album_name E:\wnmp\www\allinone\App\Common\Common\function.php 第 45 行.
SQL: SHOW COLUMNS FROM `ttpod_song` [ RunTime:0.0087s ]
SQL: SELECT * FROM `ttpod_song` WHERE `song_id` = 29100170  [ RunTime:0.0025s ]
SQL: INSERT INTO `ttpod_song` (`song_id`,`singer_id`,`album_id`,`song_name`,`singer_name`,`album_name`) VALUES ('29100170','1766297','0','See You Again(26秒铃声版)','Miley Cyrus',NULL) [ RunTime:0.0040s ]
SQL: SHOW COLUMNS FROM `ttpod_audio` [ RunTime:0.0073s ]
SQL: INSERT INTO `ttpod_audio` (`song_id`,`song_name`,`singer_name`,`duration`,`format`,`bitrate`,`type_description`,`url`,`size`,`type`) VALUES ('29100170','See You Again(26秒铃声版)','Miley Cyrus','00:26','m4a','32','压缩品质','http://b.ali.hotchanson.com/9775278fafea650b/1439388698/m4a_32_291/ed/33/edf70aad6c8ef32ab714db5d7d3bcc33.m4a?s=t','0.11M','1') [ RunTime:0.0033s ]
SQL: INSERT INTO `ttpod_audio` (`song_id`,`song_name`,`singer_name`,`duration`,`format`,`bitrate`,`type_description`,`url`,`size`,`type`) VALUES ('29100170','See You Again(26秒铃声版)','Miley Cyrus','00:26','mp3','128','标准品质','http://b.ali.hotchanson.com/9775278fafea650b/1439388698/mp3_128_291/ed/33/edf70aad6c8ef32ab714db5d7d3bcc33.mp3?s=t','0.41M','2') [ RunTime:0.0033s ]
NOTIC: [8] Undefined index: album_name E:\wnmp\www\allinone\App\Common\Common\function.php 第 45 行.
SQL: SHOW COLUMNS FROM `ttpod_song` [ RunTime:0.0075s ]
SQL: SELECT * FROM `ttpod_song` WHERE `song_id` = 9254026  [ RunTime:0.0014s ]
SQL: INSERT INTO `ttpod_song` (`song_id`,`singer_id`,`album_id`,`song_name`,`singer_name`,`album_name`) VALUES ('9254026','1766297','0','see you again - 铃声','Miley Cyrus',NULL) [ RunTime:0.0024s ]
SQL: SHOW COLUMNS FROM `ttpod_audio` [ RunTime:0.0066s ]
SQL: INSERT INTO `ttpod_audio` (`song_id`,`song_name`,`singer_name`,`duration`,`format`,`bitrate`,`type_description`,`url`,`size`,`type`) VALUES ('9254026','see you again - 铃声','Miley Cyrus','00:26','m4a','32','压缩品质','http://b.ali.hotchanson.com/61e7496f752c100b/1439388698/m4a_32_92/6b/c7/6bdf6f411fef2f07dd0e183d9daa25c7.m4a?s=t','0.11M','1') [ RunTime:0.0033s ]
SQL: INSERT INTO `ttpod_audio` (`song_id`,`song_name`,`singer_name`,`duration`,`format`,`bitrate`,`type_description`,`url`,`size`,`type`) VALUES ('9254026','see you again - 铃声','Miley Cyrus','00:26','mp3','128','标准品质','http://b.ali.hotchanson.com/61e7496f752c100b/1439388698/mp3_128_92/6b/c7/6bdf6f411fef2f07dd0e183d9daa25c7.mp3?s=t','0.41M','2') [ RunTime:0.0038s ]
NOTIC: [8] Undefined index: album_name E:\wnmp\www\allinone\App\Common\Common\function.php 第 45 行.
SQL: SHOW COLUMNS FROM `ttpod_song` [ RunTime:0.0055s ]
SQL: SELECT * FROM `ttpod_song` WHERE `song_id` = 25553383  [ RunTime:0.0012s ]
SQL: INSERT INTO `ttpod_song` (`song_id`,`singer_id`,`album_id`,`song_name`,`singer_name`,`album_name`) VALUES ('25553383','10627','0','Enchanted','Owl City',NULL) [ RunTime:0.0029s ]
SQL: SHOW COLUMNS FROM `ttpod_audio` [ RunTime:0.0054s ]
SQL: INSERT INTO `ttpod_audio` (`song_id`,`song_name`,`singer_name`,`duration`,`format`,`bitrate`,`type_description`,`url`,`size`,`type`) VALUES ('25553383','Enchanted','Owl City','05:01','m4a','32','压缩品质','http://om32.alicdn.com/821/33821/426137/1770038073_2015570_l.m4a?auth_key=0392511c02c44bb9dc508d7412f7b085-1438992000-0-null','1.19M','1') [ RunTime:0.0034s ]
SQL: INSERT INTO `ttpod_audio` (`song_id`,`song_name`,`singer_name`,`duration`,`format`,`bitrate`,`type_description`,`url`,`size`,`type`) VALUES ('25553383','Enchanted','Owl City','05:01','mp3','128','标准品质','http://m5.file.xiami.com/821/33821/426137/1770038073_2015570_l.mp3?auth_key=752a4708a04ceb6e7bed4e446f78e2f8-1438992000-0-null','4.60M','2') [ RunTime:0.0034s ]
SQL: INSERT INTO `ttpod_audio` (`song_id`,`song_name`,`singer_name`,`duration`,`format`,`bitrate`,`type_description`,`url`,`size`,`type`) VALUES ('25553383','Enchanted','Owl City','05:01','mp3','192','高品质','http://om192.alicdn.com/821/33821/426137/1770038073_2015570_l.mp3?auth_key=752a4708a04ceb6e7bed4e446f78e2f8-1438992000-0-null','6.90M','3') [ RunTime:0.0033s ]
INFO: [ view_parse ] --START--
INFO: [ template_filter ] --START--
INFO: Run Behavior\ContentReplaceBehavior [ RunTime:0.003259s ]
INFO: [ template_filter ] --END-- [ RunTime:0.008028s ]
NOTIC: [8] Undefined index: count E:\wnmp\www\allinone\App\Runtime\Cache\Home\429fa56d681285da128e78fa9296864f.php 第 116 行.
INFO: Run Behavior\ParseTemplateBehavior [ RunTime:0.432521s ]
INFO: [ view_parse ] --END-- [ RunTime:0.437682s ]
INFO: [ view_filter ] --START--
INFO: Run Behavior\WriteHtmlCacheBehavior [ RunTime:0.071460s ]
INFO: [ view_filter ] --END-- [ RunTime:0.079007s ]
INFO: [ app_end ] --START--
INFO: Run Behavior\ShowPageTraceBehavior [ RunTime:0.016048s ]
INFO: [ app_end ] --END-- [ RunTime:0.023297s ]

[ 2015-08-07T22:11:39+08:00 ] 127.0.0.1 /favicon.ico
INFO: [ app_init ] --START--
INFO: Run Behavior\BuildLiteBehavior [ RunTime:0.000799s ]
INFO: [ app_init ] --END-- [ RunTime:0.006182s ]

[ 2015-08-07T22:11:43+08:00 ] 127.0.0.1 /Home/Index/test?name=see%20you%20again
INFO: [ app_init ] --START--
INFO: Run Behavior\BuildLiteBehavior [ RunTime:0.000808s ]
INFO: [ app_init ] --END-- [ RunTime:0.006119s ]
INFO: [ app_begin ] --START--
INFO: Run Behavior\ReadHtmlCacheBehavior [ RunTime:0.003148s ]
INFO: [ app_begin ] --END-- [ RunTime:0.007938s ]
SQL: SHOW COLUMNS FROM `ttpod_song` [ RunTime:0.0073s ]
SQL: SHOW COLUMNS FROM `ttpod_song` [ RunTime:0.0052s ]
SQL: SELECT COUNT(*) AS tp_count FROM `ttpod_song` LIMIT 1   [ RunTime:0.0025s ]
SQL: select * from ttpod_song where song_name regexp '[see you again]{13}' limit 0,10 [ RunTime:0.0015s ]
SQL: SHOW COLUMNS FROM `ttpod_audio` [ RunTime:0.0057s ]
SQL: SHOW COLUMNS FROM `ttpod_audio` [ RunTime:0.0086s ]
SQL: SELECT * FROM `ttpod_audio` WHERE `song_id` = 35027191  [ RunTime:0.0016s ]
SQL: SHOW COLUMNS FROM `ttpod_video` [ RunTime:0.0061s ]
SQL: SHOW COLUMNS FROM `ttpod_video` [ RunTime:0.0071s ]
SQL: SELECT * FROM `ttpod_video` WHERE `song_id` = 35027191  [ RunTime:0.0012s ]
SQL: SHOW COLUMNS FROM `ttpod_audio` [ RunTime:0.0068s ]
SQL: SELECT * FROM `ttpod_audio` WHERE `song_id` = 30353162  [ RunTime:0.0013s ]
SQL: SHOW COLUMNS FROM `ttpod_video` [ RunTime:0.0055s ]
SQL: SELECT * FROM `ttpod_video` WHERE `song_id` = 30353162  [ RunTime:0.0012s ]
SQL: SHOW COLUMNS FROM `ttpod_audio` [ RunTime:0.0051s ]
SQL: SELECT * FROM `ttpod_audio` WHERE `song_id` = 30221460  [ RunTime:0.0013s ]
SQL: SHOW COLUMNS FROM `ttpod_video` [ RunTime:0.0095s ]
SQL: SELECT * FROM `ttpod_video` WHERE `song_id` = 30221460  [ RunTime:0.0012s ]
SQL: SHOW COLUMNS FROM `ttpod_audio` [ RunTime:0.0080s ]
SQL: SELECT * FROM `ttpod_audio` WHERE `song_id` = 1128977  [ RunTime:0.0026s ]
SQL: SHOW COLUMNS FROM `ttpod_video` [ RunTime:0.0055s ]
SQL: SELECT * FROM `ttpod_video` WHERE `song_id` = 1128977  [ RunTime:0.0012s ]
SQL: SHOW COLUMNS FROM `ttpod_audio` [ RunTime:0.0076s ]
SQL: SELECT * FROM `ttpod_audio` WHERE `song_id` = 30322961  [ RunTime:0.0028s ]
SQL: SHOW COLUMNS FROM `ttpod_video` [ RunTime:0.0075s ]
SQL: SELECT * FROM `ttpod_video` WHERE `song_id` = 30322961  [ RunTime:0.0012s ]
SQL: SHOW COLUMNS FROM `ttpod_audio` [ RunTime:0.0093s ]
SQL: SELECT * FROM `ttpod_audio` WHERE `song_id` = 35204008  [ RunTime:0.0029s ]
SQL: SHOW COLUMNS FROM `ttpod_video` [ RunTime:0.0055s ]
SQL: SELECT * FROM `ttpod_video` WHERE `song_id` = 35204008  [ RunTime:0.0012s ]
SQL: SHOW COLUMNS FROM `ttpod_audio` [ RunTime:0.0052s ]
SQL: SELECT * FROM `ttpod_audio` WHERE `song_id` = 35053370  [ RunTime:0.0013s ]
SQL: SHOW COLUMNS FROM `ttpod_video` [ RunTime:0.0058s ]
SQL: SELECT * FROM `ttpod_video` WHERE `song_id` = 35053370  [ RunTime:0.0012s ]
SQL: SHOW COLUMNS FROM `ttpod_audio` [ RunTime:0.0066s ]
SQL: SELECT * FROM `ttpod_audio` WHERE `song_id` = 28494346  [ RunTime:0.0014s ]
SQL: SHOW COLUMNS FROM `ttpod_video` [ RunTime:0.0058s ]
SQL: SELECT * FROM `ttpod_video` WHERE `song_id` = 28494346  [ RunTime:0.0025s ]
SQL: SHOW COLUMNS FROM `ttpod_audio` [ RunTime:0.0083s ]
SQL: SELECT * FROM `ttpod_audio` WHERE `song_id` = 1622196  [ RunTime:0.0025s ]
SQL: SHOW COLUMNS FROM `ttpod_video` [ RunTime:0.0069s ]
SQL: SELECT * FROM `ttpod_video` WHERE `song_id` = 1622196  [ RunTime:0.0013s ]
SQL: SHOW COLUMNS FROM `ttpod_audio` [ RunTime:0.0250s ]
SQL: SELECT * FROM `ttpod_audio` WHERE `song_id` = 30357001  [ RunTime:0.0033s ]
SQL: SHOW COLUMNS FROM `ttpod_video` [ RunTime:0.0117s ]
SQL: SELECT * FROM `ttpod_video` WHERE `song_id` = 30357001  [ RunTime:0.0012s ]
INFO: [ view_parse ] --START--
INFO: [ template_filter ] --START--
INFO: Run Behavior\ContentReplaceBehavior [ RunTime:0.003900s ]
INFO: [ template_filter ] --END-- [ RunTime:0.008548s ]
NOTIC: [8] Use of undefined constant index - assumed 'index' E:\wnmp\www\allinone\App\Runtime\Cache\Home\429fa56d681285da128e78fa9296864f.php 第 116 行.
NOTIC: [8] Use of undefined constant index - assumed 'index' E:\wnmp\www\allinone\App\Runtime\Cache\Home\429fa56d681285da128e78fa9296864f.php 第 116 行.
NOTIC: [8] Use of undefined constant index - assumed 'index' E:\wnmp\www\allinone\App\Runtime\Cache\Home\429fa56d681285da128e78fa9296864f.php 第 116 行.
NOTIC: [8] Use of undefined constant index - assumed 'index' E:\wnmp\www\allinone\App\Runtime\Cache\Home\429fa56d681285da128e78fa9296864f.php 第 116 行.
NOTIC: [8] Use of undefined constant index - assumed 'index' E:\wnmp\www\allinone\App\Runtime\Cache\Home\429fa56d681285da128e78fa9296864f.php 第 116 行.
NOTIC: [8] Use of undefined constant index - assumed 'index' E:\wnmp\www\allinone\App\Runtime\Cache\Home\429fa56d681285da128e78fa9296864f.php 第 116 行.
NOTIC: [8] Use of undefined constant index - assumed 'index' E:\wnmp\www\allinone\App\Runtime\Cache\Home\429fa56d681285da128e78fa9296864f.php 第 116 行.
NOTIC: [8] Use of undefined constant index - assumed 'index' E:\wnmp\www\allinone\App\Runtime\Cache\Home\429fa56d681285da128e78fa9296864f.php 第 116 行.
NOTIC: [8] Use of undefined constant index - assumed 'index' E:\wnmp\www\allinone\App\Runtime\Cache\Home\429fa56d681285da128e78fa9296864f.php 第 116 行.
NOTIC: [8] Use of undefined constant index - assumed 'index' E:\wnmp\www\allinone\App\Runtime\Cache\Home\429fa56d681285da128e78fa9296864f.php 第 116 行.
NOTIC: [8] Use of undefined constant index - assumed 'index' E:\wnmp\www\allinone\App\Runtime\Cache\Home\429fa56d681285da128e78fa9296864f.php 第 116 行.
INFO: Run Behavior\ParseTemplateBehavior [ RunTime:0.408704s ]
INFO: [ view_parse ] --END-- [ RunTime:0.413307s ]
INFO: [ view_filter ] --START--
INFO: Run Behavior\WriteHtmlCacheBehavior [ RunTime:0.002904s ]
INFO: [ view_filter ] --END-- [ RunTime:0.007428s ]
INFO: [ app_end ] --START--
INFO: Run Behavior\ShowPageTraceBehavior [ RunTime:0.003391s ]
INFO: [ app_end ] --END-- [ RunTime:0.010970s ]

[ 2015-08-07T22:11:44+08:00 ] 127.0.0.1 /favicon.ico
INFO: [ app_init ] --START--
INFO: Run Behavior\BuildLiteBehavior [ RunTime:0.000796s ]
INFO: [ app_init ] --END-- [ RunTime:0.006028s ]

