[ 2015-08-12T09:40:25+08:00 ] 127.0.0.1 /
INFO: [ app_init ] --START--
INFO: Run Behavior\BuildLiteBehavior [ RunTime:0.000972s ]
INFO: [ app_init ] --END-- [ RunTime:0.025199s ]
INFO: [ app_begin ] --START--
INFO: Run Behavior\ReadHtmlCacheBehavior [ RunTime:0.043397s ]
INFO: [ app_begin ] --END-- [ RunTime:0.048095s ]
NOTIC: [2] session_start(): open(e:\tmp\sess_0e3i3qth33tb6fo5lahjpo1v25, O_RDWR) failed: No such file or directory (2) D:\wnmp\www\allinone\ThinkPHP\Common\functions.php 第 1263 行.
INFO: [ view_parse ] --START--
INFO: [ template_filter ] --START--
INFO: Run Behavior\ContentReplaceBehavior [ RunTime:0.003335s ]
INFO: [ template_filter ] --END-- [ RunTime:0.008042s ]
INFO: Run Behavior\ParseTemplateBehavior [ RunTime:0.146046s ]
INFO: [ view_parse ] --END-- [ RunTime:0.151039s ]
INFO: [ view_filter ] --START--
INFO: Run Behavior\WriteHtmlCacheBehavior [ RunTime:0.014907s ]
INFO: [ view_filter ] --END-- [ RunTime:0.019679s ]
INFO: [ app_end ] --START--
INFO: Run Behavior\ShowPageTraceBehavior [ RunTime:0.010818s ]
INFO: [ app_end ] --END-- [ RunTime:0.015808s ]

[ 2015-08-12T09:40:26+08:00 ] 127.0.0.1 /favicon.ico
INFO: [ app_init ] --START--
INFO: Run Behavior\BuildLiteBehavior [ RunTime:0.000860s ]
INFO: [ app_init ] --END-- [ RunTime:0.006570s ]

[ 2015-08-12T17:36:06+08:00 ] 127.0.0.1 /
INFO: [ app_init ] --START--
INFO: Run Behavior\BuildLiteBehavior [ RunTime:0.000960s ]
INFO: [ app_init ] --END-- [ RunTime:0.011269s ]
INFO: [ app_begin ] --START--
INFO: Run Behavior\ReadHtmlCacheBehavior [ RunTime:0.008241s ]
INFO: [ app_begin ] --END-- [ RunTime:0.013257s ]
NOTIC: [2] session_start(): open(e:\tmp\sess_0e3i3qth33tb6fo5lahjpo1v25, O_RDWR) failed: No such file or directory (2) D:\wnmp\www\allinone\ThinkPHP\Common\functions.php 第 1263 行.
INFO: [ view_parse ] --START--
INFO: [ template_filter ] --START--
INFO: Run Behavior\ContentReplaceBehavior [ RunTime:0.003320s ]
INFO: [ template_filter ] --END-- [ RunTime:0.008543s ]
INFO: Run Behavior\ParseTemplateBehavior [ RunTime:0.143302s ]
INFO: [ view_parse ] --END-- [ RunTime:0.148035s ]
INFO: [ view_filter ] --START--
INFO: Run Behavior\WriteHtmlCacheBehavior [ RunTime:0.007044s ]
INFO: [ view_filter ] --END-- [ RunTime:0.012100s ]
INFO: [ app_end ] --START--
INFO: Run Behavior\ShowPageTraceBehavior [ RunTime:0.010170s ]
INFO: [ app_end ] --END-- [ RunTime:0.015189s ]

[ 2015-08-12T17:36:07+08:00 ] 127.0.0.1 /favicon.ico
INFO: [ app_init ] --START--
INFO: Run Behavior\BuildLiteBehavior [ RunTime:0.000818s ]
INFO: [ app_init ] --END-- [ RunTime:0.006467s ]

[ 2015-08-12T18:29:31+08:00 ] 127.0.0.1 /
INFO: [ app_init ] --START--
INFO: Run Behavior\BuildLiteBehavior [ RunTime:0.000848s ]
INFO: [ app_init ] --END-- [ RunTime:0.006694s ]
INFO: [ app_begin ] --START--
INFO: Run Behavior\ReadHtmlCacheBehavior [ RunTime:0.004424s ]
INFO: [ app_begin ] --END-- [ RunTime:0.009427s ]
NOTIC: [2] session_start(): open(e:\tmp\sess_0e3i3qth33tb6fo5lahjpo1v25, O_RDWR) failed: No such file or directory (2) D:\wnmp\www\allinone\ThinkPHP\Common\functions.php 第 1263 行.
INFO: [ view_parse ] --START--
INFO: [ template_filter ] --START--
INFO: Run Behavior\ContentReplaceBehavior [ RunTime:0.004192s ]
INFO: [ template_filter ] --END-- [ RunTime:0.009798s ]
INFO: Run Behavior\ParseTemplateBehavior [ RunTime:0.077617s ]
INFO: [ view_parse ] --END-- [ RunTime:0.082531s ]
INFO: [ view_filter ] --START--
INFO: Run Behavior\WriteHtmlCacheBehavior [ RunTime:0.004160s ]
INFO: [ view_filter ] --END-- [ RunTime:0.009671s ]
INFO: [ app_end ] --START--
INFO: Run Behavior\ShowPageTraceBehavior [ RunTime:0.003693s ]
INFO: [ app_end ] --END-- [ RunTime:0.008888s ]

[ 2015-08-12T18:29:31+08:00 ] 127.0.0.1 /favicon.ico
INFO: [ app_init ] --START--
INFO: Run Behavior\BuildLiteBehavior [ RunTime:0.000822s ]
INFO: [ app_init ] --END-- [ RunTime:0.007091s ]

[ 2015-08-12T18:29:33+08:00 ] 127.0.0.1 /favicon.ico
INFO: [ app_init ] --START--
INFO: Run Behavior\BuildLiteBehavior [ RunTime:0.000978s ]
INFO: [ app_init ] --END-- [ RunTime:0.008898s ]

