[ 2015-08-21T13:34:25+08:00 ] 127.0.0.1 /
INFO: [ app_init ] --START--
INFO: Run Behavior\BuildLiteBehavior [ RunTime:0.000811s ]
INFO: [ app_init ] --END-- [ RunTime:0.038909s ]
INFO: [ app_begin ] --START--
INFO: Run Behavior\ReadHtmlCacheBehavior [ RunTime:0.023886s ]
INFO: [ app_begin ] --END-- [ RunTime:0.031273s ]
NOTIC: [2] session_start(): open(e:\tmp\sess_gol5m659p3kt7mmg4fbq3k8ad6, O_RDWR) failed: No such file or directory (2) D:\wnmp\www\allinone\ThinkPHP\Common\functions.php 第 1263 行.
SQL: SHOW COLUMNS FROM `qn_file` [ RunTime:0.0883s ]
SQL: SHOW COLUMNS FROM `qn_file` [ RunTime:0.0066s ]
SQL: SELECT COUNT(*) AS tp_count FROM `qn_file` WHERE `mimetype` = 'image/jpeg' LIMIT 1   [ RunTime:0.0019s ]
SQL: SELECT * FROM `qn_file` WHERE `mimetype` = 'image/jpeg' ORDER BY createon desc LIMIT 0,10   [ RunTime:0.0032s ]
INFO: [ view_parse ] --START--
INFO: [ template_filter ] --START--
INFO: Run Behavior\ContentReplaceBehavior [ RunTime:0.003350s ]
INFO: [ template_filter ] --END-- [ RunTime:0.008670s ]
INFO: Run Behavior\ParseTemplateBehavior [ RunTime:0.228817s ]
INFO: [ view_parse ] --END-- [ RunTime:0.233599s ]
INFO: [ view_filter ] --START--
INFO: Run Behavior\WriteHtmlCacheBehavior [ RunTime:0.006500s ]
INFO: [ view_filter ] --END-- [ RunTime:0.011130s ]
INFO: [ app_end ] --START--
INFO: Run Behavior\ShowPageTraceBehavior [ RunTime:0.009535s ]
INFO: [ app_end ] --END-- [ RunTime:0.015052s ]

[ 2015-08-21T13:34:25+08:00 ] 127.0.0.1 /fonts/glyphicons-halflings-regular.woff2
INFO: [ app_init ] --START--
INFO: Run Behavior\BuildLiteBehavior [ RunTime:0.001634s ]
INFO: [ app_init ] --END-- [ RunTime:0.013093s ]
INFO: [ app_begin ] --START--
INFO: Run Behavior\ReadHtmlCacheBehavior [ RunTime:0.005414s ]
INFO: [ app_begin ] --END-- [ RunTime:0.012927s ]
NOTIC: [2] session_start(): open(e:\tmp\sess_gol5m659p3kt7mmg4fbq3k8ad6, O_RDWR) failed: No such file or directory (2) D:\wnmp\www\allinone\ThinkPHP\Common\functions.php 第 1263 行.
ERR: 无法加载控制器:Fonts

[ 2015-08-21T13:34:26+08:00 ] 127.0.0.1 /fonts/glyphicons-halflings-regular.woff
INFO: [ app_init ] --START--
INFO: Run Behavior\BuildLiteBehavior [ RunTime:0.000833s ]
INFO: [ app_init ] --END-- [ RunTime:0.008524s ]
INFO: [ app_begin ] --START--
INFO: Run Behavior\ReadHtmlCacheBehavior [ RunTime:0.004030s ]
INFO: [ app_begin ] --END-- [ RunTime:0.008949s ]
NOTIC: [2] session_start(): open(e:\tmp\sess_gol5m659p3kt7mmg4fbq3k8ad6, O_RDWR) failed: No such file or directory (2) D:\wnmp\www\allinone\ThinkPHP\Common\functions.php 第 1263 行.
ERR: 无法加载控制器:Fonts

[ 2015-08-21T13:34:26+08:00 ] 127.0.0.1 /fonts/glyphicons-halflings-regular.ttf
INFO: [ app_init ] --START--
INFO: Run Behavior\BuildLiteBehavior [ RunTime:0.000866s ]
INFO: [ app_init ] --END-- [ RunTime:0.006486s ]
INFO: [ app_begin ] --START--
INFO: Run Behavior\ReadHtmlCacheBehavior [ RunTime:0.003174s ]
INFO: [ app_begin ] --END-- [ RunTime:0.008751s ]
NOTIC: [2] session_start(): open(e:\tmp\sess_gol5m659p3kt7mmg4fbq3k8ad6, O_RDWR) failed: No such file or directory (2) D:\wnmp\www\allinone\ThinkPHP\Common\functions.php 第 1263 行.
ERR: 无法加载控制器:Fonts

[ 2015-08-21T13:34:26+08:00 ] 127.0.0.1 /favicon.ico
INFO: [ app_init ] --START--
INFO: Run Behavior\BuildLiteBehavior [ RunTime:0.000828s ]
INFO: [ app_init ] --END-- [ RunTime:0.006098s ]

[ 2015-08-21T13:34:40+08:00 ] 127.0.0.1 /favicon.ico
INFO: [ app_init ] --START--
INFO: Run Behavior\BuildLiteBehavior [ RunTime:0.000795s ]
INFO: [ app_init ] --END-- [ RunTime:0.006018s ]

[ 2015-08-21T13:42:41+08:00 ] 127.0.0.1 /favicon.ico
INFO: [ app_init ] --START--
INFO: Run Behavior\BuildLiteBehavior [ RunTime:0.000803s ]
INFO: [ app_init ] --END-- [ RunTime:0.005992s ]

[ 2015-08-21T13:43:02+08:00 ] 127.0.0.1 /favicon.ico
INFO: [ app_init ] --START--
INFO: Run Behavior\BuildLiteBehavior [ RunTime:0.000804s ]
INFO: [ app_init ] --END-- [ RunTime:0.006114s ]

[ 2015-08-21T13:44:28+08:00 ] 127.0.0.1 /favicon.ico
INFO: [ app_init ] --START--
INFO: Run Behavior\BuildLiteBehavior [ RunTime:0.002100s ]
INFO: [ app_init ] --END-- [ RunTime:0.010300s ]

[ 2015-08-21T13:46:28+08:00 ] 127.0.0.1 /favicon.ico
INFO: [ app_init ] --START--
INFO: Run Behavior\BuildLiteBehavior [ RunTime:0.000996s ]
INFO: [ app_init ] --END-- [ RunTime:0.007480s ]

[ 2015-08-21T13:47:36+08:00 ] 127.0.0.1 /favicon.ico
INFO: [ app_init ] --START--
INFO: Run Behavior\BuildLiteBehavior [ RunTime:0.001667s ]
INFO: [ app_init ] --END-- [ RunTime:0.012195s ]

[ 2015-08-21T13:49:09+08:00 ] 127.0.0.1 /favicon.ico
INFO: [ app_init ] --START--
INFO: Run Behavior\BuildLiteBehavior [ RunTime:0.000822s ]
INFO: [ app_init ] --END-- [ RunTime:0.006374s ]

[ 2015-08-21T13:51:49+08:00 ] 127.0.0.1 /favicon.ico
INFO: [ app_init ] --START--
INFO: Run Behavior\BuildLiteBehavior [ RunTime:0.000805s ]
INFO: [ app_init ] --END-- [ RunTime:0.007583s ]

[ 2015-08-21T13:57:00+08:00 ] 127.0.0.1 /favicon.ico
INFO: [ app_init ] --START--
INFO: Run Behavior\BuildLiteBehavior [ RunTime:0.001180s ]
INFO: [ app_init ] --END-- [ RunTime:0.007228s ]

[ 2015-08-21T14:22:55+08:00 ] 127.0.0.1 /favicon.ico
INFO: [ app_init ] --START--
INFO: Run Behavior\BuildLiteBehavior [ RunTime:0.000929s ]
INFO: [ app_init ] --END-- [ RunTime:0.007387s ]

[ 2015-08-21T14:30:02+08:00 ] 127.0.0.1 /favicon.ico
INFO: [ app_init ] --START--
INFO: Run Behavior\BuildLiteBehavior [ RunTime:0.000828s ]
INFO: [ app_init ] --END-- [ RunTime:0.006787s ]

[ 2015-08-21T14:30:08+08:00 ] 127.0.0.1 /favicon.ico
INFO: [ app_init ] --START--
INFO: Run Behavior\BuildLiteBehavior [ RunTime:0.001926s ]
INFO: [ app_init ] --END-- [ RunTime:0.011300s ]

[ 2015-08-21T14:31:48+08:00 ] 127.0.0.1 /favicon.ico
INFO: [ app_init ] --START--
INFO: Run Behavior\BuildLiteBehavior [ RunTime:0.000980s ]
INFO: [ app_init ] --END-- [ RunTime:0.008262s ]

[ 2015-08-21T14:32:19+08:00 ] 127.0.0.1 /favicon.ico
INFO: [ app_init ] --START--
INFO: Run Behavior\BuildLiteBehavior [ RunTime:0.000815s ]
INFO: [ app_init ] --END-- [ RunTime:0.007051s ]

[ 2015-08-21T14:35:13+08:00 ] 127.0.0.1 /favicon.ico
INFO: [ app_init ] --START--
INFO: Run Behavior\BuildLiteBehavior [ RunTime:0.000853s ]
INFO: [ app_init ] --END-- [ RunTime:0.006651s ]

[ 2015-08-21T14:35:50+08:00 ] 127.0.0.1 /favicon.ico
INFO: [ app_init ] --START--
INFO: Run Behavior\BuildLiteBehavior [ RunTime:0.001244s ]
INFO: [ app_init ] --END-- [ RunTime:0.008648s ]

[ 2015-08-21T14:38:23+08:00 ] 127.0.0.1 /favicon.ico
INFO: [ app_init ] --START--
INFO: Run Behavior\BuildLiteBehavior [ RunTime:0.001581s ]
INFO: [ app_init ] --END-- [ RunTime:0.010923s ]

[ 2015-08-21T14:38:58+08:00 ] 127.0.0.1 /favicon.ico
INFO: [ app_init ] --START--
INFO: Run Behavior\BuildLiteBehavior [ RunTime:0.000990s ]
INFO: [ app_init ] --END-- [ RunTime:0.008490s ]

[ 2015-08-21T14:53:05+08:00 ] 127.0.0.1 /favicon.ico
INFO: [ app_init ] --START--
INFO: Run Behavior\BuildLiteBehavior [ RunTime:0.000847s ]
INFO: [ app_init ] --END-- [ RunTime:0.006637s ]

[ 2015-08-21T14:55:48+08:00 ] 127.0.0.1 /favicon.ico
INFO: [ app_init ] --START--
INFO: Run Behavior\BuildLiteBehavior [ RunTime:0.000950s ]
INFO: [ app_init ] --END-- [ RunTime:0.006662s ]

[ 2015-08-21T14:56:34+08:00 ] 127.0.0.1 /favicon.ico
INFO: [ app_init ] --START--
INFO: Run Behavior\BuildLiteBehavior [ RunTime:0.000927s ]
INFO: [ app_init ] --END-- [ RunTime:0.007538s ]

[ 2015-08-21T14:56:52+08:00 ] 127.0.0.1 /fonts/glyphicons-halflings-regular.woff2
INFO: [ app_init ] --START--
INFO: Run Behavior\BuildLiteBehavior [ RunTime:0.001106s ]
INFO: [ app_init ] --END-- [ RunTime:0.032070s ]
INFO: [ app_begin ] --START--
INFO: Run Behavior\ReadHtmlCacheBehavior [ RunTime:0.005204s ]
INFO: [ app_begin ] --END-- [ RunTime:0.015017s ]
NOTIC: [2] session_start(): open(e:\tmp\sess_gol5m659p3kt7mmg4fbq3k8ad6, O_RDWR) failed: No such file or directory (2) D:\wnmp\www\allinone\ThinkPHP\Common\functions.php 第 1263 行.
ERR: 无法加载控制器:Fonts

[ 2015-08-21T14:56:52+08:00 ] 127.0.0.1 /fonts/glyphicons-halflings-regular.woff
INFO: [ app_init ] --START--
INFO: Run Behavior\BuildLiteBehavior [ RunTime:0.001146s ]
INFO: [ app_init ] --END-- [ RunTime:0.010021s ]
INFO: [ app_begin ] --START--
INFO: Run Behavior\ReadHtmlCacheBehavior [ RunTime:0.003228s ]
INFO: [ app_begin ] --END-- [ RunTime:0.008553s ]
NOTIC: [2] session_start(): open(e:\tmp\sess_gol5m659p3kt7mmg4fbq3k8ad6, O_RDWR) failed: No such file or directory (2) D:\wnmp\www\allinone\ThinkPHP\Common\functions.php 第 1263 行.
ERR: 无法加载控制器:Fonts

[ 2015-08-21T14:56:52+08:00 ] 127.0.0.1 /fonts/glyphicons-halflings-regular.ttf
INFO: [ app_init ] --START--
INFO: Run Behavior\BuildLiteBehavior [ RunTime:0.000834s ]
INFO: [ app_init ] --END-- [ RunTime:0.008323s ]
INFO: [ app_begin ] --START--
INFO: Run Behavior\ReadHtmlCacheBehavior [ RunTime:0.004344s ]
INFO: [ app_begin ] --END-- [ RunTime:0.009414s ]
NOTIC: [2] session_start(): open(e:\tmp\sess_gol5m659p3kt7mmg4fbq3k8ad6, O_RDWR) failed: No such file or directory (2) D:\wnmp\www\allinone\ThinkPHP\Common\functions.php 第 1263 行.
ERR: 无法加载控制器:Fonts

[ 2015-08-21T14:56:52+08:00 ] 127.0.0.1 /favicon.ico
INFO: [ app_init ] --START--
INFO: Run Behavior\BuildLiteBehavior [ RunTime:0.000842s ]
INFO: [ app_init ] --END-- [ RunTime:0.006975s ]

[ 2015-08-21T14:56:54+08:00 ] 127.0.0.1 /
INFO: [ app_init ] --START--
INFO: Run Behavior\BuildLiteBehavior [ RunTime:0.000826s ]
INFO: [ app_init ] --END-- [ RunTime:0.007429s ]
INFO: [ app_begin ] --START--
INFO: Run Behavior\ReadHtmlCacheBehavior [ RunTime:0.004282s ]
INFO: [ app_begin ] --END-- [ RunTime:0.009365s ]
NOTIC: [2] session_start(): open(e:\tmp\sess_gol5m659p3kt7mmg4fbq3k8ad6, O_RDWR) failed: No such file or directory (2) D:\wnmp\www\allinone\ThinkPHP\Common\functions.php 第 1263 行.
SQL: SHOW COLUMNS FROM `qn_file` [ RunTime:0.0185s ]
SQL: SHOW COLUMNS FROM `qn_file` [ RunTime:0.0140s ]
SQL: SELECT COUNT(*) AS tp_count FROM `qn_file` WHERE `mimetype` = 'image/jpeg' LIMIT 1   [ RunTime:0.0036s ]
SQL: SELECT * FROM `qn_file` WHERE `mimetype` = 'image/jpeg' ORDER BY createon desc LIMIT 0,10   [ RunTime:0.0017s ]
INFO: [ view_parse ] --START--
INFO: [ template_filter ] --START--
INFO: Run Behavior\ContentReplaceBehavior [ RunTime:0.003697s ]
INFO: [ template_filter ] --END-- [ RunTime:0.009585s ]
INFO: Run Behavior\ParseTemplateBehavior [ RunTime:0.168539s ]
INFO: [ view_parse ] --END-- [ RunTime:0.174339s ]
INFO: [ view_filter ] --START--
INFO: Run Behavior\WriteHtmlCacheBehavior [ RunTime:0.004278s ]
INFO: [ view_filter ] --END-- [ RunTime:0.010089s ]
INFO: [ app_end ] --START--
INFO: Run Behavior\ShowPageTraceBehavior [ RunTime:0.004149s ]
INFO: [ app_end ] --END-- [ RunTime:0.010122s ]

[ 2015-08-21T14:56:54+08:00 ] 127.0.0.1 /fonts/glyphicons-halflings-regular.woff2
INFO: [ app_init ] --START--
INFO: Run Behavior\BuildLiteBehavior [ RunTime:0.001127s ]
INFO: [ app_init ] --END-- [ RunTime:0.009630s ]
INFO: [ app_begin ] --START--
INFO: Run Behavior\ReadHtmlCacheBehavior [ RunTime:0.005816s ]
INFO: [ app_begin ] --END-- [ RunTime:0.013084s ]
NOTIC: [2] session_start(): open(e:\tmp\sess_gol5m659p3kt7mmg4fbq3k8ad6, O_RDWR) failed: No such file or directory (2) D:\wnmp\www\allinone\ThinkPHP\Common\functions.php 第 1263 行.
ERR: 无法加载控制器:Fonts

[ 2015-08-21T14:56:54+08:00 ] 127.0.0.1 /fonts/glyphicons-halflings-regular.woff
INFO: [ app_init ] --START--
INFO: Run Behavior\BuildLiteBehavior [ RunTime:0.001255s ]
INFO: [ app_init ] --END-- [ RunTime:0.007515s ]
INFO: [ app_begin ] --START--
INFO: Run Behavior\ReadHtmlCacheBehavior [ RunTime:0.004261s ]
INFO: [ app_begin ] --END-- [ RunTime:0.009706s ]
NOTIC: [2] session_start(): open(e:\tmp\sess_gol5m659p3kt7mmg4fbq3k8ad6, O_RDWR) failed: No such file or directory (2) D:\wnmp\www\allinone\ThinkPHP\Common\functions.php 第 1263 行.
ERR: 无法加载控制器:Fonts

[ 2015-08-21T14:56:55+08:00 ] 127.0.0.1 /fonts/glyphicons-halflings-regular.ttf
INFO: [ app_init ] --START--
INFO: Run Behavior\BuildLiteBehavior [ RunTime:0.002518s ]
INFO: [ app_init ] --END-- [ RunTime:0.011788s ]
INFO: [ app_begin ] --START--
INFO: Run Behavior\ReadHtmlCacheBehavior [ RunTime:0.005953s ]
INFO: [ app_begin ] --END-- [ RunTime:0.011956s ]
NOTIC: [2] session_start(): open(e:\tmp\sess_gol5m659p3kt7mmg4fbq3k8ad6, O_RDWR) failed: No such file or directory (2) D:\wnmp\www\allinone\ThinkPHP\Common\functions.php 第 1263 行.
ERR: 无法加载控制器:Fonts

[ 2015-08-21T14:56:55+08:00 ] 127.0.0.1 /favicon.ico
INFO: [ app_init ] --START--
INFO: Run Behavior\BuildLiteBehavior [ RunTime:0.001796s ]
INFO: [ app_init ] --END-- [ RunTime:0.010229s ]

[ 2015-08-21T14:57:20+08:00 ] 127.0.0.1 /favicon.ico
INFO: [ app_init ] --START--
INFO: Run Behavior\BuildLiteBehavior [ RunTime:0.001456s ]
INFO: [ app_init ] --END-- [ RunTime:0.008036s ]

[ 2015-08-21T14:57:58+08:00 ] 127.0.0.1 /favicon.ico
INFO: [ app_init ] --START--
INFO: Run Behavior\BuildLiteBehavior [ RunTime:0.001048s ]
INFO: [ app_init ] --END-- [ RunTime:0.007836s ]

[ 2015-08-21T14:59:57+08:00 ] 127.0.0.1 /favicon.ico
INFO: [ app_init ] --START--
INFO: Run Behavior\BuildLiteBehavior [ RunTime:0.001194s ]
INFO: [ app_init ] --END-- [ RunTime:0.009972s ]

[ 2015-08-21T14:59:58+08:00 ] 127.0.0.1 /favicon.ico
INFO: [ app_init ] --START--
INFO: Run Behavior\BuildLiteBehavior [ RunTime:0.001128s ]
INFO: [ app_init ] --END-- [ RunTime:0.008502s ]

[ 2015-08-21T14:59:59+08:00 ] 127.0.0.1 /favicon.ico
INFO: [ app_init ] --START--
INFO: Run Behavior\BuildLiteBehavior [ RunTime:0.000843s ]
INFO: [ app_init ] --END-- [ RunTime:0.006498s ]

[ 2015-08-21T14:59:59+08:00 ] 127.0.0.1 /favicon.ico
INFO: [ app_init ] --START--
INFO: Run Behavior\BuildLiteBehavior [ RunTime:0.000943s ]
INFO: [ app_init ] --END-- [ RunTime:0.006319s ]

[ 2015-08-21T15:00:00+08:00 ] 127.0.0.1 /favicon.ico
INFO: [ app_init ] --START--
INFO: Run Behavior\BuildLiteBehavior [ RunTime:0.000927s ]
INFO: [ app_init ] --END-- [ RunTime:0.007285s ]

[ 2015-08-21T15:00:00+08:00 ] 127.0.0.1 /favicon.ico
INFO: [ app_init ] --START--
INFO: Run Behavior\BuildLiteBehavior [ RunTime:0.000870s ]
INFO: [ app_init ] --END-- [ RunTime:0.006657s ]

[ 2015-08-21T15:00:00+08:00 ] 127.0.0.1 /favicon.ico
INFO: [ app_init ] --START--
INFO: Run Behavior\BuildLiteBehavior [ RunTime:0.000816s ]
INFO: [ app_init ] --END-- [ RunTime:0.006385s ]

[ 2015-08-21T15:00:00+08:00 ] 127.0.0.1 /favicon.ico
INFO: [ app_init ] --START--
INFO: Run Behavior\BuildLiteBehavior [ RunTime:0.001182s ]
INFO: [ app_init ] --END-- [ RunTime:0.011189s ]

[ 2015-08-21T15:00:00+08:00 ] 127.0.0.1 /favicon.ico
INFO: [ app_init ] --START--
INFO: Run Behavior\BuildLiteBehavior [ RunTime:0.000866s ]
INFO: [ app_init ] --END-- [ RunTime:0.006775s ]

[ 2015-08-21T15:00:01+08:00 ] 127.0.0.1 /favicon.ico
INFO: [ app_init ] --START--
INFO: Run Behavior\BuildLiteBehavior [ RunTime:0.000905s ]
INFO: [ app_init ] --END-- [ RunTime:0.006826s ]

[ 2015-08-21T15:00:01+08:00 ] 127.0.0.1 /favicon.ico
INFO: [ app_init ] --START--
INFO: Run Behavior\BuildLiteBehavior [ RunTime:0.000861s ]
INFO: [ app_init ] --END-- [ RunTime:0.006299s ]

[ 2015-08-21T15:00:02+08:00 ] 127.0.0.1 /favicon.ico
INFO: [ app_init ] --START--
INFO: Run Behavior\BuildLiteBehavior [ RunTime:0.001118s ]
INFO: [ app_init ] --END-- [ RunTime:0.007238s ]

[ 2015-08-21T15:00:04+08:00 ] 127.0.0.1 /favicon.ico
INFO: [ app_init ] --START--
INFO: Run Behavior\BuildLiteBehavior [ RunTime:0.000807s ]
INFO: [ app_init ] --END-- [ RunTime:0.006185s ]

[ 2015-08-21T15:00:59+08:00 ] 127.0.0.1 /favicon.ico
INFO: [ app_init ] --START--
INFO: Run Behavior\BuildLiteBehavior [ RunTime:0.000839s ]
INFO: [ app_init ] --END-- [ RunTime:0.006637s ]

[ 2015-08-21T15:02:32+08:00 ] 127.0.0.1 /favicon.ico
INFO: [ app_init ] --START--
INFO: Run Behavior\BuildLiteBehavior [ RunTime:0.000893s ]
INFO: [ app_init ] --END-- [ RunTime:0.006977s ]

[ 2015-08-21T15:02:57+08:00 ] 127.0.0.1 /favicon.ico
INFO: [ app_init ] --START--
INFO: Run Behavior\BuildLiteBehavior [ RunTime:0.000886s ]
INFO: [ app_init ] --END-- [ RunTime:0.006184s ]

[ 2015-08-21T15:02:58+08:00 ] 127.0.0.1 /favicon.ico
INFO: [ app_init ] --START--
INFO: Run Behavior\BuildLiteBehavior [ RunTime:0.000832s ]
INFO: [ app_init ] --END-- [ RunTime:0.006818s ]

[ 2015-08-21T15:03:57+08:00 ] 127.0.0.1 /favicon.ico
INFO: [ app_init ] --START--
INFO: Run Behavior\BuildLiteBehavior [ RunTime:0.000825s ]
INFO: [ app_init ] --END-- [ RunTime:0.006323s ]

[ 2015-08-21T15:04:53+08:00 ] 127.0.0.1 /favicon.ico
INFO: [ app_init ] --START--
INFO: Run Behavior\BuildLiteBehavior [ RunTime:0.000826s ]
INFO: [ app_init ] --END-- [ RunTime:0.006532s ]

[ 2015-08-21T15:07:14+08:00 ] 127.0.0.1 /favicon.ico
INFO: [ app_init ] --START--
INFO: Run Behavior\BuildLiteBehavior [ RunTime:0.000846s ]
INFO: [ app_init ] --END-- [ RunTime:0.006230s ]

[ 2015-08-21T15:07:40+08:00 ] 127.0.0.1 /favicon.ico
INFO: [ app_init ] --START--
INFO: Run Behavior\BuildLiteBehavior [ RunTime:0.000799s ]
INFO: [ app_init ] --END-- [ RunTime:0.006461s ]

[ 2015-08-21T15:08:18+08:00 ] 127.0.0.1 /favicon.ico
INFO: [ app_init ] --START--
INFO: Run Behavior\BuildLiteBehavior [ RunTime:0.000810s ]
INFO: [ app_init ] --END-- [ RunTime:0.006191s ]

[ 2015-08-21T15:08:57+08:00 ] 127.0.0.1 /favicon.ico
INFO: [ app_init ] --START--
INFO: Run Behavior\BuildLiteBehavior [ RunTime:0.000842s ]
INFO: [ app_init ] --END-- [ RunTime:0.006251s ]

[ 2015-08-21T15:11:39+08:00 ] 127.0.0.1 /favicon.ico
INFO: [ app_init ] --START--
INFO: Run Behavior\BuildLiteBehavior [ RunTime:0.001578s ]
INFO: [ app_init ] --END-- [ RunTime:0.016030s ]

[ 2015-08-21T15:17:34+08:00 ] 127.0.0.1 /favicon.ico
INFO: [ app_init ] --START--
INFO: Run Behavior\BuildLiteBehavior [ RunTime:0.001190s ]
INFO: [ app_init ] --END-- [ RunTime:0.010939s ]

[ 2015-08-21T15:18:11+08:00 ] 127.0.0.1 /favicon.ico
INFO: [ app_init ] --START--
INFO: Run Behavior\BuildLiteBehavior [ RunTime:0.000856s ]
INFO: [ app_init ] --END-- [ RunTime:0.007369s ]

[ 2015-08-21T15:18:30+08:00 ] 127.0.0.1 /favicon.ico
INFO: [ app_init ] --START--
INFO: Run Behavior\BuildLiteBehavior [ RunTime:0.002073s ]
INFO: [ app_init ] --END-- [ RunTime:0.010377s ]

[ 2015-08-21T15:20:25+08:00 ] 127.0.0.1 /favicon.ico
INFO: [ app_init ] --START--
INFO: Run Behavior\BuildLiteBehavior [ RunTime:0.001315s ]
INFO: [ app_init ] --END-- [ RunTime:0.010955s ]

[ 2015-08-21T15:20:28+08:00 ] 127.0.0.1 /favicon.ico
INFO: [ app_init ] --START--
INFO: Run Behavior\BuildLiteBehavior [ RunTime:0.000857s ]
INFO: [ app_init ] --END-- [ RunTime:0.007290s ]

[ 2015-08-21T15:20:33+08:00 ] 127.0.0.1 /favicon.ico
INFO: [ app_init ] --START--
INFO: Run Behavior\BuildLiteBehavior [ RunTime:0.001879s ]
INFO: [ app_init ] --END-- [ RunTime:0.022633s ]

[ 2015-08-21T15:20:39+08:00 ] 127.0.0.1 /favicon.ico
INFO: [ app_init ] --START--
INFO: Run Behavior\BuildLiteBehavior [ RunTime:0.000894s ]
INFO: [ app_init ] --END-- [ RunTime:0.006715s ]

[ 2015-08-21T15:21:54+08:00 ] 127.0.0.1 /favicon.ico
INFO: [ app_init ] --START--
INFO: Run Behavior\BuildLiteBehavior [ RunTime:0.000919s ]
INFO: [ app_init ] --END-- [ RunTime:0.007299s ]

[ 2015-08-21T15:22:02+08:00 ] 127.0.0.1 /favicon.ico
INFO: [ app_init ] --START--
INFO: Run Behavior\BuildLiteBehavior [ RunTime:0.000842s ]
INFO: [ app_init ] --END-- [ RunTime:0.006746s ]

[ 2015-08-21T15:23:15+08:00 ] 127.0.0.1 /favicon.ico
INFO: [ app_init ] --START--
INFO: Run Behavior\BuildLiteBehavior [ RunTime:0.000985s ]
INFO: [ app_init ] --END-- [ RunTime:0.008017s ]

[ 2015-08-21T15:23:21+08:00 ] 127.0.0.1 /favicon.ico
INFO: [ app_init ] --START--
INFO: Run Behavior\BuildLiteBehavior [ RunTime:0.000942s ]
INFO: [ app_init ] --END-- [ RunTime:0.008395s ]

[ 2015-08-21T15:23:24+08:00 ] 127.0.0.1 /favicon.ico
INFO: [ app_init ] --START--
INFO: Run Behavior\BuildLiteBehavior [ RunTime:0.001938s ]
INFO: [ app_init ] --END-- [ RunTime:0.011504s ]

[ 2015-08-21T15:26:09+08:00 ] 127.0.0.1 /favicon.ico
INFO: [ app_init ] --START--
INFO: Run Behavior\BuildLiteBehavior [ RunTime:0.000917s ]
INFO: [ app_init ] --END-- [ RunTime:0.006545s ]

[ 2015-08-21T15:29:25+08:00 ] 127.0.0.1 /favicon.ico
INFO: [ app_init ] --START--
INFO: Run Behavior\BuildLiteBehavior [ RunTime:0.000879s ]
INFO: [ app_init ] --END-- [ RunTime:0.006642s ]

[ 2015-08-21T15:29:45+08:00 ] 127.0.0.1 /favicon.ico
INFO: [ app_init ] --START--
INFO: Run Behavior\BuildLiteBehavior [ RunTime:0.000874s ]
INFO: [ app_init ] --END-- [ RunTime:0.006272s ]

[ 2015-08-21T15:31:24+08:00 ] 127.0.0.1 /favicon.ico
INFO: [ app_init ] --START--
INFO: Run Behavior\BuildLiteBehavior [ RunTime:0.000920s ]
INFO: [ app_init ] --END-- [ RunTime:0.007771s ]

[ 2015-08-21T15:32:35+08:00 ] 127.0.0.1 /favicon.ico
INFO: [ app_init ] --START--
INFO: Run Behavior\BuildLiteBehavior [ RunTime:0.000836s ]
INFO: [ app_init ] --END-- [ RunTime:0.007560s ]

[ 2015-08-21T15:32:41+08:00 ] 127.0.0.1 /favicon.ico
INFO: [ app_init ] --START--
INFO: Run Behavior\BuildLiteBehavior [ RunTime:0.000851s ]
INFO: [ app_init ] --END-- [ RunTime:0.006440s ]

[ 2015-08-21T15:32:48+08:00 ] 127.0.0.1 /favicon.ico
INFO: [ app_init ] --START--
INFO: Run Behavior\BuildLiteBehavior [ RunTime:0.000849s ]
INFO: [ app_init ] --END-- [ RunTime:0.007657s ]

[ 2015-08-21T15:33:00+08:00 ] 127.0.0.1 /favicon.ico
INFO: [ app_init ] --START--
INFO: Run Behavior\BuildLiteBehavior [ RunTime:0.000815s ]
INFO: [ app_init ] --END-- [ RunTime:0.006494s ]

[ 2015-08-21T15:33:03+08:00 ] 127.0.0.1 /favicon.ico
INFO: [ app_init ] --START--
INFO: Run Behavior\BuildLiteBehavior [ RunTime:0.000806s ]
INFO: [ app_init ] --END-- [ RunTime:0.006271s ]

[ 2015-08-21T15:33:05+08:00 ] 127.0.0.1 /favicon.ico
INFO: [ app_init ] --START--
INFO: Run Behavior\BuildLiteBehavior [ RunTime:0.000839s ]
INFO: [ app_init ] --END-- [ RunTime:0.006539s ]

[ 2015-08-21T15:33:06+08:00 ] 127.0.0.1 /favicon.ico
INFO: [ app_init ] --START--
INFO: Run Behavior\BuildLiteBehavior [ RunTime:0.000833s ]
INFO: [ app_init ] --END-- [ RunTime:0.006285s ]

[ 2015-08-21T15:33:07+08:00 ] 127.0.0.1 /favicon.ico
INFO: [ app_init ] --START--
INFO: Run Behavior\BuildLiteBehavior [ RunTime:0.001103s ]
INFO: [ app_init ] --END-- [ RunTime:0.008624s ]

[ 2015-08-21T15:33:07+08:00 ] 127.0.0.1 /favicon.ico
INFO: [ app_init ] --START--
INFO: Run Behavior\BuildLiteBehavior [ RunTime:0.000905s ]
INFO: [ app_init ] --END-- [ RunTime:0.006976s ]

[ 2015-08-21T15:33:08+08:00 ] 127.0.0.1 /favicon.ico
INFO: [ app_init ] --START--
INFO: Run Behavior\BuildLiteBehavior [ RunTime:0.000863s ]
INFO: [ app_init ] --END-- [ RunTime:0.006471s ]

[ 2015-08-21T15:33:08+08:00 ] 127.0.0.1 /favicon.ico
INFO: [ app_init ] --START--
INFO: Run Behavior\BuildLiteBehavior [ RunTime:0.000899s ]
INFO: [ app_init ] --END-- [ RunTime:0.006702s ]

[ 2015-08-21T15:33:09+08:00 ] 127.0.0.1 /favicon.ico
INFO: [ app_init ] --START--
INFO: Run Behavior\BuildLiteBehavior [ RunTime:0.001392s ]
INFO: [ app_init ] --END-- [ RunTime:0.009522s ]

[ 2015-08-21T15:33:09+08:00 ] 127.0.0.1 /favicon.ico
INFO: [ app_init ] --START--
INFO: Run Behavior\BuildLiteBehavior [ RunTime:0.000941s ]
INFO: [ app_init ] --END-- [ RunTime:0.007642s ]

[ 2015-08-21T15:33:10+08:00 ] 127.0.0.1 /favicon.ico
INFO: [ app_init ] --START--
INFO: Run Behavior\BuildLiteBehavior [ RunTime:0.001096s ]
INFO: [ app_init ] --END-- [ RunTime:0.006801s ]

[ 2015-08-21T15:33:10+08:00 ] 127.0.0.1 /favicon.ico
INFO: [ app_init ] --START--
INFO: Run Behavior\BuildLiteBehavior [ RunTime:0.001994s ]
INFO: [ app_init ] --END-- [ RunTime:0.010614s ]

[ 2015-08-21T15:33:14+08:00 ] 127.0.0.1 /favicon.ico
INFO: [ app_init ] --START--
INFO: Run Behavior\BuildLiteBehavior [ RunTime:0.001114s ]
INFO: [ app_init ] --END-- [ RunTime:0.007451s ]

[ 2015-08-21T15:33:19+08:00 ] 127.0.0.1 /favicon.ico
INFO: [ app_init ] --START--
INFO: Run Behavior\BuildLiteBehavior [ RunTime:0.001109s ]
INFO: [ app_init ] --END-- [ RunTime:0.007760s ]

[ 2015-08-21T15:33:20+08:00 ] 127.0.0.1 /favicon.ico
INFO: [ app_init ] --START--
INFO: Run Behavior\BuildLiteBehavior [ RunTime:0.000811s ]
INFO: [ app_init ] --END-- [ RunTime:0.006448s ]

[ 2015-08-21T15:52:31+08:00 ] 127.0.0.1 /favicon.ico
INFO: [ app_init ] --START--
INFO: Run Behavior\BuildLiteBehavior [ RunTime:0.000860s ]
INFO: [ app_init ] --END-- [ RunTime:0.006217s ]

[ 2015-08-21T15:53:14+08:00 ] 127.0.0.1 /favicon.ico
INFO: [ app_init ] --START--
INFO: Run Behavior\BuildLiteBehavior [ RunTime:0.000831s ]
INFO: [ app_init ] --END-- [ RunTime:0.006539s ]

[ 2015-08-21T15:54:30+08:00 ] 127.0.0.1 /favicon.ico
INFO: [ app_init ] --START--
INFO: Run Behavior\BuildLiteBehavior [ RunTime:0.001076s ]
INFO: [ app_init ] --END-- [ RunTime:0.010700s ]

[ 2015-08-21T15:59:48+08:00 ] 127.0.0.1 /favicon.ico
INFO: [ app_init ] --START--
INFO: Run Behavior\BuildLiteBehavior [ RunTime:0.000825s ]
INFO: [ app_init ] --END-- [ RunTime:0.006287s ]

[ 2015-08-21T16:02:57+08:00 ] 127.0.0.1 /favicon.ico
INFO: [ app_init ] --START--
INFO: Run Behavior\BuildLiteBehavior [ RunTime:0.000840s ]
INFO: [ app_init ] --END-- [ RunTime:0.006861s ]

[ 2015-08-21T16:08:26+08:00 ] 127.0.0.1 /favicon.ico
INFO: [ app_init ] --START--
INFO: Run Behavior\BuildLiteBehavior [ RunTime:0.000815s ]
INFO: [ app_init ] --END-- [ RunTime:0.006039s ]

[ 2015-08-21T16:13:11+08:00 ] 127.0.0.1 /favicon.ico
INFO: [ app_init ] --START--
INFO: Run Behavior\BuildLiteBehavior [ RunTime:0.000820s ]
INFO: [ app_init ] --END-- [ RunTime:0.006364s ]

[ 2015-08-21T16:13:17+08:00 ] 127.0.0.1 /favicon.ico
INFO: [ app_init ] --START--
INFO: Run Behavior\BuildLiteBehavior [ RunTime:0.000822s ]
INFO: [ app_init ] --END-- [ RunTime:0.006319s ]

[ 2015-08-21T16:14:55+08:00 ] 127.0.0.1 /favicon.ico
INFO: [ app_init ] --START--
INFO: Run Behavior\BuildLiteBehavior [ RunTime:0.000818s ]
INFO: [ app_init ] --END-- [ RunTime:0.006314s ]

[ 2015-08-21T16:15:31+08:00 ] 127.0.0.1 /favicon.ico
INFO: [ app_init ] --START--
INFO: Run Behavior\BuildLiteBehavior [ RunTime:0.000809s ]
INFO: [ app_init ] --END-- [ RunTime:0.006191s ]

[ 2015-08-21T16:15:56+08:00 ] 127.0.0.1 /favicon.ico
INFO: [ app_init ] --START--
INFO: Run Behavior\BuildLiteBehavior [ RunTime:0.001152s ]
INFO: [ app_init ] --END-- [ RunTime:0.009183s ]

[ 2015-08-21T16:17:53+08:00 ] 127.0.0.1 /favicon.ico
INFO: [ app_init ] --START--
INFO: Run Behavior\BuildLiteBehavior [ RunTime:0.000914s ]
INFO: [ app_init ] --END-- [ RunTime:0.006397s ]

[ 2015-08-21T16:18:52+08:00 ] 127.0.0.1 /favicon.ico
INFO: [ app_init ] --START--
INFO: Run Behavior\BuildLiteBehavior [ RunTime:0.000858s ]
INFO: [ app_init ] --END-- [ RunTime:0.006556s ]

[ 2015-08-21T16:19:00+08:00 ] 127.0.0.1 /favicon.ico
INFO: [ app_init ] --START--
INFO: Run Behavior\BuildLiteBehavior [ RunTime:0.000857s ]
INFO: [ app_init ] --END-- [ RunTime:0.006194s ]

[ 2015-08-21T16:19:17+08:00 ] 127.0.0.1 /favicon.ico
INFO: [ app_init ] --START--
INFO: Run Behavior\BuildLiteBehavior [ RunTime:0.000842s ]
INFO: [ app_init ] --END-- [ RunTime:0.006395s ]

[ 2015-08-21T16:19:53+08:00 ] 127.0.0.1 /favicon.ico
INFO: [ app_init ] --START--
INFO: Run Behavior\BuildLiteBehavior [ RunTime:0.002122s ]
INFO: [ app_init ] --END-- [ RunTime:0.014991s ]

[ 2015-08-21T16:20:13+08:00 ] 127.0.0.1 /favicon.ico
INFO: [ app_init ] --START--
INFO: Run Behavior\BuildLiteBehavior [ RunTime:0.000922s ]
INFO: [ app_init ] --END-- [ RunTime:0.007752s ]

[ 2015-08-21T16:20:39+08:00 ] 127.0.0.1 /favicon.ico
INFO: [ app_init ] --START--
INFO: Run Behavior\BuildLiteBehavior [ RunTime:0.000878s ]
INFO: [ app_init ] --END-- [ RunTime:0.006483s ]

[ 2015-08-21T16:22:46+08:00 ] 127.0.0.1 /favicon.ico
INFO: [ app_init ] --START--
INFO: Run Behavior\BuildLiteBehavior [ RunTime:0.000887s ]
INFO: [ app_init ] --END-- [ RunTime:0.006531s ]

[ 2015-08-21T16:23:17+08:00 ] 127.0.0.1 /favicon.ico
INFO: [ app_init ] --START--
INFO: Run Behavior\BuildLiteBehavior [ RunTime:0.000820s ]
INFO: [ app_init ] --END-- [ RunTime:0.006798s ]

[ 2015-08-21T16:23:50+08:00 ] 127.0.0.1 /favicon.ico
INFO: [ app_init ] --START--
INFO: Run Behavior\BuildLiteBehavior [ RunTime:0.000824s ]
INFO: [ app_init ] --END-- [ RunTime:0.006445s ]

[ 2015-08-21T16:24:00+08:00 ] 127.0.0.1 /favicon.ico
INFO: [ app_init ] --START--
INFO: Run Behavior\BuildLiteBehavior [ RunTime:0.000898s ]
INFO: [ app_init ] --END-- [ RunTime:0.008204s ]

[ 2015-08-21T17:33:10+08:00 ] 127.0.0.1 /favicon.ico
INFO: [ app_init ] --START--
INFO: Run Behavior\BuildLiteBehavior [ RunTime:0.001070s ]
INFO: [ app_init ] --END-- [ RunTime:0.007304s ]

[ 2015-08-21T17:38:34+08:00 ] 127.0.0.1 /favicon.ico
INFO: [ app_init ] --START--
INFO: Run Behavior\BuildLiteBehavior [ RunTime:0.000840s ]
INFO: [ app_init ] --END-- [ RunTime:0.006314s ]

[ 2015-08-21T17:38:37+08:00 ] 127.0.0.1 /favicon.ico
INFO: [ app_init ] --START--
INFO: Run Behavior\BuildLiteBehavior [ RunTime:0.000819s ]
INFO: [ app_init ] --END-- [ RunTime:0.006594s ]

[ 2015-08-21T17:43:40+08:00 ] 127.0.0.1 /favicon.ico
INFO: [ app_init ] --START--
INFO: Run Behavior\BuildLiteBehavior [ RunTime:0.000845s ]
INFO: [ app_init ] --END-- [ RunTime:0.007093s ]

[ 2015-08-21T17:44:00+08:00 ] 127.0.0.1 /favicon.ico
INFO: [ app_init ] --START--
INFO: Run Behavior\BuildLiteBehavior [ RunTime:0.000975s ]
INFO: [ app_init ] --END-- [ RunTime:0.009130s ]

[ 2015-08-21T17:44:02+08:00 ] 127.0.0.1 /favicon.ico
INFO: [ app_init ] --START--
INFO: Run Behavior\BuildLiteBehavior [ RunTime:0.000802s ]
INFO: [ app_init ] --END-- [ RunTime:0.006377s ]

[ 2015-08-21T17:45:24+08:00 ] 127.0.0.1 /favicon.ico
INFO: [ app_init ] --START--
INFO: Run Behavior\BuildLiteBehavior [ RunTime:0.000850s ]
INFO: [ app_init ] --END-- [ RunTime:0.006515s ]

[ 2015-08-21T17:45:27+08:00 ] 127.0.0.1 /favicon.ico
INFO: [ app_init ] --START--
INFO: Run Behavior\BuildLiteBehavior [ RunTime:0.000859s ]
INFO: [ app_init ] --END-- [ RunTime:0.006651s ]

[ 2015-08-21T17:45:29+08:00 ] 127.0.0.1 /favicon.ico
INFO: [ app_init ] --START--
INFO: Run Behavior\BuildLiteBehavior [ RunTime:0.000838s ]
INFO: [ app_init ] --END-- [ RunTime:0.006634s ]

[ 2015-08-21T17:46:52+08:00 ] 127.0.0.1 /favicon.ico
INFO: [ app_init ] --START--
INFO: Run Behavior\BuildLiteBehavior [ RunTime:0.000914s ]
INFO: [ app_init ] --END-- [ RunTime:0.006370s ]

[ 2015-08-21T17:46:53+08:00 ] 127.0.0.1 /favicon.ico
INFO: [ app_init ] --START--
INFO: Run Behavior\BuildLiteBehavior [ RunTime:0.001131s ]
INFO: [ app_init ] --END-- [ RunTime:0.008515s ]

[ 2015-08-21T18:00:21+08:00 ] 127.0.0.1 /favicon.ico
INFO: [ app_init ] --START--
INFO: Run Behavior\BuildLiteBehavior [ RunTime:0.001162s ]
INFO: [ app_init ] --END-- [ RunTime:0.008838s ]

[ 2015-08-21T18:10:55+08:00 ] 127.0.0.1 /favicon.ico
INFO: [ app_init ] --START--
INFO: Run Behavior\BuildLiteBehavior [ RunTime:0.000813s ]
INFO: [ app_init ] --END-- [ RunTime:0.006601s ]

[ 2015-08-21T18:11:40+08:00 ] 127.0.0.1 /favicon.ico
INFO: [ app_init ] --START--
INFO: Run Behavior\BuildLiteBehavior [ RunTime:0.001814s ]
INFO: [ app_init ] --END-- [ RunTime:0.013580s ]

[ 2015-08-21T18:16:27+08:00 ] 127.0.0.1 /favicon.ico
INFO: [ app_init ] --START--
INFO: Run Behavior\BuildLiteBehavior [ RunTime:0.000851s ]
INFO: [ app_init ] --END-- [ RunTime:0.006469s ]

[ 2015-08-21T18:18:03+08:00 ] 127.0.0.1 /favicon.ico
INFO: [ app_init ] --START--
INFO: Run Behavior\BuildLiteBehavior [ RunTime:0.000827s ]
INFO: [ app_init ] --END-- [ RunTime:0.007754s ]

[ 2015-08-21T18:19:01+08:00 ] 127.0.0.1 /favicon.ico
INFO: [ app_init ] --START--
INFO: Run Behavior\BuildLiteBehavior [ RunTime:0.001037s ]
INFO: [ app_init ] --END-- [ RunTime:0.006589s ]

[ 2015-08-21T18:19:56+08:00 ] 127.0.0.1 /favicon.ico
INFO: [ app_init ] --START--
INFO: Run Behavior\BuildLiteBehavior [ RunTime:0.000871s ]
INFO: [ app_init ] --END-- [ RunTime:0.006461s ]

[ 2015-08-21T18:59:08+08:00 ] 127.0.0.1 /favicon.ico
INFO: [ app_init ] --START--
INFO: Run Behavior\BuildLiteBehavior [ RunTime:0.001051s ]
INFO: [ app_init ] --END-- [ RunTime:0.008514s ]

[ 2015-08-21T18:59:26+08:00 ] 127.0.0.1 /favicon.ico
INFO: [ app_init ] --START--
INFO: Run Behavior\BuildLiteBehavior [ RunTime:0.000988s ]
INFO: [ app_init ] --END-- [ RunTime:0.007620s ]

[ 2015-08-21T18:59:44+08:00 ] 127.0.0.1 /favicon.ico
INFO: [ app_init ] --START--
INFO: Run Behavior\BuildLiteBehavior [ RunTime:0.000823s ]
INFO: [ app_init ] --END-- [ RunTime:0.006633s ]

[ 2015-08-21T19:02:48+08:00 ] 127.0.0.1 /favicon.ico
INFO: [ app_init ] --START--
INFO: Run Behavior\BuildLiteBehavior [ RunTime:0.001126s ]
INFO: [ app_init ] --END-- [ RunTime:0.007096s ]

[ 2015-08-21T19:04:50+08:00 ] 127.0.0.1 /favicon.ico
INFO: [ app_init ] --START--
INFO: Run Behavior\BuildLiteBehavior [ RunTime:0.001440s ]
INFO: [ app_init ] --END-- [ RunTime:0.007831s ]

[ 2015-08-21T19:04:52+08:00 ] 127.0.0.1 /favicon.ico
INFO: [ app_init ] --START--
INFO: Run Behavior\BuildLiteBehavior [ RunTime:0.000831s ]
INFO: [ app_init ] --END-- [ RunTime:0.006330s ]

[ 2015-08-21T19:05:08+08:00 ] 127.0.0.1 /favicon.ico
INFO: [ app_init ] --START--
INFO: Run Behavior\BuildLiteBehavior [ RunTime:0.002057s ]
INFO: [ app_init ] --END-- [ RunTime:0.013026s ]

[ 2015-08-21T19:05:50+08:00 ] 127.0.0.1 /favicon.ico
INFO: [ app_init ] --START--
INFO: Run Behavior\BuildLiteBehavior [ RunTime:0.001115s ]
INFO: [ app_init ] --END-- [ RunTime:0.007402s ]

[ 2015-08-21T19:05:52+08:00 ] 127.0.0.1 /favicon.ico
INFO: [ app_init ] --START--
INFO: Run Behavior\BuildLiteBehavior [ RunTime:0.001101s ]
INFO: [ app_init ] --END-- [ RunTime:0.009769s ]

[ 2015-08-21T19:06:41+08:00 ] 127.0.0.1 /favicon.ico
INFO: [ app_init ] --START--
INFO: Run Behavior\BuildLiteBehavior [ RunTime:0.000948s ]
INFO: [ app_init ] --END-- [ RunTime:0.008455s ]

[ 2015-08-21T19:06:46+08:00 ] 127.0.0.1 /favicon.ico
INFO: [ app_init ] --START--
INFO: Run Behavior\BuildLiteBehavior [ RunTime:0.000975s ]
INFO: [ app_init ] --END-- [ RunTime:0.008444s ]

[ 2015-08-21T19:06:48+08:00 ] 127.0.0.1 /favicon.ico
INFO: [ app_init ] --START--
INFO: Run Behavior\BuildLiteBehavior [ RunTime:0.000827s ]
INFO: [ app_init ] --END-- [ RunTime:0.008042s ]

[ 2015-08-21T19:07:09+08:00 ] 127.0.0.1 /favicon.ico
INFO: [ app_init ] --START--
INFO: Run Behavior\BuildLiteBehavior [ RunTime:0.001118s ]
INFO: [ app_init ] --END-- [ RunTime:0.008711s ]

[ 2015-08-21T19:07:11+08:00 ] 127.0.0.1 /favicon.ico
INFO: [ app_init ] --START--
INFO: Run Behavior\BuildLiteBehavior [ RunTime:0.000827s ]
INFO: [ app_init ] --END-- [ RunTime:0.006253s ]

[ 2015-08-21T19:12:47+08:00 ] 127.0.0.1 /favicon.ico
INFO: [ app_init ] --START--
INFO: Run Behavior\BuildLiteBehavior [ RunTime:0.002501s ]
INFO: [ app_init ] --END-- [ RunTime:0.019159s ]

[ 2015-08-21T19:13:25+08:00 ] 127.0.0.1 /favicon.ico
INFO: [ app_init ] --START--
INFO: Run Behavior\BuildLiteBehavior [ RunTime:0.001049s ]
INFO: [ app_init ] --END-- [ RunTime:0.006842s ]

[ 2015-08-21T19:14:19+08:00 ] 127.0.0.1 /favicon.ico
INFO: [ app_init ] --START--
INFO: Run Behavior\BuildLiteBehavior [ RunTime:0.000914s ]
INFO: [ app_init ] --END-- [ RunTime:0.006713s ]

[ 2015-08-21T19:14:49+08:00 ] 127.0.0.1 /favicon.ico
INFO: [ app_init ] --START--
INFO: Run Behavior\BuildLiteBehavior [ RunTime:0.001010s ]
INFO: [ app_init ] --END-- [ RunTime:0.006811s ]

[ 2015-08-21T19:29:58+08:00 ] 127.0.0.1 /favicon.ico
INFO: [ app_init ] --START--
INFO: Run Behavior\BuildLiteBehavior [ RunTime:0.001420s ]
INFO: [ app_init ] --END-- [ RunTime:0.011718s ]

[ 2015-08-21T19:30:01+08:00 ] 127.0.0.1 /favicon.ico
INFO: [ app_init ] --START--
INFO: Run Behavior\BuildLiteBehavior [ RunTime:0.000826s ]
INFO: [ app_init ] --END-- [ RunTime:0.008201s ]

[ 2015-08-21T19:38:42+08:00 ] 127.0.0.1 /favicon.ico
INFO: [ app_init ] --START--
INFO: Run Behavior\BuildLiteBehavior [ RunTime:0.000967s ]
INFO: [ app_init ] --END-- [ RunTime:0.009254s ]

[ 2015-08-21T19:40:25+08:00 ] 127.0.0.1 /favicon.ico
INFO: [ app_init ] --START--
INFO: Run Behavior\BuildLiteBehavior [ RunTime:0.000944s ]
INFO: [ app_init ] --END-- [ RunTime:0.007606s ]

[ 2015-08-21T19:40:46+08:00 ] 127.0.0.1 /favicon.ico
INFO: [ app_init ] --START--
INFO: Run Behavior\BuildLiteBehavior [ RunTime:0.001059s ]
INFO: [ app_init ] --END-- [ RunTime:0.010622s ]

[ 2015-08-21T19:41:15+08:00 ] 127.0.0.1 /favicon.ico
INFO: [ app_init ] --START--
INFO: Run Behavior\BuildLiteBehavior [ RunTime:0.000832s ]
INFO: [ app_init ] --END-- [ RunTime:0.006700s ]

[ 2015-08-21T19:42:37+08:00 ] 127.0.0.1 /favicon.ico
INFO: [ app_init ] --START--
INFO: Run Behavior\BuildLiteBehavior [ RunTime:0.000837s ]
INFO: [ app_init ] --END-- [ RunTime:0.006651s ]

[ 2015-08-21T19:42:49+08:00 ] 127.0.0.1 /favicon.ico
INFO: [ app_init ] --START--
INFO: Run Behavior\BuildLiteBehavior [ RunTime:0.000866s ]
INFO: [ app_init ] --END-- [ RunTime:0.006571s ]

[ 2015-08-21T19:45:05+08:00 ] 127.0.0.1 /favicon.ico
INFO: [ app_init ] --START--
INFO: Run Behavior\BuildLiteBehavior [ RunTime:0.000889s ]
INFO: [ app_init ] --END-- [ RunTime:0.006628s ]

[ 2015-08-21T19:52:27+08:00 ] 127.0.0.1 /favicon.ico
INFO: [ app_init ] --START--
INFO: Run Behavior\BuildLiteBehavior [ RunTime:0.000827s ]
INFO: [ app_init ] --END-- [ RunTime:0.007404s ]

[ 2015-08-21T19:52:58+08:00 ] 127.0.0.1 /favicon.ico
INFO: [ app_init ] --START--
INFO: Run Behavior\BuildLiteBehavior [ RunTime:0.003310s ]
INFO: [ app_init ] --END-- [ RunTime:0.014503s ]

[ 2015-08-21T19:55:44+08:00 ] 127.0.0.1 /favicon.ico
INFO: [ app_init ] --START--
INFO: Run Behavior\BuildLiteBehavior [ RunTime:0.001034s ]
INFO: [ app_init ] --END-- [ RunTime:0.007934s ]

[ 2015-08-21T19:57:50+08:00 ] 127.0.0.1 /favicon.ico
INFO: [ app_init ] --START--
INFO: Run Behavior\BuildLiteBehavior [ RunTime:0.001074s ]
INFO: [ app_init ] --END-- [ RunTime:0.012484s ]

[ 2015-08-21T19:58:26+08:00 ] 127.0.0.1 /favicon.ico
INFO: [ app_init ] --START--
INFO: Run Behavior\BuildLiteBehavior [ RunTime:0.000826s ]
INFO: [ app_init ] --END-- [ RunTime:0.008317s ]

[ 2015-08-21T19:59:51+08:00 ] 127.0.0.1 /favicon.ico
INFO: [ app_init ] --START--
INFO: Run Behavior\BuildLiteBehavior [ RunTime:0.001433s ]
INFO: [ app_init ] --END-- [ RunTime:0.012437s ]

[ 2015-08-21T20:00:07+08:00 ] 127.0.0.1 /favicon.ico
INFO: [ app_init ] --START--
INFO: Run Behavior\BuildLiteBehavior [ RunTime:0.001703s ]
INFO: [ app_init ] --END-- [ RunTime:0.010886s ]

[ 2015-08-21T20:00:19+08:00 ] 127.0.0.1 /favicon.ico
INFO: [ app_init ] --START--
INFO: Run Behavior\BuildLiteBehavior [ RunTime:0.001590s ]
INFO: [ app_init ] --END-- [ RunTime:0.013936s ]

[ 2015-08-21T20:01:15+08:00 ] 127.0.0.1 /favicon.ico
INFO: [ app_init ] --START--
INFO: Run Behavior\BuildLiteBehavior [ RunTime:0.001955s ]
INFO: [ app_init ] --END-- [ RunTime:0.009055s ]

[ 2015-08-21T20:02:03+08:00 ] 127.0.0.1 /favicon.ico
INFO: [ app_init ] --START--
INFO: Run Behavior\BuildLiteBehavior [ RunTime:0.000888s ]
INFO: [ app_init ] --END-- [ RunTime:0.008110s ]

[ 2015-08-21T20:02:18+08:00 ] 127.0.0.1 /favicon.ico
INFO: [ app_init ] --START--
INFO: Run Behavior\BuildLiteBehavior [ RunTime:0.000953s ]
INFO: [ app_init ] --END-- [ RunTime:0.006843s ]

[ 2015-08-21T20:14:16+08:00 ] 127.0.0.1 /favicon.ico
INFO: [ app_init ] --START--
INFO: Run Behavior\BuildLiteBehavior [ RunTime:0.001526s ]
INFO: [ app_init ] --END-- [ RunTime:0.014012s ]

[ 2015-08-21T20:14:18+08:00 ] 127.0.0.1 /favicon.ico
INFO: [ app_init ] --START--
INFO: Run Behavior\BuildLiteBehavior [ RunTime:0.000989s ]
INFO: [ app_init ] --END-- [ RunTime:0.007851s ]

[ 2015-08-21T20:23:06+08:00 ] 127.0.0.1 /favicon.ico
INFO: [ app_init ] --START--
INFO: Run Behavior\BuildLiteBehavior [ RunTime:0.001093s ]
INFO: [ app_init ] --END-- [ RunTime:0.007380s ]

[ 2015-08-21T20:23:08+08:00 ] 127.0.0.1 /favicon.ico
INFO: [ app_init ] --START--
INFO: Run Behavior\BuildLiteBehavior [ RunTime:0.001343s ]
INFO: [ app_init ] --END-- [ RunTime:0.007066s ]

[ 2015-08-21T20:24:17+08:00 ] 127.0.0.1 /favicon.ico
INFO: [ app_init ] --START--
INFO: Run Behavior\BuildLiteBehavior [ RunTime:0.001901s ]
INFO: [ app_init ] --END-- [ RunTime:0.014740s ]

[ 2015-08-21T20:24:19+08:00 ] 127.0.0.1 /favicon.ico
INFO: [ app_init ] --START--
INFO: Run Behavior\BuildLiteBehavior [ RunTime:0.000947s ]
INFO: [ app_init ] --END-- [ RunTime:0.007837s ]

[ 2015-08-21T21:10:10+08:00 ] 127.0.0.1 /favicon.ico
INFO: [ app_init ] --START--
INFO: Run Behavior\BuildLiteBehavior [ RunTime:0.001237s ]
INFO: [ app_init ] --END-- [ RunTime:0.012275s ]

[ 2015-08-21T21:10:14+08:00 ] 127.0.0.1 /favicon.ico
INFO: [ app_init ] --START--
INFO: Run Behavior\BuildLiteBehavior [ RunTime:0.001003s ]
INFO: [ app_init ] --END-- [ RunTime:0.008238s ]

[ 2015-08-21T21:10:23+08:00 ] 127.0.0.1 /favicon.ico
INFO: [ app_init ] --START--
INFO: Run Behavior\BuildLiteBehavior [ RunTime:0.000811s ]
INFO: [ app_init ] --END-- [ RunTime:0.006532s ]

[ 2015-08-21T21:11:38+08:00 ] 127.0.0.1 /favicon.ico
INFO: [ app_init ] --START--
INFO: Run Behavior\BuildLiteBehavior [ RunTime:0.002336s ]
INFO: [ app_init ] --END-- [ RunTime:0.015299s ]

[ 2015-08-21T21:11:40+08:00 ] 127.0.0.1 /favicon.ico
INFO: [ app_init ] --START--
INFO: Run Behavior\BuildLiteBehavior [ RunTime:0.000811s ]
INFO: [ app_init ] --END-- [ RunTime:0.006467s ]

[ 2015-08-21T21:11:42+08:00 ] 127.0.0.1 /favicon.ico
INFO: [ app_init ] --START--
INFO: Run Behavior\BuildLiteBehavior [ RunTime:0.001801s ]
INFO: [ app_init ] --END-- [ RunTime:0.009261s ]

[ 2015-08-21T21:11:43+08:00 ] 127.0.0.1 /favicon.ico
INFO: [ app_init ] --START--
INFO: Run Behavior\BuildLiteBehavior [ RunTime:0.001580s ]
INFO: [ app_init ] --END-- [ RunTime:0.009928s ]

[ 2015-08-21T21:11:45+08:00 ] 127.0.0.1 /favicon.ico
INFO: [ app_init ] --START--
INFO: Run Behavior\BuildLiteBehavior [ RunTime:0.001261s ]
INFO: [ app_init ] --END-- [ RunTime:0.008204s ]

[ 2015-08-21T21:11:49+08:00 ] 127.0.0.1 /favicon.ico
INFO: [ app_init ] --START--
INFO: Run Behavior\BuildLiteBehavior [ RunTime:0.001037s ]
INFO: [ app_init ] --END-- [ RunTime:0.007822s ]

[ 2015-08-21T21:12:39+08:00 ] 127.0.0.1 /favicon.ico
INFO: [ app_init ] --START--
INFO: Run Behavior\BuildLiteBehavior [ RunTime:0.000820s ]
INFO: [ app_init ] --END-- [ RunTime:0.006303s ]

[ 2015-08-21T21:12:43+08:00 ] 127.0.0.1 /favicon.ico
INFO: [ app_init ] --START--
INFO: Run Behavior\BuildLiteBehavior [ RunTime:0.001023s ]
INFO: [ app_init ] --END-- [ RunTime:0.007154s ]

[ 2015-08-21T21:12:46+08:00 ] 127.0.0.1 /favicon.ico
INFO: [ app_init ] --START--
INFO: Run Behavior\BuildLiteBehavior [ RunTime:0.000864s ]
INFO: [ app_init ] --END-- [ RunTime:0.006531s ]

[ 2015-08-21T21:18:54+08:00 ] 127.0.0.1 /favicon.ico
INFO: [ app_init ] --START--
INFO: Run Behavior\BuildLiteBehavior [ RunTime:0.001041s ]
INFO: [ app_init ] --END-- [ RunTime:0.012771s ]

[ 2015-08-21T21:18:57+08:00 ] 127.0.0.1 /favicon.ico
INFO: [ app_init ] --START--
INFO: Run Behavior\BuildLiteBehavior [ RunTime:0.001080s ]
INFO: [ app_init ] --END-- [ RunTime:0.006892s ]

[ 2015-08-21T21:21:44+08:00 ] 127.0.0.1 /favicon.ico
INFO: [ app_init ] --START--
INFO: Run Behavior\BuildLiteBehavior [ RunTime:0.000828s ]
INFO: [ app_init ] --END-- [ RunTime:0.007662s ]

[ 2015-08-21T21:21:47+08:00 ] 127.0.0.1 /favicon.ico
INFO: [ app_init ] --START--
INFO: Run Behavior\BuildLiteBehavior [ RunTime:0.000864s ]
INFO: [ app_init ] --END-- [ RunTime:0.006988s ]

[ 2015-08-21T21:22:22+08:00 ] 127.0.0.1 /favicon.ico
INFO: [ app_init ] --START--
INFO: Run Behavior\BuildLiteBehavior [ RunTime:0.001114s ]
INFO: [ app_init ] --END-- [ RunTime:0.008745s ]

[ 2015-08-21T21:22:49+08:00 ] 127.0.0.1 /favicon.ico
INFO: [ app_init ] --START--
INFO: Run Behavior\BuildLiteBehavior [ RunTime:0.001148s ]
INFO: [ app_init ] --END-- [ RunTime:0.008608s ]

[ 2015-08-21T21:22:49+08:00 ] 127.0.0.1 /favicon.ico
INFO: [ app_init ] --START--
INFO: Run Behavior\BuildLiteBehavior [ RunTime:0.000930s ]
INFO: [ app_init ] --END-- [ RunTime:0.009787s ]

[ 2015-08-21T21:26:12+08:00 ] 127.0.0.1 /favicon.ico
INFO: [ app_init ] --START--
INFO: Run Behavior\BuildLiteBehavior [ RunTime:0.001011s ]
INFO: [ app_init ] --END-- [ RunTime:0.007473s ]

[ 2015-08-21T21:26:15+08:00 ] 127.0.0.1 /favicon.ico
INFO: [ app_init ] --START--
INFO: Run Behavior\BuildLiteBehavior [ RunTime:0.001027s ]
INFO: [ app_init ] --END-- [ RunTime:0.009050s ]

[ 2015-08-21T21:26:47+08:00 ] 127.0.0.1 /favicon.ico
INFO: [ app_init ] --START--
INFO: Run Behavior\BuildLiteBehavior [ RunTime:0.000827s ]
INFO: [ app_init ] --END-- [ RunTime:0.006475s ]

[ 2015-08-21T21:26:50+08:00 ] 127.0.0.1 /favicon.ico
INFO: [ app_init ] --START--
INFO: Run Behavior\BuildLiteBehavior [ RunTime:0.000840s ]
INFO: [ app_init ] --END-- [ RunTime:0.009106s ]

[ 2015-08-21T21:27:03+08:00 ] 127.0.0.1 /favicon.ico
INFO: [ app_init ] --START--
INFO: Run Behavior\BuildLiteBehavior [ RunTime:0.003196s ]
INFO: [ app_init ] --END-- [ RunTime:0.021032s ]

[ 2015-08-21T21:27:06+08:00 ] 127.0.0.1 /favicon.ico
INFO: [ app_init ] --START--
INFO: Run Behavior\BuildLiteBehavior [ RunTime:0.000823s ]
INFO: [ app_init ] --END-- [ RunTime:0.007756s ]

[ 2015-08-21T21:27:29+08:00 ] 127.0.0.1 /favicon.ico
INFO: [ app_init ] --START--
INFO: Run Behavior\BuildLiteBehavior [ RunTime:0.002979s ]
INFO: [ app_init ] --END-- [ RunTime:0.014622s ]

[ 2015-08-21T21:27:31+08:00 ] 127.0.0.1 /favicon.ico
INFO: [ app_init ] --START--
INFO: Run Behavior\BuildLiteBehavior [ RunTime:0.000956s ]
INFO: [ app_init ] --END-- [ RunTime:0.008160s ]

[ 2015-08-21T21:27:37+08:00 ] 127.0.0.1 /favicon.ico
INFO: [ app_init ] --START--
INFO: Run Behavior\BuildLiteBehavior [ RunTime:0.001491s ]
INFO: [ app_init ] --END-- [ RunTime:0.009419s ]

[ 2015-08-21T21:27:46+08:00 ] 127.0.0.1 /favicon.ico
INFO: [ app_init ] --START--
INFO: Run Behavior\BuildLiteBehavior [ RunTime:0.001098s ]
INFO: [ app_init ] --END-- [ RunTime:0.008349s ]

[ 2015-08-21T21:29:20+08:00 ] 127.0.0.1 /favicon.ico
INFO: [ app_init ] --START--
INFO: Run Behavior\BuildLiteBehavior [ RunTime:0.002740s ]
INFO: [ app_init ] --END-- [ RunTime:0.013999s ]

[ 2015-08-21T21:29:22+08:00 ] 127.0.0.1 /favicon.ico
INFO: [ app_init ] --START--
INFO: Run Behavior\BuildLiteBehavior [ RunTime:0.000852s ]
INFO: [ app_init ] --END-- [ RunTime:0.006694s ]

[ 2015-08-21T21:29:26+08:00 ] 127.0.0.1 /favicon.ico
INFO: [ app_init ] --START--
INFO: Run Behavior\BuildLiteBehavior [ RunTime:0.001200s ]
INFO: [ app_init ] --END-- [ RunTime:0.008867s ]

[ 2015-08-21T21:29:52+08:00 ] 127.0.0.1 /favicon.ico
INFO: [ app_init ] --START--
INFO: Run Behavior\BuildLiteBehavior [ RunTime:0.001752s ]
INFO: [ app_init ] --END-- [ RunTime:0.010660s ]

[ 2015-08-21T21:29:53+08:00 ] 127.0.0.1 /favicon.ico
INFO: [ app_init ] --START--
INFO: Run Behavior\BuildLiteBehavior [ RunTime:0.000884s ]
INFO: [ app_init ] --END-- [ RunTime:0.007723s ]

[ 2015-08-21T21:29:57+08:00 ] 127.0.0.1 /favicon.ico
INFO: [ app_init ] --START--
INFO: Run Behavior\BuildLiteBehavior [ RunTime:0.001258s ]
INFO: [ app_init ] --END-- [ RunTime:0.008943s ]

[ 2015-08-21T21:29:59+08:00 ] 127.0.0.1 /favicon.ico
INFO: [ app_init ] --START--
INFO: Run Behavior\BuildLiteBehavior [ RunTime:0.001161s ]
INFO: [ app_init ] --END-- [ RunTime:0.008468s ]

[ 2015-08-21T21:30:11+08:00 ] 127.0.0.1 /favicon.ico
INFO: [ app_init ] --START--
INFO: Run Behavior\BuildLiteBehavior [ RunTime:0.000842s ]
INFO: [ app_init ] --END-- [ RunTime:0.006560s ]

[ 2015-08-21T21:30:14+08:00 ] 127.0.0.1 /favicon.ico
INFO: [ app_init ] --START--
INFO: Run Behavior\BuildLiteBehavior [ RunTime:0.001035s ]
INFO: [ app_init ] --END-- [ RunTime:0.008546s ]

[ 2015-08-21T21:30:22+08:00 ] 127.0.0.1 /favicon.ico
INFO: [ app_init ] --START--
INFO: Run Behavior\BuildLiteBehavior [ RunTime:0.001082s ]
INFO: [ app_init ] --END-- [ RunTime:0.009273s ]

[ 2015-08-21T21:30:53+08:00 ] 127.0.0.1 /favicon.ico
INFO: [ app_init ] --START--
INFO: Run Behavior\BuildLiteBehavior [ RunTime:0.001351s ]
INFO: [ app_init ] --END-- [ RunTime:0.007190s ]

[ 2015-08-21T21:32:15+08:00 ] 127.0.0.1 /favicon.ico
INFO: [ app_init ] --START--
INFO: Run Behavior\BuildLiteBehavior [ RunTime:0.000843s ]
INFO: [ app_init ] --END-- [ RunTime:0.009594s ]

[ 2015-08-21T21:32:17+08:00 ] 127.0.0.1 /favicon.ico
INFO: [ app_init ] --START--
INFO: Run Behavior\BuildLiteBehavior [ RunTime:0.000900s ]
INFO: [ app_init ] --END-- [ RunTime:0.006745s ]

[ 2015-08-21T21:32:49+08:00 ] 127.0.0.1 /favicon.ico
INFO: [ app_init ] --START--
INFO: Run Behavior\BuildLiteBehavior [ RunTime:0.001068s ]
INFO: [ app_init ] --END-- [ RunTime:0.013966s ]

[ 2015-08-21T21:32:51+08:00 ] 127.0.0.1 /favicon.ico
INFO: [ app_init ] --START--
INFO: Run Behavior\BuildLiteBehavior [ RunTime:0.000922s ]
INFO: [ app_init ] --END-- [ RunTime:0.006884s ]

[ 2015-08-21T21:33:02+08:00 ] 127.0.0.1 /favicon.ico
INFO: [ app_init ] --START--
INFO: Run Behavior\BuildLiteBehavior [ RunTime:0.001227s ]
INFO: [ app_init ] --END-- [ RunTime:0.009059s ]

[ 2015-08-21T21:33:07+08:00 ] 127.0.0.1 /favicon.ico
INFO: [ app_init ] --START--
INFO: Run Behavior\BuildLiteBehavior [ RunTime:0.001094s ]
INFO: [ app_init ] --END-- [ RunTime:0.008651s ]

[ 2015-08-21T21:33:14+08:00 ] 127.0.0.1 /favicon.ico
INFO: [ app_init ] --START--
INFO: Run Behavior\BuildLiteBehavior [ RunTime:0.002053s ]
INFO: [ app_init ] --END-- [ RunTime:0.011455s ]

[ 2015-08-21T21:35:31+08:00 ] 127.0.0.1 /favicon.ico
INFO: [ app_init ] --START--
INFO: Run Behavior\BuildLiteBehavior [ RunTime:0.001621s ]
INFO: [ app_init ] --END-- [ RunTime:0.010856s ]

[ 2015-08-21T21:36:15+08:00 ] 127.0.0.1 /favicon.ico
INFO: [ app_init ] --START--
INFO: Run Behavior\BuildLiteBehavior [ RunTime:0.001714s ]
INFO: [ app_init ] --END-- [ RunTime:0.010118s ]

[ 2015-08-21T21:36:17+08:00 ] 127.0.0.1 /favicon.ico
INFO: [ app_init ] --START--
INFO: Run Behavior\BuildLiteBehavior [ RunTime:0.000966s ]
INFO: [ app_init ] --END-- [ RunTime:0.006712s ]

[ 2015-08-21T21:36:27+08:00 ] 127.0.0.1 /favicon.ico
INFO: [ app_init ] --START--
INFO: Run Behavior\BuildLiteBehavior [ RunTime:0.000897s ]
INFO: [ app_init ] --END-- [ RunTime:0.006954s ]

[ 2015-08-21T21:36:30+08:00 ] 127.0.0.1 /favicon.ico
INFO: [ app_init ] --START--
INFO: Run Behavior\BuildLiteBehavior [ RunTime:0.001111s ]
INFO: [ app_init ] --END-- [ RunTime:0.008556s ]

