[ 2015-09-02T11:59:09+08:00 ] 127.0.0.1 /Home/index/xiami?keyword=%E5%8D%97%E5%B1%B1%E5%8D%97
INFO: [ app_init ] --START--
INFO: Run Behavior\BuildLiteBehavior [ RunTime:0.000129s ]
INFO: [ app_init ] --END-- [ RunTime:0.008040s ]
INFO: [ app_begin ] --START--
INFO: Run Behavior\ReadHtmlCacheBehavior [ RunTime:0.012796s ]
INFO: [ app_begin ] --END-- [ RunTime:0.013309s ]
NOTIC: [2] session_start(): open(e:\tmp\sess_nl9giba1q2uhnitbtgv0hu6ef2, O_RDWR) failed: No such file or directory (2) D:\wnmp\www\allinone\ThinkPHP\Common\functions.php 第 1263 行.
INFO: [ view_parse ] --START--
INFO: [ template_filter ] --START--
INFO: Run Behavior\ContentReplaceBehavior [ RunTime:0.000246s ]
INFO: [ template_filter ] --END-- [ RunTime:0.000598s ]
NOTIC: [8] Undefined variable: audio D:\wnmp\www\allinone\App\Runtime\Cache\Home\79e4b8b8ab88a808592c8f40baad8e22.php 第 166 行.
INFO: Run Behavior\ParseTemplateBehavior [ RunTime:0.086192s ]
INFO: [ view_parse ] --END-- [ RunTime:0.086556s ]
INFO: [ view_filter ] --START--
INFO: Run Behavior\WriteHtmlCacheBehavior [ RunTime:0.001864s ]
INFO: [ view_filter ] --END-- [ RunTime:0.002253s ]
INFO: [ app_end ] --START--
INFO: Run Behavior\ShowPageTraceBehavior [ RunTime:0.001922s ]
INFO: [ app_end ] --END-- [ RunTime:0.002310s ]

[ 2015-09-02T11:59:09+08:00 ] 127.0.0.1 /favicon.ico
INFO: [ app_init ] --START--
INFO: Run Behavior\BuildLiteBehavior [ RunTime:0.000050s ]
INFO: [ app_init ] --END-- [ RunTime:0.000573s ]

