[ 2015-08-18T16:27:32+08:00 ] 127.0.0.1 /
INFO: [ app_init ] --START--
INFO: Run Behavior\BuildLiteBehavior [ RunTime:0.000816s ]
INFO: [ app_init ] --END-- [ RunTime:0.014472s ]
INFO: [ app_begin ] --START--
INFO: Run Behavior\ReadHtmlCacheBehavior [ RunTime:0.009661s ]
INFO: [ app_begin ] --END-- [ RunTime:0.014395s ]
NOTIC: [2] session_start(): open(e:\tmp\sess_0o79qriotomjvrm8fb3ugfi0q6, O_RDWR) failed: No such file or directory (2) D:\wnmp\www\allinone\ThinkPHP\Common\functions.php 第 1263 行.
SQL: SHOW COLUMNS FROM `qn_file` [ RunTime:0.0893s ]
SQL: SHOW COLUMNS FROM `qn_file` [ RunTime:0.0103s ]
SQL: SELECT COUNT(*) AS tp_count FROM `qn_file` WHERE `mimetype` = 'image/jpeg' LIMIT 1   [ RunTime:0.0017s ]
SQL: SELECT * FROM `qn_file` WHERE `mimetype` = 'image/jpeg' ORDER BY createon desc LIMIT 0,10   [ RunTime:0.0032s ]
INFO: [ view_parse ] --START--
INFO: [ template_filter ] --START--
INFO: Run Behavior\ContentReplaceBehavior [ RunTime:0.003555s ]
INFO: [ template_filter ] --END-- [ RunTime:0.008287s ]
INFO: Run Behavior\ParseTemplateBehavior [ RunTime:0.204932s ]
INFO: [ view_parse ] --END-- [ RunTime:0.209623s ]
INFO: [ view_filter ] --START--
INFO: Run Behavior\WriteHtmlCacheBehavior [ RunTime:0.022664s ]
INFO: [ view_filter ] --END-- [ RunTime:0.027711s ]
INFO: [ app_end ] --START--
INFO: Run Behavior\ShowPageTraceBehavior [ RunTime:0.028263s ]
INFO: [ app_end ] --END-- [ RunTime:0.037155s ]

[ 2015-08-18T16:27:33+08:00 ] 127.0.0.1 /fonts/glyphicons-halflings-regular.woff2
INFO: [ app_init ] --START--
INFO: Run Behavior\BuildLiteBehavior [ RunTime:0.000817s ]
INFO: [ app_init ] --END-- [ RunTime:0.006217s ]
INFO: [ app_begin ] --START--
INFO: Run Behavior\ReadHtmlCacheBehavior [ RunTime:0.004167s ]
INFO: [ app_begin ] --END-- [ RunTime:0.010538s ]
NOTIC: [2] session_start(): open(e:\tmp\sess_0o79qriotomjvrm8fb3ugfi0q6, O_RDWR) failed: No such file or directory (2) D:\wnmp\www\allinone\ThinkPHP\Common\functions.php 第 1263 行.
ERR: 无法加载控制器:Fonts

[ 2015-08-18T16:27:33+08:00 ] 127.0.0.1 /fonts/glyphicons-halflings-regular.woff
INFO: [ app_init ] --START--
INFO: Run Behavior\BuildLiteBehavior [ RunTime:0.003117s ]
INFO: [ app_init ] --END-- [ RunTime:0.020088s ]
INFO: [ app_begin ] --START--
INFO: Run Behavior\ReadHtmlCacheBehavior [ RunTime:0.005848s ]
INFO: [ app_begin ] --END-- [ RunTime:0.015426s ]
NOTIC: [2] session_start(): open(e:\tmp\sess_0o79qriotomjvrm8fb3ugfi0q6, O_RDWR) failed: No such file or directory (2) D:\wnmp\www\allinone\ThinkPHP\Common\functions.php 第 1263 行.
ERR: 无法加载控制器:Fonts

[ 2015-08-18T16:27:33+08:00 ] 127.0.0.1 /fonts/glyphicons-halflings-regular.ttf
INFO: [ app_init ] --START--
INFO: Run Behavior\BuildLiteBehavior [ RunTime:0.000951s ]
INFO: [ app_init ] --END-- [ RunTime:0.006528s ]
INFO: [ app_begin ] --START--
INFO: Run Behavior\ReadHtmlCacheBehavior [ RunTime:0.002900s ]
INFO: [ app_begin ] --END-- [ RunTime:0.008139s ]
NOTIC: [2] session_start(): open(e:\tmp\sess_0o79qriotomjvrm8fb3ugfi0q6, O_RDWR) failed: No such file or directory (2) D:\wnmp\www\allinone\ThinkPHP\Common\functions.php 第 1263 行.
ERR: 无法加载控制器:Fonts

