[ 2015-11-13T15:59:54+08:00 ] 127.0.0.1 /Home/Index/ceshi
INFO: [ app_init ] --START--
INFO: Run Behavior\BuildLiteBehavior [ RunTime:0.000128s ]
INFO: [ app_init ] --END-- [ RunTime:0.011809s ]
INFO: [ app_begin ] --START--
INFO: Run Behavior\ReadHtmlCacheBehavior [ RunTime:0.011790s ]
INFO: [ app_begin ] --END-- [ RunTime:0.012338s ]
INFO: [ view_parse ] --START--
INFO: [ template_filter ] --START--
INFO: Run Behavior\ContentReplaceBehavior [ RunTime:0.000112s ]
INFO: [ template_filter ] --END-- [ RunTime:0.000305s ]
INFO: Run Behavior\ParseTemplateBehavior [ RunTime:0.065119s ]
INFO: [ view_parse ] --END-- [ RunTime:0.065471s ]
INFO: [ view_filter ] --START--
INFO: Run Behavior\WriteHtmlCacheBehavior [ RunTime:0.015677s ]
INFO: [ view_filter ] --END-- [ RunTime:0.015882s ]
INFO: [ app_end ] --START--
INFO: Run Behavior\ShowPageTraceBehavior [ RunTime:0.001379s ]
INFO: [ app_end ] --END-- [ RunTime:0.001558s ]

[ 2015-11-13T15:59:54+08:00 ] 127.0.0.1 /Home/Index/ceshi
INFO: [ app_init ] --START--
INFO: Run Behavior\BuildLiteBehavior [ RunTime:0.000049s ]
INFO: [ app_init ] --END-- [ RunTime:0.000644s ]
INFO: [ app_begin ] --START--
INFO: Run Behavior\ReadHtmlCacheBehavior [ RunTime:0.000915s ]
INFO: [ app_begin ] --END-- [ RunTime:0.001110s ]
INFO: [ view_parse ] --START--
INFO: [ template_filter ] --START--
INFO: Run Behavior\ContentReplaceBehavior [ RunTime:0.000105s ]
INFO: [ template_filter ] --END-- [ RunTime:0.000284s ]
INFO: Run Behavior\ParseTemplateBehavior [ RunTime:0.007189s ]
INFO: [ view_parse ] --END-- [ RunTime:0.007388s ]
INFO: [ view_filter ] --START--
INFO: Run Behavior\WriteHtmlCacheBehavior [ RunTime:0.000692s ]
INFO: [ view_filter ] --END-- [ RunTime:0.000875s ]
INFO: [ app_end ] --START--
INFO: Run Behavior\ShowPageTraceBehavior [ RunTime:0.000937s ]
INFO: [ app_end ] --END-- [ RunTime:0.001113s ]

[ 2015-11-13T15:59:54+08:00 ] 127.0.0.1 /favicon.ico
INFO: [ app_init ] --START--
INFO: Run Behavior\BuildLiteBehavior [ RunTime:0.000046s ]
INFO: [ app_init ] --END-- [ RunTime:0.000628s ]

[ 2015-11-13T16:00:31+08:00 ] 127.0.0.1 /Home/Index/ceshi
INFO: [ app_init ] --START--
INFO: Run Behavior\BuildLiteBehavior [ RunTime:0.000063s ]
INFO: [ app_init ] --END-- [ RunTime:0.000761s ]
INFO: [ app_begin ] --START--
INFO: Run Behavior\ReadHtmlCacheBehavior [ RunTime:0.000984s ]
INFO: [ app_begin ] --END-- [ RunTime:0.001254s ]
INFO: [ view_parse ] --START--
INFO: [ template_filter ] --START--
INFO: Run Behavior\ContentReplaceBehavior [ RunTime:0.000163s ]
INFO: [ template_filter ] --END-- [ RunTime:0.000424s ]
INFO: Run Behavior\ParseTemplateBehavior [ RunTime:0.009821s ]
INFO: [ view_parse ] --END-- [ RunTime:0.010095s ]
INFO: [ view_filter ] --START--
INFO: Run Behavior\WriteHtmlCacheBehavior [ RunTime:0.000768s ]
INFO: [ view_filter ] --END-- [ RunTime:0.001042s ]
INFO: [ app_end ] --START--
INFO: Run Behavior\ShowPageTraceBehavior [ RunTime:0.001293s ]
INFO: [ app_end ] --END-- [ RunTime:0.001554s ]

[ 2015-11-13T16:00:31+08:00 ] 127.0.0.1 /favicon.ico
INFO: [ app_init ] --START--
INFO: Run Behavior\BuildLiteBehavior [ RunTime:0.000050s ]
INFO: [ app_init ] --END-- [ RunTime:0.000597s ]

