[ 2016-05-19T20:56:15+08:00 ] 127.0.0.1 /
INFO: [ app_init ] --START--
INFO: Run Behavior\BuildLiteBehavior [ RunTime:0.000019s ]
INFO: [ app_init ] --END-- [ RunTime:0.001116s ]
INFO: [ app_begin ] --START--
INFO: Run Behavior\ReadHtmlCacheBehavior [ RunTime:0.001266s ]
INFO: [ app_begin ] --END-- [ RunTime:0.001451s ]
NOTIC: [2] curl_setopt(): You must pass either an object or an array with the CURLOPT_HTTPHEADER, CURLOPT_QUOTE, CURLOPT_HTTP200ALIASES and CURLOPT_POSTQUOTE arguments D:\wnmp\www\allinone\App\Home\Controller\IndexController.class.php 第 15 行.
INFO: [ view_parse ] --START--
INFO: [ template_filter ] --START--
INFO: Run Behavior\ContentReplaceBehavior [ RunTime:0.000058s ]
INFO: [ template_filter ] --END-- [ RunTime:0.000120s ]
NOTIC: [8] Undefined index: song_name D:\wnmp\www\allinone\App\Runtime\Cache\Home\801d07308a97ca116f16f8504ef328c7.php 第 36 行.
NOTIC: [2] Illegal string offset 'name' D:\wnmp\www\allinone\App\Runtime\Cache\Home\801d07308a97ca116f16f8504ef328c7.php 第 37 行.
NOTIC: [8] Undefined index: song_name D:\wnmp\www\allinone\App\Runtime\Cache\Home\801d07308a97ca116f16f8504ef328c7.php 第 36 行.
NOTIC: [2] Illegal string offset 'name' D:\wnmp\www\allinone\App\Runtime\Cache\Home\801d07308a97ca116f16f8504ef328c7.php 第 37 行.
NOTIC: [8] Undefined index: song_name D:\wnmp\www\allinone\App\Runtime\Cache\Home\801d07308a97ca116f16f8504ef328c7.php 第 36 行.
NOTIC: [2] Illegal string offset 'name' D:\wnmp\www\allinone\App\Runtime\Cache\Home\801d07308a97ca116f16f8504ef328c7.php 第 37 行.
NOTIC: [8] Undefined index: song_name D:\wnmp\www\allinone\App\Runtime\Cache\Home\801d07308a97ca116f16f8504ef328c7.php 第 36 行.
NOTIC: [2] Illegal string offset 'name' D:\wnmp\www\allinone\App\Runtime\Cache\Home\801d07308a97ca116f16f8504ef328c7.php 第 37 行.
NOTIC: [8] Undefined index: song_name D:\wnmp\www\allinone\App\Runtime\Cache\Home\801d07308a97ca116f16f8504ef328c7.php 第 36 行.
NOTIC: [2] Illegal string offset 'name' D:\wnmp\www\allinone\App\Runtime\Cache\Home\801d07308a97ca116f16f8504ef328c7.php 第 37 行.
NOTIC: [8] Undefined index: song_name D:\wnmp\www\allinone\App\Runtime\Cache\Home\801d07308a97ca116f16f8504ef328c7.php 第 36 行.
NOTIC: [2] Illegal string offset 'name' D:\wnmp\www\allinone\App\Runtime\Cache\Home\801d07308a97ca116f16f8504ef328c7.php 第 37 行.
NOTIC: [8] Undefined index: song_name D:\wnmp\www\allinone\App\Runtime\Cache\Home\801d07308a97ca116f16f8504ef328c7.php 第 36 行.
NOTIC: [2] Illegal string offset 'name' D:\wnmp\www\allinone\App\Runtime\Cache\Home\801d07308a97ca116f16f8504ef328c7.php 第 37 行.
NOTIC: [8] Undefined index: song_name D:\wnmp\www\allinone\App\Runtime\Cache\Home\801d07308a97ca116f16f8504ef328c7.php 第 36 行.
NOTIC: [2] Illegal string offset 'name' D:\wnmp\www\allinone\App\Runtime\Cache\Home\801d07308a97ca116f16f8504ef328c7.php 第 37 行.
NOTIC: [8] Undefined index: song_name D:\wnmp\www\allinone\App\Runtime\Cache\Home\801d07308a97ca116f16f8504ef328c7.php 第 36 行.
NOTIC: [2] Illegal string offset 'name' D:\wnmp\www\allinone\App\Runtime\Cache\Home\801d07308a97ca116f16f8504ef328c7.php 第 37 行.
NOTIC: [8] Undefined index: song_name D:\wnmp\www\allinone\App\Runtime\Cache\Home\801d07308a97ca116f16f8504ef328c7.php 第 36 行.
NOTIC: [2] Illegal string offset 'name' D:\wnmp\www\allinone\App\Runtime\Cache\Home\801d07308a97ca116f16f8504ef328c7.php 第 37 行.
NOTIC: [8] Undefined index: song_name D:\wnmp\www\allinone\App\Runtime\Cache\Home\801d07308a97ca116f16f8504ef328c7.php 第 36 行.
NOTIC: [2] Illegal string offset 'name' D:\wnmp\www\allinone\App\Runtime\Cache\Home\801d07308a97ca116f16f8504ef328c7.php 第 37 行.
NOTIC: [8] Undefined index: song_name D:\wnmp\www\allinone\App\Runtime\Cache\Home\801d07308a97ca116f16f8504ef328c7.php 第 36 行.
NOTIC: [2] Illegal string offset 'name' D:\wnmp\www\allinone\App\Runtime\Cache\Home\801d07308a97ca116f16f8504ef328c7.php 第 37 行.
NOTIC: [8] Undefined index: song_name D:\wnmp\www\allinone\App\Runtime\Cache\Home\801d07308a97ca116f16f8504ef328c7.php 第 36 行.
NOTIC: [2] Illegal string offset 'name' D:\wnmp\www\allinone\App\Runtime\Cache\Home\801d07308a97ca116f16f8504ef328c7.php 第 37 行.
NOTIC: [8] Undefined index: song_name D:\wnmp\www\allinone\App\Runtime\Cache\Home\801d07308a97ca116f16f8504ef328c7.php 第 36 行.
NOTIC: [2] Illegal string offset 'name' D:\wnmp\www\allinone\App\Runtime\Cache\Home\801d07308a97ca116f16f8504ef328c7.php 第 37 行.
NOTIC: [8] Undefined index: song_name D:\wnmp\www\allinone\App\Runtime\Cache\Home\801d07308a97ca116f16f8504ef328c7.php 第 36 行.
NOTIC: [2] Illegal string offset 'name' D:\wnmp\www\allinone\App\Runtime\Cache\Home\801d07308a97ca116f16f8504ef328c7.php 第 37 行.
NOTIC: [8] Undefined index: song_name D:\wnmp\www\allinone\App\Runtime\Cache\Home\801d07308a97ca116f16f8504ef328c7.php 第 36 行.
NOTIC: [2] Illegal string offset 'name' D:\wnmp\www\allinone\App\Runtime\Cache\Home\801d07308a97ca116f16f8504ef328c7.php 第 37 行.
NOTIC: [8] Undefined index: song_name D:\wnmp\www\allinone\App\Runtime\Cache\Home\801d07308a97ca116f16f8504ef328c7.php 第 36 行.
NOTIC: [2] Illegal string offset 'name' D:\wnmp\www\allinone\App\Runtime\Cache\Home\801d07308a97ca116f16f8504ef328c7.php 第 37 行.
NOTIC: [8] Undefined index: song_name D:\wnmp\www\allinone\App\Runtime\Cache\Home\801d07308a97ca116f16f8504ef328c7.php 第 36 行.
NOTIC: [2] Illegal string offset 'name' D:\wnmp\www\allinone\App\Runtime\Cache\Home\801d07308a97ca116f16f8504ef328c7.php 第 37 行.
NOTIC: [8] Undefined index: song_name D:\wnmp\www\allinone\App\Runtime\Cache\Home\801d07308a97ca116f16f8504ef328c7.php 第 36 行.
NOTIC: [2] Illegal string offset 'name' D:\wnmp\www\allinone\App\Runtime\Cache\Home\801d07308a97ca116f16f8504ef328c7.php 第 37 行.
NOTIC: [8] Undefined index: song_name D:\wnmp\www\allinone\App\Runtime\Cache\Home\801d07308a97ca116f16f8504ef328c7.php 第 36 行.
NOTIC: [2] Illegal string offset 'name' D:\wnmp\www\allinone\App\Runtime\Cache\Home\801d07308a97ca116f16f8504ef328c7.php 第 37 行.
NOTIC: [8] Undefined index: song_name D:\wnmp\www\allinone\App\Runtime\Cache\Home\801d07308a97ca116f16f8504ef328c7.php 第 36 行.
NOTIC: [2] Illegal string offset 'name' D:\wnmp\www\allinone\App\Runtime\Cache\Home\801d07308a97ca116f16f8504ef328c7.php 第 37 行.
NOTIC: [8] Undefined index: song_name D:\wnmp\www\allinone\App\Runtime\Cache\Home\801d07308a97ca116f16f8504ef328c7.php 第 36 行.
NOTIC: [2] Illegal string offset 'name' D:\wnmp\www\allinone\App\Runtime\Cache\Home\801d07308a97ca116f16f8504ef328c7.php 第 37 行.
NOTIC: [8] Undefined index: song_name D:\wnmp\www\allinone\App\Runtime\Cache\Home\801d07308a97ca116f16f8504ef328c7.php 第 36 行.
NOTIC: [2] Illegal string offset 'name' D:\wnmp\www\allinone\App\Runtime\Cache\Home\801d07308a97ca116f16f8504ef328c7.php 第 37 行.
NOTIC: [8] Undefined index: song_name D:\wnmp\www\allinone\App\Runtime\Cache\Home\801d07308a97ca116f16f8504ef328c7.php 第 36 行.
NOTIC: [2] Illegal string offset 'name' D:\wnmp\www\allinone\App\Runtime\Cache\Home\801d07308a97ca116f16f8504ef328c7.php 第 37 行.
NOTIC: [8] Undefined index: song_name D:\wnmp\www\allinone\App\Runtime\Cache\Home\801d07308a97ca116f16f8504ef328c7.php 第 36 行.
NOTIC: [2] Illegal string offset 'name' D:\wnmp\www\allinone\App\Runtime\Cache\Home\801d07308a97ca116f16f8504ef328c7.php 第 37 行.
NOTIC: [8] Undefined index: song_name D:\wnmp\www\allinone\App\Runtime\Cache\Home\801d07308a97ca116f16f8504ef328c7.php 第 36 行.
NOTIC: [2] Illegal string offset 'name' D:\wnmp\www\allinone\App\Runtime\Cache\Home\801d07308a97ca116f16f8504ef328c7.php 第 37 行.
NOTIC: [8] Undefined index: song_name D:\wnmp\www\allinone\App\Runtime\Cache\Home\801d07308a97ca116f16f8504ef328c7.php 第 36 行.
NOTIC: [2] Illegal string offset 'name' D:\wnmp\www\allinone\App\Runtime\Cache\Home\801d07308a97ca116f16f8504ef328c7.php 第 37 行.
NOTIC: [8] Undefined index: song_name D:\wnmp\www\allinone\App\Runtime\Cache\Home\801d07308a97ca116f16f8504ef328c7.php 第 36 行.
NOTIC: [2] Illegal string offset 'name' D:\wnmp\www\allinone\App\Runtime\Cache\Home\801d07308a97ca116f16f8504ef328c7.php 第 37 行.
NOTIC: [8] Undefined index: song_name D:\wnmp\www\allinone\App\Runtime\Cache\Home\801d07308a97ca116f16f8504ef328c7.php 第 36 行.
NOTIC: [2] Illegal string offset 'name' D:\wnmp\www\allinone\App\Runtime\Cache\Home\801d07308a97ca116f16f8504ef328c7.php 第 37 行.
NOTIC: [8] Undefined index: song_name D:\wnmp\www\allinone\App\Runtime\Cache\Home\801d07308a97ca116f16f8504ef328c7.php 第 36 行.
NOTIC: [2] Illegal string offset 'name' D:\wnmp\www\allinone\App\Runtime\Cache\Home\801d07308a97ca116f16f8504ef328c7.php 第 37 行.
NOTIC: [8] Undefined index: song_name D:\wnmp\www\allinone\App\Runtime\Cache\Home\801d07308a97ca116f16f8504ef328c7.php 第 36 行.
NOTIC: [2] Illegal string offset 'name' D:\wnmp\www\allinone\App\Runtime\Cache\Home\801d07308a97ca116f16f8504ef328c7.php 第 37 行.
NOTIC: [8] Undefined index: song_name D:\wnmp\www\allinone\App\Runtime\Cache\Home\801d07308a97ca116f16f8504ef328c7.php 第 36 行.
NOTIC: [2] Illegal string offset 'name' D:\wnmp\www\allinone\App\Runtime\Cache\Home\801d07308a97ca116f16f8504ef328c7.php 第 37 行.
NOTIC: [8] Undefined index: song_name D:\wnmp\www\allinone\App\Runtime\Cache\Home\801d07308a97ca116f16f8504ef328c7.php 第 36 行.
NOTIC: [2] Illegal string offset 'name' D:\wnmp\www\allinone\App\Runtime\Cache\Home\801d07308a97ca116f16f8504ef328c7.php 第 37 行.
NOTIC: [8] Undefined index: song_name D:\wnmp\www\allinone\App\Runtime\Cache\Home\801d07308a97ca116f16f8504ef328c7.php 第 36 行.
NOTIC: [8] Uninitialized string offset: 0 D:\wnmp\www\allinone\App\Runtime\Cache\Home\801d07308a97ca116f16f8504ef328c7.php 第 37 行.
NOTIC: [2] Illegal string offset 'name' D:\wnmp\www\allinone\App\Runtime\Cache\Home\801d07308a97ca116f16f8504ef328c7.php 第 37 行.
NOTIC: [8] Uninitialized string offset: 0 D:\wnmp\www\allinone\App\Runtime\Cache\Home\801d07308a97ca116f16f8504ef328c7.php 第 37 行.
NOTIC: [8] Undefined index: song_name D:\wnmp\www\allinone\App\Runtime\Cache\Home\801d07308a97ca116f16f8504ef328c7.php 第 36 行.
NOTIC: [2] Illegal string offset 'name' D:\wnmp\www\allinone\App\Runtime\Cache\Home\801d07308a97ca116f16f8504ef328c7.php 第 37 行.
NOTIC: [8] Undefined index: song_name D:\wnmp\www\allinone\App\Runtime\Cache\Home\801d07308a97ca116f16f8504ef328c7.php 第 36 行.
NOTIC: [2] Illegal string offset 'name' D:\wnmp\www\allinone\App\Runtime\Cache\Home\801d07308a97ca116f16f8504ef328c7.php 第 37 行.
NOTIC: [8] Undefined index: song_name D:\wnmp\www\allinone\App\Runtime\Cache\Home\801d07308a97ca116f16f8504ef328c7.php 第 36 行.
NOTIC: [2] Illegal string offset 'name' D:\wnmp\www\allinone\App\Runtime\Cache\Home\801d07308a97ca116f16f8504ef328c7.php 第 37 行.
NOTIC: [8] Undefined index: song_name D:\wnmp\www\allinone\App\Runtime\Cache\Home\801d07308a97ca116f16f8504ef328c7.php 第 36 行.
NOTIC: [2] Illegal string offset 'name' D:\wnmp\www\allinone\App\Runtime\Cache\Home\801d07308a97ca116f16f8504ef328c7.php 第 37 行.
NOTIC: [8] Undefined index: song_name D:\wnmp\www\allinone\App\Runtime\Cache\Home\801d07308a97ca116f16f8504ef328c7.php 第 36 行.
NOTIC: [2] Illegal string offset 'name' D:\wnmp\www\allinone\App\Runtime\Cache\Home\801d07308a97ca116f16f8504ef328c7.php 第 37 行.
NOTIC: [8] Undefined index: song_name D:\wnmp\www\allinone\App\Runtime\Cache\Home\801d07308a97ca116f16f8504ef328c7.php 第 36 行.
NOTIC: [2] Illegal string offset 'name' D:\wnmp\www\allinone\App\Runtime\Cache\Home\801d07308a97ca116f16f8504ef328c7.php 第 37 行.
NOTIC: [8] Undefined index: song_name D:\wnmp\www\allinone\App\Runtime\Cache\Home\801d07308a97ca116f16f8504ef328c7.php 第 36 行.
NOTIC: [2] Illegal string offset 'name' D:\wnmp\www\allinone\App\Runtime\Cache\Home\801d07308a97ca116f16f8504ef328c7.php 第 37 行.
NOTIC: [8] Undefined index: song_name D:\wnmp\www\allinone\App\Runtime\Cache\Home\801d07308a97ca116f16f8504ef328c7.php 第 36 行.
NOTIC: [2] Illegal string offset 'name' D:\wnmp\www\allinone\App\Runtime\Cache\Home\801d07308a97ca116f16f8504ef328c7.php 第 37 行.
NOTIC: [8] Undefined index: song_name D:\wnmp\www\allinone\App\Runtime\Cache\Home\801d07308a97ca116f16f8504ef328c7.php 第 36 行.
NOTIC: [2] Illegal string offset 'name' D:\wnmp\www\allinone\App\Runtime\Cache\Home\801d07308a97ca116f16f8504ef328c7.php 第 37 行.
NOTIC: [8] Undefined index: song_name D:\wnmp\www\allinone\App\Runtime\Cache\Home\801d07308a97ca116f16f8504ef328c7.php 第 36 行.
NOTIC: [2] Illegal string offset 'name' D:\wnmp\www\allinone\App\Runtime\Cache\Home\801d07308a97ca116f16f8504ef328c7.php 第 37 行.
NOTIC: [8] Undefined index: song_name D:\wnmp\www\allinone\App\Runtime\Cache\Home\801d07308a97ca116f16f8504ef328c7.php 第 36 行.
NOTIC: [8] Uninitialized string offset: 0 D:\wnmp\www\allinone\App\Runtime\Cache\Home\801d07308a97ca116f16f8504ef328c7.php 第 37 行.
NOTIC: [2] Illegal string offset 'name' D:\wnmp\www\allinone\App\Runtime\Cache\Home\801d07308a97ca116f16f8504ef328c7.php 第 37 行.
NOTIC: [8] Uninitialized string offset: 0 D:\wnmp\www\allinone\App\Runtime\Cache\Home\801d07308a97ca116f16f8504ef328c7.php 第 37 行.
NOTIC: [8] Undefined index: song_name D:\wnmp\www\allinone\App\Runtime\Cache\Home\801d07308a97ca116f16f8504ef328c7.php 第 36 行.
NOTIC: [2] Illegal string offset 'name' D:\wnmp\www\allinone\App\Runtime\Cache\Home\801d07308a97ca116f16f8504ef328c7.php 第 37 行.
NOTIC: [8] Undefined index: song_name D:\wnmp\www\allinone\App\Runtime\Cache\Home\801d07308a97ca116f16f8504ef328c7.php 第 36 行.
NOTIC: [8] Uninitialized string offset: 0 D:\wnmp\www\allinone\App\Runtime\Cache\Home\801d07308a97ca116f16f8504ef328c7.php 第 37 行.
NOTIC: [2] Illegal string offset 'name' D:\wnmp\www\allinone\App\Runtime\Cache\Home\801d07308a97ca116f16f8504ef328c7.php 第 37 行.
NOTIC: [8] Uninitialized string offset: 0 D:\wnmp\www\allinone\App\Runtime\Cache\Home\801d07308a97ca116f16f8504ef328c7.php 第 37 行.
NOTIC: [8] Undefined index: song_name D:\wnmp\www\allinone\App\Runtime\Cache\Home\801d07308a97ca116f16f8504ef328c7.php 第 36 行.
NOTIC: [2] Illegal string offset 'name' D:\wnmp\www\allinone\App\Runtime\Cache\Home\801d07308a97ca116f16f8504ef328c7.php 第 37 行.
NOTIC: [8] Undefined index: song_name D:\wnmp\www\allinone\App\Runtime\Cache\Home\801d07308a97ca116f16f8504ef328c7.php 第 36 行.
NOTIC: [2] Illegal string offset 'name' D:\wnmp\www\allinone\App\Runtime\Cache\Home\801d07308a97ca116f16f8504ef328c7.php 第 37 行.
NOTIC: [8] Undefined index: song_name D:\wnmp\www\allinone\App\Runtime\Cache\Home\801d07308a97ca116f16f8504ef328c7.php 第 36 行.
NOTIC: [2] Illegal string offset 'name' D:\wnmp\www\allinone\App\Runtime\Cache\Home\801d07308a97ca116f16f8504ef328c7.php 第 37 行.
NOTIC: [8] Undefined index: song_name D:\wnmp\www\allinone\App\Runtime\Cache\Home\801d07308a97ca116f16f8504ef328c7.php 第 36 行.
NOTIC: [2] Illegal string offset 'name' D:\wnmp\www\allinone\App\Runtime\Cache\Home\801d07308a97ca116f16f8504ef328c7.php 第 37 行.
NOTIC: [8] Undefined index: song_name D:\wnmp\www\allinone\App\Runtime\Cache\Home\801d07308a97ca116f16f8504ef328c7.php 第 36 行.
NOTIC: [2] Illegal string offset 'name' D:\wnmp\www\allinone\App\Runtime\Cache\Home\801d07308a97ca116f16f8504ef328c7.php 第 37 行.
NOTIC: [8] Undefined index: song_name D:\wnmp\www\allinone\App\Runtime\Cache\Home\801d07308a97ca116f16f8504ef328c7.php 第 36 行.
NOTIC: [2] Illegal string offset 'name' D:\wnmp\www\allinone\App\Runtime\Cache\Home\801d07308a97ca116f16f8504ef328c7.php 第 37 行.
NOTIC: [8] Undefined index: song_name D:\wnmp\www\allinone\App\Runtime\Cache\Home\801d07308a97ca116f16f8504ef328c7.php 第 36 行.
NOTIC: [2] Illegal string offset 'name' D:\wnmp\www\allinone\App\Runtime\Cache\Home\801d07308a97ca116f16f8504ef328c7.php 第 37 行.
NOTIC: [8] Undefined index: song_name D:\wnmp\www\allinone\App\Runtime\Cache\Home\801d07308a97ca116f16f8504ef328c7.php 第 36 行.
NOTIC: [2] Illegal string offset 'name' D:\wnmp\www\allinone\App\Runtime\Cache\Home\801d07308a97ca116f16f8504ef328c7.php 第 37 行.
NOTIC: [8] Undefined index: song_name D:\wnmp\www\allinone\App\Runtime\Cache\Home\801d07308a97ca116f16f8504ef328c7.php 第 36 行.
NOTIC: [2] Illegal string offset 'name' D:\wnmp\www\allinone\App\Runtime\Cache\Home\801d07308a97ca116f16f8504ef328c7.php 第 37 行.
NOTIC: [8] Undefined index: song_name D:\wnmp\www\allinone\App\Runtime\Cache\Home\801d07308a97ca116f16f8504ef328c7.php 第 36 行.
NOTIC: [2] Illegal string offset 'name' D:\wnmp\www\allinone\App\Runtime\Cache\Home\801d07308a97ca116f16f8504ef328c7.php 第 37 行.
NOTIC: [8] Undefined index: song_name D:\wnmp\www\allinone\App\Runtime\Cache\Home\801d07308a97ca116f16f8504ef328c7.php 第 36 行.
NOTIC: [2] Illegal string offset 'name' D:\wnmp\www\allinone\App\Runtime\Cache\Home\801d07308a97ca116f16f8504ef328c7.php 第 37 行.
NOTIC: [8] Undefined index: song_name D:\wnmp\www\allinone\App\Runtime\Cache\Home\801d07308a97ca116f16f8504ef328c7.php 第 36 行.
NOTIC: [2] Illegal string offset 'name' D:\wnmp\www\allinone\App\Runtime\Cache\Home\801d07308a97ca116f16f8504ef328c7.php 第 37 行.
NOTIC: [8] Undefined index: song_name D:\wnmp\www\allinone\App\Runtime\Cache\Home\801d07308a97ca116f16f8504ef328c7.php 第 36 行.
NOTIC: [2] Illegal string offset 'name' D:\wnmp\www\allinone\App\Runtime\Cache\Home\801d07308a97ca116f16f8504ef328c7.php 第 37 行.
NOTIC: [8] Undefined index: song_name D:\wnmp\www\allinone\App\Runtime\Cache\Home\801d07308a97ca116f16f8504ef328c7.php 第 36 行.
NOTIC: [2] Illegal string offset 'name' D:\wnmp\www\allinone\App\Runtime\Cache\Home\801d07308a97ca116f16f8504ef328c7.php 第 37 行.
NOTIC: [8] Undefined index: song_name D:\wnmp\www\allinone\App\Runtime\Cache\Home\801d07308a97ca116f16f8504ef328c7.php 第 36 行.
NOTIC: [2] Illegal string offset 'name' D:\wnmp\www\allinone\App\Runtime\Cache\Home\801d07308a97ca116f16f8504ef328c7.php 第 37 行.
NOTIC: [8] Undefined index: song_name D:\wnmp\www\allinone\App\Runtime\Cache\Home\801d07308a97ca116f16f8504ef328c7.php 第 36 行.
NOTIC: [2] Illegal string offset 'name' D:\wnmp\www\allinone\App\Runtime\Cache\Home\801d07308a97ca116f16f8504ef328c7.php 第 37 行.
NOTIC: [8] Undefined index: song_name D:\wnmp\www\allinone\App\Runtime\Cache\Home\801d07308a97ca116f16f8504ef328c7.php 第 36 行.
NOTIC: [2] Illegal string offset 'name' D:\wnmp\www\allinone\App\Runtime\Cache\Home\801d07308a97ca116f16f8504ef328c7.php 第 37 行.
NOTIC: [8] Undefined index: song_name D:\wnmp\www\allinone\App\Runtime\Cache\Home\801d07308a97ca116f16f8504ef328c7.php 第 36 行.
NOTIC: [2] Illegal string offset 'name' D:\wnmp\www\allinone\App\Runtime\Cache\Home\801d07308a97ca116f16f8504ef328c7.php 第 37 行.
NOTIC: [8] Undefined index: song_name D:\wnmp\www\allinone\App\Runtime\Cache\Home\801d07308a97ca116f16f8504ef328c7.php 第 36 行.
NOTIC: [2] Illegal string offset 'name' D:\wnmp\www\allinone\App\Runtime\Cache\Home\801d07308a97ca116f16f8504ef328c7.php 第 37 行.
NOTIC: [8] Undefined index: song_name D:\wnmp\www\allinone\App\Runtime\Cache\Home\801d07308a97ca116f16f8504ef328c7.php 第 36 行.
NOTIC: [2] Illegal string offset 'name' D:\wnmp\www\allinone\App\Runtime\Cache\Home\801d07308a97ca116f16f8504ef328c7.php 第 37 行.
NOTIC: [8] Undefined index: song_name D:\wnmp\www\allinone\App\Runtime\Cache\Home\801d07308a97ca116f16f8504ef328c7.php 第 36 行.
NOTIC: [2] Illegal string offset 'name' D:\wnmp\www\allinone\App\Runtime\Cache\Home\801d07308a97ca116f16f8504ef328c7.php 第 37 行.
NOTIC: [8] Undefined index: song_name D:\wnmp\www\allinone\App\Runtime\Cache\Home\801d07308a97ca116f16f8504ef328c7.php 第 36 行.
NOTIC: [2] Illegal string offset 'name' D:\wnmp\www\allinone\App\Runtime\Cache\Home\801d07308a97ca116f16f8504ef328c7.php 第 37 行.
NOTIC: [8] Undefined index: song_name D:\wnmp\www\allinone\App\Runtime\Cache\Home\801d07308a97ca116f16f8504ef328c7.php 第 36 行.
NOTIC: [2] Illegal string offset 'name' D:\wnmp\www\allinone\App\Runtime\Cache\Home\801d07308a97ca116f16f8504ef328c7.php 第 37 行.
NOTIC: [8] Undefined index: song_name D:\wnmp\www\allinone\App\Runtime\Cache\Home\801d07308a97ca116f16f8504ef328c7.php 第 36 行.
NOTIC: [2] Illegal string offset 'name' D:\wnmp\www\allinone\App\Runtime\Cache\Home\801d07308a97ca116f16f8504ef328c7.php 第 37 行.
NOTIC: [8] Undefined index: song_name D:\wnmp\www\allinone\App\Runtime\Cache\Home\801d07308a97ca116f16f8504ef328c7.php 第 36 行.
NOTIC: [2] Illegal string offset 'name' D:\wnmp\www\allinone\App\Runtime\Cache\Home\801d07308a97ca116f16f8504ef328c7.php 第 37 行.
NOTIC: [8] Undefined index: song_name D:\wnmp\www\allinone\App\Runtime\Cache\Home\801d07308a97ca116f16f8504ef328c7.php 第 36 行.
NOTIC: [2] Illegal string offset 'name' D:\wnmp\www\allinone\App\Runtime\Cache\Home\801d07308a97ca116f16f8504ef328c7.php 第 37 行.
NOTIC: [8] Undefined index: song_name D:\wnmp\www\allinone\App\Runtime\Cache\Home\801d07308a97ca116f16f8504ef328c7.php 第 36 行.
NOTIC: [2] Illegal string offset 'name' D:\wnmp\www\allinone\App\Runtime\Cache\Home\801d07308a97ca116f16f8504ef328c7.php 第 37 行.
NOTIC: [8] Undefined index: song_name D:\wnmp\www\allinone\App\Runtime\Cache\Home\801d07308a97ca116f16f8504ef328c7.php 第 36 行.
NOTIC: [2] Illegal string offset 'name' D:\wnmp\www\allinone\App\Runtime\Cache\Home\801d07308a97ca116f16f8504ef328c7.php 第 37 行.
NOTIC: [8] Undefined index: song_name D:\wnmp\www\allinone\App\Runtime\Cache\Home\801d07308a97ca116f16f8504ef328c7.php 第 36 行.
NOTIC: [2] Illegal string offset 'name' D:\wnmp\www\allinone\App\Runtime\Cache\Home\801d07308a97ca116f16f8504ef328c7.php 第 37 行.
NOTIC: [8] Undefined index: song_name D:\wnmp\www\allinone\App\Runtime\Cache\Home\801d07308a97ca116f16f8504ef328c7.php 第 36 行.
NOTIC: [2] Illegal string offset 'name' D:\wnmp\www\allinone\App\Runtime\Cache\Home\801d07308a97ca116f16f8504ef328c7.php 第 37 行.
NOTIC: [8] Undefined index: song_name D:\wnmp\www\allinone\App\Runtime\Cache\Home\801d07308a97ca116f16f8504ef328c7.php 第 36 行.
NOTIC: [2] Illegal string offset 'name' D:\wnmp\www\allinone\App\Runtime\Cache\Home\801d07308a97ca116f16f8504ef328c7.php 第 37 行.
NOTIC: [8] Undefined index: song_name D:\wnmp\www\allinone\App\Runtime\Cache\Home\801d07308a97ca116f16f8504ef328c7.php 第 36 行.
NOTIC: [2] Illegal string offset 'name' D:\wnmp\www\allinone\App\Runtime\Cache\Home\801d07308a97ca116f16f8504ef328c7.php 第 37 行.
NOTIC: [8] Undefined index: song_name D:\wnmp\www\allinone\App\Runtime\Cache\Home\801d07308a97ca116f16f8504ef328c7.php 第 36 行.
NOTIC: [2] Illegal string offset 'name' D:\wnmp\www\allinone\App\Runtime\Cache\Home\801d07308a97ca116f16f8504ef328c7.php 第 37 行.
NOTIC: [8] Undefined index: song_name D:\wnmp\www\allinone\App\Runtime\Cache\Home\801d07308a97ca116f16f8504ef328c7.php 第 36 行.
NOTIC: [2] Illegal string offset 'name' D:\wnmp\www\allinone\App\Runtime\Cache\Home\801d07308a97ca116f16f8504ef328c7.php 第 37 行.
NOTIC: [8] Undefined index: song_name D:\wnmp\www\allinone\App\Runtime\Cache\Home\801d07308a97ca116f16f8504ef328c7.php 第 36 行.
NOTIC: [2] Illegal string offset 'name' D:\wnmp\www\allinone\App\Runtime\Cache\Home\801d07308a97ca116f16f8504ef328c7.php 第 37 行.
NOTIC: [8] Undefined index: song_name D:\wnmp\www\allinone\App\Runtime\Cache\Home\801d07308a97ca116f16f8504ef328c7.php 第 36 行.
NOTIC: [2] Illegal string offset 'name' D:\wnmp\www\allinone\App\Runtime\Cache\Home\801d07308a97ca116f16f8504ef328c7.php 第 37 行.
NOTIC: [8] Undefined index: song_name D:\wnmp\www\allinone\App\Runtime\Cache\Home\801d07308a97ca116f16f8504ef328c7.php 第 36 行.
NOTIC: [2] Illegal string offset 'name' D:\wnmp\www\allinone\App\Runtime\Cache\Home\801d07308a97ca116f16f8504ef328c7.php 第 37 行.
NOTIC: [8] Undefined index: song_name D:\wnmp\www\allinone\App\Runtime\Cache\Home\801d07308a97ca116f16f8504ef328c7.php 第 36 行.
NOTIC: [2] Illegal string offset 'name' D:\wnmp\www\allinone\App\Runtime\Cache\Home\801d07308a97ca116f16f8504ef328c7.php 第 37 行.
NOTIC: [8] Undefined index: song_name D:\wnmp\www\allinone\App\Runtime\Cache\Home\801d07308a97ca116f16f8504ef328c7.php 第 36 行.
NOTIC: [2] Illegal string offset 'name' D:\wnmp\www\allinone\App\Runtime\Cache\Home\801d07308a97ca116f16f8504ef328c7.php 第 37 行.
NOTIC: [8] Undefined index: song_name D:\wnmp\www\allinone\App\Runtime\Cache\Home\801d07308a97ca116f16f8504ef328c7.php 第 36 行.
NOTIC: [2] Illegal string offset 'name' D:\wnmp\www\allinone\App\Runtime\Cache\Home\801d07308a97ca116f16f8504ef328c7.php 第 37 行.
NOTIC: [8] Undefined index: song_name D:\wnmp\www\allinone\App\Runtime\Cache\Home\801d07308a97ca116f16f8504ef328c7.php 第 36 行.
NOTIC: [2] Illegal string offset 'name' D:\wnmp\www\allinone\App\Runtime\Cache\Home\801d07308a97ca116f16f8504ef328c7.php 第 37 行.
NOTIC: [8] Undefined index: song_name D:\wnmp\www\allinone\App\Runtime\Cache\Home\801d07308a97ca116f16f8504ef328c7.php 第 36 行.
NOTIC: [2] Illegal string offset 'name' D:\wnmp\www\allinone\App\Runtime\Cache\Home\801d07308a97ca116f16f8504ef328c7.php 第 37 行.
NOTIC: [8] Undefined index: song_name D:\wnmp\www\allinone\App\Runtime\Cache\Home\801d07308a97ca116f16f8504ef328c7.php 第 36 行.
NOTIC: [2] Illegal string offset 'name' D:\wnmp\www\allinone\App\Runtime\Cache\Home\801d07308a97ca116f16f8504ef328c7.php 第 37 行.
NOTIC: [8] Undefined index: song_name D:\wnmp\www\allinone\App\Runtime\Cache\Home\801d07308a97ca116f16f8504ef328c7.php 第 36 行.
NOTIC: [2] Illegal string offset 'name' D:\wnmp\www\allinone\App\Runtime\Cache\Home\801d07308a97ca116f16f8504ef328c7.php 第 37 行.
NOTIC: [8] Undefined index: song_name D:\wnmp\www\allinone\App\Runtime\Cache\Home\801d07308a97ca116f16f8504ef328c7.php 第 36 行.
NOTIC: [2] Illegal string offset 'name' D:\wnmp\www\allinone\App\Runtime\Cache\Home\801d07308a97ca116f16f8504ef328c7.php 第 37 行.
NOTIC: [8] Undefined index: song_name D:\wnmp\www\allinone\App\Runtime\Cache\Home\801d07308a97ca116f16f8504ef328c7.php 第 36 行.
NOTIC: [2] Illegal string offset 'name' D:\wnmp\www\allinone\App\Runtime\Cache\Home\801d07308a97ca116f16f8504ef328c7.php 第 37 行.
NOTIC: [8] Undefined index: song_name D:\wnmp\www\allinone\App\Runtime\Cache\Home\801d07308a97ca116f16f8504ef328c7.php 第 36 行.
NOTIC: [2] Illegal string offset 'name' D:\wnmp\www\allinone\App\Runtime\Cache\Home\801d07308a97ca116f16f8504ef328c7.php 第 37 行.
NOTIC: [8] Undefined index: song_name D:\wnmp\www\allinone\App\Runtime\Cache\Home\801d07308a97ca116f16f8504ef328c7.php 第 36 行.
NOTIC: [2] Illegal string offset 'name' D:\wnmp\www\allinone\App\Runtime\Cache\Home\801d07308a97ca116f16f8504ef328c7.php 第 37 行.
NOTIC: [8] Undefined index: song_name D:\wnmp\www\allinone\App\Runtime\Cache\Home\801d07308a97ca116f16f8504ef328c7.php 第 36 行.
NOTIC: [2] Illegal string offset 'name' D:\wnmp\www\allinone\App\Runtime\Cache\Home\801d07308a97ca116f16f8504ef328c7.php 第 37 行.
NOTIC: [8] Undefined index: song_name D:\wnmp\www\allinone\App\Runtime\Cache\Home\801d07308a97ca116f16f8504ef328c7.php 第 36 行.
NOTIC: [2] Illegal string offset 'name' D:\wnmp\www\allinone\App\Runtime\Cache\Home\801d07308a97ca116f16f8504ef328c7.php 第 37 行.
NOTIC: [8] Undefined index: song_name D:\wnmp\www\allinone\App\Runtime\Cache\Home\801d07308a97ca116f16f8504ef328c7.php 第 36 行.
NOTIC: [2] Illegal string offset 'name' D:\wnmp\www\allinone\App\Runtime\Cache\Home\801d07308a97ca116f16f8504ef328c7.php 第 37 行.
NOTIC: [8] Undefined index: song_name D:\wnmp\www\allinone\App\Runtime\Cache\Home\801d07308a97ca116f16f8504ef328c7.php 第 36 行.
NOTIC: [2] Illegal string offset 'name' D:\wnmp\www\allinone\App\Runtime\Cache\Home\801d07308a97ca116f16f8504ef328c7.php 第 37 行.
NOTIC: [8] Undefined index: song_name D:\wnmp\www\allinone\App\Runtime\Cache\Home\801d07308a97ca116f16f8504ef328c7.php 第 36 行.
NOTIC: [2] Illegal string offset 'name' D:\wnmp\www\allinone\App\Runtime\Cache\Home\801d07308a97ca116f16f8504ef328c7.php 第 37 行.
NOTIC: [8] Undefined index: song_name D:\wnmp\www\allinone\App\Runtime\Cache\Home\801d07308a97ca116f16f8504ef328c7.php 第 36 行.
NOTIC: [2] Illegal string offset 'name' D:\wnmp\www\allinone\App\Runtime\Cache\Home\801d07308a97ca116f16f8504ef328c7.php 第 37 行.
NOTIC: [8] Undefined index: song_name D:\wnmp\www\allinone\App\Runtime\Cache\Home\801d07308a97ca116f16f8504ef328c7.php 第 36 行.
NOTIC: [2] Illegal string offset 'name' D:\wnmp\www\allinone\App\Runtime\Cache\Home\801d07308a97ca116f16f8504ef328c7.php 第 37 行.
NOTIC: [8] Undefined index: song_name D:\wnmp\www\allinone\App\Runtime\Cache\Home\801d07308a97ca116f16f8504ef328c7.php 第 36 行.
NOTIC: [2] Illegal string offset 'name' D:\wnmp\www\allinone\App\Runtime\Cache\Home\801d07308a97ca116f16f8504ef328c7.php 第 37 行.
NOTIC: [8] Undefined index: song_name D:\wnmp\www\allinone\App\Runtime\Cache\Home\801d07308a97ca116f16f8504ef328c7.php 第 36 行.
NOTIC: [2] Illegal string offset 'name' D:\wnmp\www\allinone\App\Runtime\Cache\Home\801d07308a97ca116f16f8504ef328c7.php 第 37 行.
NOTIC: [8] Undefined index: song_name D:\wnmp\www\allinone\App\Runtime\Cache\Home\801d07308a97ca116f16f8504ef328c7.php 第 36 行.
NOTIC: [2] Illegal string offset 'name' D:\wnmp\www\allinone\App\Runtime\Cache\Home\801d07308a97ca116f16f8504ef328c7.php 第 37 行.
NOTIC: [8] Undefined index: song_name D:\wnmp\www\allinone\App\Runtime\Cache\Home\801d07308a97ca116f16f8504ef328c7.php 第 36 行.
NOTIC: [2] Illegal string offset 'name' D:\wnmp\www\allinone\App\Runtime\Cache\Home\801d07308a97ca116f16f8504ef328c7.php 第 37 行.
NOTIC: [8] Undefined index: song_name D:\wnmp\www\allinone\App\Runtime\Cache\Home\801d07308a97ca116f16f8504ef328c7.php 第 36 行.
NOTIC: [2] Illegal string offset 'name' D:\wnmp\www\allinone\App\Runtime\Cache\Home\801d07308a97ca116f16f8504ef328c7.php 第 37 行.
NOTIC: [8] Undefined index: song_name D:\wnmp\www\allinone\App\Runtime\Cache\Home\801d07308a97ca116f16f8504ef328c7.php 第 36 行.
NOTIC: [2] Illegal string offset 'name' D:\wnmp\www\allinone\App\Runtime\Cache\Home\801d07308a97ca116f16f8504ef328c7.php 第 37 行.
NOTIC: [8] Undefined index: song_name D:\wnmp\www\allinone\App\Runtime\Cache\Home\801d07308a97ca116f16f8504ef328c7.php 第 36 行.
NOTIC: [2] Illegal string offset 'name' D:\wnmp\www\allinone\App\Runtime\Cache\Home\801d07308a97ca116f16f8504ef328c7.php 第 37 行.
NOTIC: [8] Undefined index: song_name D:\wnmp\www\allinone\App\Runtime\Cache\Home\801d07308a97ca116f16f8504ef328c7.php 第 36 行.
NOTIC: [2] Illegal string offset 'name' D:\wnmp\www\allinone\App\Runtime\Cache\Home\801d07308a97ca116f16f8504ef328c7.php 第 37 行.
NOTIC: [8] Undefined index: song_name D:\wnmp\www\allinone\App\Runtime\Cache\Home\801d07308a97ca116f16f8504ef328c7.php 第 36 行.
NOTIC: [2] Illegal string offset 'name' D:\wnmp\www\allinone\App\Runtime\Cache\Home\801d07308a97ca116f16f8504ef328c7.php 第 37 行.
NOTIC: [8] Undefined index: song_name D:\wnmp\www\allinone\App\Runtime\Cache\Home\801d07308a97ca116f16f8504ef328c7.php 第 36 行.
NOTIC: [2] Illegal string offset 'name' D:\wnmp\www\allinone\App\Runtime\Cache\Home\801d07308a97ca116f16f8504ef328c7.php 第 37 行.
NOTIC: [8] Undefined index: song_name D:\wnmp\www\allinone\App\Runtime\Cache\Home\801d07308a97ca116f16f8504ef328c7.php 第 36 行.
NOTIC: [2] Illegal string offset 'name' D:\wnmp\www\allinone\App\Runtime\Cache\Home\801d07308a97ca116f16f8504ef328c7.php 第 37 行.
NOTIC: [8] Undefined index: song_name D:\wnmp\www\allinone\App\Runtime\Cache\Home\801d07308a97ca116f16f8504ef328c7.php 第 36 行.
NOTIC: [2] Illegal string offset 'name' D:\wnmp\www\allinone\App\Runtime\Cache\Home\801d07308a97ca116f16f8504ef328c7.php 第 37 行.
NOTIC: [8] Undefined index: song_name D:\wnmp\www\allinone\App\Runtime\Cache\Home\801d07308a97ca116f16f8504ef328c7.php 第 36 行.
NOTIC: [2] Illegal string offset 'name' D:\wnmp\www\allinone\App\Runtime\Cache\Home\801d07308a97ca116f16f8504ef328c7.php 第 37 行.
NOTIC: [8] Undefined index: song_name D:\wnmp\www\allinone\App\Runtime\Cache\Home\801d07308a97ca116f16f8504ef328c7.php 第 36 行.
NOTIC: [8] Uninitialized string offset: 0 D:\wnmp\www\allinone\App\Runtime\Cache\Home\801d07308a97ca116f16f8504ef328c7.php 第 37 行.
NOTIC: [2] Illegal string offset 'name' D:\wnmp\www\allinone\App\Runtime\Cache\Home\801d07308a97ca116f16f8504ef328c7.php 第 37 行.
NOTIC: [8] Uninitialized string offset: 0 D:\wnmp\www\allinone\App\Runtime\Cache\Home\801d07308a97ca116f16f8504ef328c7.php 第 37 行.
NOTIC: [8] Undefined index: song_name D:\wnmp\www\allinone\App\Runtime\Cache\Home\801d07308a97ca116f16f8504ef328c7.php 第 36 行.
NOTIC: [2] Illegal string offset 'name' D:\wnmp\www\allinone\App\Runtime\Cache\Home\801d07308a97ca116f16f8504ef328c7.php 第 37 行.
NOTIC: [8] Undefined index: song_name D:\wnmp\www\allinone\App\Runtime\Cache\Home\801d07308a97ca116f16f8504ef328c7.php 第 36 行.
NOTIC: [2] Illegal string offset 'name' D:\wnmp\www\allinone\App\Runtime\Cache\Home\801d07308a97ca116f16f8504ef328c7.php 第 37 行.
NOTIC: [8] Undefined index: song_name D:\wnmp\www\allinone\App\Runtime\Cache\Home\801d07308a97ca116f16f8504ef328c7.php 第 36 行.
NOTIC: [2] Illegal string offset 'name' D:\wnmp\www\allinone\App\Runtime\Cache\Home\801d07308a97ca116f16f8504ef328c7.php 第 37 行.
NOTIC: [8] Undefined index: song_name D:\wnmp\www\allinone\App\Runtime\Cache\Home\801d07308a97ca116f16f8504ef328c7.php 第 36 行.
NOTIC: [8] Uninitialized string offset: 0 D:\wnmp\www\allinone\App\Runtime\Cache\Home\801d07308a97ca116f16f8504ef328c7.php 第 37 行.
NOTIC: [2] Illegal string offset 'name' D:\wnmp\www\allinone\App\Runtime\Cache\Home\801d07308a97ca116f16f8504ef328c7.php 第 37 行.
NOTIC: [8] Uninitialized string offset: 0 D:\wnmp\www\allinone\App\Runtime\Cache\Home\801d07308a97ca116f16f8504ef328c7.php 第 37 行.
NOTIC: [8] Undefined index: song_name D:\wnmp\www\allinone\App\Runtime\Cache\Home\801d07308a97ca116f16f8504ef328c7.php 第 36 行.
NOTIC: [2] Illegal string offset 'name' D:\wnmp\www\allinone\App\Runtime\Cache\Home\801d07308a97ca116f16f8504ef328c7.php 第 37 行.
NOTIC: [8] Undefined index: song_name D:\wnmp\www\allinone\App\Runtime\Cache\Home\801d07308a97ca116f16f8504ef328c7.php 第 36 行.
NOTIC: [2] Illegal string offset 'name' D:\wnmp\www\allinone\App\Runtime\Cache\Home\801d07308a97ca116f16f8504ef328c7.php 第 37 行.
NOTIC: [8] Undefined index: song_name D:\wnmp\www\allinone\App\Runtime\Cache\Home\801d07308a97ca116f16f8504ef328c7.php 第 36 行.
NOTIC: [2] Illegal string offset 'name' D:\wnmp\www\allinone\App\Runtime\Cache\Home\801d07308a97ca116f16f8504ef328c7.php 第 37 行.
NOTIC: [8] Undefined index: song_name D:\wnmp\www\allinone\App\Runtime\Cache\Home\801d07308a97ca116f16f8504ef328c7.php 第 36 行.
NOTIC: [2] Illegal string offset 'name' D:\wnmp\www\allinone\App\Runtime\Cache\Home\801d07308a97ca116f16f8504ef328c7.php 第 37 行.
NOTIC: [8] Undefined index: song_name D:\wnmp\www\allinone\App\Runtime\Cache\Home\801d07308a97ca116f16f8504ef328c7.php 第 36 行.
NOTIC: [2] Illegal string offset 'name' D:\wnmp\www\allinone\App\Runtime\Cache\Home\801d07308a97ca116f16f8504ef328c7.php 第 37 行.
NOTIC: [8] Undefined index: song_name D:\wnmp\www\allinone\App\Runtime\Cache\Home\801d07308a97ca116f16f8504ef328c7.php 第 36 行.
NOTIC: [2] Illegal string offset 'name' D:\wnmp\www\allinone\App\Runtime\Cache\Home\801d07308a97ca116f16f8504ef328c7.php 第 37 行.
NOTIC: [8] Undefined index: song_name D:\wnmp\www\allinone\App\Runtime\Cache\Home\801d07308a97ca116f16f8504ef328c7.php 第 36 行.
NOTIC: [2] Illegal string offset 'name' D:\wnmp\www\allinone\App\Runtime\Cache\Home\801d07308a97ca116f16f8504ef328c7.php 第 37 行.
NOTIC: [8] Undefined index: song_name D:\wnmp\www\allinone\App\Runtime\Cache\Home\801d07308a97ca116f16f8504ef328c7.php 第 36 行.
NOTIC: [2] Illegal string offset 'name' D:\wnmp\www\allinone\App\Runtime\Cache\Home\801d07308a97ca116f16f8504ef328c7.php 第 37 行.
NOTIC: [8] Undefined index: song_name D:\wnmp\www\allinone\App\Runtime\Cache\Home\801d07308a97ca116f16f8504ef328c7.php 第 36 行.
NOTIC: [2] Illegal string offset 'name' D:\wnmp\www\allinone\App\Runtime\Cache\Home\801d07308a97ca116f16f8504ef328c7.php 第 37 行.
NOTIC: [8] Undefined index: song_name D:\wnmp\www\allinone\App\Runtime\Cache\Home\801d07308a97ca116f16f8504ef328c7.php 第 36 行.
NOTIC: [2] Illegal string offset 'name' D:\wnmp\www\allinone\App\Runtime\Cache\Home\801d07308a97ca116f16f8504ef328c7.php 第 37 行.
NOTIC: [8] Undefined index: song_name D:\wnmp\www\allinone\App\Runtime\Cache\Home\801d07308a97ca116f16f8504ef328c7.php 第 36 行.
NOTIC: [2] Illegal string offset 'name' D:\wnmp\www\allinone\App\Runtime\Cache\Home\801d07308a97ca116f16f8504ef328c7.php 第 37 行.
NOTIC: [8] Undefined index: song_name D:\wnmp\www\allinone\App\Runtime\Cache\Home\801d07308a97ca116f16f8504ef328c7.php 第 36 行.
NOTIC: [2] Illegal string offset 'name' D:\wnmp\www\allinone\App\Runtime\Cache\Home\801d07308a97ca116f16f8504ef328c7.php 第 37 行.
NOTIC: [8] Undefined index: song_name D:\wnmp\www\allinone\App\Runtime\Cache\Home\801d07308a97ca116f16f8504ef328c7.php 第 36 行.
NOTIC: [2] Illegal string offset 'name' D:\wnmp\www\allinone\App\Runtime\Cache\Home\801d07308a97ca116f16f8504ef328c7.php 第 37 行.
NOTIC: [8] Undefined index: song_name D:\wnmp\www\allinone\App\Runtime\Cache\Home\801d07308a97ca116f16f8504ef328c7.php 第 36 行.
NOTIC: [2] Illegal string offset 'name' D:\wnmp\www\allinone\App\Runtime\Cache\Home\801d07308a97ca116f16f8504ef328c7.php 第 37 行.
NOTIC: [8] Undefined index: song_name D:\wnmp\www\allinone\App\Runtime\Cache\Home\801d07308a97ca116f16f8504ef328c7.php 第 36 行.
NOTIC: [2] Illegal string offset 'name' D:\wnmp\www\allinone\App\Runtime\Cache\Home\801d07308a97ca116f16f8504ef328c7.php 第 37 行.
NOTIC: [8] Undefined index: song_name D:\wnmp\www\allinone\App\Runtime\Cache\Home\801d07308a97ca116f16f8504ef328c7.php 第 36 行.
NOTIC: [2] Illegal string offset 'name' D:\wnmp\www\allinone\App\Runtime\Cache\Home\801d07308a97ca116f16f8504ef328c7.php 第 37 行.
NOTIC: [8] Undefined index: song_name D:\wnmp\www\allinone\App\Runtime\Cache\Home\801d07308a97ca116f16f8504ef328c7.php 第 36 行.
NOTIC: [2] Illegal string offset 'name' D:\wnmp\www\allinone\App\Runtime\Cache\Home\801d07308a97ca116f16f8504ef328c7.php 第 37 行.
NOTIC: [8] Undefined index: song_name D:\wnmp\www\allinone\App\Runtime\Cache\Home\801d07308a97ca116f16f8504ef328c7.php 第 36 行.
NOTIC: [2] Illegal string offset 'name' D:\wnmp\www\allinone\App\Runtime\Cache\Home\801d07308a97ca116f16f8504ef328c7.php 第 37 行.
NOTIC: [8] Undefined index: song_name D:\wnmp\www\allinone\App\Runtime\Cache\Home\801d07308a97ca116f16f8504ef328c7.php 第 36 行.
NOTIC: [2] Illegal string offset 'name' D:\wnmp\www\allinone\App\Runtime\Cache\Home\801d07308a97ca116f16f8504ef328c7.php 第 37 行.
NOTIC: [8] Undefined index: song_name D:\wnmp\www\allinone\App\Runtime\Cache\Home\801d07308a97ca116f16f8504ef328c7.php 第 36 行.
NOTIC: [2] Illegal string offset 'name' D:\wnmp\www\allinone\App\Runtime\Cache\Home\801d07308a97ca116f16f8504ef328c7.php 第 37 行.
NOTIC: [8] Undefined index: song_name D:\wnmp\www\allinone\App\Runtime\Cache\Home\801d07308a97ca116f16f8504ef328c7.php 第 36 行.
NOTIC: [2] Illegal string offset 'name' D:\wnmp\www\allinone\App\Runtime\Cache\Home\801d07308a97ca116f16f8504ef328c7.php 第 37 行.
NOTIC: [8] Undefined index: song_name D:\wnmp\www\allinone\App\Runtime\Cache\Home\801d07308a97ca116f16f8504ef328c7.php 第 36 行.
NOTIC: [2] Illegal string offset 'name' D:\wnmp\www\allinone\App\Runtime\Cache\Home\801d07308a97ca116f16f8504ef328c7.php 第 37 行.
NOTIC: [8] Undefined index: song_name D:\wnmp\www\allinone\App\Runtime\Cache\Home\801d07308a97ca116f16f8504ef328c7.php 第 36 行.
NOTIC: [8] Uninitialized string offset: 0 D:\wnmp\www\allinone\App\Runtime\Cache\Home\801d07308a97ca116f16f8504ef328c7.php 第 37 行.
NOTIC: [2] Illegal string offset 'name' D:\wnmp\www\allinone\App\Runtime\Cache\Home\801d07308a97ca116f16f8504ef328c7.php 第 37 行.
NOTIC: [8] Uninitialized string offset: 0 D:\wnmp\www\allinone\App\Runtime\Cache\Home\801d07308a97ca116f16f8504ef328c7.php 第 37 行.
NOTIC: [8] Undefined index: song_name D:\wnmp\www\allinone\App\Runtime\Cache\Home\801d07308a97ca116f16f8504ef328c7.php 第 36 行.
NOTIC: [2] Illegal string offset 'name' D:\wnmp\www\allinone\App\Runtime\Cache\Home\801d07308a97ca116f16f8504ef328c7.php 第 37 行.
NOTIC: [8] Undefined index: song_name D:\wnmp\www\allinone\App\Runtime\Cache\Home\801d07308a97ca116f16f8504ef328c7.php 第 36 行.
NOTIC: [2] Illegal string offset 'name' D:\wnmp\www\allinone\App\Runtime\Cache\Home\801d07308a97ca116f16f8504ef328c7.php 第 37 行.
NOTIC: [8] Undefined index: song_name D:\wnmp\www\allinone\App\Runtime\Cache\Home\801d07308a97ca116f16f8504ef328c7.php 第 36 行.
NOTIC: [2] Illegal string offset 'name' D:\wnmp\www\allinone\App\Runtime\Cache\Home\801d07308a97ca116f16f8504ef328c7.php 第 37 行.
NOTIC: [8] Undefined index: song_name D:\wnmp\www\allinone\App\Runtime\Cache\Home\801d07308a97ca116f16f8504ef328c7.php 第 36 行.
NOTIC: [2] Illegal string offset 'name' D:\wnmp\www\allinone\App\Runtime\Cache\Home\801d07308a97ca116f16f8504ef328c7.php 第 37 行.
NOTIC: [8] Undefined index: song_name D:\wnmp\www\allinone\App\Runtime\Cache\Home\801d07308a97ca116f16f8504ef328c7.php 第 36 行.
NOTIC: [2] Illegal string offset 'name' D:\wnmp\www\allinone\App\Runtime\Cache\Home\801d07308a97ca116f16f8504ef328c7.php 第 37 行.
NOTIC: [8] Undefined index: song_name D:\wnmp\www\allinone\App\Runtime\Cache\Home\801d07308a97ca116f16f8504ef328c7.php 第 36 行.
NOTIC: [2] Illegal string offset 'name' D:\wnmp\www\allinone\App\Runtime\Cache\Home\801d07308a97ca116f16f8504ef328c7.php 第 37 行.
NOTIC: [8] Undefined index: song_name D:\wnmp\www\allinone\App\Runtime\Cache\Home\801d07308a97ca116f16f8504ef328c7.php 第 36 行.
NOTIC: [2] Illegal string offset 'name' D:\wnmp\www\allinone\App\Runtime\Cache\Home\801d07308a97ca116f16f8504ef328c7.php 第 37 行.
NOTIC: [8] Undefined index: song_name D:\wnmp\www\allinone\App\Runtime\Cache\Home\801d07308a97ca116f16f8504ef328c7.php 第 36 行.
NOTIC: [2] Illegal string offset 'name' D:\wnmp\www\allinone\App\Runtime\Cache\Home\801d07308a97ca116f16f8504ef328c7.php 第 37 行.
NOTIC: [8] Undefined index: song_name D:\wnmp\www\allinone\App\Runtime\Cache\Home\801d07308a97ca116f16f8504ef328c7.php 第 36 行.
NOTIC: [2] Illegal string offset 'name' D:\wnmp\www\allinone\App\Runtime\Cache\Home\801d07308a97ca116f16f8504ef328c7.php 第 37 行.
NOTIC: [8] Undefined index: song_name D:\wnmp\www\allinone\App\Runtime\Cache\Home\801d07308a97ca116f16f8504ef328c7.php 第 36 行.
NOTIC: [2] Illegal string offset 'name' D:\wnmp\www\allinone\App\Runtime\Cache\Home\801d07308a97ca116f16f8504ef328c7.php 第 37 行.
NOTIC: [8] Undefined index: song_name D:\wnmp\www\allinone\App\Runtime\Cache\Home\801d07308a97ca116f16f8504ef328c7.php 第 36 行.
NOTIC: [2] Illegal string offset 'name' D:\wnmp\www\allinone\App\Runtime\Cache\Home\801d07308a97ca116f16f8504ef328c7.php 第 37 行.
NOTIC: [8] Undefined index: song_name D:\wnmp\www\allinone\App\Runtime\Cache\Home\801d07308a97ca116f16f8504ef328c7.php 第 36 行.
NOTIC: [2] Illegal string offset 'name' D:\wnmp\www\allinone\App\Runtime\Cache\Home\801d07308a97ca116f16f8504ef328c7.php 第 37 行.
NOTIC: [8] Undefined index: song_name D:\wnmp\www\allinone\App\Runtime\Cache\Home\801d07308a97ca116f16f8504ef328c7.php 第 36 行.
NOTIC: [2] Illegal string offset 'name' D:\wnmp\www\allinone\App\Runtime\Cache\Home\801d07308a97ca116f16f8504ef328c7.php 第 37 行.
NOTIC: [8] Undefined index: song_name D:\wnmp\www\allinone\App\Runtime\Cache\Home\801d07308a97ca116f16f8504ef328c7.php 第 36 行.
NOTIC: [2] Illegal string offset 'name' D:\wnmp\www\allinone\App\Runtime\Cache\Home\801d07308a97ca116f16f8504ef328c7.php 第 37 行.
NOTIC: [8] Undefined index: song_name D:\wnmp\www\allinone\App\Runtime\Cache\Home\801d07308a97ca116f16f8504ef328c7.php 第 36 行.
NOTIC: [2] Illegal string offset 'name' D:\wnmp\www\allinone\App\Runtime\Cache\Home\801d07308a97ca116f16f8504ef328c7.php 第 37 行.
NOTIC: [8] Undefined index: song_name D:\wnmp\www\allinone\App\Runtime\Cache\Home\801d07308a97ca116f16f8504ef328c7.php 第 36 行.
NOTIC: [2] Illegal string offset 'name' D:\wnmp\www\allinone\App\Runtime\Cache\Home\801d07308a97ca116f16f8504ef328c7.php 第 37 行.
NOTIC: [8] Undefined index: song_name D:\wnmp\www\allinone\App\Runtime\Cache\Home\801d07308a97ca116f16f8504ef328c7.php 第 36 行.
NOTIC: [2] Illegal string offset 'name' D:\wnmp\www\allinone\App\Runtime\Cache\Home\801d07308a97ca116f16f8504ef328c7.php 第 37 行.
NOTIC: [8] Undefined index: song_name D:\wnmp\www\allinone\App\Runtime\Cache\Home\801d07308a97ca116f16f8504ef328c7.php 第 36 行.
NOTIC: [2] Illegal string offset 'name' D:\wnmp\www\allinone\App\Runtime\Cache\Home\801d07308a97ca116f16f8504ef328c7.php 第 37 行.
NOTIC: [8] Undefined index: song_name D:\wnmp\www\allinone\App\Runtime\Cache\Home\801d07308a97ca116f16f8504ef328c7.php 第 36 行.
NOTIC: [2] Illegal string offset 'name' D:\wnmp\www\allinone\App\Runtime\Cache\Home\801d07308a97ca116f16f8504ef328c7.php 第 37 行.
NOTIC: [8] Undefined index: song_name D:\wnmp\www\allinone\App\Runtime\Cache\Home\801d07308a97ca116f16f8504ef328c7.php 第 36 行.
NOTIC: [2] Illegal string offset 'name' D:\wnmp\www\allinone\App\Runtime\Cache\Home\801d07308a97ca116f16f8504ef328c7.php 第 37 行.
NOTIC: [8] Undefined index: song_name D:\wnmp\www\allinone\App\Runtime\Cache\Home\801d07308a97ca116f16f8504ef328c7.php 第 36 行.
NOTIC: [2] Illegal string offset 'name' D:\wnmp\www\allinone\App\Runtime\Cache\Home\801d07308a97ca116f16f8504ef328c7.php 第 37 行.
NOTIC: [8] Undefined index: song_name D:\wnmp\www\allinone\App\Runtime\Cache\Home\801d07308a97ca116f16f8504ef328c7.php 第 36 行.
NOTIC: [2] Illegal string offset 'name' D:\wnmp\www\allinone\App\Runtime\Cache\Home\801d07308a97ca116f16f8504ef328c7.php 第 37 行.
NOTIC: [8] Undefined index: song_name D:\wnmp\www\allinone\App\Runtime\Cache\Home\801d07308a97ca116f16f8504ef328c7.php 第 36 行.
NOTIC: [2] Illegal string offset 'name' D:\wnmp\www\allinone\App\Runtime\Cache\Home\801d07308a97ca116f16f8504ef328c7.php 第 37 行.
NOTIC: [8] Undefined index: song_name D:\wnmp\www\allinone\App\Runtime\Cache\Home\801d07308a97ca116f16f8504ef328c7.php 第 36 行.
NOTIC: [2] Illegal string offset 'name' D:\wnmp\www\allinone\App\Runtime\Cache\Home\801d07308a97ca116f16f8504ef328c7.php 第 37 行.
NOTIC: [8] Undefined index: song_name D:\wnmp\www\allinone\App\Runtime\Cache\Home\801d07308a97ca116f16f8504ef328c7.php 第 36 行.
NOTIC: [2] Illegal string offset 'name' D:\wnmp\www\allinone\App\Runtime\Cache\Home\801d07308a97ca116f16f8504ef328c7.php 第 37 行.
NOTIC: [8] Undefined index: song_name D:\wnmp\www\allinone\App\Runtime\Cache\Home\801d07308a97ca116f16f8504ef328c7.php 第 36 行.
NOTIC: [2] Illegal string offset 'name' D:\wnmp\www\allinone\App\Runtime\Cache\Home\801d07308a97ca116f16f8504ef328c7.php 第 37 行.
NOTIC: [8] Undefined index: song_name D:\wnmp\www\allinone\App\Runtime\Cache\Home\801d07308a97ca116f16f8504ef328c7.php 第 36 行.
NOTIC: [2] Illegal string offset 'name' D:\wnmp\www\allinone\App\Runtime\Cache\Home\801d07308a97ca116f16f8504ef328c7.php 第 37 行.
NOTIC: [8] Undefined index: song_name D:\wnmp\www\allinone\App\Runtime\Cache\Home\801d07308a97ca116f16f8504ef328c7.php 第 36 行.
NOTIC: [2] Illegal string offset 'name' D:\wnmp\www\allinone\App\Runtime\Cache\Home\801d07308a97ca116f16f8504ef328c7.php 第 37 行.
NOTIC: [8] Undefined index: song_name D:\wnmp\www\allinone\App\Runtime\Cache\Home\801d07308a97ca116f16f8504ef328c7.php 第 36 行.
NOTIC: [2] Illegal string offset 'name' D:\wnmp\www\allinone\App\Runtime\Cache\Home\801d07308a97ca116f16f8504ef328c7.php 第 37 行.
NOTIC: [8] Undefined index: song_name D:\wnmp\www\allinone\App\Runtime\Cache\Home\801d07308a97ca116f16f8504ef328c7.php 第 36 行.
NOTIC: [2] Illegal string offset 'name' D:\wnmp\www\allinone\App\Runtime\Cache\Home\801d07308a97ca116f16f8504ef328c7.php 第 37 行.
NOTIC: [8] Undefined index: song_name D:\wnmp\www\allinone\App\Runtime\Cache\Home\801d07308a97ca116f16f8504ef328c7.php 第 36 行.
NOTIC: [2] Illegal string offset 'name' D:\wnmp\www\allinone\App\Runtime\Cache\Home\801d07308a97ca116f16f8504ef328c7.php 第 37 行.
NOTIC: [8] Undefined index: song_name D:\wnmp\www\allinone\App\Runtime\Cache\Home\801d07308a97ca116f16f8504ef328c7.php 第 36 行.
NOTIC: [2] Illegal string offset 'name' D:\wnmp\www\allinone\App\Runtime\Cache\Home\801d07308a97ca116f16f8504ef328c7.php 第 37 行.
NOTIC: [8] Undefined index: song_name D:\wnmp\www\allinone\App\Runtime\Cache\Home\801d07308a97ca116f16f8504ef328c7.php 第 36 行.
NOTIC: [2] Illegal string offset 'name' D:\wnmp\www\allinone\App\Runtime\Cache\Home\801d07308a97ca116f16f8504ef328c7.php 第 37 行.
NOTIC: [8] Undefined index: song_name D:\wnmp\www\allinone\App\Runtime\Cache\Home\801d07308a97ca116f16f8504ef328c7.php 第 36 行.
NOTIC: [2] Illegal string offset 'name' D:\wnmp\www\allinone\App\Runtime\Cache\Home\801d07308a97ca116f16f8504ef328c7.php 第 37 行.
NOTIC: [8] Undefined index: song_name D:\wnmp\www\allinone\App\Runtime\Cache\Home\801d07308a97ca116f16f8504ef328c7.php 第 36 行.
NOTIC: [2] Illegal string offset 'name' D:\wnmp\www\allinone\App\Runtime\Cache\Home\801d07308a97ca116f16f8504ef328c7.php 第 37 行.
NOTIC: [8] Undefined index: song_name D:\wnmp\www\allinone\App\Runtime\Cache\Home\801d07308a97ca116f16f8504ef328c7.php 第 36 行.
NOTIC: [2] Illegal string offset 'name' D:\wnmp\www\allinone\App\Runtime\Cache\Home\801d07308a97ca116f16f8504ef328c7.php 第 37 行.
NOTIC: [8] Undefined index: song_name D:\wnmp\www\allinone\App\Runtime\Cache\Home\801d07308a97ca116f16f8504ef328c7.php 第 36 行.
NOTIC: [2] Illegal string offset 'name' D:\wnmp\www\allinone\App\Runtime\Cache\Home\801d07308a97ca116f16f8504ef328c7.php 第 37 行.
NOTIC: [8] Undefined index: song_name D:\wnmp\www\allinone\App\Runtime\Cache\Home\801d07308a97ca116f16f8504ef328c7.php 第 36 行.
NOTIC: [2] Illegal string offset 'name' D:\wnmp\www\allinone\App\Runtime\Cache\Home\801d07308a97ca116f16f8504ef328c7.php 第 37 行.
NOTIC: [8] Undefined index: song_name D:\wnmp\www\allinone\App\Runtime\Cache\Home\801d07308a97ca116f16f8504ef328c7.php 第 36 行.
NOTIC: [2] Illegal string offset 'name' D:\wnmp\www\allinone\App\Runtime\Cache\Home\801d07308a97ca116f16f8504ef328c7.php 第 37 行.
NOTIC: [8] Undefined index: song_name D:\wnmp\www\allinone\App\Runtime\Cache\Home\801d07308a97ca116f16f8504ef328c7.php 第 36 行.
NOTIC: [2] Illegal string offset 'name' D:\wnmp\www\allinone\App\Runtime\Cache\Home\801d07308a97ca116f16f8504ef328c7.php 第 37 行.
NOTIC: [8] Undefined index: song_name D:\wnmp\www\allinone\App\Runtime\Cache\Home\801d07308a97ca116f16f8504ef328c7.php 第 36 行.
NOTIC: [2] Illegal string offset 'name' D:\wnmp\www\allinone\App\Runtime\Cache\Home\801d07308a97ca116f16f8504ef328c7.php 第 37 行.
NOTIC: [8] Undefined index: song_name D:\wnmp\www\allinone\App\Runtime\Cache\Home\801d07308a97ca116f16f8504ef328c7.php 第 36 行.
NOTIC: [2] Illegal string offset 'name' D:\wnmp\www\allinone\App\Runtime\Cache\Home\801d07308a97ca116f16f8504ef328c7.php 第 37 行.
NOTIC: [8] Undefined index: song_name D:\wnmp\www\allinone\App\Runtime\Cache\Home\801d07308a97ca116f16f8504ef328c7.php 第 36 行.
NOTIC: [2] Illegal string offset 'name' D:\wnmp\www\allinone\App\Runtime\Cache\Home\801d07308a97ca116f16f8504ef328c7.php 第 37 行.
NOTIC: [8] Undefined index: song_name D:\wnmp\www\allinone\App\Runtime\Cache\Home\801d07308a97ca116f16f8504ef328c7.php 第 36 行.
NOTIC: [2] Illegal string offset 'name' D:\wnmp\www\allinone\App\Runtime\Cache\Home\801d07308a97ca116f16f8504ef328c7.php 第 37 行.
NOTIC: [8] Undefined index: song_name D:\wnmp\www\allinone\App\Runtime\Cache\Home\801d07308a97ca116f16f8504ef328c7.php 第 36 行.
NOTIC: [2] Illegal string offset 'name' D:\wnmp\www\allinone\App\Runtime\Cache\Home\801d07308a97ca116f16f8504ef328c7.php 第 37 行.
NOTIC: [8] Undefined index: song_name D:\wnmp\www\allinone\App\Runtime\Cache\Home\801d07308a97ca116f16f8504ef328c7.php 第 36 行.
NOTIC: [2] Illegal string offset 'name' D:\wnmp\www\allinone\App\Runtime\Cache\Home\801d07308a97ca116f16f8504ef328c7.php 第 37 行.
NOTIC: [8] Undefined index: song_name D:\wnmp\www\allinone\App\Runtime\Cache\Home\801d07308a97ca116f16f8504ef328c7.php 第 36 行.
NOTIC: [2] Illegal string offset 'name' D:\wnmp\www\allinone\App\Runtime\Cache\Home\801d07308a97ca116f16f8504ef328c7.php 第 37 行.
NOTIC: [8] Undefined index: song_name D:\wnmp\www\allinone\App\Runtime\Cache\Home\801d07308a97ca116f16f8504ef328c7.php 第 36 行.
NOTIC: [2] Illegal string offset 'name' D:\wnmp\www\allinone\App\Runtime\Cache\Home\801d07308a97ca116f16f8504ef328c7.php 第 37 行.
NOTIC: [8] Undefined index: song_name D:\wnmp\www\allinone\App\Runtime\Cache\Home\801d07308a97ca116f16f8504ef328c7.php 第 36 行.
NOTIC: [2] Illegal string offset 'name' D:\wnmp\www\allinone\App\Runtime\Cache\Home\801d07308a97ca116f16f8504ef328c7.php 第 37 行.
NOTIC: [8] Undefined index: song_name D:\wnmp\www\allinone\App\Runtime\Cache\Home\801d07308a97ca116f16f8504ef328c7.php 第 36 行.
NOTIC: [2] Illegal string offset 'name' D:\wnmp\www\allinone\App\Runtime\Cache\Home\801d07308a97ca116f16f8504ef328c7.php 第 37 行.
NOTIC: [8] Undefined index: song_name D:\wnmp\www\allinone\App\Runtime\Cache\Home\801d07308a97ca116f16f8504ef328c7.php 第 36 行.
NOTIC: [2] Illegal string offset 'name' D:\wnmp\www\allinone\App\Runtime\Cache\Home\801d07308a97ca116f16f8504ef328c7.php 第 37 行.
NOTIC: [8] Undefined index: song_name D:\wnmp\www\allinone\App\Runtime\Cache\Home\801d07308a97ca116f16f8504ef328c7.php 第 36 行.
NOTIC: [2] Illegal string offset 'name' D:\wnmp\www\allinone\App\Runtime\Cache\Home\801d07308a97ca116f16f8504ef328c7.php 第 37 行.
NOTIC: [8] Undefined index: song_name D:\wnmp\www\allinone\App\Runtime\Cache\Home\801d07308a97ca116f16f8504ef328c7.php 第 36 行.
NOTIC: [2] Illegal string offset 'name' D:\wnmp\www\allinone\App\Runtime\Cache\Home\801d07308a97ca116f16f8504ef328c7.php 第 37 行.
NOTIC: [8] Undefined index: song_name D:\wnmp\www\allinone\App\Runtime\Cache\Home\801d07308a97ca116f16f8504ef328c7.php 第 36 行.
NOTIC: [2] Illegal string offset 'name' D:\wnmp\www\allinone\App\Runtime\Cache\Home\801d07308a97ca116f16f8504ef328c7.php 第 37 行.
NOTIC: [8] Undefined index: song_name D:\wnmp\www\allinone\App\Runtime\Cache\Home\801d07308a97ca116f16f8504ef328c7.php 第 36 行.
NOTIC: [2] Illegal string offset 'name' D:\wnmp\www\allinone\App\Runtime\Cache\Home\801d07308a97ca116f16f8504ef328c7.php 第 37 行.
NOTIC: [8] Undefined index: song_name D:\wnmp\www\allinone\App\Runtime\Cache\Home\801d07308a97ca116f16f8504ef328c7.php 第 36 行.
NOTIC: [2] Illegal string offset 'name' D:\wnmp\www\allinone\App\Runtime\Cache\Home\801d07308a97ca116f16f8504ef328c7.php 第 37 行.
NOTIC: [8] Undefined index: song_name D:\wnmp\www\allinone\App\Runtime\Cache\Home\801d07308a97ca116f16f8504ef328c7.php 第 36 行.
NOTIC: [2] Illegal string offset 'name' D:\wnmp\www\allinone\App\Runtime\Cache\Home\801d07308a97ca116f16f8504ef328c7.php 第 37 行.
INFO: Run Behavior\ParseTemplateBehavior [ RunTime:0.082915s ]
INFO: [ view_parse ] --END-- [ RunTime:0.083008s ]
INFO: [ view_filter ] --START--
INFO: Run Behavior\WriteHtmlCacheBehavior [ RunTime:0.001004s ]
INFO: [ view_filter ] --END-- [ RunTime:0.001069s ]
INFO: [ app_end ] --START--
INFO: Run Behavior\ShowPageTraceBehavior [ RunTime:0.002568s ]
INFO: [ app_end ] --END-- [ RunTime:0.002670s ]

[ 2016-05-19T20:56:21+08:00 ] 127.0.0.1 /favicon.ico
INFO: [ app_init ] --START--
INFO: Run Behavior\BuildLiteBehavior [ RunTime:0.000033s ]
INFO: [ app_init ] --END-- [ RunTime:0.000880s ]

