[ 2016-05-24T10:21:55+08:00 ] 127.0.0.1 /
INFO: [ app_init ] --START--
INFO: Run Behavior\BuildLiteBehavior [ RunTime:0.000027s ]
INFO: [ app_init ] --END-- [ RunTime:0.001304s ]
INFO: [ app_begin ] --START--
INFO: Run Behavior\ReadHtmlCacheBehavior [ RunTime:0.002028s ]
INFO: [ app_begin ] --END-- [ RunTime:0.002123s ]
NOTIC: [2] curl_setopt(): You must pass either an object or an array with the CURLOPT_HTTPHEADER, CURLOPT_QUOTE, CURLOPT_HTTP200ALIASES and CURLOPT_POSTQUOTE arguments D:\wnmp\www\allinone\App\Home\Controller\IndexController.class.php 第 15 行.
INFO: [ view_parse ] --START--
INFO: [ template_filter ] --START--
INFO: Run Behavior\ContentReplaceBehavior [ RunTime:0.000102s ]
INFO: [ template_filter ] --END-- [ RunTime:0.000201s ]
NOTIC: [8] Undefined index: song_name D:\wnmp\www\allinone\App\Runtime\Cache\Home\801d07308a97ca116f16f8504ef328c7.php 第 36 行.
NOTIC: [2] Illegal string offset 'name' D:\wnmp\www\allinone\App\Runtime\Cache\Home\801d07308a97ca116f16f8504ef328c7.php 第 37 行.
NOTIC: [8] Undefined index: song_name D:\wnmp\www\allinone\App\Runtime\Cache\Home\801d07308a97ca116f16f8504ef328c7.php 第 36 行.
NOTIC: [2] Illegal string offset 'name' D:\wnmp\www\allinone\App\Runtime\Cache\Home\801d07308a97ca116f16f8504ef328c7.php 第 37 行.
NOTIC: [8] Undefined index: song_name D:\wnmp\www\allinone\App\Runtime\Cache\Home\801d07308a97ca116f16f8504ef328c7.php 第 36 行.
NOTIC: [2] Illegal string offset 'name' D:\wnmp\www\allinone\App\Runtime\Cache\Home\801d07308a97ca116f16f8504ef328c7.php 第 37 行.
NOTIC: [8] Undefined index: song_name D:\wnmp\www\allinone\App\Runtime\Cache\Home\801d07308a97ca116f16f8504ef328c7.php 第 36 行.
NOTIC: [2] Illegal string offset 'name' D:\wnmp\www\allinone\App\Runtime\Cache\Home\801d07308a97ca116f16f8504ef328c7.php 第 37 行.
NOTIC: [8] Undefined index: song_name D:\wnmp\www\allinone\App\Runtime\Cache\Home\801d07308a97ca116f16f8504ef328c7.php 第 36 行.
NOTIC: [2] Illegal string offset 'name' D:\wnmp\www\allinone\App\Runtime\Cache\Home\801d07308a97ca116f16f8504ef328c7.php 第 37 行.
NOTIC: [8] Undefined index: song_name D:\wnmp\www\allinone\App\Runtime\Cache\Home\801d07308a97ca116f16f8504ef328c7.php 第 36 行.
NOTIC: [2] Illegal string offset 'name' D:\wnmp\www\allinone\App\Runtime\Cache\Home\801d07308a97ca116f16f8504ef328c7.php 第 37 行.
NOTIC: [8] Undefined index: song_name D:\wnmp\www\allinone\App\Runtime\Cache\Home\801d07308a97ca116f16f8504ef328c7.php 第 36 行.
NOTIC: [2] Illegal string offset 'name' D:\wnmp\www\allinone\App\Runtime\Cache\Home\801d07308a97ca116f16f8504ef328c7.php 第 37 行.
NOTIC: [8] Undefined index: song_name D:\wnmp\www\allinone\App\Runtime\Cache\Home\801d07308a97ca116f16f8504ef328c7.php 第 36 行.
NOTIC: [2] Illegal string offset 'name' D:\wnmp\www\allinone\App\Runtime\Cache\Home\801d07308a97ca116f16f8504ef328c7.php 第 37 行.
NOTIC: [8] Undefined index: song_name D:\wnmp\www\allinone\App\Runtime\Cache\Home\801d07308a97ca116f16f8504ef328c7.php 第 36 行.
NOTIC: [2] Illegal string offset 'name' D:\wnmp\www\allinone\App\Runtime\Cache\Home\801d07308a97ca116f16f8504ef328c7.php 第 37 行.
NOTIC: [8] Undefined index: song_name D:\wnmp\www\allinone\App\Runtime\Cache\Home\801d07308a97ca116f16f8504ef328c7.php 第 36 行.
NOTIC: [2] Illegal string offset 'name' D:\wnmp\www\allinone\App\Runtime\Cache\Home\801d07308a97ca116f16f8504ef328c7.php 第 37 行.
NOTIC: [8] Undefined index: song_name D:\wnmp\www\allinone\App\Runtime\Cache\Home\801d07308a97ca116f16f8504ef328c7.php 第 36 行.
NOTIC: [2] Illegal string offset 'name' D:\wnmp\www\allinone\App\Runtime\Cache\Home\801d07308a97ca116f16f8504ef328c7.php 第 37 行.
NOTIC: [8] Undefined index: song_name D:\wnmp\www\allinone\App\Runtime\Cache\Home\801d07308a97ca116f16f8504ef328c7.php 第 36 行.
NOTIC: [2] Illegal string offset 'name' D:\wnmp\www\allinone\App\Runtime\Cache\Home\801d07308a97ca116f16f8504ef328c7.php 第 37 行.
NOTIC: [8] Undefined index: song_name D:\wnmp\www\allinone\App\Runtime\Cache\Home\801d07308a97ca116f16f8504ef328c7.php 第 36 行.
NOTIC: [2] Illegal string offset 'name' D:\wnmp\www\allinone\App\Runtime\Cache\Home\801d07308a97ca116f16f8504ef328c7.php 第 37 行.
NOTIC: [8] Undefined index: song_name D:\wnmp\www\allinone\App\Runtime\Cache\Home\801d07308a97ca116f16f8504ef328c7.php 第 36 行.
NOTIC: [2] Illegal string offset 'name' D:\wnmp\www\allinone\App\Runtime\Cache\Home\801d07308a97ca116f16f8504ef328c7.php 第 37 行.
NOTIC: [8] Undefined index: song_name D:\wnmp\www\allinone\App\Runtime\Cache\Home\801d07308a97ca116f16f8504ef328c7.php 第 36 行.
NOTIC: [2] Illegal string offset 'name' D:\wnmp\www\allinone\App\Runtime\Cache\Home\801d07308a97ca116f16f8504ef328c7.php 第 37 行.
NOTIC: [8] Undefined index: song_name D:\wnmp\www\allinone\App\Runtime\Cache\Home\801d07308a97ca116f16f8504ef328c7.php 第 36 行.
NOTIC: [2] Illegal string offset 'name' D:\wnmp\www\allinone\App\Runtime\Cache\Home\801d07308a97ca116f16f8504ef328c7.php 第 37 行.
NOTIC: [8] Undefined index: song_name D:\wnmp\www\allinone\App\Runtime\Cache\Home\801d07308a97ca116f16f8504ef328c7.php 第 36 行.
NOTIC: [2] Illegal string offset 'name' D:\wnmp\www\allinone\App\Runtime\Cache\Home\801d07308a97ca116f16f8504ef328c7.php 第 37 行.
NOTIC: [8] Undefined index: song_name D:\wnmp\www\allinone\App\Runtime\Cache\Home\801d07308a97ca116f16f8504ef328c7.php 第 36 行.
NOTIC: [2] Illegal string offset 'name' D:\wnmp\www\allinone\App\Runtime\Cache\Home\801d07308a97ca116f16f8504ef328c7.php 第 37 行.
NOTIC: [8] Undefined index: song_name D:\wnmp\www\allinone\App\Runtime\Cache\Home\801d07308a97ca116f16f8504ef328c7.php 第 36 行.
NOTIC: [2] Illegal string offset 'name' D:\wnmp\www\allinone\App\Runtime\Cache\Home\801d07308a97ca116f16f8504ef328c7.php 第 37 行.
NOTIC: [8] Undefined index: song_name D:\wnmp\www\allinone\App\Runtime\Cache\Home\801d07308a97ca116f16f8504ef328c7.php 第 36 行.
NOTIC: [2] Illegal string offset 'name' D:\wnmp\www\allinone\App\Runtime\Cache\Home\801d07308a97ca116f16f8504ef328c7.php 第 37 行.
NOTIC: [8] Undefined index: song_name D:\wnmp\www\allinone\App\Runtime\Cache\Home\801d07308a97ca116f16f8504ef328c7.php 第 36 行.
NOTIC: [2] Illegal string offset 'name' D:\wnmp\www\allinone\App\Runtime\Cache\Home\801d07308a97ca116f16f8504ef328c7.php 第 37 行.
NOTIC: [8] Undefined index: song_name D:\wnmp\www\allinone\App\Runtime\Cache\Home\801d07308a97ca116f16f8504ef328c7.php 第 36 行.
NOTIC: [2] Illegal string offset 'name' D:\wnmp\www\allinone\App\Runtime\Cache\Home\801d07308a97ca116f16f8504ef328c7.php 第 37 行.
NOTIC: [8] Undefined index: song_name D:\wnmp\www\allinone\App\Runtime\Cache\Home\801d07308a97ca116f16f8504ef328c7.php 第 36 行.
NOTIC: [2] Illegal string offset 'name' D:\wnmp\www\allinone\App\Runtime\Cache\Home\801d07308a97ca116f16f8504ef328c7.php 第 37 行.
NOTIC: [8] Undefined index: song_name D:\wnmp\www\allinone\App\Runtime\Cache\Home\801d07308a97ca116f16f8504ef328c7.php 第 36 行.
NOTIC: [2] Illegal string offset 'name' D:\wnmp\www\allinone\App\Runtime\Cache\Home\801d07308a97ca116f16f8504ef328c7.php 第 37 行.
NOTIC: [8] Undefined index: song_name D:\wnmp\www\allinone\App\Runtime\Cache\Home\801d07308a97ca116f16f8504ef328c7.php 第 36 行.
NOTIC: [2] Illegal string offset 'name' D:\wnmp\www\allinone\App\Runtime\Cache\Home\801d07308a97ca116f16f8504ef328c7.php 第 37 行.
NOTIC: [8] Undefined index: song_name D:\wnmp\www\allinone\App\Runtime\Cache\Home\801d07308a97ca116f16f8504ef328c7.php 第 36 行.
NOTIC: [2] Illegal string offset 'name' D:\wnmp\www\allinone\App\Runtime\Cache\Home\801d07308a97ca116f16f8504ef328c7.php 第 37 行.
NOTIC: [8] Undefined index: song_name D:\wnmp\www\allinone\App\Runtime\Cache\Home\801d07308a97ca116f16f8504ef328c7.php 第 36 行.
NOTIC: [2] Illegal string offset 'name' D:\wnmp\www\allinone\App\Runtime\Cache\Home\801d07308a97ca116f16f8504ef328c7.php 第 37 行.
NOTIC: [8] Undefined index: song_name D:\wnmp\www\allinone\App\Runtime\Cache\Home\801d07308a97ca116f16f8504ef328c7.php 第 36 行.
NOTIC: [2] Illegal string offset 'name' D:\wnmp\www\allinone\App\Runtime\Cache\Home\801d07308a97ca116f16f8504ef328c7.php 第 37 行.
NOTIC: [8] Undefined index: song_name D:\wnmp\www\allinone\App\Runtime\Cache\Home\801d07308a97ca116f16f8504ef328c7.php 第 36 行.
NOTIC: [2] Illegal string offset 'name' D:\wnmp\www\allinone\App\Runtime\Cache\Home\801d07308a97ca116f16f8504ef328c7.php 第 37 行.
NOTIC: [8] Undefined index: song_name D:\wnmp\www\allinone\App\Runtime\Cache\Home\801d07308a97ca116f16f8504ef328c7.php 第 36 行.
NOTIC: [2] Illegal string offset 'name' D:\wnmp\www\allinone\App\Runtime\Cache\Home\801d07308a97ca116f16f8504ef328c7.php 第 37 行.
NOTIC: [8] Undefined index: song_name D:\wnmp\www\allinone\App\Runtime\Cache\Home\801d07308a97ca116f16f8504ef328c7.php 第 36 行.
NOTIC: [2] Illegal string offset 'name' D:\wnmp\www\allinone\App\Runtime\Cache\Home\801d07308a97ca116f16f8504ef328c7.php 第 37 行.
NOTIC: [8] Undefined index: song_name D:\wnmp\www\allinone\App\Runtime\Cache\Home\801d07308a97ca116f16f8504ef328c7.php 第 36 行.
NOTIC: [2] Illegal string offset 'name' D:\wnmp\www\allinone\App\Runtime\Cache\Home\801d07308a97ca116f16f8504ef328c7.php 第 37 行.
NOTIC: [8] Undefined index: song_name D:\wnmp\www\allinone\App\Runtime\Cache\Home\801d07308a97ca116f16f8504ef328c7.php 第 36 行.
NOTIC: [2] Illegal string offset 'name' D:\wnmp\www\allinone\App\Runtime\Cache\Home\801d07308a97ca116f16f8504ef328c7.php 第 37 行.
NOTIC: [8] Undefined index: song_name D:\wnmp\www\allinone\App\Runtime\Cache\Home\801d07308a97ca116f16f8504ef328c7.php 第 36 行.
NOTIC: [8] Uninitialized string offset: 0 D:\wnmp\www\allinone\App\Runtime\Cache\Home\801d07308a97ca116f16f8504ef328c7.php 第 37 行.
NOTIC: [2] Illegal string offset 'name' D:\wnmp\www\allinone\App\Runtime\Cache\Home\801d07308a97ca116f16f8504ef328c7.php 第 37 行.
NOTIC: [8] Uninitialized string offset: 0 D:\wnmp\www\allinone\App\Runtime\Cache\Home\801d07308a97ca116f16f8504ef328c7.php 第 37 行.
NOTIC: [8] Undefined index: song_name D:\wnmp\www\allinone\App\Runtime\Cache\Home\801d07308a97ca116f16f8504ef328c7.php 第 36 行.
NOTIC: [2] Illegal string offset 'name' D:\wnmp\www\allinone\App\Runtime\Cache\Home\801d07308a97ca116f16f8504ef328c7.php 第 37 行.
NOTIC: [8] Undefined index: song_name D:\wnmp\www\allinone\App\Runtime\Cache\Home\801d07308a97ca116f16f8504ef328c7.php 第 36 行.
NOTIC: [2] Illegal string offset 'name' D:\wnmp\www\allinone\App\Runtime\Cache\Home\801d07308a97ca116f16f8504ef328c7.php 第 37 行.
NOTIC: [8] Undefined index: song_name D:\wnmp\www\allinone\App\Runtime\Cache\Home\801d07308a97ca116f16f8504ef328c7.php 第 36 行.
NOTIC: [2] Illegal string offset 'name' D:\wnmp\www\allinone\App\Runtime\Cache\Home\801d07308a97ca116f16f8504ef328c7.php 第 37 行.
NOTIC: [8] Undefined index: song_name D:\wnmp\www\allinone\App\Runtime\Cache\Home\801d07308a97ca116f16f8504ef328c7.php 第 36 行.
NOTIC: [2] Illegal string offset 'name' D:\wnmp\www\allinone\App\Runtime\Cache\Home\801d07308a97ca116f16f8504ef328c7.php 第 37 行.
NOTIC: [8] Undefined index: song_name D:\wnmp\www\allinone\App\Runtime\Cache\Home\801d07308a97ca116f16f8504ef328c7.php 第 36 行.
NOTIC: [2] Illegal string offset 'name' D:\wnmp\www\allinone\App\Runtime\Cache\Home\801d07308a97ca116f16f8504ef328c7.php 第 37 行.
NOTIC: [8] Undefined index: song_name D:\wnmp\www\allinone\App\Runtime\Cache\Home\801d07308a97ca116f16f8504ef328c7.php 第 36 行.
NOTIC: [2] Illegal string offset 'name' D:\wnmp\www\allinone\App\Runtime\Cache\Home\801d07308a97ca116f16f8504ef328c7.php 第 37 行.
NOTIC: [8] Undefined index: song_name D:\wnmp\www\allinone\App\Runtime\Cache\Home\801d07308a97ca116f16f8504ef328c7.php 第 36 行.
NOTIC: [2] Illegal string offset 'name' D:\wnmp\www\allinone\App\Runtime\Cache\Home\801d07308a97ca116f16f8504ef328c7.php 第 37 行.
NOTIC: [8] Undefined index: song_name D:\wnmp\www\allinone\App\Runtime\Cache\Home\801d07308a97ca116f16f8504ef328c7.php 第 36 行.
NOTIC: [2] Illegal string offset 'name' D:\wnmp\www\allinone\App\Runtime\Cache\Home\801d07308a97ca116f16f8504ef328c7.php 第 37 行.
NOTIC: [8] Undefined index: song_name D:\wnmp\www\allinone\App\Runtime\Cache\Home\801d07308a97ca116f16f8504ef328c7.php 第 36 行.
NOTIC: [2] Illegal string offset 'name' D:\wnmp\www\allinone\App\Runtime\Cache\Home\801d07308a97ca116f16f8504ef328c7.php 第 37 行.
NOTIC: [8] Undefined index: song_name D:\wnmp\www\allinone\App\Runtime\Cache\Home\801d07308a97ca116f16f8504ef328c7.php 第 36 行.
NOTIC: [2] Illegal string offset 'name' D:\wnmp\www\allinone\App\Runtime\Cache\Home\801d07308a97ca116f16f8504ef328c7.php 第 37 行.
NOTIC: [8] Undefined index: song_name D:\wnmp\www\allinone\App\Runtime\Cache\Home\801d07308a97ca116f16f8504ef328c7.php 第 36 行.
NOTIC: [8] Uninitialized string offset: 0 D:\wnmp\www\allinone\App\Runtime\Cache\Home\801d07308a97ca116f16f8504ef328c7.php 第 37 行.
NOTIC: [2] Illegal string offset 'name' D:\wnmp\www\allinone\App\Runtime\Cache\Home\801d07308a97ca116f16f8504ef328c7.php 第 37 行.
NOTIC: [8] Uninitialized string offset: 0 D:\wnmp\www\allinone\App\Runtime\Cache\Home\801d07308a97ca116f16f8504ef328c7.php 第 37 行.
NOTIC: [8] Undefined index: song_name D:\wnmp\www\allinone\App\Runtime\Cache\Home\801d07308a97ca116f16f8504ef328c7.php 第 36 行.
NOTIC: [2] Illegal string offset 'name' D:\wnmp\www\allinone\App\Runtime\Cache\Home\801d07308a97ca116f16f8504ef328c7.php 第 37 行.
NOTIC: [8] Undefined index: song_name D:\wnmp\www\allinone\App\Runtime\Cache\Home\801d07308a97ca116f16f8504ef328c7.php 第 36 行.
NOTIC: [8] Uninitialized string offset: 0 D:\wnmp\www\allinone\App\Runtime\Cache\Home\801d07308a97ca116f16f8504ef328c7.php 第 37 行.
NOTIC: [2] Illegal string offset 'name' D:\wnmp\www\allinone\App\Runtime\Cache\Home\801d07308a97ca116f16f8504ef328c7.php 第 37 行.
NOTIC: [8] Uninitialized string offset: 0 D:\wnmp\www\allinone\App\Runtime\Cache\Home\801d07308a97ca116f16f8504ef328c7.php 第 37 行.
NOTIC: [8] Undefined index: song_name D:\wnmp\www\allinone\App\Runtime\Cache\Home\801d07308a97ca116f16f8504ef328c7.php 第 36 行.
NOTIC: [2] Illegal string offset 'name' D:\wnmp\www\allinone\App\Runtime\Cache\Home\801d07308a97ca116f16f8504ef328c7.php 第 37 行.
NOTIC: [8] Undefined index: song_name D:\wnmp\www\allinone\App\Runtime\Cache\Home\801d07308a97ca116f16f8504ef328c7.php 第 36 行.
NOTIC: [2] Illegal string offset 'name' D:\wnmp\www\allinone\App\Runtime\Cache\Home\801d07308a97ca116f16f8504ef328c7.php 第 37 行.
NOTIC: [8] Undefined index: song_name D:\wnmp\www\allinone\App\Runtime\Cache\Home\801d07308a97ca116f16f8504ef328c7.php 第 36 行.
NOTIC: [2] Illegal string offset 'name' D:\wnmp\www\allinone\App\Runtime\Cache\Home\801d07308a97ca116f16f8504ef328c7.php 第 37 行.
NOTIC: [8] Undefined index: song_name D:\wnmp\www\allinone\App\Runtime\Cache\Home\801d07308a97ca116f16f8504ef328c7.php 第 36 行.
NOTIC: [2] Illegal string offset 'name' D:\wnmp\www\allinone\App\Runtime\Cache\Home\801d07308a97ca116f16f8504ef328c7.php 第 37 行.
NOTIC: [8] Undefined index: song_name D:\wnmp\www\allinone\App\Runtime\Cache\Home\801d07308a97ca116f16f8504ef328c7.php 第 36 行.
NOTIC: [2] Illegal string offset 'name' D:\wnmp\www\allinone\App\Runtime\Cache\Home\801d07308a97ca116f16f8504ef328c7.php 第 37 行.
NOTIC: [8] Undefined index: song_name D:\wnmp\www\allinone\App\Runtime\Cache\Home\801d07308a97ca116f16f8504ef328c7.php 第 36 行.
NOTIC: [2] Illegal string offset 'name' D:\wnmp\www\allinone\App\Runtime\Cache\Home\801d07308a97ca116f16f8504ef328c7.php 第 37 行.
NOTIC: [8] Undefined index: song_name D:\wnmp\www\allinone\App\Runtime\Cache\Home\801d07308a97ca116f16f8504ef328c7.php 第 36 行.
NOTIC: [2] Illegal string offset 'name' D:\wnmp\www\allinone\App\Runtime\Cache\Home\801d07308a97ca116f16f8504ef328c7.php 第 37 行.
NOTIC: [8] Undefined index: song_name D:\wnmp\www\allinone\App\Runtime\Cache\Home\801d07308a97ca116f16f8504ef328c7.php 第 36 行.
NOTIC: [2] Illegal string offset 'name' D:\wnmp\www\allinone\App\Runtime\Cache\Home\801d07308a97ca116f16f8504ef328c7.php 第 37 行.
NOTIC: [8] Undefined index: song_name D:\wnmp\www\allinone\App\Runtime\Cache\Home\801d07308a97ca116f16f8504ef328c7.php 第 36 行.
NOTIC: [2] Illegal string offset 'name' D:\wnmp\www\allinone\App\Runtime\Cache\Home\801d07308a97ca116f16f8504ef328c7.php 第 37 行.
NOTIC: [8] Undefined index: song_name D:\wnmp\www\allinone\App\Runtime\Cache\Home\801d07308a97ca116f16f8504ef328c7.php 第 36 行.
NOTIC: [2] Illegal string offset 'name' D:\wnmp\www\allinone\App\Runtime\Cache\Home\801d07308a97ca116f16f8504ef328c7.php 第 37 行.
NOTIC: [8] Undefined index: song_name D:\wnmp\www\allinone\App\Runtime\Cache\Home\801d07308a97ca116f16f8504ef328c7.php 第 36 行.
NOTIC: [2] Illegal string offset 'name' D:\wnmp\www\allinone\App\Runtime\Cache\Home\801d07308a97ca116f16f8504ef328c7.php 第 37 行.
NOTIC: [8] Undefined index: song_name D:\wnmp\www\allinone\App\Runtime\Cache\Home\801d07308a97ca116f16f8504ef328c7.php 第 36 行.
NOTIC: [2] Illegal string offset 'name' D:\wnmp\www\allinone\App\Runtime\Cache\Home\801d07308a97ca116f16f8504ef328c7.php 第 37 行.
NOTIC: [8] Undefined index: song_name D:\wnmp\www\allinone\App\Runtime\Cache\Home\801d07308a97ca116f16f8504ef328c7.php 第 36 行.
NOTIC: [2] Illegal string offset 'name' D:\wnmp\www\allinone\App\Runtime\Cache\Home\801d07308a97ca116f16f8504ef328c7.php 第 37 行.
NOTIC: [8] Undefined index: song_name D:\wnmp\www\allinone\App\Runtime\Cache\Home\801d07308a97ca116f16f8504ef328c7.php 第 36 行.
NOTIC: [2] Illegal string offset 'name' D:\wnmp\www\allinone\App\Runtime\Cache\Home\801d07308a97ca116f16f8504ef328c7.php 第 37 行.
NOTIC: [8] Undefined index: song_name D:\wnmp\www\allinone\App\Runtime\Cache\Home\801d07308a97ca116f16f8504ef328c7.php 第 36 行.
NOTIC: [2] Illegal string offset 'name' D:\wnmp\www\allinone\App\Runtime\Cache\Home\801d07308a97ca116f16f8504ef328c7.php 第 37 行.
NOTIC: [8] Undefined index: song_name D:\wnmp\www\allinone\App\Runtime\Cache\Home\801d07308a97ca116f16f8504ef328c7.php 第 36 行.
NOTIC: [2] Illegal string offset 'name' D:\wnmp\www\allinone\App\Runtime\Cache\Home\801d07308a97ca116f16f8504ef328c7.php 第 37 行.
NOTIC: [8] Undefined index: song_name D:\wnmp\www\allinone\App\Runtime\Cache\Home\801d07308a97ca116f16f8504ef328c7.php 第 36 行.
NOTIC: [2] Illegal string offset 'name' D:\wnmp\www\allinone\App\Runtime\Cache\Home\801d07308a97ca116f16f8504ef328c7.php 第 37 行.
NOTIC: [8] Undefined index: song_name D:\wnmp\www\allinone\App\Runtime\Cache\Home\801d07308a97ca116f16f8504ef328c7.php 第 36 行.
NOTIC: [2] Illegal string offset 'name' D:\wnmp\www\allinone\App\Runtime\Cache\Home\801d07308a97ca116f16f8504ef328c7.php 第 37 行.
NOTIC: [8] Undefined index: song_name D:\wnmp\www\allinone\App\Runtime\Cache\Home\801d07308a97ca116f16f8504ef328c7.php 第 36 行.
NOTIC: [2] Illegal string offset 'name' D:\wnmp\www\allinone\App\Runtime\Cache\Home\801d07308a97ca116f16f8504ef328c7.php 第 37 行.
NOTIC: [8] Undefined index: song_name D:\wnmp\www\allinone\App\Runtime\Cache\Home\801d07308a97ca116f16f8504ef328c7.php 第 36 行.
NOTIC: [2] Illegal string offset 'name' D:\wnmp\www\allinone\App\Runtime\Cache\Home\801d07308a97ca116f16f8504ef328c7.php 第 37 行.
NOTIC: [8] Undefined index: song_name D:\wnmp\www\allinone\App\Runtime\Cache\Home\801d07308a97ca116f16f8504ef328c7.php 第 36 行.
NOTIC: [2] Illegal string offset 'name' D:\wnmp\www\allinone\App\Runtime\Cache\Home\801d07308a97ca116f16f8504ef328c7.php 第 37 行.
NOTIC: [8] Undefined index: song_name D:\wnmp\www\allinone\App\Runtime\Cache\Home\801d07308a97ca116f16f8504ef328c7.php 第 36 行.
NOTIC: [2] Illegal string offset 'name' D:\wnmp\www\allinone\App\Runtime\Cache\Home\801d07308a97ca116f16f8504ef328c7.php 第 37 行.
NOTIC: [8] Undefined index: song_name D:\wnmp\www\allinone\App\Runtime\Cache\Home\801d07308a97ca116f16f8504ef328c7.php 第 36 行.
NOTIC: [2] Illegal string offset 'name' D:\wnmp\www\allinone\App\Runtime\Cache\Home\801d07308a97ca116f16f8504ef328c7.php 第 37 行.
NOTIC: [8] Undefined index: song_name D:\wnmp\www\allinone\App\Runtime\Cache\Home\801d07308a97ca116f16f8504ef328c7.php 第 36 行.
NOTIC: [2] Illegal string offset 'name' D:\wnmp\www\allinone\App\Runtime\Cache\Home\801d07308a97ca116f16f8504ef328c7.php 第 37 行.
NOTIC: [8] Undefined index: song_name D:\wnmp\www\allinone\App\Runtime\Cache\Home\801d07308a97ca116f16f8504ef328c7.php 第 36 行.
NOTIC: [2] Illegal string offset 'name' D:\wnmp\www\allinone\App\Runtime\Cache\Home\801d07308a97ca116f16f8504ef328c7.php 第 37 行.
NOTIC: [8] Undefined index: song_name D:\wnmp\www\allinone\App\Runtime\Cache\Home\801d07308a97ca116f16f8504ef328c7.php 第 36 行.
NOTIC: [2] Illegal string offset 'name' D:\wnmp\www\allinone\App\Runtime\Cache\Home\801d07308a97ca116f16f8504ef328c7.php 第 37 行.
NOTIC: [8] Undefined index: song_name D:\wnmp\www\allinone\App\Runtime\Cache\Home\801d07308a97ca116f16f8504ef328c7.php 第 36 行.
NOTIC: [2] Illegal string offset 'name' D:\wnmp\www\allinone\App\Runtime\Cache\Home\801d07308a97ca116f16f8504ef328c7.php 第 37 行.
NOTIC: [8] Undefined index: song_name D:\wnmp\www\allinone\App\Runtime\Cache\Home\801d07308a97ca116f16f8504ef328c7.php 第 36 行.
NOTIC: [2] Illegal string offset 'name' D:\wnmp\www\allinone\App\Runtime\Cache\Home\801d07308a97ca116f16f8504ef328c7.php 第 37 行.
NOTIC: [8] Undefined index: song_name D:\wnmp\www\allinone\App\Runtime\Cache\Home\801d07308a97ca116f16f8504ef328c7.php 第 36 行.
NOTIC: [2] Illegal string offset 'name' D:\wnmp\www\allinone\App\Runtime\Cache\Home\801d07308a97ca116f16f8504ef328c7.php 第 37 行.
NOTIC: [8] Undefined index: song_name D:\wnmp\www\allinone\App\Runtime\Cache\Home\801d07308a97ca116f16f8504ef328c7.php 第 36 行.
NOTIC: [2] Illegal string offset 'name' D:\wnmp\www\allinone\App\Runtime\Cache\Home\801d07308a97ca116f16f8504ef328c7.php 第 37 行.
NOTIC: [8] Undefined index: song_name D:\wnmp\www\allinone\App\Runtime\Cache\Home\801d07308a97ca116f16f8504ef328c7.php 第 36 行.
NOTIC: [2] Illegal string offset 'name' D:\wnmp\www\allinone\App\Runtime\Cache\Home\801d07308a97ca116f16f8504ef328c7.php 第 37 行.
NOTIC: [8] Undefined index: song_name D:\wnmp\www\allinone\App\Runtime\Cache\Home\801d07308a97ca116f16f8504ef328c7.php 第 36 行.
NOTIC: [2] Illegal string offset 'name' D:\wnmp\www\allinone\App\Runtime\Cache\Home\801d07308a97ca116f16f8504ef328c7.php 第 37 行.
NOTIC: [8] Undefined index: song_name D:\wnmp\www\allinone\App\Runtime\Cache\Home\801d07308a97ca116f16f8504ef328c7.php 第 36 行.
NOTIC: [2] Illegal string offset 'name' D:\wnmp\www\allinone\App\Runtime\Cache\Home\801d07308a97ca116f16f8504ef328c7.php 第 37 行.
NOTIC: [8] Undefined index: song_name D:\wnmp\www\allinone\App\Runtime\Cache\Home\801d07308a97ca116f16f8504ef328c7.php 第 36 行.
NOTIC: [2] Illegal string offset 'name' D:\wnmp\www\allinone\App\Runtime\Cache\Home\801d07308a97ca116f16f8504ef328c7.php 第 37 行.
NOTIC: [8] Undefined index: song_name D:\wnmp\www\allinone\App\Runtime\Cache\Home\801d07308a97ca116f16f8504ef328c7.php 第 36 行.
NOTIC: [2] Illegal string offset 'name' D:\wnmp\www\allinone\App\Runtime\Cache\Home\801d07308a97ca116f16f8504ef328c7.php 第 37 行.
NOTIC: [8] Undefined index: song_name D:\wnmp\www\allinone\App\Runtime\Cache\Home\801d07308a97ca116f16f8504ef328c7.php 第 36 行.
NOTIC: [2] Illegal string offset 'name' D:\wnmp\www\allinone\App\Runtime\Cache\Home\801d07308a97ca116f16f8504ef328c7.php 第 37 行.
NOTIC: [8] Undefined index: song_name D:\wnmp\www\allinone\App\Runtime\Cache\Home\801d07308a97ca116f16f8504ef328c7.php 第 36 行.
NOTIC: [2] Illegal string offset 'name' D:\wnmp\www\allinone\App\Runtime\Cache\Home\801d07308a97ca116f16f8504ef328c7.php 第 37 行.
NOTIC: [8] Undefined index: song_name D:\wnmp\www\allinone\App\Runtime\Cache\Home\801d07308a97ca116f16f8504ef328c7.php 第 36 行.
NOTIC: [2] Illegal string offset 'name' D:\wnmp\www\allinone\App\Runtime\Cache\Home\801d07308a97ca116f16f8504ef328c7.php 第 37 行.
NOTIC: [8] Undefined index: song_name D:\wnmp\www\allinone\App\Runtime\Cache\Home\801d07308a97ca116f16f8504ef328c7.php 第 36 行.
NOTIC: [2] Illegal string offset 'name' D:\wnmp\www\allinone\App\Runtime\Cache\Home\801d07308a97ca116f16f8504ef328c7.php 第 37 行.
NOTIC: [8] Undefined index: song_name D:\wnmp\www\allinone\App\Runtime\Cache\Home\801d07308a97ca116f16f8504ef328c7.php 第 36 行.
NOTIC: [2] Illegal string offset 'name' D:\wnmp\www\allinone\App\Runtime\Cache\Home\801d07308a97ca116f16f8504ef328c7.php 第 37 行.
NOTIC: [8] Undefined index: song_name D:\wnmp\www\allinone\App\Runtime\Cache\Home\801d07308a97ca116f16f8504ef328c7.php 第 36 行.
NOTIC: [2] Illegal string offset 'name' D:\wnmp\www\allinone\App\Runtime\Cache\Home\801d07308a97ca116f16f8504ef328c7.php 第 37 行.
NOTIC: [8] Undefined index: song_name D:\wnmp\www\allinone\App\Runtime\Cache\Home\801d07308a97ca116f16f8504ef328c7.php 第 36 行.
NOTIC: [2] Illegal string offset 'name' D:\wnmp\www\allinone\App\Runtime\Cache\Home\801d07308a97ca116f16f8504ef328c7.php 第 37 行.
NOTIC: [8] Undefined index: song_name D:\wnmp\www\allinone\App\Runtime\Cache\Home\801d07308a97ca116f16f8504ef328c7.php 第 36 行.
NOTIC: [2] Illegal string offset 'name' D:\wnmp\www\allinone\App\Runtime\Cache\Home\801d07308a97ca116f16f8504ef328c7.php 第 37 行.
NOTIC: [8] Undefined index: song_name D:\wnmp\www\allinone\App\Runtime\Cache\Home\801d07308a97ca116f16f8504ef328c7.php 第 36 行.
NOTIC: [2] Illegal string offset 'name' D:\wnmp\www\allinone\App\Runtime\Cache\Home\801d07308a97ca116f16f8504ef328c7.php 第 37 行.
NOTIC: [8] Undefined index: song_name D:\wnmp\www\allinone\App\Runtime\Cache\Home\801d07308a97ca116f16f8504ef328c7.php 第 36 行.
NOTIC: [2] Illegal string offset 'name' D:\wnmp\www\allinone\App\Runtime\Cache\Home\801d07308a97ca116f16f8504ef328c7.php 第 37 行.
NOTIC: [8] Undefined index: song_name D:\wnmp\www\allinone\App\Runtime\Cache\Home\801d07308a97ca116f16f8504ef328c7.php 第 36 行.
NOTIC: [2] Illegal string offset 'name' D:\wnmp\www\allinone\App\Runtime\Cache\Home\801d07308a97ca116f16f8504ef328c7.php 第 37 行.
NOTIC: [8] Undefined index: song_name D:\wnmp\www\allinone\App\Runtime\Cache\Home\801d07308a97ca116f16f8504ef328c7.php 第 36 行.
NOTIC: [2] Illegal string offset 'name' D:\wnmp\www\allinone\App\Runtime\Cache\Home\801d07308a97ca116f16f8504ef328c7.php 第 37 行.
NOTIC: [8] Undefined index: song_name D:\wnmp\www\allinone\App\Runtime\Cache\Home\801d07308a97ca116f16f8504ef328c7.php 第 36 行.
NOTIC: [2] Illegal string offset 'name' D:\wnmp\www\allinone\App\Runtime\Cache\Home\801d07308a97ca116f16f8504ef328c7.php 第 37 行.
NOTIC: [8] Undefined index: song_name D:\wnmp\www\allinone\App\Runtime\Cache\Home\801d07308a97ca116f16f8504ef328c7.php 第 36 行.
NOTIC: [2] Illegal string offset 'name' D:\wnmp\www\allinone\App\Runtime\Cache\Home\801d07308a97ca116f16f8504ef328c7.php 第 37 行.
NOTIC: [8] Undefined index: song_name D:\wnmp\www\allinone\App\Runtime\Cache\Home\801d07308a97ca116f16f8504ef328c7.php 第 36 行.
NOTIC: [2] Illegal string offset 'name' D:\wnmp\www\allinone\App\Runtime\Cache\Home\801d07308a97ca116f16f8504ef328c7.php 第 37 行.
NOTIC: [8] Undefined index: song_name D:\wnmp\www\allinone\App\Runtime\Cache\Home\801d07308a97ca116f16f8504ef328c7.php 第 36 行.
NOTIC: [2] Illegal string offset 'name' D:\wnmp\www\allinone\App\Runtime\Cache\Home\801d07308a97ca116f16f8504ef328c7.php 第 37 行.
NOTIC: [8] Undefined index: song_name D:\wnmp\www\allinone\App\Runtime\Cache\Home\801d07308a97ca116f16f8504ef328c7.php 第 36 行.
NOTIC: [2] Illegal string offset 'name' D:\wnmp\www\allinone\App\Runtime\Cache\Home\801d07308a97ca116f16f8504ef328c7.php 第 37 行.
NOTIC: [8] Undefined index: song_name D:\wnmp\www\allinone\App\Runtime\Cache\Home\801d07308a97ca116f16f8504ef328c7.php 第 36 行.
NOTIC: [2] Illegal string offset 'name' D:\wnmp\www\allinone\App\Runtime\Cache\Home\801d07308a97ca116f16f8504ef328c7.php 第 37 行.
NOTIC: [8] Undefined index: song_name D:\wnmp\www\allinone\App\Runtime\Cache\Home\801d07308a97ca116f16f8504ef328c7.php 第 36 行.
NOTIC: [2] Illegal string offset 'name' D:\wnmp\www\allinone\App\Runtime\Cache\Home\801d07308a97ca116f16f8504ef328c7.php 第 37 行.
NOTIC: [8] Undefined index: song_name D:\wnmp\www\allinone\App\Runtime\Cache\Home\801d07308a97ca116f16f8504ef328c7.php 第 36 行.
NOTIC: [2] Illegal string offset 'name' D:\wnmp\www\allinone\App\Runtime\Cache\Home\801d07308a97ca116f16f8504ef328c7.php 第 37 行.
NOTIC: [8] Undefined index: song_name D:\wnmp\www\allinone\App\Runtime\Cache\Home\801d07308a97ca116f16f8504ef328c7.php 第 36 行.
NOTIC: [2] Illegal string offset 'name' D:\wnmp\www\allinone\App\Runtime\Cache\Home\801d07308a97ca116f16f8504ef328c7.php 第 37 行.
NOTIC: [8] Undefined index: song_name D:\wnmp\www\allinone\App\Runtime\Cache\Home\801d07308a97ca116f16f8504ef328c7.php 第 36 行.
NOTIC: [2] Illegal string offset 'name' D:\wnmp\www\allinone\App\Runtime\Cache\Home\801d07308a97ca116f16f8504ef328c7.php 第 37 行.
NOTIC: [8] Undefined index: song_name D:\wnmp\www\allinone\App\Runtime\Cache\Home\801d07308a97ca116f16f8504ef328c7.php 第 36 行.
NOTIC: [2] Illegal string offset 'name' D:\wnmp\www\allinone\App\Runtime\Cache\Home\801d07308a97ca116f16f8504ef328c7.php 第 37 行.
NOTIC: [8] Undefined index: song_name D:\wnmp\www\allinone\App\Runtime\Cache\Home\801d07308a97ca116f16f8504ef328c7.php 第 36 行.
NOTIC: [2] Illegal string offset 'name' D:\wnmp\www\allinone\App\Runtime\Cache\Home\801d07308a97ca116f16f8504ef328c7.php 第 37 行.
NOTIC: [8] Undefined index: song_name D:\wnmp\www\allinone\App\Runtime\Cache\Home\801d07308a97ca116f16f8504ef328c7.php 第 36 行.
NOTIC: [2] Illegal string offset 'name' D:\wnmp\www\allinone\App\Runtime\Cache\Home\801d07308a97ca116f16f8504ef328c7.php 第 37 行.
NOTIC: [8] Undefined index: song_name D:\wnmp\www\allinone\App\Runtime\Cache\Home\801d07308a97ca116f16f8504ef328c7.php 第 36 行.
NOTIC: [2] Illegal string offset 'name' D:\wnmp\www\allinone\App\Runtime\Cache\Home\801d07308a97ca116f16f8504ef328c7.php 第 37 行.
NOTIC: [8] Undefined index: song_name D:\wnmp\www\allinone\App\Runtime\Cache\Home\801d07308a97ca116f16f8504ef328c7.php 第 36 行.
NOTIC: [2] Illegal string offset 'name' D:\wnmp\www\allinone\App\Runtime\Cache\Home\801d07308a97ca116f16f8504ef328c7.php 第 37 行.
NOTIC: [8] Undefined index: song_name D:\wnmp\www\allinone\App\Runtime\Cache\Home\801d07308a97ca116f16f8504ef328c7.php 第 36 行.
NOTIC: [2] Illegal string offset 'name' D:\wnmp\www\allinone\App\Runtime\Cache\Home\801d07308a97ca116f16f8504ef328c7.php 第 37 行.
NOTIC: [8] Undefined index: song_name D:\wnmp\www\allinone\App\Runtime\Cache\Home\801d07308a97ca116f16f8504ef328c7.php 第 36 行.
NOTIC: [2] Illegal string offset 'name' D:\wnmp\www\allinone\App\Runtime\Cache\Home\801d07308a97ca116f16f8504ef328c7.php 第 37 行.
NOTIC: [8] Undefined index: song_name D:\wnmp\www\allinone\App\Runtime\Cache\Home\801d07308a97ca116f16f8504ef328c7.php 第 36 行.
NOTIC: [2] Illegal string offset 'name' D:\wnmp\www\allinone\App\Runtime\Cache\Home\801d07308a97ca116f16f8504ef328c7.php 第 37 行.
NOTIC: [8] Undefined index: song_name D:\wnmp\www\allinone\App\Runtime\Cache\Home\801d07308a97ca116f16f8504ef328c7.php 第 36 行.
NOTIC: [2] Illegal string offset 'name' D:\wnmp\www\allinone\App\Runtime\Cache\Home\801d07308a97ca116f16f8504ef328c7.php 第 37 行.
NOTIC: [8] Undefined index: song_name D:\wnmp\www\allinone\App\Runtime\Cache\Home\801d07308a97ca116f16f8504ef328c7.php 第 36 行.
NOTIC: [2] Illegal string offset 'name' D:\wnmp\www\allinone\App\Runtime\Cache\Home\801d07308a97ca116f16f8504ef328c7.php 第 37 行.
NOTIC: [8] Undefined index: song_name D:\wnmp\www\allinone\App\Runtime\Cache\Home\801d07308a97ca116f16f8504ef328c7.php 第 36 行.
NOTIC: [2] Illegal string offset 'name' D:\wnmp\www\allinone\App\Runtime\Cache\Home\801d07308a97ca116f16f8504ef328c7.php 第 37 行.
NOTIC: [8] Undefined index: song_name D:\wnmp\www\allinone\App\Runtime\Cache\Home\801d07308a97ca116f16f8504ef328c7.php 第 36 行.
NOTIC: [8] Uninitialized string offset: 0 D:\wnmp\www\allinone\App\Runtime\Cache\Home\801d07308a97ca116f16f8504ef328c7.php 第 37 行.
NOTIC: [2] Illegal string offset 'name' D:\wnmp\www\allinone\App\Runtime\Cache\Home\801d07308a97ca116f16f8504ef328c7.php 第 37 行.
NOTIC: [8] Uninitialized string offset: 0 D:\wnmp\www\allinone\App\Runtime\Cache\Home\801d07308a97ca116f16f8504ef328c7.php 第 37 行.
NOTIC: [8] Undefined index: song_name D:\wnmp\www\allinone\App\Runtime\Cache\Home\801d07308a97ca116f16f8504ef328c7.php 第 36 行.
NOTIC: [2] Illegal string offset 'name' D:\wnmp\www\allinone\App\Runtime\Cache\Home\801d07308a97ca116f16f8504ef328c7.php 第 37 行.
NOTIC: [8] Undefined index: song_name D:\wnmp\www\allinone\App\Runtime\Cache\Home\801d07308a97ca116f16f8504ef328c7.php 第 36 行.
NOTIC: [2] Illegal string offset 'name' D:\wnmp\www\allinone\App\Runtime\Cache\Home\801d07308a97ca116f16f8504ef328c7.php 第 37 行.
NOTIC: [8] Undefined index: song_name D:\wnmp\www\allinone\App\Runtime\Cache\Home\801d07308a97ca116f16f8504ef328c7.php 第 36 行.
NOTIC: [2] Illegal string offset 'name' D:\wnmp\www\allinone\App\Runtime\Cache\Home\801d07308a97ca116f16f8504ef328c7.php 第 37 行.
NOTIC: [8] Undefined index: song_name D:\wnmp\www\allinone\App\Runtime\Cache\Home\801d07308a97ca116f16f8504ef328c7.php 第 36 行.
NOTIC: [8] Uninitialized string offset: 0 D:\wnmp\www\allinone\App\Runtime\Cache\Home\801d07308a97ca116f16f8504ef328c7.php 第 37 行.
NOTIC: [2] Illegal string offset 'name' D:\wnmp\www\allinone\App\Runtime\Cache\Home\801d07308a97ca116f16f8504ef328c7.php 第 37 行.
NOTIC: [8] Uninitialized string offset: 0 D:\wnmp\www\allinone\App\Runtime\Cache\Home\801d07308a97ca116f16f8504ef328c7.php 第 37 行.
NOTIC: [8] Undefined index: song_name D:\wnmp\www\allinone\App\Runtime\Cache\Home\801d07308a97ca116f16f8504ef328c7.php 第 36 行.
NOTIC: [2] Illegal string offset 'name' D:\wnmp\www\allinone\App\Runtime\Cache\Home\801d07308a97ca116f16f8504ef328c7.php 第 37 行.
NOTIC: [8] Undefined index: song_name D:\wnmp\www\allinone\App\Runtime\Cache\Home\801d07308a97ca116f16f8504ef328c7.php 第 36 行.
NOTIC: [2] Illegal string offset 'name' D:\wnmp\www\allinone\App\Runtime\Cache\Home\801d07308a97ca116f16f8504ef328c7.php 第 37 行.
NOTIC: [8] Undefined index: song_name D:\wnmp\www\allinone\App\Runtime\Cache\Home\801d07308a97ca116f16f8504ef328c7.php 第 36 行.
NOTIC: [2] Illegal string offset 'name' D:\wnmp\www\allinone\App\Runtime\Cache\Home\801d07308a97ca116f16f8504ef328c7.php 第 37 行.
NOTIC: [8] Undefined index: song_name D:\wnmp\www\allinone\App\Runtime\Cache\Home\801d07308a97ca116f16f8504ef328c7.php 第 36 行.
NOTIC: [2] Illegal string offset 'name' D:\wnmp\www\allinone\App\Runtime\Cache\Home\801d07308a97ca116f16f8504ef328c7.php 第 37 行.
NOTIC: [8] Undefined index: song_name D:\wnmp\www\allinone\App\Runtime\Cache\Home\801d07308a97ca116f16f8504ef328c7.php 第 36 行.
NOTIC: [2] Illegal string offset 'name' D:\wnmp\www\allinone\App\Runtime\Cache\Home\801d07308a97ca116f16f8504ef328c7.php 第 37 行.
NOTIC: [8] Undefined index: song_name D:\wnmp\www\allinone\App\Runtime\Cache\Home\801d07308a97ca116f16f8504ef328c7.php 第 36 行.
NOTIC: [2] Illegal string offset 'name' D:\wnmp\www\allinone\App\Runtime\Cache\Home\801d07308a97ca116f16f8504ef328c7.php 第 37 行.
NOTIC: [8] Undefined index: song_name D:\wnmp\www\allinone\App\Runtime\Cache\Home\801d07308a97ca116f16f8504ef328c7.php 第 36 行.
NOTIC: [2] Illegal string offset 'name' D:\wnmp\www\allinone\App\Runtime\Cache\Home\801d07308a97ca116f16f8504ef328c7.php 第 37 行.
NOTIC: [8] Undefined index: song_name D:\wnmp\www\allinone\App\Runtime\Cache\Home\801d07308a97ca116f16f8504ef328c7.php 第 36 行.
NOTIC: [2] Illegal string offset 'name' D:\wnmp\www\allinone\App\Runtime\Cache\Home\801d07308a97ca116f16f8504ef328c7.php 第 37 行.
NOTIC: [8] Undefined index: song_name D:\wnmp\www\allinone\App\Runtime\Cache\Home\801d07308a97ca116f16f8504ef328c7.php 第 36 行.
NOTIC: [2] Illegal string offset 'name' D:\wnmp\www\allinone\App\Runtime\Cache\Home\801d07308a97ca116f16f8504ef328c7.php 第 37 行.
NOTIC: [8] Undefined index: song_name D:\wnmp\www\allinone\App\Runtime\Cache\Home\801d07308a97ca116f16f8504ef328c7.php 第 36 行.
NOTIC: [2] Illegal string offset 'name' D:\wnmp\www\allinone\App\Runtime\Cache\Home\801d07308a97ca116f16f8504ef328c7.php 第 37 行.
NOTIC: [8] Undefined index: song_name D:\wnmp\www\allinone\App\Runtime\Cache\Home\801d07308a97ca116f16f8504ef328c7.php 第 36 行.
NOTIC: [2] Illegal string offset 'name' D:\wnmp\www\allinone\App\Runtime\Cache\Home\801d07308a97ca116f16f8504ef328c7.php 第 37 行.
NOTIC: [8] Undefined index: song_name D:\wnmp\www\allinone\App\Runtime\Cache\Home\801d07308a97ca116f16f8504ef328c7.php 第 36 行.
NOTIC: [2] Illegal string offset 'name' D:\wnmp\www\allinone\App\Runtime\Cache\Home\801d07308a97ca116f16f8504ef328c7.php 第 37 行.
NOTIC: [8] Undefined index: song_name D:\wnmp\www\allinone\App\Runtime\Cache\Home\801d07308a97ca116f16f8504ef328c7.php 第 36 行.
NOTIC: [2] Illegal string offset 'name' D:\wnmp\www\allinone\App\Runtime\Cache\Home\801d07308a97ca116f16f8504ef328c7.php 第 37 行.
NOTIC: [8] Undefined index: song_name D:\wnmp\www\allinone\App\Runtime\Cache\Home\801d07308a97ca116f16f8504ef328c7.php 第 36 行.
NOTIC: [2] Illegal string offset 'name' D:\wnmp\www\allinone\App\Runtime\Cache\Home\801d07308a97ca116f16f8504ef328c7.php 第 37 行.
NOTIC: [8] Undefined index: song_name D:\wnmp\www\allinone\App\Runtime\Cache\Home\801d07308a97ca116f16f8504ef328c7.php 第 36 行.
NOTIC: [2] Illegal string offset 'name' D:\wnmp\www\allinone\App\Runtime\Cache\Home\801d07308a97ca116f16f8504ef328c7.php 第 37 行.
NOTIC: [8] Undefined index: song_name D:\wnmp\www\allinone\App\Runtime\Cache\Home\801d07308a97ca116f16f8504ef328c7.php 第 36 行.
NOTIC: [2] Illegal string offset 'name' D:\wnmp\www\allinone\App\Runtime\Cache\Home\801d07308a97ca116f16f8504ef328c7.php 第 37 行.
NOTIC: [8] Undefined index: song_name D:\wnmp\www\allinone\App\Runtime\Cache\Home\801d07308a97ca116f16f8504ef328c7.php 第 36 行.
NOTIC: [2] Illegal string offset 'name' D:\wnmp\www\allinone\App\Runtime\Cache\Home\801d07308a97ca116f16f8504ef328c7.php 第 37 行.
NOTIC: [8] Undefined index: song_name D:\wnmp\www\allinone\App\Runtime\Cache\Home\801d07308a97ca116f16f8504ef328c7.php 第 36 行.
NOTIC: [2] Illegal string offset 'name' D:\wnmp\www\allinone\App\Runtime\Cache\Home\801d07308a97ca116f16f8504ef328c7.php 第 37 行.
NOTIC: [8] Undefined index: song_name D:\wnmp\www\allinone\App\Runtime\Cache\Home\801d07308a97ca116f16f8504ef328c7.php 第 36 行.
NOTIC: [2] Illegal string offset 'name' D:\wnmp\www\allinone\App\Runtime\Cache\Home\801d07308a97ca116f16f8504ef328c7.php 第 37 行.
NOTIC: [8] Undefined index: song_name D:\wnmp\www\allinone\App\Runtime\Cache\Home\801d07308a97ca116f16f8504ef328c7.php 第 36 行.
NOTIC: [2] Illegal string offset 'name' D:\wnmp\www\allinone\App\Runtime\Cache\Home\801d07308a97ca116f16f8504ef328c7.php 第 37 行.
NOTIC: [8] Undefined index: song_name D:\wnmp\www\allinone\App\Runtime\Cache\Home\801d07308a97ca116f16f8504ef328c7.php 第 36 行.
NOTIC: [2] Illegal string offset 'name' D:\wnmp\www\allinone\App\Runtime\Cache\Home\801d07308a97ca116f16f8504ef328c7.php 第 37 行.
NOTIC: [8] Undefined index: song_name D:\wnmp\www\allinone\App\Runtime\Cache\Home\801d07308a97ca116f16f8504ef328c7.php 第 36 行.
NOTIC: [2] Illegal string offset 'name' D:\wnmp\www\allinone\App\Runtime\Cache\Home\801d07308a97ca116f16f8504ef328c7.php 第 37 行.
NOTIC: [8] Undefined index: song_name D:\wnmp\www\allinone\App\Runtime\Cache\Home\801d07308a97ca116f16f8504ef328c7.php 第 36 行.
NOTIC: [8] Uninitialized string offset: 0 D:\wnmp\www\allinone\App\Runtime\Cache\Home\801d07308a97ca116f16f8504ef328c7.php 第 37 行.
NOTIC: [2] Illegal string offset 'name' D:\wnmp\www\allinone\App\Runtime\Cache\Home\801d07308a97ca116f16f8504ef328c7.php 第 37 行.
NOTIC: [8] Uninitialized string offset: 0 D:\wnmp\www\allinone\App\Runtime\Cache\Home\801d07308a97ca116f16f8504ef328c7.php 第 37 行.
NOTIC: [8] Undefined index: song_name D:\wnmp\www\allinone\App\Runtime\Cache\Home\801d07308a97ca116f16f8504ef328c7.php 第 36 行.
NOTIC: [2] Illegal string offset 'name' D:\wnmp\www\allinone\App\Runtime\Cache\Home\801d07308a97ca116f16f8504ef328c7.php 第 37 行.
NOTIC: [8] Undefined index: song_name D:\wnmp\www\allinone\App\Runtime\Cache\Home\801d07308a97ca116f16f8504ef328c7.php 第 36 行.
NOTIC: [2] Illegal string offset 'name' D:\wnmp\www\allinone\App\Runtime\Cache\Home\801d07308a97ca116f16f8504ef328c7.php 第 37 行.
NOTIC: [8] Undefined index: song_name D:\wnmp\www\allinone\App\Runtime\Cache\Home\801d07308a97ca116f16f8504ef328c7.php 第 36 行.
NOTIC: [2] Illegal string offset 'name' D:\wnmp\www\allinone\App\Runtime\Cache\Home\801d07308a97ca116f16f8504ef328c7.php 第 37 行.
NOTIC: [8] Undefined index: song_name D:\wnmp\www\allinone\App\Runtime\Cache\Home\801d07308a97ca116f16f8504ef328c7.php 第 36 行.
NOTIC: [2] Illegal string offset 'name' D:\wnmp\www\allinone\App\Runtime\Cache\Home\801d07308a97ca116f16f8504ef328c7.php 第 37 行.
NOTIC: [8] Undefined index: song_name D:\wnmp\www\allinone\App\Runtime\Cache\Home\801d07308a97ca116f16f8504ef328c7.php 第 36 行.
NOTIC: [2] Illegal string offset 'name' D:\wnmp\www\allinone\App\Runtime\Cache\Home\801d07308a97ca116f16f8504ef328c7.php 第 37 行.
NOTIC: [8] Undefined index: song_name D:\wnmp\www\allinone\App\Runtime\Cache\Home\801d07308a97ca116f16f8504ef328c7.php 第 36 行.
NOTIC: [2] Illegal string offset 'name' D:\wnmp\www\allinone\App\Runtime\Cache\Home\801d07308a97ca116f16f8504ef328c7.php 第 37 行.
NOTIC: [8] Undefined index: song_name D:\wnmp\www\allinone\App\Runtime\Cache\Home\801d07308a97ca116f16f8504ef328c7.php 第 36 行.
NOTIC: [2] Illegal string offset 'name' D:\wnmp\www\allinone\App\Runtime\Cache\Home\801d07308a97ca116f16f8504ef328c7.php 第 37 行.
NOTIC: [8] Undefined index: song_name D:\wnmp\www\allinone\App\Runtime\Cache\Home\801d07308a97ca116f16f8504ef328c7.php 第 36 行.
NOTIC: [2] Illegal string offset 'name' D:\wnmp\www\allinone\App\Runtime\Cache\Home\801d07308a97ca116f16f8504ef328c7.php 第 37 行.
NOTIC: [8] Undefined index: song_name D:\wnmp\www\allinone\App\Runtime\Cache\Home\801d07308a97ca116f16f8504ef328c7.php 第 36 行.
NOTIC: [2] Illegal string offset 'name' D:\wnmp\www\allinone\App\Runtime\Cache\Home\801d07308a97ca116f16f8504ef328c7.php 第 37 行.
NOTIC: [8] Undefined index: song_name D:\wnmp\www\allinone\App\Runtime\Cache\Home\801d07308a97ca116f16f8504ef328c7.php 第 36 行.
NOTIC: [2] Illegal string offset 'name' D:\wnmp\www\allinone\App\Runtime\Cache\Home\801d07308a97ca116f16f8504ef328c7.php 第 37 行.
NOTIC: [8] Undefined index: song_name D:\wnmp\www\allinone\App\Runtime\Cache\Home\801d07308a97ca116f16f8504ef328c7.php 第 36 行.
NOTIC: [2] Illegal string offset 'name' D:\wnmp\www\allinone\App\Runtime\Cache\Home\801d07308a97ca116f16f8504ef328c7.php 第 37 行.
NOTIC: [8] Undefined index: song_name D:\wnmp\www\allinone\App\Runtime\Cache\Home\801d07308a97ca116f16f8504ef328c7.php 第 36 行.
NOTIC: [2] Illegal string offset 'name' D:\wnmp\www\allinone\App\Runtime\Cache\Home\801d07308a97ca116f16f8504ef328c7.php 第 37 行.
NOTIC: [8] Undefined index: song_name D:\wnmp\www\allinone\App\Runtime\Cache\Home\801d07308a97ca116f16f8504ef328c7.php 第 36 行.
NOTIC: [2] Illegal string offset 'name' D:\wnmp\www\allinone\App\Runtime\Cache\Home\801d07308a97ca116f16f8504ef328c7.php 第 37 行.
NOTIC: [8] Undefined index: song_name D:\wnmp\www\allinone\App\Runtime\Cache\Home\801d07308a97ca116f16f8504ef328c7.php 第 36 行.
NOTIC: [2] Illegal string offset 'name' D:\wnmp\www\allinone\App\Runtime\Cache\Home\801d07308a97ca116f16f8504ef328c7.php 第 37 行.
NOTIC: [8] Undefined index: song_name D:\wnmp\www\allinone\App\Runtime\Cache\Home\801d07308a97ca116f16f8504ef328c7.php 第 36 行.
NOTIC: [2] Illegal string offset 'name' D:\wnmp\www\allinone\App\Runtime\Cache\Home\801d07308a97ca116f16f8504ef328c7.php 第 37 行.
NOTIC: [8] Undefined index: song_name D:\wnmp\www\allinone\App\Runtime\Cache\Home\801d07308a97ca116f16f8504ef328c7.php 第 36 行.
NOTIC: [2] Illegal string offset 'name' D:\wnmp\www\allinone\App\Runtime\Cache\Home\801d07308a97ca116f16f8504ef328c7.php 第 37 行.
NOTIC: [8] Undefined index: song_name D:\wnmp\www\allinone\App\Runtime\Cache\Home\801d07308a97ca116f16f8504ef328c7.php 第 36 行.
NOTIC: [2] Illegal string offset 'name' D:\wnmp\www\allinone\App\Runtime\Cache\Home\801d07308a97ca116f16f8504ef328c7.php 第 37 行.
NOTIC: [8] Undefined index: song_name D:\wnmp\www\allinone\App\Runtime\Cache\Home\801d07308a97ca116f16f8504ef328c7.php 第 36 行.
NOTIC: [2] Illegal string offset 'name' D:\wnmp\www\allinone\App\Runtime\Cache\Home\801d07308a97ca116f16f8504ef328c7.php 第 37 行.
NOTIC: [8] Undefined index: song_name D:\wnmp\www\allinone\App\Runtime\Cache\Home\801d07308a97ca116f16f8504ef328c7.php 第 36 行.
NOTIC: [2] Illegal string offset 'name' D:\wnmp\www\allinone\App\Runtime\Cache\Home\801d07308a97ca116f16f8504ef328c7.php 第 37 行.
NOTIC: [8] Undefined index: song_name D:\wnmp\www\allinone\App\Runtime\Cache\Home\801d07308a97ca116f16f8504ef328c7.php 第 36 行.
NOTIC: [2] Illegal string offset 'name' D:\wnmp\www\allinone\App\Runtime\Cache\Home\801d07308a97ca116f16f8504ef328c7.php 第 37 行.
NOTIC: [8] Undefined index: song_name D:\wnmp\www\allinone\App\Runtime\Cache\Home\801d07308a97ca116f16f8504ef328c7.php 第 36 行.
NOTIC: [2] Illegal string offset 'name' D:\wnmp\www\allinone\App\Runtime\Cache\Home\801d07308a97ca116f16f8504ef328c7.php 第 37 行.
NOTIC: [8] Undefined index: song_name D:\wnmp\www\allinone\App\Runtime\Cache\Home\801d07308a97ca116f16f8504ef328c7.php 第 36 行.
NOTIC: [2] Illegal string offset 'name' D:\wnmp\www\allinone\App\Runtime\Cache\Home\801d07308a97ca116f16f8504ef328c7.php 第 37 行.
NOTIC: [8] Undefined index: song_name D:\wnmp\www\allinone\App\Runtime\Cache\Home\801d07308a97ca116f16f8504ef328c7.php 第 36 行.
NOTIC: [2] Illegal string offset 'name' D:\wnmp\www\allinone\App\Runtime\Cache\Home\801d07308a97ca116f16f8504ef328c7.php 第 37 行.
NOTIC: [8] Undefined index: song_name D:\wnmp\www\allinone\App\Runtime\Cache\Home\801d07308a97ca116f16f8504ef328c7.php 第 36 行.
NOTIC: [2] Illegal string offset 'name' D:\wnmp\www\allinone\App\Runtime\Cache\Home\801d07308a97ca116f16f8504ef328c7.php 第 37 行.
NOTIC: [8] Undefined index: song_name D:\wnmp\www\allinone\App\Runtime\Cache\Home\801d07308a97ca116f16f8504ef328c7.php 第 36 行.
NOTIC: [2] Illegal string offset 'name' D:\wnmp\www\allinone\App\Runtime\Cache\Home\801d07308a97ca116f16f8504ef328c7.php 第 37 行.
NOTIC: [8] Undefined index: song_name D:\wnmp\www\allinone\App\Runtime\Cache\Home\801d07308a97ca116f16f8504ef328c7.php 第 36 行.
NOTIC: [2] Illegal string offset 'name' D:\wnmp\www\allinone\App\Runtime\Cache\Home\801d07308a97ca116f16f8504ef328c7.php 第 37 行.
NOTIC: [8] Undefined index: song_name D:\wnmp\www\allinone\App\Runtime\Cache\Home\801d07308a97ca116f16f8504ef328c7.php 第 36 行.
NOTIC: [2] Illegal string offset 'name' D:\wnmp\www\allinone\App\Runtime\Cache\Home\801d07308a97ca116f16f8504ef328c7.php 第 37 行.
NOTIC: [8] Undefined index: song_name D:\wnmp\www\allinone\App\Runtime\Cache\Home\801d07308a97ca116f16f8504ef328c7.php 第 36 行.
NOTIC: [2] Illegal string offset 'name' D:\wnmp\www\allinone\App\Runtime\Cache\Home\801d07308a97ca116f16f8504ef328c7.php 第 37 行.
NOTIC: [8] Undefined index: song_name D:\wnmp\www\allinone\App\Runtime\Cache\Home\801d07308a97ca116f16f8504ef328c7.php 第 36 行.
NOTIC: [2] Illegal string offset 'name' D:\wnmp\www\allinone\App\Runtime\Cache\Home\801d07308a97ca116f16f8504ef328c7.php 第 37 行.
NOTIC: [8] Undefined index: song_name D:\wnmp\www\allinone\App\Runtime\Cache\Home\801d07308a97ca116f16f8504ef328c7.php 第 36 行.
NOTIC: [2] Illegal string offset 'name' D:\wnmp\www\allinone\App\Runtime\Cache\Home\801d07308a97ca116f16f8504ef328c7.php 第 37 行.
NOTIC: [8] Undefined index: song_name D:\wnmp\www\allinone\App\Runtime\Cache\Home\801d07308a97ca116f16f8504ef328c7.php 第 36 行.
NOTIC: [2] Illegal string offset 'name' D:\wnmp\www\allinone\App\Runtime\Cache\Home\801d07308a97ca116f16f8504ef328c7.php 第 37 行.
NOTIC: [8] Undefined index: song_name D:\wnmp\www\allinone\App\Runtime\Cache\Home\801d07308a97ca116f16f8504ef328c7.php 第 36 行.
NOTIC: [2] Illegal string offset 'name' D:\wnmp\www\allinone\App\Runtime\Cache\Home\801d07308a97ca116f16f8504ef328c7.php 第 37 行.
NOTIC: [8] Undefined index: song_name D:\wnmp\www\allinone\App\Runtime\Cache\Home\801d07308a97ca116f16f8504ef328c7.php 第 36 行.
NOTIC: [2] Illegal string offset 'name' D:\wnmp\www\allinone\App\Runtime\Cache\Home\801d07308a97ca116f16f8504ef328c7.php 第 37 行.
NOTIC: [8] Undefined index: song_name D:\wnmp\www\allinone\App\Runtime\Cache\Home\801d07308a97ca116f16f8504ef328c7.php 第 36 行.
NOTIC: [2] Illegal string offset 'name' D:\wnmp\www\allinone\App\Runtime\Cache\Home\801d07308a97ca116f16f8504ef328c7.php 第 37 行.
NOTIC: [8] Undefined index: song_name D:\wnmp\www\allinone\App\Runtime\Cache\Home\801d07308a97ca116f16f8504ef328c7.php 第 36 行.
NOTIC: [2] Illegal string offset 'name' D:\wnmp\www\allinone\App\Runtime\Cache\Home\801d07308a97ca116f16f8504ef328c7.php 第 37 行.
NOTIC: [8] Undefined index: song_name D:\wnmp\www\allinone\App\Runtime\Cache\Home\801d07308a97ca116f16f8504ef328c7.php 第 36 行.
NOTIC: [2] Illegal string offset 'name' D:\wnmp\www\allinone\App\Runtime\Cache\Home\801d07308a97ca116f16f8504ef328c7.php 第 37 行.
NOTIC: [8] Undefined index: song_name D:\wnmp\www\allinone\App\Runtime\Cache\Home\801d07308a97ca116f16f8504ef328c7.php 第 36 行.
NOTIC: [2] Illegal string offset 'name' D:\wnmp\www\allinone\App\Runtime\Cache\Home\801d07308a97ca116f16f8504ef328c7.php 第 37 行.
NOTIC: [8] Undefined index: song_name D:\wnmp\www\allinone\App\Runtime\Cache\Home\801d07308a97ca116f16f8504ef328c7.php 第 36 行.
NOTIC: [2] Illegal string offset 'name' D:\wnmp\www\allinone\App\Runtime\Cache\Home\801d07308a97ca116f16f8504ef328c7.php 第 37 行.
NOTIC: [8] Undefined index: song_name D:\wnmp\www\allinone\App\Runtime\Cache\Home\801d07308a97ca116f16f8504ef328c7.php 第 36 行.
NOTIC: [2] Illegal string offset 'name' D:\wnmp\www\allinone\App\Runtime\Cache\Home\801d07308a97ca116f16f8504ef328c7.php 第 37 行.
NOTIC: [8] Undefined index: song_name D:\wnmp\www\allinone\App\Runtime\Cache\Home\801d07308a97ca116f16f8504ef328c7.php 第 36 行.
NOTIC: [2] Illegal string offset 'name' D:\wnmp\www\allinone\App\Runtime\Cache\Home\801d07308a97ca116f16f8504ef328c7.php 第 37 行.
NOTIC: [8] Undefined index: song_name D:\wnmp\www\allinone\App\Runtime\Cache\Home\801d07308a97ca116f16f8504ef328c7.php 第 36 行.
NOTIC: [2] Illegal string offset 'name' D:\wnmp\www\allinone\App\Runtime\Cache\Home\801d07308a97ca116f16f8504ef328c7.php 第 37 行.
NOTIC: [8] Undefined index: song_name D:\wnmp\www\allinone\App\Runtime\Cache\Home\801d07308a97ca116f16f8504ef328c7.php 第 36 行.
NOTIC: [2] Illegal string offset 'name' D:\wnmp\www\allinone\App\Runtime\Cache\Home\801d07308a97ca116f16f8504ef328c7.php 第 37 行.
NOTIC: [8] Undefined index: song_name D:\wnmp\www\allinone\App\Runtime\Cache\Home\801d07308a97ca116f16f8504ef328c7.php 第 36 行.
NOTIC: [2] Illegal string offset 'name' D:\wnmp\www\allinone\App\Runtime\Cache\Home\801d07308a97ca116f16f8504ef328c7.php 第 37 行.
NOTIC: [8] Undefined index: song_name D:\wnmp\www\allinone\App\Runtime\Cache\Home\801d07308a97ca116f16f8504ef328c7.php 第 36 行.
NOTIC: [2] Illegal string offset 'name' D:\wnmp\www\allinone\App\Runtime\Cache\Home\801d07308a97ca116f16f8504ef328c7.php 第 37 行.
NOTIC: [8] Undefined index: song_name D:\wnmp\www\allinone\App\Runtime\Cache\Home\801d07308a97ca116f16f8504ef328c7.php 第 36 行.
NOTIC: [2] Illegal string offset 'name' D:\wnmp\www\allinone\App\Runtime\Cache\Home\801d07308a97ca116f16f8504ef328c7.php 第 37 行.
NOTIC: [8] Undefined index: song_name D:\wnmp\www\allinone\App\Runtime\Cache\Home\801d07308a97ca116f16f8504ef328c7.php 第 36 行.
NOTIC: [2] Illegal string offset 'name' D:\wnmp\www\allinone\App\Runtime\Cache\Home\801d07308a97ca116f16f8504ef328c7.php 第 37 行.
NOTIC: [8] Undefined index: song_name D:\wnmp\www\allinone\App\Runtime\Cache\Home\801d07308a97ca116f16f8504ef328c7.php 第 36 行.
NOTIC: [2] Illegal string offset 'name' D:\wnmp\www\allinone\App\Runtime\Cache\Home\801d07308a97ca116f16f8504ef328c7.php 第 37 行.
NOTIC: [8] Undefined index: song_name D:\wnmp\www\allinone\App\Runtime\Cache\Home\801d07308a97ca116f16f8504ef328c7.php 第 36 行.
NOTIC: [2] Illegal string offset 'name' D:\wnmp\www\allinone\App\Runtime\Cache\Home\801d07308a97ca116f16f8504ef328c7.php 第 37 行.
NOTIC: [8] Undefined index: song_name D:\wnmp\www\allinone\App\Runtime\Cache\Home\801d07308a97ca116f16f8504ef328c7.php 第 36 行.
NOTIC: [2] Illegal string offset 'name' D:\wnmp\www\allinone\App\Runtime\Cache\Home\801d07308a97ca116f16f8504ef328c7.php 第 37 行.
NOTIC: [8] Undefined index: song_name D:\wnmp\www\allinone\App\Runtime\Cache\Home\801d07308a97ca116f16f8504ef328c7.php 第 36 行.
NOTIC: [2] Illegal string offset 'name' D:\wnmp\www\allinone\App\Runtime\Cache\Home\801d07308a97ca116f16f8504ef328c7.php 第 37 行.
NOTIC: [8] Undefined index: song_name D:\wnmp\www\allinone\App\Runtime\Cache\Home\801d07308a97ca116f16f8504ef328c7.php 第 36 行.
NOTIC: [2] Illegal string offset 'name' D:\wnmp\www\allinone\App\Runtime\Cache\Home\801d07308a97ca116f16f8504ef328c7.php 第 37 行.
NOTIC: [8] Undefined index: song_name D:\wnmp\www\allinone\App\Runtime\Cache\Home\801d07308a97ca116f16f8504ef328c7.php 第 36 行.
NOTIC: [2] Illegal string offset 'name' D:\wnmp\www\allinone\App\Runtime\Cache\Home\801d07308a97ca116f16f8504ef328c7.php 第 37 行.
NOTIC: [8] Undefined index: song_name D:\wnmp\www\allinone\App\Runtime\Cache\Home\801d07308a97ca116f16f8504ef328c7.php 第 36 行.
NOTIC: [2] Illegal string offset 'name' D:\wnmp\www\allinone\App\Runtime\Cache\Home\801d07308a97ca116f16f8504ef328c7.php 第 37 行.
NOTIC: [8] Undefined index: song_name D:\wnmp\www\allinone\App\Runtime\Cache\Home\801d07308a97ca116f16f8504ef328c7.php 第 36 行.
NOTIC: [2] Illegal string offset 'name' D:\wnmp\www\allinone\App\Runtime\Cache\Home\801d07308a97ca116f16f8504ef328c7.php 第 37 行.
NOTIC: [8] Undefined index: song_name D:\wnmp\www\allinone\App\Runtime\Cache\Home\801d07308a97ca116f16f8504ef328c7.php 第 36 行.
NOTIC: [2] Illegal string offset 'name' D:\wnmp\www\allinone\App\Runtime\Cache\Home\801d07308a97ca116f16f8504ef328c7.php 第 37 行.
NOTIC: [8] Undefined index: song_name D:\wnmp\www\allinone\App\Runtime\Cache\Home\801d07308a97ca116f16f8504ef328c7.php 第 36 行.
NOTIC: [2] Illegal string offset 'name' D:\wnmp\www\allinone\App\Runtime\Cache\Home\801d07308a97ca116f16f8504ef328c7.php 第 37 行.
NOTIC: [8] Undefined index: song_name D:\wnmp\www\allinone\App\Runtime\Cache\Home\801d07308a97ca116f16f8504ef328c7.php 第 36 行.
NOTIC: [2] Illegal string offset 'name' D:\wnmp\www\allinone\App\Runtime\Cache\Home\801d07308a97ca116f16f8504ef328c7.php 第 37 行.
INFO: Run Behavior\ParseTemplateBehavior [ RunTime:0.085610s ]
INFO: [ view_parse ] --END-- [ RunTime:0.085742s ]
INFO: [ view_filter ] --START--
INFO: Run Behavior\WriteHtmlCacheBehavior [ RunTime:0.004961s ]
INFO: [ view_filter ] --END-- [ RunTime:0.005060s ]
INFO: [ app_end ] --START--
INFO: Run Behavior\ShowPageTraceBehavior [ RunTime:0.010829s ]
INFO: [ app_end ] --END-- [ RunTime:0.011122s ]

