[ 2016-05-30T16:24:56+08:00 ] 127.0.0.1 /
INFO: [ app_init ] --START--
INFO: Run Behavior\BuildLiteBehavior [ RunTime:0.000026s ]
INFO: [ app_init ] --END-- [ RunTime:0.001151s ]
INFO: [ app_begin ] --START--
INFO: Run Behavior\ReadHtmlCacheBehavior [ RunTime:0.001618s ]
INFO: [ app_begin ] --END-- [ RunTime:0.001706s ]
NOTIC: [2] curl_setopt(): You must pass either an object or an array with the CURLOPT_HTTPHEADER, CURLOPT_QUOTE, CURLOPT_HTTP200ALIASES and CURLOPT_POSTQUOTE arguments D:\wnmp\www\allinone\App\Home\Controller\IndexController.class.php 第 15 行.
INFO: [ view_parse ] --START--
INFO: [ template_filter ] --START--
INFO: Run Behavior\ContentReplaceBehavior [ RunTime:0.000166s ]
INFO: [ template_filter ] --END-- [ RunTime:0.000336s ]
NOTIC: [8] Undefined index: song_name D:\wnmp\www\allinone\App\Runtime\Cache\Home\801d07308a97ca116f16f8504ef328c7.php 第 36 行.
NOTIC: [2] Illegal string offset 'name' D:\wnmp\www\allinone\App\Runtime\Cache\Home\801d07308a97ca116f16f8504ef328c7.php 第 37 行.
NOTIC: [8] Undefined index: song_name D:\wnmp\www\allinone\App\Runtime\Cache\Home\801d07308a97ca116f16f8504ef328c7.php 第 36 行.
NOTIC: [2] Illegal string offset 'name' D:\wnmp\www\allinone\App\Runtime\Cache\Home\801d07308a97ca116f16f8504ef328c7.php 第 37 行.
NOTIC: [8] Undefined index: song_name D:\wnmp\www\allinone\App\Runtime\Cache\Home\801d07308a97ca116f16f8504ef328c7.php 第 36 行.
NOTIC: [2] Illegal string offset 'name' D:\wnmp\www\allinone\App\Runtime\Cache\Home\801d07308a97ca116f16f8504ef328c7.php 第 37 行.
NOTIC: [8] Undefined index: song_name D:\wnmp\www\allinone\App\Runtime\Cache\Home\801d07308a97ca116f16f8504ef328c7.php 第 36 行.
NOTIC: [2] Illegal string offset 'name' D:\wnmp\www\allinone\App\Runtime\Cache\Home\801d07308a97ca116f16f8504ef328c7.php 第 37 行.
NOTIC: [8] Undefined index: song_name D:\wnmp\www\allinone\App\Runtime\Cache\Home\801d07308a97ca116f16f8504ef328c7.php 第 36 行.
NOTIC: [2] Illegal string offset 'name' D:\wnmp\www\allinone\App\Runtime\Cache\Home\801d07308a97ca116f16f8504ef328c7.php 第 37 行.
NOTIC: [8] Undefined index: song_name D:\wnmp\www\allinone\App\Runtime\Cache\Home\801d07308a97ca116f16f8504ef328c7.php 第 36 行.
NOTIC: [2] Illegal string offset 'name' D:\wnmp\www\allinone\App\Runtime\Cache\Home\801d07308a97ca116f16f8504ef328c7.php 第 37 行.
NOTIC: [8] Undefined index: song_name D:\wnmp\www\allinone\App\Runtime\Cache\Home\801d07308a97ca116f16f8504ef328c7.php 第 36 行.
NOTIC: [2] Illegal string offset 'name' D:\wnmp\www\allinone\App\Runtime\Cache\Home\801d07308a97ca116f16f8504ef328c7.php 第 37 行.
NOTIC: [8] Undefined index: song_name D:\wnmp\www\allinone\App\Runtime\Cache\Home\801d07308a97ca116f16f8504ef328c7.php 第 36 行.
NOTIC: [2] Illegal string offset 'name' D:\wnmp\www\allinone\App\Runtime\Cache\Home\801d07308a97ca116f16f8504ef328c7.php 第 37 行.
NOTIC: [8] Undefined index: song_name D:\wnmp\www\allinone\App\Runtime\Cache\Home\801d07308a97ca116f16f8504ef328c7.php 第 36 行.
NOTIC: [2] Illegal string offset 'name' D:\wnmp\www\allinone\App\Runtime\Cache\Home\801d07308a97ca116f16f8504ef328c7.php 第 37 行.
NOTIC: [8] Undefined index: song_name D:\wnmp\www\allinone\App\Runtime\Cache\Home\801d07308a97ca116f16f8504ef328c7.php 第 36 行.
NOTIC: [2] Illegal string offset 'name' D:\wnmp\www\allinone\App\Runtime\Cache\Home\801d07308a97ca116f16f8504ef328c7.php 第 37 行.
NOTIC: [8] Undefined index: song_name D:\wnmp\www\allinone\App\Runtime\Cache\Home\801d07308a97ca116f16f8504ef328c7.php 第 36 行.
NOTIC: [2] Illegal string offset 'name' D:\wnmp\www\allinone\App\Runtime\Cache\Home\801d07308a97ca116f16f8504ef328c7.php 第 37 行.
NOTIC: [8] Undefined index: song_name D:\wnmp\www\allinone\App\Runtime\Cache\Home\801d07308a97ca116f16f8504ef328c7.php 第 36 行.
NOTIC: [2] Illegal string offset 'name' D:\wnmp\www\allinone\App\Runtime\Cache\Home\801d07308a97ca116f16f8504ef328c7.php 第 37 行.
NOTIC: [8] Undefined index: song_name D:\wnmp\www\allinone\App\Runtime\Cache\Home\801d07308a97ca116f16f8504ef328c7.php 第 36 行.
NOTIC: [2] Illegal string offset 'name' D:\wnmp\www\allinone\App\Runtime\Cache\Home\801d07308a97ca116f16f8504ef328c7.php 第 37 行.
NOTIC: [8] Undefined index: song_name D:\wnmp\www\allinone\App\Runtime\Cache\Home\801d07308a97ca116f16f8504ef328c7.php 第 36 行.
NOTIC: [2] Illegal string offset 'name' D:\wnmp\www\allinone\App\Runtime\Cache\Home\801d07308a97ca116f16f8504ef328c7.php 第 37 行.
NOTIC: [8] Undefined index: song_name D:\wnmp\www\allinone\App\Runtime\Cache\Home\801d07308a97ca116f16f8504ef328c7.php 第 36 行.
NOTIC: [2] Illegal string offset 'name' D:\wnmp\www\allinone\App\Runtime\Cache\Home\801d07308a97ca116f16f8504ef328c7.php 第 37 行.
NOTIC: [8] Undefined index: song_name D:\wnmp\www\allinone\App\Runtime\Cache\Home\801d07308a97ca116f16f8504ef328c7.php 第 36 行.
NOTIC: [2] Illegal string offset 'name' D:\wnmp\www\allinone\App\Runtime\Cache\Home\801d07308a97ca116f16f8504ef328c7.php 第 37 行.
NOTIC: [8] Undefined index: song_name D:\wnmp\www\allinone\App\Runtime\Cache\Home\801d07308a97ca116f16f8504ef328c7.php 第 36 行.
NOTIC: [2] Illegal string offset 'name' D:\wnmp\www\allinone\App\Runtime\Cache\Home\801d07308a97ca116f16f8504ef328c7.php 第 37 行.
NOTIC: [8] Undefined index: song_name D:\wnmp\www\allinone\App\Runtime\Cache\Home\801d07308a97ca116f16f8504ef328c7.php 第 36 行.
NOTIC: [2] Illegal string offset 'name' D:\wnmp\www\allinone\App\Runtime\Cache\Home\801d07308a97ca116f16f8504ef328c7.php 第 37 行.
NOTIC: [8] Undefined index: song_name D:\wnmp\www\allinone\App\Runtime\Cache\Home\801d07308a97ca116f16f8504ef328c7.php 第 36 行.
NOTIC: [2] Illegal string offset 'name' D:\wnmp\www\allinone\App\Runtime\Cache\Home\801d07308a97ca116f16f8504ef328c7.php 第 37 行.
NOTIC: [8] Undefined index: song_name D:\wnmp\www\allinone\App\Runtime\Cache\Home\801d07308a97ca116f16f8504ef328c7.php 第 36 行.
NOTIC: [2] Illegal string offset 'name' D:\wnmp\www\allinone\App\Runtime\Cache\Home\801d07308a97ca116f16f8504ef328c7.php 第 37 行.
NOTIC: [8] Undefined index: song_name D:\wnmp\www\allinone\App\Runtime\Cache\Home\801d07308a97ca116f16f8504ef328c7.php 第 36 行.
NOTIC: [2] Illegal string offset 'name' D:\wnmp\www\allinone\App\Runtime\Cache\Home\801d07308a97ca116f16f8504ef328c7.php 第 37 行.
NOTIC: [8] Undefined index: song_name D:\wnmp\www\allinone\App\Runtime\Cache\Home\801d07308a97ca116f16f8504ef328c7.php 第 36 行.
NOTIC: [2] Illegal string offset 'name' D:\wnmp\www\allinone\App\Runtime\Cache\Home\801d07308a97ca116f16f8504ef328c7.php 第 37 行.
NOTIC: [8] Undefined index: song_name D:\wnmp\www\allinone\App\Runtime\Cache\Home\801d07308a97ca116f16f8504ef328c7.php 第 36 行.
NOTIC: [2] Illegal string offset 'name' D:\wnmp\www\allinone\App\Runtime\Cache\Home\801d07308a97ca116f16f8504ef328c7.php 第 37 行.
NOTIC: [8] Undefined index: song_name D:\wnmp\www\allinone\App\Runtime\Cache\Home\801d07308a97ca116f16f8504ef328c7.php 第 36 行.
NOTIC: [2] Illegal string offset 'name' D:\wnmp\www\allinone\App\Runtime\Cache\Home\801d07308a97ca116f16f8504ef328c7.php 第 37 行.
NOTIC: [8] Undefined index: song_name D:\wnmp\www\allinone\App\Runtime\Cache\Home\801d07308a97ca116f16f8504ef328c7.php 第 36 行.
NOTIC: [2] Illegal string offset 'name' D:\wnmp\www\allinone\App\Runtime\Cache\Home\801d07308a97ca116f16f8504ef328c7.php 第 37 行.
NOTIC: [8] Undefined index: song_name D:\wnmp\www\allinone\App\Runtime\Cache\Home\801d07308a97ca116f16f8504ef328c7.php 第 36 行.
NOTIC: [2] Illegal string offset 'name' D:\wnmp\www\allinone\App\Runtime\Cache\Home\801d07308a97ca116f16f8504ef328c7.php 第 37 行.
NOTIC: [8] Undefined index: song_name D:\wnmp\www\allinone\App\Runtime\Cache\Home\801d07308a97ca116f16f8504ef328c7.php 第 36 行.
NOTIC: [2] Illegal string offset 'name' D:\wnmp\www\allinone\App\Runtime\Cache\Home\801d07308a97ca116f16f8504ef328c7.php 第 37 行.
NOTIC: [8] Undefined index: song_name D:\wnmp\www\allinone\App\Runtime\Cache\Home\801d07308a97ca116f16f8504ef328c7.php 第 36 行.
NOTIC: [2] Illegal string offset 'name' D:\wnmp\www\allinone\App\Runtime\Cache\Home\801d07308a97ca116f16f8504ef328c7.php 第 37 行.
NOTIC: [8] Undefined index: song_name D:\wnmp\www\allinone\App\Runtime\Cache\Home\801d07308a97ca116f16f8504ef328c7.php 第 36 行.
NOTIC: [2] Illegal string offset 'name' D:\wnmp\www\allinone\App\Runtime\Cache\Home\801d07308a97ca116f16f8504ef328c7.php 第 37 行.
NOTIC: [8] Undefined index: song_name D:\wnmp\www\allinone\App\Runtime\Cache\Home\801d07308a97ca116f16f8504ef328c7.php 第 36 行.
NOTIC: [2] Illegal string offset 'name' D:\wnmp\www\allinone\App\Runtime\Cache\Home\801d07308a97ca116f16f8504ef328c7.php 第 37 行.
NOTIC: [8] Undefined index: song_name D:\wnmp\www\allinone\App\Runtime\Cache\Home\801d07308a97ca116f16f8504ef328c7.php 第 36 行.
NOTIC: [2] Illegal string offset 'name' D:\wnmp\www\allinone\App\Runtime\Cache\Home\801d07308a97ca116f16f8504ef328c7.php 第 37 行.
NOTIC: [8] Undefined index: song_name D:\wnmp\www\allinone\App\Runtime\Cache\Home\801d07308a97ca116f16f8504ef328c7.php 第 36 行.
NOTIC: [2] Illegal string offset 'name' D:\wnmp\www\allinone\App\Runtime\Cache\Home\801d07308a97ca116f16f8504ef328c7.php 第 37 行.
NOTIC: [8] Undefined index: song_name D:\wnmp\www\allinone\App\Runtime\Cache\Home\801d07308a97ca116f16f8504ef328c7.php 第 36 行.
NOTIC: [2] Illegal string offset 'name' D:\wnmp\www\allinone\App\Runtime\Cache\Home\801d07308a97ca116f16f8504ef328c7.php 第 37 行.
NOTIC: [8] Undefined index: song_name D:\wnmp\www\allinone\App\Runtime\Cache\Home\801d07308a97ca116f16f8504ef328c7.php 第 36 行.
NOTIC: [2] Illegal string offset 'name' D:\wnmp\www\allinone\App\Runtime\Cache\Home\801d07308a97ca116f16f8504ef328c7.php 第 37 行.
NOTIC: [8] Undefined index: song_name D:\wnmp\www\allinone\App\Runtime\Cache\Home\801d07308a97ca116f16f8504ef328c7.php 第 36 行.
NOTIC: [2] Illegal string offset 'name' D:\wnmp\www\allinone\App\Runtime\Cache\Home\801d07308a97ca116f16f8504ef328c7.php 第 37 行.
NOTIC: [8] Undefined index: song_name D:\wnmp\www\allinone\App\Runtime\Cache\Home\801d07308a97ca116f16f8504ef328c7.php 第 36 行.
NOTIC: [2] Illegal string offset 'name' D:\wnmp\www\allinone\App\Runtime\Cache\Home\801d07308a97ca116f16f8504ef328c7.php 第 37 行.
NOTIC: [8] Undefined index: song_name D:\wnmp\www\allinone\App\Runtime\Cache\Home\801d07308a97ca116f16f8504ef328c7.php 第 36 行.
NOTIC: [2] Illegal string offset 'name' D:\wnmp\www\allinone\App\Runtime\Cache\Home\801d07308a97ca116f16f8504ef328c7.php 第 37 行.
NOTIC: [8] Undefined index: song_name D:\wnmp\www\allinone\App\Runtime\Cache\Home\801d07308a97ca116f16f8504ef328c7.php 第 36 行.
NOTIC: [8] Uninitialized string offset: 0 D:\wnmp\www\allinone\App\Runtime\Cache\Home\801d07308a97ca116f16f8504ef328c7.php 第 37 行.
NOTIC: [2] Illegal string offset 'name' D:\wnmp\www\allinone\App\Runtime\Cache\Home\801d07308a97ca116f16f8504ef328c7.php 第 37 行.
NOTIC: [8] Uninitialized string offset: 0 D:\wnmp\www\allinone\App\Runtime\Cache\Home\801d07308a97ca116f16f8504ef328c7.php 第 37 行.
NOTIC: [8] Undefined index: song_name D:\wnmp\www\allinone\App\Runtime\Cache\Home\801d07308a97ca116f16f8504ef328c7.php 第 36 行.
NOTIC: [2] Illegal string offset 'name' D:\wnmp\www\allinone\App\Runtime\Cache\Home\801d07308a97ca116f16f8504ef328c7.php 第 37 行.
NOTIC: [8] Undefined index: song_name D:\wnmp\www\allinone\App\Runtime\Cache\Home\801d07308a97ca116f16f8504ef328c7.php 第 36 行.
NOTIC: [2] Illegal string offset 'name' D:\wnmp\www\allinone\App\Runtime\Cache\Home\801d07308a97ca116f16f8504ef328c7.php 第 37 行.
NOTIC: [8] Undefined index: song_name D:\wnmp\www\allinone\App\Runtime\Cache\Home\801d07308a97ca116f16f8504ef328c7.php 第 36 行.
NOTIC: [2] Illegal string offset 'name' D:\wnmp\www\allinone\App\Runtime\Cache\Home\801d07308a97ca116f16f8504ef328c7.php 第 37 行.
NOTIC: [8] Undefined index: song_name D:\wnmp\www\allinone\App\Runtime\Cache\Home\801d07308a97ca116f16f8504ef328c7.php 第 36 行.
NOTIC: [2] Illegal string offset 'name' D:\wnmp\www\allinone\App\Runtime\Cache\Home\801d07308a97ca116f16f8504ef328c7.php 第 37 行.
NOTIC: [8] Undefined index: song_name D:\wnmp\www\allinone\App\Runtime\Cache\Home\801d07308a97ca116f16f8504ef328c7.php 第 36 行.
NOTIC: [2] Illegal string offset 'name' D:\wnmp\www\allinone\App\Runtime\Cache\Home\801d07308a97ca116f16f8504ef328c7.php 第 37 行.
NOTIC: [8] Undefined index: song_name D:\wnmp\www\allinone\App\Runtime\Cache\Home\801d07308a97ca116f16f8504ef328c7.php 第 36 行.
NOTIC: [2] Illegal string offset 'name' D:\wnmp\www\allinone\App\Runtime\Cache\Home\801d07308a97ca116f16f8504ef328c7.php 第 37 行.
NOTIC: [8] Undefined index: song_name D:\wnmp\www\allinone\App\Runtime\Cache\Home\801d07308a97ca116f16f8504ef328c7.php 第 36 行.
NOTIC: [2] Illegal string offset 'name' D:\wnmp\www\allinone\App\Runtime\Cache\Home\801d07308a97ca116f16f8504ef328c7.php 第 37 行.
NOTIC: [8] Undefined index: song_name D:\wnmp\www\allinone\App\Runtime\Cache\Home\801d07308a97ca116f16f8504ef328c7.php 第 36 行.
NOTIC: [2] Illegal string offset 'name' D:\wnmp\www\allinone\App\Runtime\Cache\Home\801d07308a97ca116f16f8504ef328c7.php 第 37 行.
NOTIC: [8] Undefined index: song_name D:\wnmp\www\allinone\App\Runtime\Cache\Home\801d07308a97ca116f16f8504ef328c7.php 第 36 行.
NOTIC: [2] Illegal string offset 'name' D:\wnmp\www\allinone\App\Runtime\Cache\Home\801d07308a97ca116f16f8504ef328c7.php 第 37 行.
NOTIC: [8] Undefined index: song_name D:\wnmp\www\allinone\App\Runtime\Cache\Home\801d07308a97ca116f16f8504ef328c7.php 第 36 行.
NOTIC: [2] Illegal string offset 'name' D:\wnmp\www\allinone\App\Runtime\Cache\Home\801d07308a97ca116f16f8504ef328c7.php 第 37 行.
NOTIC: [8] Undefined index: song_name D:\wnmp\www\allinone\App\Runtime\Cache\Home\801d07308a97ca116f16f8504ef328c7.php 第 36 行.
NOTIC: [8] Uninitialized string offset: 0 D:\wnmp\www\allinone\App\Runtime\Cache\Home\801d07308a97ca116f16f8504ef328c7.php 第 37 行.
NOTIC: [2] Illegal string offset 'name' D:\wnmp\www\allinone\App\Runtime\Cache\Home\801d07308a97ca116f16f8504ef328c7.php 第 37 行.
NOTIC: [8] Uninitialized string offset: 0 D:\wnmp\www\allinone\App\Runtime\Cache\Home\801d07308a97ca116f16f8504ef328c7.php 第 37 行.
NOTIC: [8] Undefined index: song_name D:\wnmp\www\allinone\App\Runtime\Cache\Home\801d07308a97ca116f16f8504ef328c7.php 第 36 行.
NOTIC: [2] Illegal string offset 'name' D:\wnmp\www\allinone\App\Runtime\Cache\Home\801d07308a97ca116f16f8504ef328c7.php 第 37 行.
NOTIC: [8] Undefined index: song_name D:\wnmp\www\allinone\App\Runtime\Cache\Home\801d07308a97ca116f16f8504ef328c7.php 第 36 行.
NOTIC: [8] Uninitialized string offset: 0 D:\wnmp\www\allinone\App\Runtime\Cache\Home\801d07308a97ca116f16f8504ef328c7.php 第 37 行.
NOTIC: [2] Illegal string offset 'name' D:\wnmp\www\allinone\App\Runtime\Cache\Home\801d07308a97ca116f16f8504ef328c7.php 第 37 行.
NOTIC: [8] Uninitialized string offset: 0 D:\wnmp\www\allinone\App\Runtime\Cache\Home\801d07308a97ca116f16f8504ef328c7.php 第 37 行.
NOTIC: [8] Undefined index: song_name D:\wnmp\www\allinone\App\Runtime\Cache\Home\801d07308a97ca116f16f8504ef328c7.php 第 36 行.
NOTIC: [2] Illegal string offset 'name' D:\wnmp\www\allinone\App\Runtime\Cache\Home\801d07308a97ca116f16f8504ef328c7.php 第 37 行.
NOTIC: [8] Undefined index: song_name D:\wnmp\www\allinone\App\Runtime\Cache\Home\801d07308a97ca116f16f8504ef328c7.php 第 36 行.
NOTIC: [2] Illegal string offset 'name' D:\wnmp\www\allinone\App\Runtime\Cache\Home\801d07308a97ca116f16f8504ef328c7.php 第 37 行.
NOTIC: [8] Undefined index: song_name D:\wnmp\www\allinone\App\Runtime\Cache\Home\801d07308a97ca116f16f8504ef328c7.php 第 36 行.
NOTIC: [2] Illegal string offset 'name' D:\wnmp\www\allinone\App\Runtime\Cache\Home\801d07308a97ca116f16f8504ef328c7.php 第 37 行.
NOTIC: [8] Undefined index: song_name D:\wnmp\www\allinone\App\Runtime\Cache\Home\801d07308a97ca116f16f8504ef328c7.php 第 36 行.
NOTIC: [2] Illegal string offset 'name' D:\wnmp\www\allinone\App\Runtime\Cache\Home\801d07308a97ca116f16f8504ef328c7.php 第 37 行.
NOTIC: [8] Undefined index: song_name D:\wnmp\www\allinone\App\Runtime\Cache\Home\801d07308a97ca116f16f8504ef328c7.php 第 36 行.
NOTIC: [2] Illegal string offset 'name' D:\wnmp\www\allinone\App\Runtime\Cache\Home\801d07308a97ca116f16f8504ef328c7.php 第 37 行.
NOTIC: [8] Undefined index: song_name D:\wnmp\www\allinone\App\Runtime\Cache\Home\801d07308a97ca116f16f8504ef328c7.php 第 36 行.
NOTIC: [2] Illegal string offset 'name' D:\wnmp\www\allinone\App\Runtime\Cache\Home\801d07308a97ca116f16f8504ef328c7.php 第 37 行.
NOTIC: [8] Undefined index: song_name D:\wnmp\www\allinone\App\Runtime\Cache\Home\801d07308a97ca116f16f8504ef328c7.php 第 36 行.
NOTIC: [2] Illegal string offset 'name' D:\wnmp\www\allinone\App\Runtime\Cache\Home\801d07308a97ca116f16f8504ef328c7.php 第 37 行.
NOTIC: [8] Undefined index: song_name D:\wnmp\www\allinone\App\Runtime\Cache\Home\801d07308a97ca116f16f8504ef328c7.php 第 36 行.
NOTIC: [2] Illegal string offset 'name' D:\wnmp\www\allinone\App\Runtime\Cache\Home\801d07308a97ca116f16f8504ef328c7.php 第 37 行.
NOTIC: [8] Undefined index: song_name D:\wnmp\www\allinone\App\Runtime\Cache\Home\801d07308a97ca116f16f8504ef328c7.php 第 36 行.
NOTIC: [2] Illegal string offset 'name' D:\wnmp\www\allinone\App\Runtime\Cache\Home\801d07308a97ca116f16f8504ef328c7.php 第 37 行.
NOTIC: [8] Undefined index: song_name D:\wnmp\www\allinone\App\Runtime\Cache\Home\801d07308a97ca116f16f8504ef328c7.php 第 36 行.
NOTIC: [2] Illegal string offset 'name' D:\wnmp\www\allinone\App\Runtime\Cache\Home\801d07308a97ca116f16f8504ef328c7.php 第 37 行.
NOTIC: [8] Undefined index: song_name D:\wnmp\www\allinone\App\Runtime\Cache\Home\801d07308a97ca116f16f8504ef328c7.php 第 36 行.
NOTIC: [2] Illegal string offset 'name' D:\wnmp\www\allinone\App\Runtime\Cache\Home\801d07308a97ca116f16f8504ef328c7.php 第 37 行.
NOTIC: [8] Undefined index: song_name D:\wnmp\www\allinone\App\Runtime\Cache\Home\801d07308a97ca116f16f8504ef328c7.php 第 36 行.
NOTIC: [2] Illegal string offset 'name' D:\wnmp\www\allinone\App\Runtime\Cache\Home\801d07308a97ca116f16f8504ef328c7.php 第 37 行.
NOTIC: [8] Undefined index: song_name D:\wnmp\www\allinone\App\Runtime\Cache\Home\801d07308a97ca116f16f8504ef328c7.php 第 36 行.
NOTIC: [2] Illegal string offset 'name' D:\wnmp\www\allinone\App\Runtime\Cache\Home\801d07308a97ca116f16f8504ef328c7.php 第 37 行.
NOTIC: [8] Undefined index: song_name D:\wnmp\www\allinone\App\Runtime\Cache\Home\801d07308a97ca116f16f8504ef328c7.php 第 36 行.
NOTIC: [2] Illegal string offset 'name' D:\wnmp\www\allinone\App\Runtime\Cache\Home\801d07308a97ca116f16f8504ef328c7.php 第 37 行.
NOTIC: [8] Undefined index: song_name D:\wnmp\www\allinone\App\Runtime\Cache\Home\801d07308a97ca116f16f8504ef328c7.php 第 36 行.
NOTIC: [2] Illegal string offset 'name' D:\wnmp\www\allinone\App\Runtime\Cache\Home\801d07308a97ca116f16f8504ef328c7.php 第 37 行.
NOTIC: [8] Undefined index: song_name D:\wnmp\www\allinone\App\Runtime\Cache\Home\801d07308a97ca116f16f8504ef328c7.php 第 36 行.
NOTIC: [2] Illegal string offset 'name' D:\wnmp\www\allinone\App\Runtime\Cache\Home\801d07308a97ca116f16f8504ef328c7.php 第 37 行.
NOTIC: [8] Undefined index: song_name D:\wnmp\www\allinone\App\Runtime\Cache\Home\801d07308a97ca116f16f8504ef328c7.php 第 36 行.
NOTIC: [2] Illegal string offset 'name' D:\wnmp\www\allinone\App\Runtime\Cache\Home\801d07308a97ca116f16f8504ef328c7.php 第 37 行.
NOTIC: [8] Undefined index: song_name D:\wnmp\www\allinone\App\Runtime\Cache\Home\801d07308a97ca116f16f8504ef328c7.php 第 36 行.
NOTIC: [2] Illegal string offset 'name' D:\wnmp\www\allinone\App\Runtime\Cache\Home\801d07308a97ca116f16f8504ef328c7.php 第 37 行.
NOTIC: [8] Undefined index: song_name D:\wnmp\www\allinone\App\Runtime\Cache\Home\801d07308a97ca116f16f8504ef328c7.php 第 36 行.
NOTIC: [2] Illegal string offset 'name' D:\wnmp\www\allinone\App\Runtime\Cache\Home\801d07308a97ca116f16f8504ef328c7.php 第 37 行.
NOTIC: [8] Undefined index: song_name D:\wnmp\www\allinone\App\Runtime\Cache\Home\801d07308a97ca116f16f8504ef328c7.php 第 36 行.
NOTIC: [2] Illegal string offset 'name' D:\wnmp\www\allinone\App\Runtime\Cache\Home\801d07308a97ca116f16f8504ef328c7.php 第 37 行.
NOTIC: [8] Undefined index: song_name D:\wnmp\www\allinone\App\Runtime\Cache\Home\801d07308a97ca116f16f8504ef328c7.php 第 36 行.
NOTIC: [2] Illegal string offset 'name' D:\wnmp\www\allinone\App\Runtime\Cache\Home\801d07308a97ca116f16f8504ef328c7.php 第 37 行.
NOTIC: [8] Undefined index: song_name D:\wnmp\www\allinone\App\Runtime\Cache\Home\801d07308a97ca116f16f8504ef328c7.php 第 36 行.
NOTIC: [2] Illegal string offset 'name' D:\wnmp\www\allinone\App\Runtime\Cache\Home\801d07308a97ca116f16f8504ef328c7.php 第 37 行.
NOTIC: [8] Undefined index: song_name D:\wnmp\www\allinone\App\Runtime\Cache\Home\801d07308a97ca116f16f8504ef328c7.php 第 36 行.
NOTIC: [2] Illegal string offset 'name' D:\wnmp\www\allinone\App\Runtime\Cache\Home\801d07308a97ca116f16f8504ef328c7.php 第 37 行.
NOTIC: [8] Undefined index: song_name D:\wnmp\www\allinone\App\Runtime\Cache\Home\801d07308a97ca116f16f8504ef328c7.php 第 36 行.
NOTIC: [2] Illegal string offset 'name' D:\wnmp\www\allinone\App\Runtime\Cache\Home\801d07308a97ca116f16f8504ef328c7.php 第 37 行.
NOTIC: [8] Undefined index: song_name D:\wnmp\www\allinone\App\Runtime\Cache\Home\801d07308a97ca116f16f8504ef328c7.php 第 36 行.
NOTIC: [2] Illegal string offset 'name' D:\wnmp\www\allinone\App\Runtime\Cache\Home\801d07308a97ca116f16f8504ef328c7.php 第 37 行.
NOTIC: [8] Undefined index: song_name D:\wnmp\www\allinone\App\Runtime\Cache\Home\801d07308a97ca116f16f8504ef328c7.php 第 36 行.
NOTIC: [2] Illegal string offset 'name' D:\wnmp\www\allinone\App\Runtime\Cache\Home\801d07308a97ca116f16f8504ef328c7.php 第 37 行.
NOTIC: [8] Undefined index: song_name D:\wnmp\www\allinone\App\Runtime\Cache\Home\801d07308a97ca116f16f8504ef328c7.php 第 36 行.
NOTIC: [2] Illegal string offset 'name' D:\wnmp\www\allinone\App\Runtime\Cache\Home\801d07308a97ca116f16f8504ef328c7.php 第 37 行.
NOTIC: [8] Undefined index: song_name D:\wnmp\www\allinone\App\Runtime\Cache\Home\801d07308a97ca116f16f8504ef328c7.php 第 36 行.
NOTIC: [2] Illegal string offset 'name' D:\wnmp\www\allinone\App\Runtime\Cache\Home\801d07308a97ca116f16f8504ef328c7.php 第 37 行.
NOTIC: [8] Undefined index: song_name D:\wnmp\www\allinone\App\Runtime\Cache\Home\801d07308a97ca116f16f8504ef328c7.php 第 36 行.
NOTIC: [2] Illegal string offset 'name' D:\wnmp\www\allinone\App\Runtime\Cache\Home\801d07308a97ca116f16f8504ef328c7.php 第 37 行.
NOTIC: [8] Undefined index: song_name D:\wnmp\www\allinone\App\Runtime\Cache\Home\801d07308a97ca116f16f8504ef328c7.php 第 36 行.
NOTIC: [2] Illegal string offset 'name' D:\wnmp\www\allinone\App\Runtime\Cache\Home\801d07308a97ca116f16f8504ef328c7.php 第 37 行.
NOTIC: [8] Undefined index: song_name D:\wnmp\www\allinone\App\Runtime\Cache\Home\801d07308a97ca116f16f8504ef328c7.php 第 36 行.
NOTIC: [2] Illegal string offset 'name' D:\wnmp\www\allinone\App\Runtime\Cache\Home\801d07308a97ca116f16f8504ef328c7.php 第 37 行.
NOTIC: [8] Undefined index: song_name D:\wnmp\www\allinone\App\Runtime\Cache\Home\801d07308a97ca116f16f8504ef328c7.php 第 36 行.
NOTIC: [2] Illegal string offset 'name' D:\wnmp\www\allinone\App\Runtime\Cache\Home\801d07308a97ca116f16f8504ef328c7.php 第 37 行.
NOTIC: [8] Undefined index: song_name D:\wnmp\www\allinone\App\Runtime\Cache\Home\801d07308a97ca116f16f8504ef328c7.php 第 36 行.
NOTIC: [2] Illegal string offset 'name' D:\wnmp\www\allinone\App\Runtime\Cache\Home\801d07308a97ca116f16f8504ef328c7.php 第 37 行.
NOTIC: [8] Undefined index: song_name D:\wnmp\www\allinone\App\Runtime\Cache\Home\801d07308a97ca116f16f8504ef328c7.php 第 36 行.
NOTIC: [2] Illegal string offset 'name' D:\wnmp\www\allinone\App\Runtime\Cache\Home\801d07308a97ca116f16f8504ef328c7.php 第 37 行.
NOTIC: [8] Undefined index: song_name D:\wnmp\www\allinone\App\Runtime\Cache\Home\801d07308a97ca116f16f8504ef328c7.php 第 36 行.
NOTIC: [2] Illegal string offset 'name' D:\wnmp\www\allinone\App\Runtime\Cache\Home\801d07308a97ca116f16f8504ef328c7.php 第 37 行.
NOTIC: [8] Undefined index: song_name D:\wnmp\www\allinone\App\Runtime\Cache\Home\801d07308a97ca116f16f8504ef328c7.php 第 36 行.
NOTIC: [2] Illegal string offset 'name' D:\wnmp\www\allinone\App\Runtime\Cache\Home\801d07308a97ca116f16f8504ef328c7.php 第 37 行.
NOTIC: [8] Undefined index: song_name D:\wnmp\www\allinone\App\Runtime\Cache\Home\801d07308a97ca116f16f8504ef328c7.php 第 36 行.
NOTIC: [2] Illegal string offset 'name' D:\wnmp\www\allinone\App\Runtime\Cache\Home\801d07308a97ca116f16f8504ef328c7.php 第 37 行.
NOTIC: [8] Undefined index: song_name D:\wnmp\www\allinone\App\Runtime\Cache\Home\801d07308a97ca116f16f8504ef328c7.php 第 36 行.
NOTIC: [2] Illegal string offset 'name' D:\wnmp\www\allinone\App\Runtime\Cache\Home\801d07308a97ca116f16f8504ef328c7.php 第 37 行.
NOTIC: [8] Undefined index: song_name D:\wnmp\www\allinone\App\Runtime\Cache\Home\801d07308a97ca116f16f8504ef328c7.php 第 36 行.
NOTIC: [2] Illegal string offset 'name' D:\wnmp\www\allinone\App\Runtime\Cache\Home\801d07308a97ca116f16f8504ef328c7.php 第 37 行.
NOTIC: [8] Undefined index: song_name D:\wnmp\www\allinone\App\Runtime\Cache\Home\801d07308a97ca116f16f8504ef328c7.php 第 36 行.
NOTIC: [2] Illegal string offset 'name' D:\wnmp\www\allinone\App\Runtime\Cache\Home\801d07308a97ca116f16f8504ef328c7.php 第 37 行.
NOTIC: [8] Undefined index: song_name D:\wnmp\www\allinone\App\Runtime\Cache\Home\801d07308a97ca116f16f8504ef328c7.php 第 36 行.
NOTIC: [2] Illegal string offset 'name' D:\wnmp\www\allinone\App\Runtime\Cache\Home\801d07308a97ca116f16f8504ef328c7.php 第 37 行.
NOTIC: [8] Undefined index: song_name D:\wnmp\www\allinone\App\Runtime\Cache\Home\801d07308a97ca116f16f8504ef328c7.php 第 36 行.
NOTIC: [2] Illegal string offset 'name' D:\wnmp\www\allinone\App\Runtime\Cache\Home\801d07308a97ca116f16f8504ef328c7.php 第 37 行.
NOTIC: [8] Undefined index: song_name D:\wnmp\www\allinone\App\Runtime\Cache\Home\801d07308a97ca116f16f8504ef328c7.php 第 36 行.
NOTIC: [2] Illegal string offset 'name' D:\wnmp\www\allinone\App\Runtime\Cache\Home\801d07308a97ca116f16f8504ef328c7.php 第 37 行.
NOTIC: [8] Undefined index: song_name D:\wnmp\www\allinone\App\Runtime\Cache\Home\801d07308a97ca116f16f8504ef328c7.php 第 36 行.
NOTIC: [2] Illegal string offset 'name' D:\wnmp\www\allinone\App\Runtime\Cache\Home\801d07308a97ca116f16f8504ef328c7.php 第 37 行.
NOTIC: [8] Undefined index: song_name D:\wnmp\www\allinone\App\Runtime\Cache\Home\801d07308a97ca116f16f8504ef328c7.php 第 36 行.
NOTIC: [2] Illegal string offset 'name' D:\wnmp\www\allinone\App\Runtime\Cache\Home\801d07308a97ca116f16f8504ef328c7.php 第 37 行.
NOTIC: [8] Undefined index: song_name D:\wnmp\www\allinone\App\Runtime\Cache\Home\801d07308a97ca116f16f8504ef328c7.php 第 36 行.
NOTIC: [2] Illegal string offset 'name' D:\wnmp\www\allinone\App\Runtime\Cache\Home\801d07308a97ca116f16f8504ef328c7.php 第 37 行.
NOTIC: [8] Undefined index: song_name D:\wnmp\www\allinone\App\Runtime\Cache\Home\801d07308a97ca116f16f8504ef328c7.php 第 36 行.
NOTIC: [2] Illegal string offset 'name' D:\wnmp\www\allinone\App\Runtime\Cache\Home\801d07308a97ca116f16f8504ef328c7.php 第 37 行.
NOTIC: [8] Undefined index: song_name D:\wnmp\www\allinone\App\Runtime\Cache\Home\801d07308a97ca116f16f8504ef328c7.php 第 36 行.
NOTIC: [2] Illegal string offset 'name' D:\wnmp\www\allinone\App\Runtime\Cache\Home\801d07308a97ca116f16f8504ef328c7.php 第 37 行.
NOTIC: [8] Undefined index: song_name D:\wnmp\www\allinone\App\Runtime\Cache\Home\801d07308a97ca116f16f8504ef328c7.php 第 36 行.
NOTIC: [2] Illegal string offset 'name' D:\wnmp\www\allinone\App\Runtime\Cache\Home\801d07308a97ca116f16f8504ef328c7.php 第 37 行.
NOTIC: [8] Undefined index: song_name D:\wnmp\www\allinone\App\Runtime\Cache\Home\801d07308a97ca116f16f8504ef328c7.php 第 36 行.
NOTIC: [2] Illegal string offset 'name' D:\wnmp\www\allinone\App\Runtime\Cache\Home\801d07308a97ca116f16f8504ef328c7.php 第 37 行.
NOTIC: [8] Undefined index: song_name D:\wnmp\www\allinone\App\Runtime\Cache\Home\801d07308a97ca116f16f8504ef328c7.php 第 36 行.
NOTIC: [2] Illegal string offset 'name' D:\wnmp\www\allinone\App\Runtime\Cache\Home\801d07308a97ca116f16f8504ef328c7.php 第 37 行.
NOTIC: [8] Undefined index: song_name D:\wnmp\www\allinone\App\Runtime\Cache\Home\801d07308a97ca116f16f8504ef328c7.php 第 36 行.
NOTIC: [2] Illegal string offset 'name' D:\wnmp\www\allinone\App\Runtime\Cache\Home\801d07308a97ca116f16f8504ef328c7.php 第 37 行.
NOTIC: [8] Undefined index: song_name D:\wnmp\www\allinone\App\Runtime\Cache\Home\801d07308a97ca116f16f8504ef328c7.php 第 36 行.
NOTIC: [2] Illegal string offset 'name' D:\wnmp\www\allinone\App\Runtime\Cache\Home\801d07308a97ca116f16f8504ef328c7.php 第 37 行.
NOTIC: [8] Undefined index: song_name D:\wnmp\www\allinone\App\Runtime\Cache\Home\801d07308a97ca116f16f8504ef328c7.php 第 36 行.
NOTIC: [2] Illegal string offset 'name' D:\wnmp\www\allinone\App\Runtime\Cache\Home\801d07308a97ca116f16f8504ef328c7.php 第 37 行.
NOTIC: [8] Undefined index: song_name D:\wnmp\www\allinone\App\Runtime\Cache\Home\801d07308a97ca116f16f8504ef328c7.php 第 36 行.
NOTIC: [2] Illegal string offset 'name' D:\wnmp\www\allinone\App\Runtime\Cache\Home\801d07308a97ca116f16f8504ef328c7.php 第 37 行.
NOTIC: [8] Undefined index: song_name D:\wnmp\www\allinone\App\Runtime\Cache\Home\801d07308a97ca116f16f8504ef328c7.php 第 36 行.
NOTIC: [2] Illegal string offset 'name' D:\wnmp\www\allinone\App\Runtime\Cache\Home\801d07308a97ca116f16f8504ef328c7.php 第 37 行.
NOTIC: [8] Undefined index: song_name D:\wnmp\www\allinone\App\Runtime\Cache\Home\801d07308a97ca116f16f8504ef328c7.php 第 36 行.
NOTIC: [2] Illegal string offset 'name' D:\wnmp\www\allinone\App\Runtime\Cache\Home\801d07308a97ca116f16f8504ef328c7.php 第 37 行.
NOTIC: [8] Undefined index: song_name D:\wnmp\www\allinone\App\Runtime\Cache\Home\801d07308a97ca116f16f8504ef328c7.php 第 36 行.
NOTIC: [2] Illegal string offset 'name' D:\wnmp\www\allinone\App\Runtime\Cache\Home\801d07308a97ca116f16f8504ef328c7.php 第 37 行.
NOTIC: [8] Undefined index: song_name D:\wnmp\www\allinone\App\Runtime\Cache\Home\801d07308a97ca116f16f8504ef328c7.php 第 36 行.
NOTIC: [2] Illegal string offset 'name' D:\wnmp\www\allinone\App\Runtime\Cache\Home\801d07308a97ca116f16f8504ef328c7.php 第 37 行.
NOTIC: [8] Undefined index: song_name D:\wnmp\www\allinone\App\Runtime\Cache\Home\801d07308a97ca116f16f8504ef328c7.php 第 36 行.
NOTIC: [2] Illegal string offset 'name' D:\wnmp\www\allinone\App\Runtime\Cache\Home\801d07308a97ca116f16f8504ef328c7.php 第 37 行.
NOTIC: [8] Undefined index: song_name D:\wnmp\www\allinone\App\Runtime\Cache\Home\801d07308a97ca116f16f8504ef328c7.php 第 36 行.
NOTIC: [2] Illegal string offset 'name' D:\wnmp\www\allinone\App\Runtime\Cache\Home\801d07308a97ca116f16f8504ef328c7.php 第 37 行.
NOTIC: [8] Undefined index: song_name D:\wnmp\www\allinone\App\Runtime\Cache\Home\801d07308a97ca116f16f8504ef328c7.php 第 36 行.
NOTIC: [2] Illegal string offset 'name' D:\wnmp\www\allinone\App\Runtime\Cache\Home\801d07308a97ca116f16f8504ef328c7.php 第 37 行.
NOTIC: [8] Undefined index: song_name D:\wnmp\www\allinone\App\Runtime\Cache\Home\801d07308a97ca116f16f8504ef328c7.php 第 36 行.
NOTIC: [2] Illegal string offset 'name' D:\wnmp\www\allinone\App\Runtime\Cache\Home\801d07308a97ca116f16f8504ef328c7.php 第 37 行.
NOTIC: [8] Undefined index: song_name D:\wnmp\www\allinone\App\Runtime\Cache\Home\801d07308a97ca116f16f8504ef328c7.php 第 36 行.
NOTIC: [2] Illegal string offset 'name' D:\wnmp\www\allinone\App\Runtime\Cache\Home\801d07308a97ca116f16f8504ef328c7.php 第 37 行.
NOTIC: [8] Undefined index: song_name D:\wnmp\www\allinone\App\Runtime\Cache\Home\801d07308a97ca116f16f8504ef328c7.php 第 36 行.
NOTIC: [2] Illegal string offset 'name' D:\wnmp\www\allinone\App\Runtime\Cache\Home\801d07308a97ca116f16f8504ef328c7.php 第 37 行.
NOTIC: [8] Undefined index: song_name D:\wnmp\www\allinone\App\Runtime\Cache\Home\801d07308a97ca116f16f8504ef328c7.php 第 36 行.
NOTIC: [2] Illegal string offset 'name' D:\wnmp\www\allinone\App\Runtime\Cache\Home\801d07308a97ca116f16f8504ef328c7.php 第 37 行.
NOTIC: [8] Undefined index: song_name D:\wnmp\www\allinone\App\Runtime\Cache\Home\801d07308a97ca116f16f8504ef328c7.php 第 36 行.
NOTIC: [2] Illegal string offset 'name' D:\wnmp\www\allinone\App\Runtime\Cache\Home\801d07308a97ca116f16f8504ef328c7.php 第 37 行.
NOTIC: [8] Undefined index: song_name D:\wnmp\www\allinone\App\Runtime\Cache\Home\801d07308a97ca116f16f8504ef328c7.php 第 36 行.
NOTIC: [2] Illegal string offset 'name' D:\wnmp\www\allinone\App\Runtime\Cache\Home\801d07308a97ca116f16f8504ef328c7.php 第 37 行.
NOTIC: [8] Undefined index: song_name D:\wnmp\www\allinone\App\Runtime\Cache\Home\801d07308a97ca116f16f8504ef328c7.php 第 36 行.
NOTIC: [8] Uninitialized string offset: 0 D:\wnmp\www\allinone\App\Runtime\Cache\Home\801d07308a97ca116f16f8504ef328c7.php 第 37 行.
NOTIC: [2] Illegal string offset 'name' D:\wnmp\www\allinone\App\Runtime\Cache\Home\801d07308a97ca116f16f8504ef328c7.php 第 37 行.
NOTIC: [8] Uninitialized string offset: 0 D:\wnmp\www\allinone\App\Runtime\Cache\Home\801d07308a97ca116f16f8504ef328c7.php 第 37 行.
NOTIC: [8] Undefined index: song_name D:\wnmp\www\allinone\App\Runtime\Cache\Home\801d07308a97ca116f16f8504ef328c7.php 第 36 行.
NOTIC: [2] Illegal string offset 'name' D:\wnmp\www\allinone\App\Runtime\Cache\Home\801d07308a97ca116f16f8504ef328c7.php 第 37 行.
NOTIC: [8] Undefined index: song_name D:\wnmp\www\allinone\App\Runtime\Cache\Home\801d07308a97ca116f16f8504ef328c7.php 第 36 行.
NOTIC: [2] Illegal string offset 'name' D:\wnmp\www\allinone\App\Runtime\Cache\Home\801d07308a97ca116f16f8504ef328c7.php 第 37 行.
NOTIC: [8] Undefined index: song_name D:\wnmp\www\allinone\App\Runtime\Cache\Home\801d07308a97ca116f16f8504ef328c7.php 第 36 行.
NOTIC: [2] Illegal string offset 'name' D:\wnmp\www\allinone\App\Runtime\Cache\Home\801d07308a97ca116f16f8504ef328c7.php 第 37 行.
NOTIC: [8] Undefined index: song_name D:\wnmp\www\allinone\App\Runtime\Cache\Home\801d07308a97ca116f16f8504ef328c7.php 第 36 行.
NOTIC: [8] Uninitialized string offset: 0 D:\wnmp\www\allinone\App\Runtime\Cache\Home\801d07308a97ca116f16f8504ef328c7.php 第 37 行.
NOTIC: [2] Illegal string offset 'name' D:\wnmp\www\allinone\App\Runtime\Cache\Home\801d07308a97ca116f16f8504ef328c7.php 第 37 行.
NOTIC: [8] Uninitialized string offset: 0 D:\wnmp\www\allinone\App\Runtime\Cache\Home\801d07308a97ca116f16f8504ef328c7.php 第 37 行.
NOTIC: [8] Undefined index: song_name D:\wnmp\www\allinone\App\Runtime\Cache\Home\801d07308a97ca116f16f8504ef328c7.php 第 36 行.
NOTIC: [2] Illegal string offset 'name' D:\wnmp\www\allinone\App\Runtime\Cache\Home\801d07308a97ca116f16f8504ef328c7.php 第 37 行.
NOTIC: [8] Undefined index: song_name D:\wnmp\www\allinone\App\Runtime\Cache\Home\801d07308a97ca116f16f8504ef328c7.php 第 36 行.
NOTIC: [2] Illegal string offset 'name' D:\wnmp\www\allinone\App\Runtime\Cache\Home\801d07308a97ca116f16f8504ef328c7.php 第 37 行.
NOTIC: [8] Undefined index: song_name D:\wnmp\www\allinone\App\Runtime\Cache\Home\801d07308a97ca116f16f8504ef328c7.php 第 36 行.
NOTIC: [2] Illegal string offset 'name' D:\wnmp\www\allinone\App\Runtime\Cache\Home\801d07308a97ca116f16f8504ef328c7.php 第 37 行.
NOTIC: [8] Undefined index: song_name D:\wnmp\www\allinone\App\Runtime\Cache\Home\801d07308a97ca116f16f8504ef328c7.php 第 36 行.
NOTIC: [2] Illegal string offset 'name' D:\wnmp\www\allinone\App\Runtime\Cache\Home\801d07308a97ca116f16f8504ef328c7.php 第 37 行.
NOTIC: [8] Undefined index: song_name D:\wnmp\www\allinone\App\Runtime\Cache\Home\801d07308a97ca116f16f8504ef328c7.php 第 36 行.
NOTIC: [2] Illegal string offset 'name' D:\wnmp\www\allinone\App\Runtime\Cache\Home\801d07308a97ca116f16f8504ef328c7.php 第 37 行.
NOTIC: [8] Undefined index: song_name D:\wnmp\www\allinone\App\Runtime\Cache\Home\801d07308a97ca116f16f8504ef328c7.php 第 36 行.
NOTIC: [2] Illegal string offset 'name' D:\wnmp\www\allinone\App\Runtime\Cache\Home\801d07308a97ca116f16f8504ef328c7.php 第 37 行.
NOTIC: [8] Undefined index: song_name D:\wnmp\www\allinone\App\Runtime\Cache\Home\801d07308a97ca116f16f8504ef328c7.php 第 36 行.
NOTIC: [2] Illegal string offset 'name' D:\wnmp\www\allinone\App\Runtime\Cache\Home\801d07308a97ca116f16f8504ef328c7.php 第 37 行.
NOTIC: [8] Undefined index: song_name D:\wnmp\www\allinone\App\Runtime\Cache\Home\801d07308a97ca116f16f8504ef328c7.php 第 36 行.
NOTIC: [2] Illegal string offset 'name' D:\wnmp\www\allinone\App\Runtime\Cache\Home\801d07308a97ca116f16f8504ef328c7.php 第 37 行.
NOTIC: [8] Undefined index: song_name D:\wnmp\www\allinone\App\Runtime\Cache\Home\801d07308a97ca116f16f8504ef328c7.php 第 36 行.
NOTIC: [2] Illegal string offset 'name' D:\wnmp\www\allinone\App\Runtime\Cache\Home\801d07308a97ca116f16f8504ef328c7.php 第 37 行.
NOTIC: [8] Undefined index: song_name D:\wnmp\www\allinone\App\Runtime\Cache\Home\801d07308a97ca116f16f8504ef328c7.php 第 36 行.
NOTIC: [2] Illegal string offset 'name' D:\wnmp\www\allinone\App\Runtime\Cache\Home\801d07308a97ca116f16f8504ef328c7.php 第 37 行.
NOTIC: [8] Undefined index: song_name D:\wnmp\www\allinone\App\Runtime\Cache\Home\801d07308a97ca116f16f8504ef328c7.php 第 36 行.
NOTIC: [2] Illegal string offset 'name' D:\wnmp\www\allinone\App\Runtime\Cache\Home\801d07308a97ca116f16f8504ef328c7.php 第 37 行.
NOTIC: [8] Undefined index: song_name D:\wnmp\www\allinone\App\Runtime\Cache\Home\801d07308a97ca116f16f8504ef328c7.php 第 36 行.
NOTIC: [2] Illegal string offset 'name' D:\wnmp\www\allinone\App\Runtime\Cache\Home\801d07308a97ca116f16f8504ef328c7.php 第 37 行.
NOTIC: [8] Undefined index: song_name D:\wnmp\www\allinone\App\Runtime\Cache\Home\801d07308a97ca116f16f8504ef328c7.php 第 36 行.
NOTIC: [2] Illegal string offset 'name' D:\wnmp\www\allinone\App\Runtime\Cache\Home\801d07308a97ca116f16f8504ef328c7.php 第 37 行.
NOTIC: [8] Undefined index: song_name D:\wnmp\www\allinone\App\Runtime\Cache\Home\801d07308a97ca116f16f8504ef328c7.php 第 36 行.
NOTIC: [2] Illegal string offset 'name' D:\wnmp\www\allinone\App\Runtime\Cache\Home\801d07308a97ca116f16f8504ef328c7.php 第 37 行.
NOTIC: [8] Undefined index: song_name D:\wnmp\www\allinone\App\Runtime\Cache\Home\801d07308a97ca116f16f8504ef328c7.php 第 36 行.
NOTIC: [2] Illegal string offset 'name' D:\wnmp\www\allinone\App\Runtime\Cache\Home\801d07308a97ca116f16f8504ef328c7.php 第 37 行.
NOTIC: [8] Undefined index: song_name D:\wnmp\www\allinone\App\Runtime\Cache\Home\801d07308a97ca116f16f8504ef328c7.php 第 36 行.
NOTIC: [2] Illegal string offset 'name' D:\wnmp\www\allinone\App\Runtime\Cache\Home\801d07308a97ca116f16f8504ef328c7.php 第 37 行.
NOTIC: [8] Undefined index: song_name D:\wnmp\www\allinone\App\Runtime\Cache\Home\801d07308a97ca116f16f8504ef328c7.php 第 36 行.
NOTIC: [2] Illegal string offset 'name' D:\wnmp\www\allinone\App\Runtime\Cache\Home\801d07308a97ca116f16f8504ef328c7.php 第 37 行.
NOTIC: [8] Undefined index: song_name D:\wnmp\www\allinone\App\Runtime\Cache\Home\801d07308a97ca116f16f8504ef328c7.php 第 36 行.
NOTIC: [2] Illegal string offset 'name' D:\wnmp\www\allinone\App\Runtime\Cache\Home\801d07308a97ca116f16f8504ef328c7.php 第 37 行.
NOTIC: [8] Undefined index: song_name D:\wnmp\www\allinone\App\Runtime\Cache\Home\801d07308a97ca116f16f8504ef328c7.php 第 36 行.
NOTIC: [2] Illegal string offset 'name' D:\wnmp\www\allinone\App\Runtime\Cache\Home\801d07308a97ca116f16f8504ef328c7.php 第 37 行.
NOTIC: [8] Undefined index: song_name D:\wnmp\www\allinone\App\Runtime\Cache\Home\801d07308a97ca116f16f8504ef328c7.php 第 36 行.
NOTIC: [2] Illegal string offset 'name' D:\wnmp\www\allinone\App\Runtime\Cache\Home\801d07308a97ca116f16f8504ef328c7.php 第 37 行.
NOTIC: [8] Undefined index: song_name D:\wnmp\www\allinone\App\Runtime\Cache\Home\801d07308a97ca116f16f8504ef328c7.php 第 36 行.
NOTIC: [2] Illegal string offset 'name' D:\wnmp\www\allinone\App\Runtime\Cache\Home\801d07308a97ca116f16f8504ef328c7.php 第 37 行.
NOTIC: [8] Undefined index: song_name D:\wnmp\www\allinone\App\Runtime\Cache\Home\801d07308a97ca116f16f8504ef328c7.php 第 36 行.
NOTIC: [2] Illegal string offset 'name' D:\wnmp\www\allinone\App\Runtime\Cache\Home\801d07308a97ca116f16f8504ef328c7.php 第 37 行.
NOTIC: [8] Undefined index: song_name D:\wnmp\www\allinone\App\Runtime\Cache\Home\801d07308a97ca116f16f8504ef328c7.php 第 36 行.
NOTIC: [8] Uninitialized string offset: 0 D:\wnmp\www\allinone\App\Runtime\Cache\Home\801d07308a97ca116f16f8504ef328c7.php 第 37 行.
NOTIC: [2] Illegal string offset 'name' D:\wnmp\www\allinone\App\Runtime\Cache\Home\801d07308a97ca116f16f8504ef328c7.php 第 37 行.
NOTIC: [8] Uninitialized string offset: 0 D:\wnmp\www\allinone\App\Runtime\Cache\Home\801d07308a97ca116f16f8504ef328c7.php 第 37 行.
NOTIC: [8] Undefined index: song_name D:\wnmp\www\allinone\App\Runtime\Cache\Home\801d07308a97ca116f16f8504ef328c7.php 第 36 行.
NOTIC: [2] Illegal string offset 'name' D:\wnmp\www\allinone\App\Runtime\Cache\Home\801d07308a97ca116f16f8504ef328c7.php 第 37 行.
NOTIC: [8] Undefined index: song_name D:\wnmp\www\allinone\App\Runtime\Cache\Home\801d07308a97ca116f16f8504ef328c7.php 第 36 行.
NOTIC: [2] Illegal string offset 'name' D:\wnmp\www\allinone\App\Runtime\Cache\Home\801d07308a97ca116f16f8504ef328c7.php 第 37 行.
NOTIC: [8] Undefined index: song_name D:\wnmp\www\allinone\App\Runtime\Cache\Home\801d07308a97ca116f16f8504ef328c7.php 第 36 行.
NOTIC: [2] Illegal string offset 'name' D:\wnmp\www\allinone\App\Runtime\Cache\Home\801d07308a97ca116f16f8504ef328c7.php 第 37 行.
NOTIC: [8] Undefined index: song_name D:\wnmp\www\allinone\App\Runtime\Cache\Home\801d07308a97ca116f16f8504ef328c7.php 第 36 行.
NOTIC: [2] Illegal string offset 'name' D:\wnmp\www\allinone\App\Runtime\Cache\Home\801d07308a97ca116f16f8504ef328c7.php 第 37 行.
NOTIC: [8] Undefined index: song_name D:\wnmp\www\allinone\App\Runtime\Cache\Home\801d07308a97ca116f16f8504ef328c7.php 第 36 行.
NOTIC: [2] Illegal string offset 'name' D:\wnmp\www\allinone\App\Runtime\Cache\Home\801d07308a97ca116f16f8504ef328c7.php 第 37 行.
NOTIC: [8] Undefined index: song_name D:\wnmp\www\allinone\App\Runtime\Cache\Home\801d07308a97ca116f16f8504ef328c7.php 第 36 行.
NOTIC: [2] Illegal string offset 'name' D:\wnmp\www\allinone\App\Runtime\Cache\Home\801d07308a97ca116f16f8504ef328c7.php 第 37 行.
NOTIC: [8] Undefined index: song_name D:\wnmp\www\allinone\App\Runtime\Cache\Home\801d07308a97ca116f16f8504ef328c7.php 第 36 行.
NOTIC: [2] Illegal string offset 'name' D:\wnmp\www\allinone\App\Runtime\Cache\Home\801d07308a97ca116f16f8504ef328c7.php 第 37 行.
NOTIC: [8] Undefined index: song_name D:\wnmp\www\allinone\App\Runtime\Cache\Home\801d07308a97ca116f16f8504ef328c7.php 第 36 行.
NOTIC: [2] Illegal string offset 'name' D:\wnmp\www\allinone\App\Runtime\Cache\Home\801d07308a97ca116f16f8504ef328c7.php 第 37 行.
NOTIC: [8] Undefined index: song_name D:\wnmp\www\allinone\App\Runtime\Cache\Home\801d07308a97ca116f16f8504ef328c7.php 第 36 行.
NOTIC: [2] Illegal string offset 'name' D:\wnmp\www\allinone\App\Runtime\Cache\Home\801d07308a97ca116f16f8504ef328c7.php 第 37 行.
NOTIC: [8] Undefined index: song_name D:\wnmp\www\allinone\App\Runtime\Cache\Home\801d07308a97ca116f16f8504ef328c7.php 第 36 行.
NOTIC: [2] Illegal string offset 'name' D:\wnmp\www\allinone\App\Runtime\Cache\Home\801d07308a97ca116f16f8504ef328c7.php 第 37 行.
NOTIC: [8] Undefined index: song_name D:\wnmp\www\allinone\App\Runtime\Cache\Home\801d07308a97ca116f16f8504ef328c7.php 第 36 行.
NOTIC: [2] Illegal string offset 'name' D:\wnmp\www\allinone\App\Runtime\Cache\Home\801d07308a97ca116f16f8504ef328c7.php 第 37 行.
NOTIC: [8] Undefined index: song_name D:\wnmp\www\allinone\App\Runtime\Cache\Home\801d07308a97ca116f16f8504ef328c7.php 第 36 行.
NOTIC: [2] Illegal string offset 'name' D:\wnmp\www\allinone\App\Runtime\Cache\Home\801d07308a97ca116f16f8504ef328c7.php 第 37 行.
NOTIC: [8] Undefined index: song_name D:\wnmp\www\allinone\App\Runtime\Cache\Home\801d07308a97ca116f16f8504ef328c7.php 第 36 行.
NOTIC: [2] Illegal string offset 'name' D:\wnmp\www\allinone\App\Runtime\Cache\Home\801d07308a97ca116f16f8504ef328c7.php 第 37 行.
NOTIC: [8] Undefined index: song_name D:\wnmp\www\allinone\App\Runtime\Cache\Home\801d07308a97ca116f16f8504ef328c7.php 第 36 行.
NOTIC: [2] Illegal string offset 'name' D:\wnmp\www\allinone\App\Runtime\Cache\Home\801d07308a97ca116f16f8504ef328c7.php 第 37 行.
NOTIC: [8] Undefined index: song_name D:\wnmp\www\allinone\App\Runtime\Cache\Home\801d07308a97ca116f16f8504ef328c7.php 第 36 行.
NOTIC: [2] Illegal string offset 'name' D:\wnmp\www\allinone\App\Runtime\Cache\Home\801d07308a97ca116f16f8504ef328c7.php 第 37 行.
NOTIC: [8] Undefined index: song_name D:\wnmp\www\allinone\App\Runtime\Cache\Home\801d07308a97ca116f16f8504ef328c7.php 第 36 行.
NOTIC: [2] Illegal string offset 'name' D:\wnmp\www\allinone\App\Runtime\Cache\Home\801d07308a97ca116f16f8504ef328c7.php 第 37 行.
NOTIC: [8] Undefined index: song_name D:\wnmp\www\allinone\App\Runtime\Cache\Home\801d07308a97ca116f16f8504ef328c7.php 第 36 行.
NOTIC: [2] Illegal string offset 'name' D:\wnmp\www\allinone\App\Runtime\Cache\Home\801d07308a97ca116f16f8504ef328c7.php 第 37 行.
NOTIC: [8] Undefined index: song_name D:\wnmp\www\allinone\App\Runtime\Cache\Home\801d07308a97ca116f16f8504ef328c7.php 第 36 行.
NOTIC: [2] Illegal string offset 'name' D:\wnmp\www\allinone\App\Runtime\Cache\Home\801d07308a97ca116f16f8504ef328c7.php 第 37 行.
NOTIC: [8] Undefined index: song_name D:\wnmp\www\allinone\App\Runtime\Cache\Home\801d07308a97ca116f16f8504ef328c7.php 第 36 行.
NOTIC: [2] Illegal string offset 'name' D:\wnmp\www\allinone\App\Runtime\Cache\Home\801d07308a97ca116f16f8504ef328c7.php 第 37 行.
NOTIC: [8] Undefined index: song_name D:\wnmp\www\allinone\App\Runtime\Cache\Home\801d07308a97ca116f16f8504ef328c7.php 第 36 行.
NOTIC: [2] Illegal string offset 'name' D:\wnmp\www\allinone\App\Runtime\Cache\Home\801d07308a97ca116f16f8504ef328c7.php 第 37 行.
NOTIC: [8] Undefined index: song_name D:\wnmp\www\allinone\App\Runtime\Cache\Home\801d07308a97ca116f16f8504ef328c7.php 第 36 行.
NOTIC: [2] Illegal string offset 'name' D:\wnmp\www\allinone\App\Runtime\Cache\Home\801d07308a97ca116f16f8504ef328c7.php 第 37 行.
NOTIC: [8] Undefined index: song_name D:\wnmp\www\allinone\App\Runtime\Cache\Home\801d07308a97ca116f16f8504ef328c7.php 第 36 行.
NOTIC: [2] Illegal string offset 'name' D:\wnmp\www\allinone\App\Runtime\Cache\Home\801d07308a97ca116f16f8504ef328c7.php 第 37 行.
NOTIC: [8] Undefined index: song_name D:\wnmp\www\allinone\App\Runtime\Cache\Home\801d07308a97ca116f16f8504ef328c7.php 第 36 行.
NOTIC: [2] Illegal string offset 'name' D:\wnmp\www\allinone\App\Runtime\Cache\Home\801d07308a97ca116f16f8504ef328c7.php 第 37 行.
NOTIC: [8] Undefined index: song_name D:\wnmp\www\allinone\App\Runtime\Cache\Home\801d07308a97ca116f16f8504ef328c7.php 第 36 行.
NOTIC: [2] Illegal string offset 'name' D:\wnmp\www\allinone\App\Runtime\Cache\Home\801d07308a97ca116f16f8504ef328c7.php 第 37 行.
NOTIC: [8] Undefined index: song_name D:\wnmp\www\allinone\App\Runtime\Cache\Home\801d07308a97ca116f16f8504ef328c7.php 第 36 行.
NOTIC: [2] Illegal string offset 'name' D:\wnmp\www\allinone\App\Runtime\Cache\Home\801d07308a97ca116f16f8504ef328c7.php 第 37 行.
NOTIC: [8] Undefined index: song_name D:\wnmp\www\allinone\App\Runtime\Cache\Home\801d07308a97ca116f16f8504ef328c7.php 第 36 行.
NOTIC: [2] Illegal string offset 'name' D:\wnmp\www\allinone\App\Runtime\Cache\Home\801d07308a97ca116f16f8504ef328c7.php 第 37 行.
NOTIC: [8] Undefined index: song_name D:\wnmp\www\allinone\App\Runtime\Cache\Home\801d07308a97ca116f16f8504ef328c7.php 第 36 行.
NOTIC: [2] Illegal string offset 'name' D:\wnmp\www\allinone\App\Runtime\Cache\Home\801d07308a97ca116f16f8504ef328c7.php 第 37 行.
NOTIC: [8] Undefined index: song_name D:\wnmp\www\allinone\App\Runtime\Cache\Home\801d07308a97ca116f16f8504ef328c7.php 第 36 行.
NOTIC: [2] Illegal string offset 'name' D:\wnmp\www\allinone\App\Runtime\Cache\Home\801d07308a97ca116f16f8504ef328c7.php 第 37 行.
NOTIC: [8] Undefined index: song_name D:\wnmp\www\allinone\App\Runtime\Cache\Home\801d07308a97ca116f16f8504ef328c7.php 第 36 行.
NOTIC: [2] Illegal string offset 'name' D:\wnmp\www\allinone\App\Runtime\Cache\Home\801d07308a97ca116f16f8504ef328c7.php 第 37 行.
NOTIC: [8] Undefined index: song_name D:\wnmp\www\allinone\App\Runtime\Cache\Home\801d07308a97ca116f16f8504ef328c7.php 第 36 行.
NOTIC: [2] Illegal string offset 'name' D:\wnmp\www\allinone\App\Runtime\Cache\Home\801d07308a97ca116f16f8504ef328c7.php 第 37 行.
NOTIC: [8] Undefined index: song_name D:\wnmp\www\allinone\App\Runtime\Cache\Home\801d07308a97ca116f16f8504ef328c7.php 第 36 行.
NOTIC: [2] Illegal string offset 'name' D:\wnmp\www\allinone\App\Runtime\Cache\Home\801d07308a97ca116f16f8504ef328c7.php 第 37 行.
NOTIC: [8] Undefined index: song_name D:\wnmp\www\allinone\App\Runtime\Cache\Home\801d07308a97ca116f16f8504ef328c7.php 第 36 行.
NOTIC: [2] Illegal string offset 'name' D:\wnmp\www\allinone\App\Runtime\Cache\Home\801d07308a97ca116f16f8504ef328c7.php 第 37 行.
NOTIC: [8] Undefined index: song_name D:\wnmp\www\allinone\App\Runtime\Cache\Home\801d07308a97ca116f16f8504ef328c7.php 第 36 行.
NOTIC: [2] Illegal string offset 'name' D:\wnmp\www\allinone\App\Runtime\Cache\Home\801d07308a97ca116f16f8504ef328c7.php 第 37 行.
NOTIC: [8] Undefined index: song_name D:\wnmp\www\allinone\App\Runtime\Cache\Home\801d07308a97ca116f16f8504ef328c7.php 第 36 行.
NOTIC: [2] Illegal string offset 'name' D:\wnmp\www\allinone\App\Runtime\Cache\Home\801d07308a97ca116f16f8504ef328c7.php 第 37 行.
NOTIC: [8] Undefined index: song_name D:\wnmp\www\allinone\App\Runtime\Cache\Home\801d07308a97ca116f16f8504ef328c7.php 第 36 行.
NOTIC: [2] Illegal string offset 'name' D:\wnmp\www\allinone\App\Runtime\Cache\Home\801d07308a97ca116f16f8504ef328c7.php 第 37 行.
NOTIC: [8] Undefined index: song_name D:\wnmp\www\allinone\App\Runtime\Cache\Home\801d07308a97ca116f16f8504ef328c7.php 第 36 行.
NOTIC: [2] Illegal string offset 'name' D:\wnmp\www\allinone\App\Runtime\Cache\Home\801d07308a97ca116f16f8504ef328c7.php 第 37 行.
NOTIC: [8] Undefined index: song_name D:\wnmp\www\allinone\App\Runtime\Cache\Home\801d07308a97ca116f16f8504ef328c7.php 第 36 行.
NOTIC: [2] Illegal string offset 'name' D:\wnmp\www\allinone\App\Runtime\Cache\Home\801d07308a97ca116f16f8504ef328c7.php 第 37 行.
NOTIC: [8] Undefined index: song_name D:\wnmp\www\allinone\App\Runtime\Cache\Home\801d07308a97ca116f16f8504ef328c7.php 第 36 行.
NOTIC: [2] Illegal string offset 'name' D:\wnmp\www\allinone\App\Runtime\Cache\Home\801d07308a97ca116f16f8504ef328c7.php 第 37 行.
NOTIC: [8] Undefined index: song_name D:\wnmp\www\allinone\App\Runtime\Cache\Home\801d07308a97ca116f16f8504ef328c7.php 第 36 行.
NOTIC: [2] Illegal string offset 'name' D:\wnmp\www\allinone\App\Runtime\Cache\Home\801d07308a97ca116f16f8504ef328c7.php 第 37 行.
NOTIC: [8] Undefined index: song_name D:\wnmp\www\allinone\App\Runtime\Cache\Home\801d07308a97ca116f16f8504ef328c7.php 第 36 行.
NOTIC: [2] Illegal string offset 'name' D:\wnmp\www\allinone\App\Runtime\Cache\Home\801d07308a97ca116f16f8504ef328c7.php 第 37 行.
NOTIC: [8] Undefined index: song_name D:\wnmp\www\allinone\App\Runtime\Cache\Home\801d07308a97ca116f16f8504ef328c7.php 第 36 行.
NOTIC: [2] Illegal string offset 'name' D:\wnmp\www\allinone\App\Runtime\Cache\Home\801d07308a97ca116f16f8504ef328c7.php 第 37 行.
NOTIC: [8] Undefined index: song_name D:\wnmp\www\allinone\App\Runtime\Cache\Home\801d07308a97ca116f16f8504ef328c7.php 第 36 行.
NOTIC: [2] Illegal string offset 'name' D:\wnmp\www\allinone\App\Runtime\Cache\Home\801d07308a97ca116f16f8504ef328c7.php 第 37 行.
NOTIC: [8] Undefined index: song_name D:\wnmp\www\allinone\App\Runtime\Cache\Home\801d07308a97ca116f16f8504ef328c7.php 第 36 行.
NOTIC: [2] Illegal string offset 'name' D:\wnmp\www\allinone\App\Runtime\Cache\Home\801d07308a97ca116f16f8504ef328c7.php 第 37 行.
NOTIC: [8] Undefined index: song_name D:\wnmp\www\allinone\App\Runtime\Cache\Home\801d07308a97ca116f16f8504ef328c7.php 第 36 行.
NOTIC: [2] Illegal string offset 'name' D:\wnmp\www\allinone\App\Runtime\Cache\Home\801d07308a97ca116f16f8504ef328c7.php 第 37 行.
NOTIC: [8] Undefined index: song_name D:\wnmp\www\allinone\App\Runtime\Cache\Home\801d07308a97ca116f16f8504ef328c7.php 第 36 行.
NOTIC: [2] Illegal string offset 'name' D:\wnmp\www\allinone\App\Runtime\Cache\Home\801d07308a97ca116f16f8504ef328c7.php 第 37 行.
NOTIC: [8] Undefined index: song_name D:\wnmp\www\allinone\App\Runtime\Cache\Home\801d07308a97ca116f16f8504ef328c7.php 第 36 行.
NOTIC: [2] Illegal string offset 'name' D:\wnmp\www\allinone\App\Runtime\Cache\Home\801d07308a97ca116f16f8504ef328c7.php 第 37 行.
NOTIC: [8] Undefined index: song_name D:\wnmp\www\allinone\App\Runtime\Cache\Home\801d07308a97ca116f16f8504ef328c7.php 第 36 行.
NOTIC: [2] Illegal string offset 'name' D:\wnmp\www\allinone\App\Runtime\Cache\Home\801d07308a97ca116f16f8504ef328c7.php 第 37 行.
NOTIC: [8] Undefined index: song_name D:\wnmp\www\allinone\App\Runtime\Cache\Home\801d07308a97ca116f16f8504ef328c7.php 第 36 行.
NOTIC: [2] Illegal string offset 'name' D:\wnmp\www\allinone\App\Runtime\Cache\Home\801d07308a97ca116f16f8504ef328c7.php 第 37 行.
NOTIC: [8] Undefined index: song_name D:\wnmp\www\allinone\App\Runtime\Cache\Home\801d07308a97ca116f16f8504ef328c7.php 第 36 行.
NOTIC: [2] Illegal string offset 'name' D:\wnmp\www\allinone\App\Runtime\Cache\Home\801d07308a97ca116f16f8504ef328c7.php 第 37 行.
NOTIC: [8] Undefined index: song_name D:\wnmp\www\allinone\App\Runtime\Cache\Home\801d07308a97ca116f16f8504ef328c7.php 第 36 行.
NOTIC: [2] Illegal string offset 'name' D:\wnmp\www\allinone\App\Runtime\Cache\Home\801d07308a97ca116f16f8504ef328c7.php 第 37 行.
NOTIC: [8] Undefined index: song_name D:\wnmp\www\allinone\App\Runtime\Cache\Home\801d07308a97ca116f16f8504ef328c7.php 第 36 行.
NOTIC: [2] Illegal string offset 'name' D:\wnmp\www\allinone\App\Runtime\Cache\Home\801d07308a97ca116f16f8504ef328c7.php 第 37 行.
NOTIC: [8] Undefined index: song_name D:\wnmp\www\allinone\App\Runtime\Cache\Home\801d07308a97ca116f16f8504ef328c7.php 第 36 行.
NOTIC: [2] Illegal string offset 'name' D:\wnmp\www\allinone\App\Runtime\Cache\Home\801d07308a97ca116f16f8504ef328c7.php 第 37 行.
NOTIC: [8] Undefined index: song_name D:\wnmp\www\allinone\App\Runtime\Cache\Home\801d07308a97ca116f16f8504ef328c7.php 第 36 行.
NOTIC: [2] Illegal string offset 'name' D:\wnmp\www\allinone\App\Runtime\Cache\Home\801d07308a97ca116f16f8504ef328c7.php 第 37 行.
INFO: Run Behavior\ParseTemplateBehavior [ RunTime:0.231859s ]
INFO: [ view_parse ] --END-- [ RunTime:0.231957s ]
INFO: [ view_filter ] --START--
INFO: Run Behavior\WriteHtmlCacheBehavior [ RunTime:0.009301s ]
INFO: [ view_filter ] --END-- [ RunTime:0.009396s ]
INFO: [ app_end ] --START--
INFO: Run Behavior\ShowPageTraceBehavior [ RunTime:0.010926s ]
INFO: [ app_end ] --END-- [ RunTime:0.011053s ]

[ 2016-05-30T16:24:59+08:00 ] 127.0.0.1 /Home/Index/chart
INFO: [ app_init ] --START--
INFO: Run Behavior\BuildLiteBehavior [ RunTime:0.000018s ]
INFO: [ app_init ] --END-- [ RunTime:0.000626s ]
INFO: [ app_begin ] --START--
INFO: Run Behavior\ReadHtmlCacheBehavior [ RunTime:0.000879s ]
INFO: [ app_begin ] --END-- [ RunTime:0.000947s ]
INFO: [ view_parse ] --START--
INFO: [ template_filter ] --START--
INFO: Run Behavior\ContentReplaceBehavior [ RunTime:0.000082s ]
INFO: [ template_filter ] --END-- [ RunTime:0.000178s ]
INFO: Run Behavior\ParseTemplateBehavior [ RunTime:0.014098s ]
INFO: [ view_parse ] --END-- [ RunTime:0.014190s ]
INFO: [ view_filter ] --START--
INFO: Run Behavior\WriteHtmlCacheBehavior [ RunTime:0.001160s ]
INFO: [ view_filter ] --END-- [ RunTime:0.001249s ]
INFO: [ app_end ] --START--
INFO: Run Behavior\ShowPageTraceBehavior [ RunTime:0.001071s ]
INFO: [ app_end ] --END-- [ RunTime:0.001134s ]

[ 2016-05-30T16:25:00+08:00 ] 127.0.0.1 /js/images/dragIconRoundBig.svg
INFO: [ app_init ] --START--
INFO: Run Behavior\BuildLiteBehavior [ RunTime:0.000028s ]
INFO: [ app_init ] --END-- [ RunTime:0.001311s ]
INFO: [ app_begin ] --START--
INFO: Run Behavior\ReadHtmlCacheBehavior [ RunTime:0.001981s ]
INFO: [ app_begin ] --END-- [ RunTime:0.002120s ]
ERR: 无法加载控制器:Js

[ 2016-05-30T16:25:00+08:00 ] 127.0.0.1 /favicon.ico
INFO: [ app_init ] --START--
INFO: Run Behavior\BuildLiteBehavior [ RunTime:0.000015s ]
INFO: [ app_init ] --END-- [ RunTime:0.000559s ]

[ 2016-05-30T16:25:01+08:00 ] 127.0.0.1 /js/images/dragIconRoundBig.svg
INFO: [ app_init ] --START--
INFO: Run Behavior\BuildLiteBehavior [ RunTime:0.000031s ]
INFO: [ app_init ] --END-- [ RunTime:0.001613s ]
INFO: [ app_begin ] --START--
INFO: Run Behavior\ReadHtmlCacheBehavior [ RunTime:0.001919s ]
INFO: [ app_begin ] --END-- [ RunTime:0.002085s ]
ERR: 无法加载控制器:Js

[ 2016-05-30T16:25:01+08:00 ] 127.0.0.1 /js/images/dragIconRoundBig.svg
INFO: [ app_init ] --START--
INFO: Run Behavior\BuildLiteBehavior [ RunTime:0.000027s ]
INFO: [ app_init ] --END-- [ RunTime:0.001288s ]
INFO: [ app_begin ] --START--
INFO: Run Behavior\ReadHtmlCacheBehavior [ RunTime:0.000899s ]
INFO: [ app_begin ] --END-- [ RunTime:0.000970s ]
ERR: 无法加载控制器:Js

[ 2016-05-30T16:25:35+08:00 ] 127.0.0.1 /Home/Index/chart
INFO: [ app_init ] --START--
INFO: Run Behavior\BuildLiteBehavior [ RunTime:0.000016s ]
INFO: [ app_init ] --END-- [ RunTime:0.000562s ]
INFO: [ app_begin ] --START--
INFO: Run Behavior\ReadHtmlCacheBehavior [ RunTime:0.000868s ]
INFO: [ app_begin ] --END-- [ RunTime:0.000918s ]
INFO: [ view_parse ] --START--
INFO: [ template_filter ] --START--
INFO: Run Behavior\ContentReplaceBehavior [ RunTime:0.000053s ]
INFO: [ template_filter ] --END-- [ RunTime:0.000119s ]
INFO: Run Behavior\ParseTemplateBehavior [ RunTime:0.008321s ]
INFO: [ view_parse ] --END-- [ RunTime:0.008384s ]
INFO: [ view_filter ] --START--
INFO: Run Behavior\WriteHtmlCacheBehavior [ RunTime:0.000574s ]
INFO: [ view_filter ] --END-- [ RunTime:0.000615s ]
INFO: [ app_end ] --START--
INFO: Run Behavior\ShowPageTraceBehavior [ RunTime:0.000778s ]
INFO: [ app_end ] --END-- [ RunTime:0.000837s ]

[ 2016-05-30T16:25:36+08:00 ] 127.0.0.1 /js/images/dragIconRoundBig.svg
INFO: [ app_init ] --START--
INFO: Run Behavior\BuildLiteBehavior [ RunTime:0.000056s ]
INFO: [ app_init ] --END-- [ RunTime:0.001130s ]
INFO: [ app_begin ] --START--
INFO: Run Behavior\ReadHtmlCacheBehavior [ RunTime:0.001494s ]
INFO: [ app_begin ] --END-- [ RunTime:0.001616s ]
ERR: 无法加载控制器:Js

[ 2016-05-30T16:25:36+08:00 ] 127.0.0.1 /favicon.ico
INFO: [ app_init ] --START--
INFO: Run Behavior\BuildLiteBehavior [ RunTime:0.000019s ]
INFO: [ app_init ] --END-- [ RunTime:0.000583s ]

