[ 2015-08-25T19:09:57+08:00 ] 127.0.0.1 /Admin/Index/index
INFO: [ app_init ] --START--
INFO: Run Behavior\BuildLiteBehavior [ RunTime:0.000896s ]
INFO: [ app_init ] --END-- [ RunTime:0.008047s ]
INFO: [ app_begin ] --START--
INFO: Run Behavior\ReadHtmlCacheBehavior [ RunTime:0.003574s ]
INFO: [ app_begin ] --END-- [ RunTime:0.008672s ]
NOTIC: [2] session_start(): open(e:\tmp\sess_2cbt1ot5t1ie6004km035rrhn7, O_RDWR) failed: No such file or directory (2) D:\wnmp\www\allinone\ThinkPHP\Common\functions.php 第 1263 行.
SQL: SHOW COLUMNS FROM `qn_file` [ RunTime:0.0182s ]
SQL: SHOW COLUMNS FROM `qn_file` [ RunTime:0.0113s ]
SQL: SELECT COUNT(*) AS tp_count FROM `qn_file` WHERE `mimetype` = 'image/jpeg' LIMIT 1   [ RunTime:0.0016s ]
SQL: SELECT * FROM `qn_file` WHERE `mimetype` = 'image/jpeg' ORDER BY createon desc LIMIT 0,20   [ RunTime:0.0035s ]
INFO: [ view_parse ] --START--
INFO: [ template_filter ] --START--
INFO: Run Behavior\ContentReplaceBehavior [ RunTime:0.003945s ]
INFO: [ template_filter ] --END-- [ RunTime:0.008929s ]
INFO: Run Behavior\ParseTemplateBehavior [ RunTime:0.244430s ]
INFO: [ view_parse ] --END-- [ RunTime:0.250358s ]
INFO: [ view_filter ] --START--
INFO: Run Behavior\WriteHtmlCacheBehavior [ RunTime:0.019631s ]
INFO: [ view_filter ] --END-- [ RunTime:0.024952s ]
INFO: [ app_end ] --START--
INFO: Run Behavior\ShowPageTraceBehavior [ RunTime:0.010674s ]
INFO: [ app_end ] --END-- [ RunTime:0.019306s ]

