[ 2015-09-10T13:53:15+08:00 ] 127.0.0.1 /Admin/Index/index
INFO: [ app_init ] --START--
INFO: Run Behavior\BuildLiteBehavior [ RunTime:0.000067s ]
INFO: [ app_init ] --END-- [ RunTime:0.000977s ]
INFO: [ app_begin ] --START--
INFO: Run Behavior\ReadHtmlCacheBehavior [ RunTime:0.000755s ]
INFO: [ app_begin ] --END-- [ RunTime:0.000972s ]
NOTIC: [2] session_start(): open(e:\tmp\sess_6ob12fpq9epqnd8jq17hnrqv86, O_RDWR) failed: No such file or directory (2) D:\wnmp\www\allinone\ThinkPHP\Common\functions.php 第 1263 行.
SQL: SHOW COLUMNS FROM `qn_file` [ RunTime:0.0071s ]
SQL: SHOW COLUMNS FROM `qn_file` [ RunTime:0.0069s ]
SQL: SELECT COUNT(*) AS tp_count FROM `qn_file` WHERE `mimetype` = 'image/jpeg' LIMIT 1   [ RunTime:0.0013s ]
SQL: SELECT * FROM `qn_file` WHERE `mimetype` = 'image/jpeg' ORDER BY createon desc LIMIT 0,20   [ RunTime:0.0013s ]
INFO: [ view_parse ] --START--
INFO: [ template_filter ] --START--
INFO: Run Behavior\ContentReplaceBehavior [ RunTime:0.000120s ]
INFO: [ template_filter ] --END-- [ RunTime:0.000312s ]
INFO: Run Behavior\ParseTemplateBehavior [ RunTime:0.037003s ]
INFO: [ view_parse ] --END-- [ RunTime:0.037305s ]
INFO: [ view_filter ] --START--
INFO: Run Behavior\WriteHtmlCacheBehavior [ RunTime:0.000403s ]
INFO: [ view_filter ] --END-- [ RunTime:0.000595s ]
INFO: [ app_end ] --START--
INFO: Run Behavior\ShowPageTraceBehavior [ RunTime:0.000695s ]
INFO: [ app_end ] --END-- [ RunTime:0.000900s ]

[ 2015-09-10T13:54:18+08:00 ] 127.0.0.1 /Admin/Index/index
INFO: [ app_init ] --START--
INFO: Run Behavior\BuildLiteBehavior [ RunTime:0.000179s ]
INFO: [ app_init ] --END-- [ RunTime:0.001517s ]
INFO: [ app_begin ] --START--
INFO: Run Behavior\ReadHtmlCacheBehavior [ RunTime:0.000740s ]
INFO: [ app_begin ] --END-- [ RunTime:0.000963s ]
NOTIC: [2] session_start(): open(e:\tmp\sess_6ob12fpq9epqnd8jq17hnrqv86, O_RDWR) failed: No such file or directory (2) D:\wnmp\www\allinone\ThinkPHP\Common\functions.php 第 1263 行.
SQL: SHOW COLUMNS FROM `qn_file` [ RunTime:0.0069s ]
SQL: SHOW COLUMNS FROM `qn_file` [ RunTime:0.0058s ]
SQL: SELECT COUNT(*) AS tp_count FROM `qn_file` WHERE `mimetype` = 'image/jpeg' LIMIT 1   [ RunTime:0.0007s ]
SQL: SELECT * FROM `qn_file` WHERE `mimetype` = 'image/jpeg' ORDER BY createon desc LIMIT 0,20   [ RunTime:0.0013s ]
INFO: [ view_parse ] --START--
INFO: [ template_filter ] --START--
INFO: Run Behavior\ContentReplaceBehavior [ RunTime:0.000122s ]
INFO: [ template_filter ] --END-- [ RunTime:0.000317s ]
INFO: Run Behavior\ParseTemplateBehavior [ RunTime:0.012569s ]
INFO: [ view_parse ] --END-- [ RunTime:0.012836s ]
INFO: [ view_filter ] --START--
INFO: Run Behavior\WriteHtmlCacheBehavior [ RunTime:0.000330s ]
INFO: [ view_filter ] --END-- [ RunTime:0.000509s ]
INFO: [ app_end ] --START--
INFO: Run Behavior\ShowPageTraceBehavior [ RunTime:0.000963s ]
INFO: [ app_end ] --END-- [ RunTime:0.001222s ]

[ 2015-09-10T14:13:26+08:00 ] 127.0.0.1 /Admin/Index/index
INFO: [ app_init ] --START--
INFO: Run Behavior\BuildLiteBehavior [ RunTime:0.000063s ]
INFO: [ app_init ] --END-- [ RunTime:0.000812s ]
INFO: [ app_begin ] --START--
INFO: Run Behavior\ReadHtmlCacheBehavior [ RunTime:0.001066s ]
INFO: [ app_begin ] --END-- [ RunTime:0.001333s ]
NOTIC: [2] session_start(): open(e:\tmp\sess_6ob12fpq9epqnd8jq17hnrqv86, O_RDWR) failed: No such file or directory (2) D:\wnmp\www\allinone\ThinkPHP\Common\functions.php 第 1263 行.
SQL: SHOW COLUMNS FROM `qn_file` [ RunTime:0.0080s ]
SQL: SHOW COLUMNS FROM `qn_file` [ RunTime:0.0079s ]
SQL: SELECT COUNT(*) AS tp_count FROM `qn_file` WHERE `mimetype` = 'image/jpeg' LIMIT 1   [ RunTime:0.0009s ]
SQL: SELECT * FROM `qn_file` WHERE `mimetype` = 'image/jpeg' ORDER BY createon desc LIMIT 0,20   [ RunTime:0.0014s ]
INFO: [ view_parse ] --START--
INFO: [ template_filter ] --START--
INFO: Run Behavior\ContentReplaceBehavior [ RunTime:0.000200s ]
INFO: [ template_filter ] --END-- [ RunTime:0.000509s ]
INFO: Run Behavior\ParseTemplateBehavior [ RunTime:0.037993s ]
INFO: [ view_parse ] --END-- [ RunTime:0.038442s ]
INFO: [ view_filter ] --START--
INFO: Run Behavior\WriteHtmlCacheBehavior [ RunTime:0.000611s ]
INFO: [ view_filter ] --END-- [ RunTime:0.000906s ]
INFO: [ app_end ] --START--
INFO: Run Behavior\ShowPageTraceBehavior [ RunTime:0.001134s ]
INFO: [ app_end ] --END-- [ RunTime:0.001537s ]

