[ 2015-08-26T10:57:53+08:00 ] 127.0.0.1 /Admin/Index/index
INFO: [ app_init ] --START--
INFO: Run Behavior\BuildLiteBehavior [ RunTime:0.000795s ]
INFO: [ app_init ] --END-- [ RunTime:0.007116s ]
INFO: [ app_begin ] --START--
INFO: Run Behavior\ReadHtmlCacheBehavior [ RunTime:0.003046s ]
INFO: [ app_begin ] --END-- [ RunTime:0.007869s ]
NOTIC: [2] session_start(): open(e:\tmp\sess_i40ajs76c36nd0j3e9rr107pp0, O_RDWR) failed: No such file or directory (2) D:\wnmp\www\allinone\ThinkPHP\Common\functions.php 第 1263 行.
SQL: SHOW COLUMNS FROM `qn_file` [ RunTime:0.0069s ]
SQL: SHOW COLUMNS FROM `qn_file` [ RunTime:0.0041s ]
SQL: SELECT COUNT(*) AS tp_count FROM `qn_file` WHERE `mimetype` = 'image/jpeg' LIMIT 1   [ RunTime:0.0013s ]
SQL: SELECT * FROM `qn_file` WHERE `mimetype` = 'image/jpeg' ORDER BY createon desc LIMIT 0,20   [ RunTime:0.0018s ]
INFO: [ view_parse ] --START--
INFO: [ template_filter ] --START--
INFO: Run Behavior\ContentReplaceBehavior [ RunTime:0.003199s ]
INFO: [ template_filter ] --END-- [ RunTime:0.007797s ]
INFO: Run Behavior\ParseTemplateBehavior [ RunTime:0.209837s ]
INFO: [ view_parse ] --END-- [ RunTime:0.214511s ]
INFO: [ view_filter ] --START--
INFO: Run Behavior\WriteHtmlCacheBehavior [ RunTime:0.021376s ]
INFO: [ view_filter ] --END-- [ RunTime:0.029469s ]
INFO: [ app_end ] --START--
INFO: Run Behavior\ShowPageTraceBehavior [ RunTime:0.010439s ]
INFO: [ app_end ] --END-- [ RunTime:0.022214s ]

