[ 2015-09-10T09:32:15+08:00 ] 127.0.0.1 /Api/lol/asyncchampion
INFO: [ app_init ] --START--
INFO: Run Behavior\BuildLiteBehavior [ RunTime:0.000131s ]
INFO: [ app_init ] --END-- [ RunTime:0.016359s ]
INFO: [ app_begin ] --START--
INFO: Run Behavior\ReadHtmlCacheBehavior [ RunTime:0.012876s ]
INFO: [ app_begin ] --END-- [ RunTime:0.013455s ]
NOTIC: [2] session_start(): open(e:\tmp\sess_6ob12fpq9epqnd8jq17hnrqv86, O_RDWR) failed: No such file or directory (2) D:\wnmp\www\allinone\ThinkPHP\Common\functions.php 第 1263 行.
SQL: SHOW COLUMNS FROM `lol_champion` [ RunTime:0.0052s ]
SQL: SHOW COLUMNS FROM `lol_champion` [ RunTime:0.0044s ]
SQL: INSERT INTO `lol_champion` (`key`,`engid`,`name`,`title`,`imagefull`,`imagesprite`,`imagegroup`,`x`,`y`,`w`,`h`) VALUES ('266','Aatrox','暗裔剑魔','亚托克斯','Aatrox.png','champion0.png','champion','0','0','48','48') [ RunTime:0.0448s ]
SQL: INSERT INTO `lol_champion` (`key`,`engid`,`name`,`title`,`imagefull`,`imagesprite`,`imagegroup`,`x`,`y`,`w`,`h`) VALUES ('103','Ahri','九尾妖狐','阿狸','Ahri.png','champion0.png','champion','48','0','48','48') [ RunTime:0.0314s ]
SQL: INSERT INTO `lol_champion` (`key`,`engid`,`name`,`title`,`imagefull`,`imagesprite`,`imagegroup`,`x`,`y`,`w`,`h`) VALUES ('84','Akali','暗影之拳','阿卡丽','Akali.png','champion0.png','champion','96','0','48','48') [ RunTime:0.0323s ]
SQL: INSERT INTO `lol_champion` (`key`,`engid`,`name`,`title`,`imagefull`,`imagesprite`,`imagegroup`,`x`,`y`,`w`,`h`) VALUES ('12','Alistar','牛头酋长','阿利斯塔','Alistar.png','champion0.png','champion','144','0','48','48') [ RunTime:0.0237s ]
SQL: INSERT INTO `lol_champion` (`key`,`engid`,`name`,`title`,`imagefull`,`imagesprite`,`imagegroup`,`x`,`y`,`w`,`h`) VALUES ('32','Amumu','殇之木乃伊','阿木木','Amumu.png','champion0.png','champion','192','0','48','48') [ RunTime:0.0325s ]
SQL: INSERT INTO `lol_champion` (`key`,`engid`,`name`,`title`,`imagefull`,`imagesprite`,`imagegroup`,`x`,`y`,`w`,`h`) VALUES ('34','Anivia','冰晶凤凰','艾尼维亚','Anivia.png','champion0.png','champion','240','0','48','48') [ RunTime:0.0405s ]
SQL: INSERT INTO `lol_champion` (`key`,`engid`,`name`,`title`,`imagefull`,`imagesprite`,`imagegroup`,`x`,`y`,`w`,`h`) VALUES ('1','Annie','黑暗之女','安妮','Annie.png','champion0.png','champion','288','0','48','48') [ RunTime:0.0489s ]
SQL: INSERT INTO `lol_champion` (`key`,`engid`,`name`,`title`,`imagefull`,`imagesprite`,`imagegroup`,`x`,`y`,`w`,`h`) VALUES ('22','Ashe','寒冰射手','艾希','Ashe.png','champion0.png','champion','336','0','48','48') [ RunTime:0.0152s ]
SQL: INSERT INTO `lol_champion` (`key`,`engid`,`name`,`title`,`imagefull`,`imagesprite`,`imagegroup`,`x`,`y`,`w`,`h`) VALUES ('268','Azir','沙漠皇帝','阿兹尔','Azir.png','champion0.png','champion','384','0','48','48') [ RunTime:0.0241s ]
SQL: INSERT INTO `lol_champion` (`key`,`engid`,`name`,`title`,`imagefull`,`imagesprite`,`imagegroup`,`x`,`y`,`w`,`h`) VALUES ('432','Bard','星界游神','巴德','Bard.png','champion4.png','champion','144','0','48','48') [ RunTime:0.0149s ]
SQL: INSERT INTO `lol_champion` (`key`,`engid`,`name`,`title`,`imagefull`,`imagesprite`,`imagegroup`,`x`,`y`,`w`,`h`) VALUES ('53','Blitzcrank','蒸汽机器人','布里茨','Blitzcrank.png','champion0.png','champion','432','0','48','48') [ RunTime:0.0159s ]
SQL: INSERT INTO `lol_champion` (`key`,`engid`,`name`,`title`,`imagefull`,`imagesprite`,`imagegroup`,`x`,`y`,`w`,`h`) VALUES ('63','Brand','复仇焰魂','布兰德','Brand.png','champion0.png','champion','0','48','48','48') [ RunTime:0.0150s ]
SQL: INSERT INTO `lol_champion` (`key`,`engid`,`name`,`title`,`imagefull`,`imagesprite`,`imagegroup`,`x`,`y`,`w`,`h`) VALUES ('201','Braum','弗雷尔卓德之心','布隆','Braum.png','champion0.png','champion','48','48','48','48') [ RunTime:0.0158s ]
SQL: INSERT INTO `lol_champion` (`key`,`engid`,`name`,`title`,`imagefull`,`imagesprite`,`imagegroup`,`x`,`y`,`w`,`h`) VALUES ('51','Caitlyn','皮城女警','凯特琳','Caitlyn.png','champion0.png','champion','96','48','48','48') [ RunTime:0.0233s ]
SQL: INSERT INTO `lol_champion` (`key`,`engid`,`name`,`title`,`imagefull`,`imagesprite`,`imagegroup`,`x`,`y`,`w`,`h`) VALUES ('69','Cassiopeia','魔蛇之拥','卡西奥佩娅','Cassiopeia.png','champion0.png','champion','144','48','48','48') [ RunTime:0.0157s ]
SQL: INSERT INTO `lol_champion` (`key`,`engid`,`name`,`title`,`imagefull`,`imagesprite`,`imagegroup`,`x`,`y`,`w`,`h`) VALUES ('31','Chogath','虚空恐惧','科加斯','Chogath.png','champion0.png','champion','192','48','48','48') [ RunTime:0.0150s ]
SQL: INSERT INTO `lol_champion` (`key`,`engid`,`name`,`title`,`imagefull`,`imagesprite`,`imagegroup`,`x`,`y`,`w`,`h`) VALUES ('42','Corki','英勇投弹手','库奇','Corki.png','champion0.png','champion','240','48','48','48') [ RunTime:0.0323s ]
SQL: INSERT INTO `lol_champion` (`key`,`engid`,`name`,`title`,`imagefull`,`imagesprite`,`imagegroup`,`x`,`y`,`w`,`h`) VALUES ('122','Darius','诺克萨斯之手','德莱厄斯','Darius.png','champion0.png','champion','288','48','48','48') [ RunTime:0.0236s ]
SQL: INSERT INTO `lol_champion` (`key`,`engid`,`name`,`title`,`imagefull`,`imagesprite`,`imagegroup`,`x`,`y`,`w`,`h`) VALUES ('131','Diana','皎月女神','黛安娜','Diana.png','champion0.png','champion','336','48','48','48') [ RunTime:0.0217s ]
SQL: INSERT INTO `lol_champion` (`key`,`engid`,`name`,`title`,`imagefull`,`imagesprite`,`imagegroup`,`x`,`y`,`w`,`h`) VALUES ('119','Draven','荣耀行刑官','德莱文','Draven.png','champion0.png','champion','384','48','48','48') [ RunTime:0.0208s ]
SQL: INSERT INTO `lol_champion` (`key`,`engid`,`name`,`title`,`imagefull`,`imagesprite`,`imagegroup`,`x`,`y`,`w`,`h`) VALUES ('36','DrMundo','祖安狂人','蒙多医生','DrMundo.png','champion0.png','champion','432','48','48','48') [ RunTime:0.0216s ]
SQL: INSERT INTO `lol_champion` (`key`,`engid`,`name`,`title`,`imagefull`,`imagesprite`,`imagegroup`,`x`,`y`,`w`,`h`) VALUES ('245','Ekko','时间刺客','艾克','Ekko.png','champion4.png','champion','192','0','48','48') [ RunTime:0.0289s ]
SQL: INSERT INTO `lol_champion` (`key`,`engid`,`name`,`title`,`imagefull`,`imagesprite`,`imagegroup`,`x`,`y`,`w`,`h`) VALUES ('60','Elise','蜘蛛女皇','伊莉丝','Elise.png','champion0.png','champion','0','96','48','48') [ RunTime:0.0214s ]
SQL: INSERT INTO `lol_champion` (`key`,`engid`,`name`,`title`,`imagefull`,`imagesprite`,`imagegroup`,`x`,`y`,`w`,`h`) VALUES ('28','Evelynn','寡妇制造者','伊芙琳','Evelynn.png','champion0.png','champion','48','96','48','48') [ RunTime:0.0208s ]
SQL: INSERT INTO `lol_champion` (`key`,`engid`,`name`,`title`,`imagefull`,`imagesprite`,`imagegroup`,`x`,`y`,`w`,`h`) VALUES ('81','Ezreal','探险家','伊泽瑞尔','Ezreal.png','champion0.png','champion','96','96','48','48') [ RunTime:0.0382s ]
SQL: INSERT INTO `lol_champion` (`key`,`engid`,`name`,`title`,`imagefull`,`imagesprite`,`imagegroup`,`x`,`y`,`w`,`h`) VALUES ('9','FiddleSticks','末日使者','费德提克','FiddleSticks.png','champion0.png','champion','144','96','48','48') [ RunTime:0.0205s ]
SQL: INSERT INTO `lol_champion` (`key`,`engid`,`name`,`title`,`imagefull`,`imagesprite`,`imagegroup`,`x`,`y`,`w`,`h`) VALUES ('114','Fiora','无双剑姬','菲奥娜','Fiora.png','champion0.png','champion','192','96','48','48') [ RunTime:0.0223s ]
SQL: INSERT INTO `lol_champion` (`key`,`engid`,`name`,`title`,`imagefull`,`imagesprite`,`imagegroup`,`x`,`y`,`w`,`h`) VALUES ('105','Fizz','潮汐海灵','菲兹','Fizz.png','champion0.png','champion','240','96','48','48') [ RunTime:0.0141s ]
SQL: INSERT INTO `lol_champion` (`key`,`engid`,`name`,`title`,`imagefull`,`imagesprite`,`imagegroup`,`x`,`y`,`w`,`h`) VALUES ('3','Galio','哨兵之殇','加里奥','Galio.png','champion0.png','champion','288','96','48','48') [ RunTime:0.0247s ]
SQL: INSERT INTO `lol_champion` (`key`,`engid`,`name`,`title`,`imagefull`,`imagesprite`,`imagegroup`,`x`,`y`,`w`,`h`) VALUES ('41','Gangplank','海洋之灾','普朗克','Gangplank.png','champion0.png','champion','336','96','48','48') [ RunTime:0.0150s ]
SQL: INSERT INTO `lol_champion` (`key`,`engid`,`name`,`title`,`imagefull`,`imagesprite`,`imagegroup`,`x`,`y`,`w`,`h`) VALUES ('86','Garen','德玛西亚之力','盖伦','Garen.png','champion0.png','champion','384','96','48','48') [ RunTime:0.0158s ]
SQL: INSERT INTO `lol_champion` (`key`,`engid`,`name`,`title`,`imagefull`,`imagesprite`,`imagegroup`,`x`,`y`,`w`,`h`) VALUES ('150','Gnar','迷失之牙','纳尔','Gnar.png','champion0.png','champion','432','96','48','48') [ RunTime:0.0230s ]
SQL: INSERT INTO `lol_champion` (`key`,`engid`,`name`,`title`,`imagefull`,`imagesprite`,`imagegroup`,`x`,`y`,`w`,`h`) VALUES ('79','Gragas','酒桶','古拉加斯','Gragas.png','champion1.png','champion','0','0','48','48') [ RunTime:0.0158s ]
SQL: INSERT INTO `lol_champion` (`key`,`engid`,`name`,`title`,`imagefull`,`imagesprite`,`imagegroup`,`x`,`y`,`w`,`h`) VALUES ('104','Graves','法外狂徒','格雷福斯','Graves.png','champion1.png','champion','48','0','48','48') [ RunTime:0.0233s ]
SQL: INSERT INTO `lol_champion` (`key`,`engid`,`name`,`title`,`imagefull`,`imagesprite`,`imagegroup`,`x`,`y`,`w`,`h`) VALUES ('120','Hecarim','战争之影','赫卡里姆','Hecarim.png','champion1.png','champion','96','0','48','48') [ RunTime:0.0159s ]
SQL: INSERT INTO `lol_champion` (`key`,`engid`,`name`,`title`,`imagefull`,`imagesprite`,`imagegroup`,`x`,`y`,`w`,`h`) VALUES ('74','Heimerdinger','大发明家','黑默丁格','Heimerdinger.png','champion1.png','champion','144','0','48','48') [ RunTime:0.0149s ]
SQL: INSERT INTO `lol_champion` (`key`,`engid`,`name`,`title`,`imagefull`,`imagesprite`,`imagegroup`,`x`,`y`,`w`,`h`) VALUES ('39','Irelia','刀锋意志','艾瑞莉娅','Irelia.png','champion1.png','champion','192','0','48','48') [ RunTime:0.0327s ]
SQL: INSERT INTO `lol_champion` (`key`,`engid`,`name`,`title`,`imagefull`,`imagesprite`,`imagegroup`,`x`,`y`,`w`,`h`) VALUES ('40','Janna','风暴之怒','迦娜','Janna.png','champion1.png','champion','240','0','48','48') [ RunTime:0.0231s ]
SQL: INSERT INTO `lol_champion` (`key`,`engid`,`name`,`title`,`imagefull`,`imagesprite`,`imagegroup`,`x`,`y`,`w`,`h`) VALUES ('59','JarvanIV','德玛西亚皇子','嘉文四世','JarvanIV.png','champion1.png','champion','288','0','48','48') [ RunTime:0.0242s ]
SQL: INSERT INTO `lol_champion` (`key`,`engid`,`name`,`title`,`imagefull`,`imagesprite`,`imagegroup`,`x`,`y`,`w`,`h`) VALUES ('24','Jax','武器大师','贾克斯','Jax.png','champion1.png','champion','336','0','48','48') [ RunTime:0.0232s ]
SQL: INSERT INTO `lol_champion` (`key`,`engid`,`name`,`title`,`imagefull`,`imagesprite`,`imagegroup`,`x`,`y`,`w`,`h`) VALUES ('126','Jayce','未来守护者','杰斯','Jayce.png','champion1.png','champion','384','0','48','48') [ RunTime:0.0158s ]
SQL: INSERT INTO `lol_champion` (`key`,`engid`,`name`,`title`,`imagefull`,`imagesprite`,`imagegroup`,`x`,`y`,`w`,`h`) VALUES ('222','Jinx','暴走萝莉','金克丝','Jinx.png','champion1.png','champion','432','0','48','48') [ RunTime:0.0149s ]
SQL: INSERT INTO `lol_champion` (`key`,`engid`,`name`,`title`,`imagefull`,`imagesprite`,`imagegroup`,`x`,`y`,`w`,`h`) VALUES ('429','Kalista','复仇之矛','卡莉丝塔','Kalista.png','champion1.png','champion','0','48','48','48') [ RunTime:0.0246s ]
SQL: INSERT INTO `lol_champion` (`key`,`engid`,`name`,`title`,`imagefull`,`imagesprite`,`imagegroup`,`x`,`y`,`w`,`h`) VALUES ('43','Karma','天启者','卡尔玛','Karma.png','champion1.png','champion','48','48','48','48') [ RunTime:0.0208s ]
SQL: INSERT INTO `lol_champion` (`key`,`engid`,`name`,`title`,`imagefull`,`imagesprite`,`imagegroup`,`x`,`y`,`w`,`h`) VALUES ('30','Karthus','死亡颂唱者','卡尔萨斯','Karthus.png','champion1.png','champion','96','48','48','48') [ RunTime:0.0218s ]
SQL: INSERT INTO `lol_champion` (`key`,`engid`,`name`,`title`,`imagefull`,`imagesprite`,`imagegroup`,`x`,`y`,`w`,`h`) VALUES ('38','Kassadin','虚空行者','卡萨丁','Kassadin.png','champion1.png','champion','144','48','48','48') [ RunTime:0.0207s ]
SQL: INSERT INTO `lol_champion` (`key`,`engid`,`name`,`title`,`imagefull`,`imagesprite`,`imagegroup`,`x`,`y`,`w`,`h`) VALUES ('55','Katarina','不祥之刃','卡特琳娜','Katarina.png','champion1.png','champion','192','48','48','48') [ RunTime:0.0213s ]
SQL: INSERT INTO `lol_champion` (`key`,`engid`,`name`,`title`,`imagefull`,`imagesprite`,`imagegroup`,`x`,`y`,`w`,`h`) VALUES ('10','Kayle','审判天使','凯尔','Kayle.png','champion1.png','champion','240','48','48','48') [ RunTime:0.0209s ]
SQL: INSERT INTO `lol_champion` (`key`,`engid`,`name`,`title`,`imagefull`,`imagesprite`,`imagegroup`,`x`,`y`,`w`,`h`) VALUES ('85','Kennen','狂暴之心','凯南','Kennen.png','champion1.png','champion','288','48','48','48') [ RunTime:0.0301s ]
SQL: INSERT INTO `lol_champion` (`key`,`engid`,`name`,`title`,`imagefull`,`imagesprite`,`imagegroup`,`x`,`y`,`w`,`h`) VALUES ('121','Khazix','虚空掠夺者','卡兹克','Khazix.png','champion1.png','champion','336','48','48','48') [ RunTime:0.0209s ]
SQL: INSERT INTO `lol_champion` (`key`,`engid`,`name`,`title`,`imagefull`,`imagesprite`,`imagegroup`,`x`,`y`,`w`,`h`) VALUES ('96','KogMaw','深渊巨口','克格莫','KogMaw.png','champion1.png','champion','384','48','48','48') [ RunTime:0.0216s ]
SQL: INSERT INTO `lol_champion` (`key`,`engid`,`name`,`title`,`imagefull`,`imagesprite`,`imagegroup`,`x`,`y`,`w`,`h`) VALUES ('7','Leblanc','诡术妖姬','乐芙兰','Leblanc.png','champion1.png','champion','432','48','48','48') [ RunTime:0.0209s ]
SQL: INSERT INTO `lol_champion` (`key`,`engid`,`name`,`title`,`imagefull`,`imagesprite`,`imagegroup`,`x`,`y`,`w`,`h`) VALUES ('64','LeeSin','盲僧','李青','LeeSin.png','champion1.png','champion','0','96','48','48') [ RunTime:0.0215s ]
SQL: INSERT INTO `lol_champion` (`key`,`engid`,`name`,`title`,`imagefull`,`imagesprite`,`imagegroup`,`x`,`y`,`w`,`h`) VALUES ('89','Leona','曙光女神','蕾欧娜','Leona.png','champion1.png','champion','48','96','48','48') [ RunTime:0.0206s ]
SQL: INSERT INTO `lol_champion` (`key`,`engid`,`name`,`title`,`imagefull`,`imagesprite`,`imagegroup`,`x`,`y`,`w`,`h`) VALUES ('127','Lissandra','冰霜女巫','丽桑卓','Lissandra.png','champion1.png','champion','96','96','48','48') [ RunTime:0.0214s ]
SQL: INSERT INTO `lol_champion` (`key`,`engid`,`name`,`title`,`imagefull`,`imagesprite`,`imagegroup`,`x`,`y`,`w`,`h`) VALUES ('236','Lucian','圣枪游侠','卢锡安','Lucian.png','champion1.png','champion','144','96','48','48') [ RunTime:0.0209s ]
SQL: INSERT INTO `lol_champion` (`key`,`engid`,`name`,`title`,`imagefull`,`imagesprite`,`imagegroup`,`x`,`y`,`w`,`h`) VALUES ('117','Lulu','仙灵女巫','璐璐','Lulu.png','champion1.png','champion','192','96','48','48') [ RunTime:0.0297s ]
SQL: INSERT INTO `lol_champion` (`key`,`engid`,`name`,`title`,`imagefull`,`imagesprite`,`imagegroup`,`x`,`y`,`w`,`h`) VALUES ('99','Lux','光辉女郎','拉克丝','Lux.png','champion1.png','champion','240','96','48','48') [ RunTime:0.0207s ]
SQL: INSERT INTO `lol_champion` (`key`,`engid`,`name`,`title`,`imagefull`,`imagesprite`,`imagegroup`,`x`,`y`,`w`,`h`) VALUES ('54','Malphite','熔岩巨兽','墨菲特','Malphite.png','champion1.png','champion','288','96','48','48') [ RunTime:0.0217s ]
SQL: INSERT INTO `lol_champion` (`key`,`engid`,`name`,`title`,`imagefull`,`imagesprite`,`imagegroup`,`x`,`y`,`w`,`h`) VALUES ('90','Malzahar','虚空先知','玛尔扎哈','Malzahar.png','champion1.png','champion','336','96','48','48') [ RunTime:0.0208s ]
SQL: INSERT INTO `lol_champion` (`key`,`engid`,`name`,`title`,`imagefull`,`imagesprite`,`imagegroup`,`x`,`y`,`w`,`h`) VALUES ('57','Maokai','扭曲树精','茂凯','Maokai.png','champion1.png','champion','384','96','48','48') [ RunTime:0.0215s ]
SQL: INSERT INTO `lol_champion` (`key`,`engid`,`name`,`title`,`imagefull`,`imagesprite`,`imagegroup`,`x`,`y`,`w`,`h`) VALUES ('11','MasterYi','无极剑圣','易','MasterYi.png','champion1.png','champion','432','96','48','48') [ RunTime:0.0209s ]
SQL: INSERT INTO `lol_champion` (`key`,`engid`,`name`,`title`,`imagefull`,`imagesprite`,`imagegroup`,`x`,`y`,`w`,`h`) VALUES ('21','MissFortune','赏金猎人','厄运小姐','MissFortune.png','champion2.png','champion','0','0','48','48') [ RunTime:0.0217s ]
SQL: INSERT INTO `lol_champion` (`key`,`engid`,`name`,`title`,`imagefull`,`imagesprite`,`imagegroup`,`x`,`y`,`w`,`h`) VALUES ('62','MonkeyKing','齐天大圣','孙悟空','MonkeyKing.png','champion2.png','champion','48','0','48','48') [ RunTime:0.0208s ]
SQL: INSERT INTO `lol_champion` (`key`,`engid`,`name`,`title`,`imagefull`,`imagesprite`,`imagegroup`,`x`,`y`,`w`,`h`) VALUES ('82','Mordekaiser','金属大师','莫德凯撒','Mordekaiser.png','champion2.png','champion','96','0','48','48') [ RunTime:0.0217s ]
SQL: INSERT INTO `lol_champion` (`key`,`engid`,`name`,`title`,`imagefull`,`imagesprite`,`imagegroup`,`x`,`y`,`w`,`h`) VALUES ('25','Morgana','堕落天使','莫甘娜','Morgana.png','champion2.png','champion','144','0','48','48') [ RunTime:0.0205s ]
SQL: INSERT INTO `lol_champion` (`key`,`engid`,`name`,`title`,`imagefull`,`imagesprite`,`imagegroup`,`x`,`y`,`w`,`h`) VALUES ('267','Nami','唤潮鲛姬','娜美','Nami.png','champion2.png','champion','192','0','48','48') [ RunTime:0.0300s ]
SQL: INSERT INTO `lol_champion` (`key`,`engid`,`name`,`title`,`imagefull`,`imagesprite`,`imagegroup`,`x`,`y`,`w`,`h`) VALUES ('75','Nasus','沙漠死神','内瑟斯','Nasus.png','champion2.png','champion','240','0','48','48') [ RunTime:0.0206s ]
SQL: INSERT INTO `lol_champion` (`key`,`engid`,`name`,`title`,`imagefull`,`imagesprite`,`imagegroup`,`x`,`y`,`w`,`h`) VALUES ('111','Nautilus','深海泰坦','诺提勒斯','Nautilus.png','champion2.png','champion','288','0','48','48') [ RunTime:0.0217s ]
SQL: INSERT INTO `lol_champion` (`key`,`engid`,`name`,`title`,`imagefull`,`imagesprite`,`imagegroup`,`x`,`y`,`w`,`h`) VALUES ('76','Nidalee','狂野女猎手','奈德丽','Nidalee.png','champion2.png','champion','336','0','48','48') [ RunTime:0.0208s ]
SQL: INSERT INTO `lol_champion` (`key`,`engid`,`name`,`title`,`imagefull`,`imagesprite`,`imagegroup`,`x`,`y`,`w`,`h`) VALUES ('56','Nocturne','永恒梦魇','魔腾','Nocturne.png','champion2.png','champion','384','0','48','48') [ RunTime:0.0216s ]
SQL: INSERT INTO `lol_champion` (`key`,`engid`,`name`,`title`,`imagefull`,`imagesprite`,`imagegroup`,`x`,`y`,`w`,`h`) VALUES ('20','Nunu','雪人骑士','努努','Nunu.png','champion2.png','champion','432','0','48','48') [ RunTime:0.0208s ]
SQL: INSERT INTO `lol_champion` (`key`,`engid`,`name`,`title`,`imagefull`,`imagesprite`,`imagegroup`,`x`,`y`,`w`,`h`) VALUES ('2','Olaf','狂战士','奥拉夫','Olaf.png','champion2.png','champion','0','48','48','48') [ RunTime:0.0213s ]
SQL: INSERT INTO `lol_champion` (`key`,`engid`,`name`,`title`,`imagefull`,`imagesprite`,`imagegroup`,`x`,`y`,`w`,`h`) VALUES ('61','Orianna','发条魔灵','奥莉安娜','Orianna.png','champion2.png','champion','48','48','48','48') [ RunTime:0.0224s ]
SQL: INSERT INTO `lol_champion` (`key`,`engid`,`name`,`title`,`imagefull`,`imagesprite`,`imagegroup`,`x`,`y`,`w`,`h`) VALUES ('80','Pantheon','战争之王','潘森','Pantheon.png','champion2.png','champion','96','48','48','48') [ RunTime:0.0228s ]
SQL: INSERT INTO `lol_champion` (`key`,`engid`,`name`,`title`,`imagefull`,`imagesprite`,`imagegroup`,`x`,`y`,`w`,`h`) VALUES ('78','Poppy','钢铁大使','波比','Poppy.png','champion2.png','champion','144','48','48','48') [ RunTime:0.0317s ]
SQL: INSERT INTO `lol_champion` (`key`,`engid`,`name`,`title`,`imagefull`,`imagesprite`,`imagegroup`,`x`,`y`,`w`,`h`) VALUES ('133','Quinn','德玛西亚之翼','奎因','Quinn.png','champion2.png','champion','192','48','48','48') [ RunTime:0.0158s ]
SQL: INSERT INTO `lol_champion` (`key`,`engid`,`name`,`title`,`imagefull`,`imagesprite`,`imagegroup`,`x`,`y`,`w`,`h`) VALUES ('33','Rammus','披甲龙龟','拉莫斯','Rammus.png','champion2.png','champion','240','48','48','48') [ RunTime:0.0148s ]
SQL: INSERT INTO `lol_champion` (`key`,`engid`,`name`,`title`,`imagefull`,`imagesprite`,`imagegroup`,`x`,`y`,`w`,`h`) VALUES ('421','RekSai','虚空遁地兽','雷克塞','RekSai.png','champion2.png','champion','288','48','48','48') [ RunTime:0.0160s ]
SQL: INSERT INTO `lol_champion` (`key`,`engid`,`name`,`title`,`imagefull`,`imagesprite`,`imagegroup`,`x`,`y`,`w`,`h`) VALUES ('58','Renekton','荒漠屠夫','雷克顿','Renekton.png','champion2.png','champion','336','48','48','48') [ RunTime:0.0150s ]
SQL: INSERT INTO `lol_champion` (`key`,`engid`,`name`,`title`,`imagefull`,`imagesprite`,`imagegroup`,`x`,`y`,`w`,`h`) VALUES ('107','Rengar','傲之追猎者','雷恩加尔','Rengar.png','champion2.png','champion','384','48','48','48') [ RunTime:0.0158s ]
SQL: INSERT INTO `lol_champion` (`key`,`engid`,`name`,`title`,`imagefull`,`imagesprite`,`imagegroup`,`x`,`y`,`w`,`h`) VALUES ('92','Riven','放逐之刃','锐雯','Riven.png','champion2.png','champion','432','48','48','48') [ RunTime:0.0233s ]
SQL: INSERT INTO `lol_champion` (`key`,`engid`,`name`,`title`,`imagefull`,`imagesprite`,`imagegroup`,`x`,`y`,`w`,`h`) VALUES ('68','Rumble','机械公敌','兰博','Rumble.png','champion2.png','champion','0','96','48','48') [ RunTime:0.0157s ]
SQL: INSERT INTO `lol_champion` (`key`,`engid`,`name`,`title`,`imagefull`,`imagesprite`,`imagegroup`,`x`,`y`,`w`,`h`) VALUES ('13','Ryze','流浪法师','瑞兹','Ryze.png','champion2.png','champion','48','96','48','48') [ RunTime:0.0189s ]
SQL: INSERT INTO `lol_champion` (`key`,`engid`,`name`,`title`,`imagefull`,`imagesprite`,`imagegroup`,`x`,`y`,`w`,`h`) VALUES ('113','Sejuani','凛冬之怒','瑟庄妮','Sejuani.png','champion2.png','champion','96','96','48','48') [ RunTime:0.0197s ]
SQL: INSERT INTO `lol_champion` (`key`,`engid`,`name`,`title`,`imagefull`,`imagesprite`,`imagegroup`,`x`,`y`,`w`,`h`) VALUES ('35','Shaco','恶魔小丑','萨科','Shaco.png','champion2.png','champion','144','96','48','48') [ RunTime:0.0151s ]
SQL: INSERT INTO `lol_champion` (`key`,`engid`,`name`,`title`,`imagefull`,`imagesprite`,`imagegroup`,`x`,`y`,`w`,`h`) VALUES ('98','Shen','暮光之眼','慎','Shen.png','champion2.png','champion','192','96','48','48') [ RunTime:0.0157s ]
SQL: INSERT INTO `lol_champion` (`key`,`engid`,`name`,`title`,`imagefull`,`imagesprite`,`imagegroup`,`x`,`y`,`w`,`h`) VALUES ('102','Shyvana','龙血武姬','希瓦娜','Shyvana.png','champion2.png','champion','240','96','48','48') [ RunTime:0.0150s ]
SQL: INSERT INTO `lol_champion` (`key`,`engid`,`name`,`title`,`imagefull`,`imagesprite`,`imagegroup`,`x`,`y`,`w`,`h`) VALUES ('27','Singed','炼金术士','辛吉德','Singed.png','champion2.png','champion','288','96','48','48') [ RunTime:0.0239s ]
SQL: INSERT INTO `lol_champion` (`key`,`engid`,`name`,`title`,`imagefull`,`imagesprite`,`imagegroup`,`x`,`y`,`w`,`h`) VALUES ('14','Sion','亡灵战神','赛恩','Sion.png','champion2.png','champion','336','96','48','48') [ RunTime:0.0153s ]
SQL: INSERT INTO `lol_champion` (`key`,`engid`,`name`,`title`,`imagefull`,`imagesprite`,`imagegroup`,`x`,`y`,`w`,`h`) VALUES ('15','Sivir','战争女神','希维尔','Sivir.png','champion2.png','champion','384','96','48','48') [ RunTime:0.0217s ]
SQL: INSERT INTO `lol_champion` (`key`,`engid`,`name`,`title`,`imagefull`,`imagesprite`,`imagegroup`,`x`,`y`,`w`,`h`) VALUES ('72','Skarner','水晶先锋','斯卡纳','Skarner.png','champion2.png','champion','432','96','48','48') [ RunTime:0.0208s ]
SQL: INSERT INTO `lol_champion` (`key`,`engid`,`name`,`title`,`imagefull`,`imagesprite`,`imagegroup`,`x`,`y`,`w`,`h`) VALUES ('37','Sona','琴瑟仙女','娑娜','Sona.png','champion3.png','champion','0','0','48','48') [ RunTime:0.0216s ]
SQL: INSERT INTO `lol_champion` (`key`,`engid`,`name`,`title`,`imagefull`,`imagesprite`,`imagegroup`,`x`,`y`,`w`,`h`) VALUES ('16','Soraka','众星之子','索拉卡','Soraka.png','champion3.png','champion','48','0','48','48') [ RunTime:0.0208s ]
SQL: INSERT INTO `lol_champion` (`key`,`engid`,`name`,`title`,`imagefull`,`imagesprite`,`imagegroup`,`x`,`y`,`w`,`h`) VALUES ('50','Swain','策士统领','斯维因','Swain.png','champion3.png','champion','96','0','48','48') [ RunTime:0.0215s ]
SQL: INSERT INTO `lol_champion` (`key`,`engid`,`name`,`title`,`imagefull`,`imagesprite`,`imagegroup`,`x`,`y`,`w`,`h`) VALUES ('134','Syndra','暗黑元首','辛德拉','Syndra.png','champion3.png','champion','144','0','48','48') [ RunTime:0.0208s ]
SQL: INSERT INTO `lol_champion` (`key`,`engid`,`name`,`title`,`imagefull`,`imagesprite`,`imagegroup`,`x`,`y`,`w`,`h`) VALUES ('223','TahmKench','河流之王','塔姆','TahmKench.png','champion4.png','champion','240','0','48','48') [ RunTime:0.0467s ]
SQL: INSERT INTO `lol_champion` (`key`,`engid`,`name`,`title`,`imagefull`,`imagesprite`,`imagegroup`,`x`,`y`,`w`,`h`) VALUES ('91','Talon','刀锋之影','泰隆','Talon.png','champion3.png','champion','192','0','48','48') [ RunTime:0.0530s ]
SQL: INSERT INTO `lol_champion` (`key`,`engid`,`name`,`title`,`imagefull`,`imagesprite`,`imagegroup`,`x`,`y`,`w`,`h`) VALUES ('44','Taric','宝石骑士','塔里克','Taric.png','champion3.png','champion','240','0','48','48') [ RunTime:0.0222s ]
SQL: INSERT INTO `lol_champion` (`key`,`engid`,`name`,`title`,`imagefull`,`imagesprite`,`imagegroup`,`x`,`y`,`w`,`h`) VALUES ('17','Teemo','迅捷斥候','提莫','Teemo.png','champion3.png','champion','288','0','48','48') [ RunTime:0.0216s ]
SQL: INSERT INTO `lol_champion` (`key`,`engid`,`name`,`title`,`imagefull`,`imagesprite`,`imagegroup`,`x`,`y`,`w`,`h`) VALUES ('412','Thresh','魂锁典狱长','锤石','Thresh.png','champion3.png','champion','336','0','48','48') [ RunTime:0.0202s ]
SQL: INSERT INTO `lol_champion` (`key`,`engid`,`name`,`title`,`imagefull`,`imagesprite`,`imagegroup`,`x`,`y`,`w`,`h`) VALUES ('18','Tristana','麦林炮手','崔丝塔娜','Tristana.png','champion3.png','champion','384','0','48','48') [ RunTime:0.0218s ]
SQL: INSERT INTO `lol_champion` (`key`,`engid`,`name`,`title`,`imagefull`,`imagesprite`,`imagegroup`,`x`,`y`,`w`,`h`) VALUES ('48','Trundle','巨魔之王','特朗德尔','Trundle.png','champion3.png','champion','432','0','48','48') [ RunTime:0.0209s ]
SQL: INSERT INTO `lol_champion` (`key`,`engid`,`name`,`title`,`imagefull`,`imagesprite`,`imagegroup`,`x`,`y`,`w`,`h`) VALUES ('23','Tryndamere','蛮族之王','泰达米尔','Tryndamere.png','champion3.png','champion','0','48','48','48') [ RunTime:0.0211s ]
SQL: INSERT INTO `lol_champion` (`key`,`engid`,`name`,`title`,`imagefull`,`imagesprite`,`imagegroup`,`x`,`y`,`w`,`h`) VALUES ('4','TwistedFate','卡牌大师','崔斯特','TwistedFate.png','champion3.png','champion','48','48','48','48') [ RunTime:0.0148s ]
SQL: INSERT INTO `lol_champion` (`key`,`engid`,`name`,`title`,`imagefull`,`imagesprite`,`imagegroup`,`x`,`y`,`w`,`h`) VALUES ('29','Twitch','瘟疫之源','图奇','Twitch.png','champion3.png','champion','96','48','48','48') [ RunTime:0.0155s ]
SQL: INSERT INTO `lol_champion` (`key`,`engid`,`name`,`title`,`imagefull`,`imagesprite`,`imagegroup`,`x`,`y`,`w`,`h`) VALUES ('77','Udyr','兽灵行者','乌迪尔','Udyr.png','champion3.png','champion','144','48','48','48') [ RunTime:0.0150s ]
SQL: INSERT INTO `lol_champion` (`key`,`engid`,`name`,`title`,`imagefull`,`imagesprite`,`imagegroup`,`x`,`y`,`w`,`h`) VALUES ('6','Urgot','首领之傲','厄加特','Urgot.png','champion3.png','champion','192','48','48','48') [ RunTime:0.0159s ]
SQL: INSERT INTO `lol_champion` (`key`,`engid`,`name`,`title`,`imagefull`,`imagesprite`,`imagegroup`,`x`,`y`,`w`,`h`) VALUES ('110','Varus','惩戒之箭','韦鲁斯','Varus.png','champion3.png','champion','240','48','48','48') [ RunTime:0.0150s ]
SQL: INSERT INTO `lol_champion` (`key`,`engid`,`name`,`title`,`imagefull`,`imagesprite`,`imagegroup`,`x`,`y`,`w`,`h`) VALUES ('67','Vayne','暗夜猎手','薇恩','Vayne.png','champion3.png','champion','288','48','48','48') [ RunTime:0.0160s ]
SQL: INSERT INTO `lol_champion` (`key`,`engid`,`name`,`title`,`imagefull`,`imagesprite`,`imagegroup`,`x`,`y`,`w`,`h`) VALUES ('45','Veigar','邪恶小法师','维迦','Veigar.png','champion3.png','champion','336','48','48','48') [ RunTime:0.0149s ]
SQL: INSERT INTO `lol_champion` (`key`,`engid`,`name`,`title`,`imagefull`,`imagesprite`,`imagegroup`,`x`,`y`,`w`,`h`) VALUES ('161','Velkoz','虚空之眼','维克兹','Velkoz.png','champion3.png','champion','384','48','48','48') [ RunTime:0.0158s ]
SQL: INSERT INTO `lol_champion` (`key`,`engid`,`name`,`title`,`imagefull`,`imagesprite`,`imagegroup`,`x`,`y`,`w`,`h`) VALUES ('254','Vi','皮城执法官','蔚','Vi.png','champion3.png','champion','432','48','48','48') [ RunTime:0.0235s ]
SQL: INSERT INTO `lol_champion` (`key`,`engid`,`name`,`title`,`imagefull`,`imagesprite`,`imagegroup`,`x`,`y`,`w`,`h`) VALUES ('112','Viktor','机械先驱','维克托','Viktor.png','champion3.png','champion','0','96','48','48') [ RunTime:0.0157s ]
SQL: INSERT INTO `lol_champion` (`key`,`engid`,`name`,`title`,`imagefull`,`imagesprite`,`imagegroup`,`x`,`y`,`w`,`h`) VALUES ('8','Vladimir','猩红收割者','弗拉基米尔','Vladimir.png','champion3.png','champion','48','96','48','48') [ RunTime:0.0150s ]
SQL: INSERT INTO `lol_champion` (`key`,`engid`,`name`,`title`,`imagefull`,`imagesprite`,`imagegroup`,`x`,`y`,`w`,`h`) VALUES ('106','Volibear','雷霆咆哮','沃利贝尔','Volibear.png','champion3.png','champion','96','96','48','48') [ RunTime:0.0161s ]
SQL: INSERT INTO `lol_champion` (`key`,`engid`,`name`,`title`,`imagefull`,`imagesprite`,`imagegroup`,`x`,`y`,`w`,`h`) VALUES ('19','Warwick','嗜血猎手','沃里克','Warwick.png','champion3.png','champion','144','96','48','48') [ RunTime:0.0205s ]
SQL: INSERT INTO `lol_champion` (`key`,`engid`,`name`,`title`,`imagefull`,`imagesprite`,`imagegroup`,`x`,`y`,`w`,`h`) VALUES ('101','Xerath','远古巫灵','泽拉斯','Xerath.png','champion3.png','champion','192','96','48','48') [ RunTime:0.0214s ]
SQL: INSERT INTO `lol_champion` (`key`,`engid`,`name`,`title`,`imagefull`,`imagesprite`,`imagegroup`,`x`,`y`,`w`,`h`) VALUES ('5','XinZhao','德邦总管','赵信','XinZhao.png','champion3.png','champion','240','96','48','48') [ RunTime:0.0145s ]
SQL: INSERT INTO `lol_champion` (`key`,`engid`,`name`,`title`,`imagefull`,`imagesprite`,`imagegroup`,`x`,`y`,`w`,`h`) VALUES ('157','Yasuo','疾风剑豪','亚索','Yasuo.png','champion3.png','champion','288','96','48','48') [ RunTime:0.0322s ]
SQL: INSERT INTO `lol_champion` (`key`,`engid`,`name`,`title`,`imagefull`,`imagesprite`,`imagegroup`,`x`,`y`,`w`,`h`) VALUES ('83','Yorick','掘墓者','约里克','Yorick.png','champion3.png','champion','336','96','48','48') [ RunTime:0.0206s ]
SQL: INSERT INTO `lol_champion` (`key`,`engid`,`name`,`title`,`imagefull`,`imagesprite`,`imagegroup`,`x`,`y`,`w`,`h`) VALUES ('154','Zac','生化魔人','扎克','Zac.png','champion3.png','champion','384','96','48','48') [ RunTime:0.0231s ]
SQL: INSERT INTO `lol_champion` (`key`,`engid`,`name`,`title`,`imagefull`,`imagesprite`,`imagegroup`,`x`,`y`,`w`,`h`) VALUES ('238','Zed','影流之主','劫','Zed.png','champion3.png','champion','432','96','48','48') [ RunTime:0.0222s ]
SQL: INSERT INTO `lol_champion` (`key`,`engid`,`name`,`title`,`imagefull`,`imagesprite`,`imagegroup`,`x`,`y`,`w`,`h`) VALUES ('115','Ziggs','爆破鬼才','吉格斯','Ziggs.png','champion4.png','champion','0','0','48','48') [ RunTime:0.0156s ]
SQL: INSERT INTO `lol_champion` (`key`,`engid`,`name`,`title`,`imagefull`,`imagesprite`,`imagegroup`,`x`,`y`,`w`,`h`) VALUES ('26','Zilean','时光守护者','基兰','Zilean.png','champion4.png','champion','48','0','48','48') [ RunTime:0.0152s ]
SQL: INSERT INTO `lol_champion` (`key`,`engid`,`name`,`title`,`imagefull`,`imagesprite`,`imagegroup`,`x`,`y`,`w`,`h`) VALUES ('143','Zyra','荆棘之兴','婕拉','Zyra.png','champion4.png','champion','96','0','48','48') [ RunTime:0.0162s ]
INFO: [ app_end ] --START--
INFO: Run Behavior\ShowPageTraceBehavior [ RunTime:0.001025s ]
INFO: [ app_end ] --END-- [ RunTime:0.001251s ]

[ 2015-09-10T09:33:04+08:00 ] 127.0.0.1 /Api/lol/asyncchampion
INFO: [ app_init ] --START--
INFO: Run Behavior\BuildLiteBehavior [ RunTime:0.000061s ]
INFO: [ app_init ] --END-- [ RunTime:0.000721s ]
INFO: [ app_begin ] --START--
INFO: Run Behavior\ReadHtmlCacheBehavior [ RunTime:0.000693s ]
INFO: [ app_begin ] --END-- [ RunTime:0.000950s ]
NOTIC: [2] session_start(): open(e:\tmp\sess_6ob12fpq9epqnd8jq17hnrqv86, O_RDWR) failed: No such file or directory (2) D:\wnmp\www\allinone\ThinkPHP\Common\functions.php 第 1263 行.
SQL: SHOW COLUMNS FROM `lol_champion` [ RunTime:0.0040s ]
SQL: SHOW COLUMNS FROM `lol_champion` [ RunTime:0.0036s ]
SQL: INSERT INTO `lol_champion` (`key`,`engid`,`name`,`title`,`imagefull`,`imagesprite`,`imagegroup`,`x`,`y`,`w`,`h`) VALUES ('266','Aatrox','暗裔剑魔','亚托克斯','Aatrox.png','champion0.png','champion','0','0','48','48') [ RunTime:0.0354s ]
SQL: INSERT INTO `lol_champion` (`key`,`engid`,`name`,`title`,`imagefull`,`imagesprite`,`imagegroup`,`x`,`y`,`w`,`h`) VALUES ('103','Ahri','九尾妖狐','阿狸','Ahri.png','champion0.png','champion','48','0','48','48') [ RunTime:0.0162s ]
SQL: INSERT INTO `lol_champion` (`key`,`engid`,`name`,`title`,`imagefull`,`imagesprite`,`imagegroup`,`x`,`y`,`w`,`h`) VALUES ('84','Akali','暗影之拳','阿卡丽','Akali.png','champion0.png','champion','96','0','48','48') [ RunTime:0.0295s ]
SQL: INSERT INTO `lol_champion` (`key`,`engid`,`name`,`title`,`imagefull`,`imagesprite`,`imagegroup`,`x`,`y`,`w`,`h`) VALUES ('12','Alistar','牛头酋长','阿利斯塔','Alistar.png','champion0.png','champion','144','0','48','48') [ RunTime:0.0293s ]
SQL: INSERT INTO `lol_champion` (`key`,`engid`,`name`,`title`,`imagefull`,`imagesprite`,`imagegroup`,`x`,`y`,`w`,`h`) VALUES ('32','Amumu','殇之木乃伊','阿木木','Amumu.png','champion0.png','champion','192','0','48','48') [ RunTime:0.0148s ]
SQL: INSERT INTO `lol_champion` (`key`,`engid`,`name`,`title`,`imagefull`,`imagesprite`,`imagegroup`,`x`,`y`,`w`,`h`) VALUES ('34','Anivia','冰晶凤凰','艾尼维亚','Anivia.png','champion0.png','champion','240','0','48','48') [ RunTime:0.0233s ]
SQL: INSERT INTO `lol_champion` (`key`,`engid`,`name`,`title`,`imagefull`,`imagesprite`,`imagegroup`,`x`,`y`,`w`,`h`) VALUES ('1','Annie','黑暗之女','安妮','Annie.png','champion0.png','champion','288','0','48','48') [ RunTime:0.0152s ]
SQL: INSERT INTO `lol_champion` (`key`,`engid`,`name`,`title`,`imagefull`,`imagesprite`,`imagegroup`,`x`,`y`,`w`,`h`) VALUES ('22','Ashe','寒冰射手','艾希','Ashe.png','champion0.png','champion','336','0','48','48') [ RunTime:0.0162s ]
SQL: INSERT INTO `lol_champion` (`key`,`engid`,`name`,`title`,`imagefull`,`imagesprite`,`imagegroup`,`x`,`y`,`w`,`h`) VALUES ('268','Azir','沙漠皇帝','阿兹尔','Azir.png','champion0.png','champion','384','0','48','48') [ RunTime:0.0151s ]
SQL: INSERT INTO `lol_champion` (`key`,`engid`,`name`,`title`,`imagefull`,`imagesprite`,`imagegroup`,`x`,`y`,`w`,`h`) VALUES ('432','Bard','星界游神','巴德','Bard.png','champion4.png','champion','144','0','48','48') [ RunTime:0.0161s ]
SQL: INSERT INTO `lol_champion` (`key`,`engid`,`name`,`title`,`imagefull`,`imagesprite`,`imagegroup`,`x`,`y`,`w`,`h`) VALUES ('53','Blitzcrank','蒸汽机器人','布里茨','Blitzcrank.png','champion0.png','champion','432','0','48','48') [ RunTime:0.0153s ]
SQL: INSERT INTO `lol_champion` (`key`,`engid`,`name`,`title`,`imagefull`,`imagesprite`,`imagegroup`,`x`,`y`,`w`,`h`) VALUES ('63','Brand','复仇焰魂','布兰德','Brand.png','champion0.png','champion','0','48','48','48') [ RunTime:0.0159s ]
SQL: INSERT INTO `lol_champion` (`key`,`engid`,`name`,`title`,`imagefull`,`imagesprite`,`imagegroup`,`x`,`y`,`w`,`h`) VALUES ('201','Braum','弗雷尔卓德之心','布隆','Braum.png','champion0.png','champion','48','48','48','48') [ RunTime:0.0154s ]
SQL: INSERT INTO `lol_champion` (`key`,`engid`,`name`,`title`,`imagefull`,`imagesprite`,`imagegroup`,`x`,`y`,`w`,`h`) VALUES ('51','Caitlyn','皮城女警','凯特琳','Caitlyn.png','champion0.png','champion','96','48','48','48') [ RunTime:0.0161s ]
SQL: INSERT INTO `lol_champion` (`key`,`engid`,`name`,`title`,`imagefull`,`imagesprite`,`imagegroup`,`x`,`y`,`w`,`h`) VALUES ('69','Cassiopeia','魔蛇之拥','卡西奥佩娅','Cassiopeia.png','champion0.png','champion','144','48','48','48') [ RunTime:0.0151s ]
SQL: INSERT INTO `lol_champion` (`key`,`engid`,`name`,`title`,`imagefull`,`imagesprite`,`imagegroup`,`x`,`y`,`w`,`h`) VALUES ('31','Chogath','虚空恐惧','科加斯','Chogath.png','champion0.png','champion','192','48','48','48') [ RunTime:0.0161s ]
SQL: INSERT INTO `lol_champion` (`key`,`engid`,`name`,`title`,`imagefull`,`imagesprite`,`imagegroup`,`x`,`y`,`w`,`h`) VALUES ('42','Corki','英勇投弹手','库奇','Corki.png','champion0.png','champion','240','48','48','48') [ RunTime:0.0153s ]
SQL: INSERT INTO `lol_champion` (`key`,`engid`,`name`,`title`,`imagefull`,`imagesprite`,`imagegroup`,`x`,`y`,`w`,`h`) VALUES ('122','Darius','诺克萨斯之手','德莱厄斯','Darius.png','champion0.png','champion','288','48','48','48') [ RunTime:0.0161s ]
SQL: INSERT INTO `lol_champion` (`key`,`engid`,`name`,`title`,`imagefull`,`imagesprite`,`imagegroup`,`x`,`y`,`w`,`h`) VALUES ('131','Diana','皎月女神','黛安娜','Diana.png','champion0.png','champion','336','48','48','48') [ RunTime:0.0153s ]
SQL: INSERT INTO `lol_champion` (`key`,`engid`,`name`,`title`,`imagefull`,`imagesprite`,`imagegroup`,`x`,`y`,`w`,`h`) VALUES ('119','Draven','荣耀行刑官','德莱文','Draven.png','champion0.png','champion','384','48','48','48') [ RunTime:0.0160s ]
SQL: INSERT INTO `lol_champion` (`key`,`engid`,`name`,`title`,`imagefull`,`imagesprite`,`imagegroup`,`x`,`y`,`w`,`h`) VALUES ('36','DrMundo','祖安狂人','蒙多医生','DrMundo.png','champion0.png','champion','432','48','48','48') [ RunTime:0.0153s ]
SQL: INSERT INTO `lol_champion` (`key`,`engid`,`name`,`title`,`imagefull`,`imagesprite`,`imagegroup`,`x`,`y`,`w`,`h`) VALUES ('245','Ekko','时间刺客','艾克','Ekko.png','champion4.png','champion','192','0','48','48') [ RunTime:0.0160s ]
SQL: INSERT INTO `lol_champion` (`key`,`engid`,`name`,`title`,`imagefull`,`imagesprite`,`imagegroup`,`x`,`y`,`w`,`h`) VALUES ('60','Elise','蜘蛛女皇','伊莉丝','Elise.png','champion0.png','champion','0','96','48','48') [ RunTime:0.0153s ]
SQL: INSERT INTO `lol_champion` (`key`,`engid`,`name`,`title`,`imagefull`,`imagesprite`,`imagegroup`,`x`,`y`,`w`,`h`) VALUES ('28','Evelynn','寡妇制造者','伊芙琳','Evelynn.png','champion0.png','champion','48','96','48','48') [ RunTime:0.0160s ]
SQL: INSERT INTO `lol_champion` (`key`,`engid`,`name`,`title`,`imagefull`,`imagesprite`,`imagegroup`,`x`,`y`,`w`,`h`) VALUES ('81','Ezreal','探险家','伊泽瑞尔','Ezreal.png','champion0.png','champion','96','96','48','48') [ RunTime:0.0149s ]
SQL: INSERT INTO `lol_champion` (`key`,`engid`,`name`,`title`,`imagefull`,`imagesprite`,`imagegroup`,`x`,`y`,`w`,`h`) VALUES ('9','FiddleSticks','末日使者','费德提克','FiddleSticks.png','champion0.png','champion','144','96','48','48') [ RunTime:0.0159s ]
SQL: INSERT INTO `lol_champion` (`key`,`engid`,`name`,`title`,`imagefull`,`imagesprite`,`imagegroup`,`x`,`y`,`w`,`h`) VALUES ('114','Fiora','无双剑姬','菲奥娜','Fiora.png','champion0.png','champion','192','96','48','48') [ RunTime:0.0152s ]
SQL: INSERT INTO `lol_champion` (`key`,`engid`,`name`,`title`,`imagefull`,`imagesprite`,`imagegroup`,`x`,`y`,`w`,`h`) VALUES ('105','Fizz','潮汐海灵','菲兹','Fizz.png','champion0.png','champion','240','96','48','48') [ RunTime:0.0159s ]
SQL: INSERT INTO `lol_champion` (`key`,`engid`,`name`,`title`,`imagefull`,`imagesprite`,`imagegroup`,`x`,`y`,`w`,`h`) VALUES ('3','Galio','哨兵之殇','加里奥','Galio.png','champion0.png','champion','288','96','48','48') [ RunTime:0.0148s ]
SQL: INSERT INTO `lol_champion` (`key`,`engid`,`name`,`title`,`imagefull`,`imagesprite`,`imagegroup`,`x`,`y`,`w`,`h`) VALUES ('41','Gangplank','海洋之灾','普朗克','Gangplank.png','champion0.png','champion','336','96','48','48') [ RunTime:0.0151s ]
SQL: INSERT INTO `lol_champion` (`key`,`engid`,`name`,`title`,`imagefull`,`imagesprite`,`imagegroup`,`x`,`y`,`w`,`h`) VALUES ('86','Garen','德玛西亚之力','盖伦','Garen.png','champion0.png','champion','384','96','48','48') [ RunTime:0.0225s ]
SQL: INSERT INTO `lol_champion` (`key`,`engid`,`name`,`title`,`imagefull`,`imagesprite`,`imagegroup`,`x`,`y`,`w`,`h`) VALUES ('150','Gnar','迷失之牙','纳尔','Gnar.png','champion0.png','champion','432','96','48','48') [ RunTime:0.0151s ]
SQL: INSERT INTO `lol_champion` (`key`,`engid`,`name`,`title`,`imagefull`,`imagesprite`,`imagegroup`,`x`,`y`,`w`,`h`) VALUES ('79','Gragas','酒桶','古拉加斯','Gragas.png','champion1.png','champion','0','0','48','48') [ RunTime:0.0143s ]
SQL: INSERT INTO `lol_champion` (`key`,`engid`,`name`,`title`,`imagefull`,`imagesprite`,`imagegroup`,`x`,`y`,`w`,`h`) VALUES ('104','Graves','法外狂徒','格雷福斯','Graves.png','champion1.png','champion','48','0','48','48') [ RunTime:0.0150s ]
SQL: INSERT INTO `lol_champion` (`key`,`engid`,`name`,`title`,`imagefull`,`imagesprite`,`imagegroup`,`x`,`y`,`w`,`h`) VALUES ('120','Hecarim','战争之影','赫卡里姆','Hecarim.png','champion1.png','champion','96','0','48','48') [ RunTime:0.0226s ]
SQL: INSERT INTO `lol_champion` (`key`,`engid`,`name`,`title`,`imagefull`,`imagesprite`,`imagegroup`,`x`,`y`,`w`,`h`) VALUES ('74','Heimerdinger','大发明家','黑默丁格','Heimerdinger.png','champion1.png','champion','144','0','48','48') [ RunTime:0.0232s ]
SQL: INSERT INTO `lol_champion` (`key`,`engid`,`name`,`title`,`imagefull`,`imagesprite`,`imagegroup`,`x`,`y`,`w`,`h`) VALUES ('39','Irelia','刀锋意志','艾瑞莉娅','Irelia.png','champion1.png','champion','192','0','48','48') [ RunTime:0.0152s ]
SQL: INSERT INTO `lol_champion` (`key`,`engid`,`name`,`title`,`imagefull`,`imagesprite`,`imagegroup`,`x`,`y`,`w`,`h`) VALUES ('40','Janna','风暴之怒','迦娜','Janna.png','champion1.png','champion','240','0','48','48') [ RunTime:0.0160s ]
SQL: INSERT INTO `lol_champion` (`key`,`engid`,`name`,`title`,`imagefull`,`imagesprite`,`imagegroup`,`x`,`y`,`w`,`h`) VALUES ('59','JarvanIV','德玛西亚皇子','嘉文四世','JarvanIV.png','champion1.png','champion','288','0','48','48') [ RunTime:0.0152s ]
SQL: INSERT INTO `lol_champion` (`key`,`engid`,`name`,`title`,`imagefull`,`imagesprite`,`imagegroup`,`x`,`y`,`w`,`h`) VALUES ('24','Jax','武器大师','贾克斯','Jax.png','champion1.png','champion','336','0','48','48') [ RunTime:0.0159s ]
SQL: INSERT INTO `lol_champion` (`key`,`engid`,`name`,`title`,`imagefull`,`imagesprite`,`imagegroup`,`x`,`y`,`w`,`h`) VALUES ('126','Jayce','未来守护者','杰斯','Jayce.png','champion1.png','champion','384','0','48','48') [ RunTime:0.0151s ]
SQL: INSERT INTO `lol_champion` (`key`,`engid`,`name`,`title`,`imagefull`,`imagesprite`,`imagegroup`,`x`,`y`,`w`,`h`) VALUES ('222','Jinx','暴走萝莉','金克丝','Jinx.png','champion1.png','champion','432','0','48','48') [ RunTime:0.0157s ]
SQL: INSERT INTO `lol_champion` (`key`,`engid`,`name`,`title`,`imagefull`,`imagesprite`,`imagegroup`,`x`,`y`,`w`,`h`) VALUES ('429','Kalista','复仇之矛','卡莉丝塔','Kalista.png','champion1.png','champion','0','48','48','48') [ RunTime:0.0152s ]
SQL: INSERT INTO `lol_champion` (`key`,`engid`,`name`,`title`,`imagefull`,`imagesprite`,`imagegroup`,`x`,`y`,`w`,`h`) VALUES ('43','Karma','天启者','卡尔玛','Karma.png','champion1.png','champion','48','48','48','48') [ RunTime:0.0233s ]
SQL: INSERT INTO `lol_champion` (`key`,`engid`,`name`,`title`,`imagefull`,`imagesprite`,`imagegroup`,`x`,`y`,`w`,`h`) VALUES ('30','Karthus','死亡颂唱者','卡尔萨斯','Karthus.png','champion1.png','champion','96','48','48','48') [ RunTime:0.0313s ]
SQL: INSERT INTO `lol_champion` (`key`,`engid`,`name`,`title`,`imagefull`,`imagesprite`,`imagegroup`,`x`,`y`,`w`,`h`) VALUES ('38','Kassadin','虚空行者','卡萨丁','Kassadin.png','champion1.png','champion','144','48','48','48') [ RunTime:0.0143s ]
SQL: INSERT INTO `lol_champion` (`key`,`engid`,`name`,`title`,`imagefull`,`imagesprite`,`imagegroup`,`x`,`y`,`w`,`h`) VALUES ('55','Katarina','不祥之刃','卡特琳娜','Katarina.png','champion1.png','champion','192','48','48','48') [ RunTime:0.0226s ]
SQL: INSERT INTO `lol_champion` (`key`,`engid`,`name`,`title`,`imagefull`,`imagesprite`,`imagegroup`,`x`,`y`,`w`,`h`) VALUES ('10','Kayle','审判天使','凯尔','Kayle.png','champion1.png','champion','240','48','48','48') [ RunTime:0.0217s ]
SQL: INSERT INTO `lol_champion` (`key`,`engid`,`name`,`title`,`imagefull`,`imagesprite`,`imagegroup`,`x`,`y`,`w`,`h`) VALUES ('85','Kennen','狂暴之心','凯南','Kennen.png','champion1.png','champion','288','48','48','48') [ RunTime:0.0209s ]
SQL: INSERT INTO `lol_champion` (`key`,`engid`,`name`,`title`,`imagefull`,`imagesprite`,`imagegroup`,`x`,`y`,`w`,`h`) VALUES ('121','Khazix','虚空掠夺者','卡兹克','Khazix.png','champion1.png','champion','336','48','48','48') [ RunTime:0.0216s ]
SQL: INSERT INTO `lol_champion` (`key`,`engid`,`name`,`title`,`imagefull`,`imagesprite`,`imagegroup`,`x`,`y`,`w`,`h`) VALUES ('96','KogMaw','深渊巨口','克格莫','KogMaw.png','champion1.png','champion','384','48','48','48') [ RunTime:0.0206s ]
SQL: INSERT INTO `lol_champion` (`key`,`engid`,`name`,`title`,`imagefull`,`imagesprite`,`imagegroup`,`x`,`y`,`w`,`h`) VALUES ('7','Leblanc','诡术妖姬','乐芙兰','Leblanc.png','champion1.png','champion','432','48','48','48') [ RunTime:0.0217s ]
SQL: INSERT INTO `lol_champion` (`key`,`engid`,`name`,`title`,`imagefull`,`imagesprite`,`imagegroup`,`x`,`y`,`w`,`h`) VALUES ('64','LeeSin','盲僧','李青','LeeSin.png','champion1.png','champion','0','96','48','48') [ RunTime:0.0209s ]
SQL: INSERT INTO `lol_champion` (`key`,`engid`,`name`,`title`,`imagefull`,`imagesprite`,`imagegroup`,`x`,`y`,`w`,`h`) VALUES ('89','Leona','曙光女神','蕾欧娜','Leona.png','champion1.png','champion','48','96','48','48') [ RunTime:0.0217s ]
SQL: INSERT INTO `lol_champion` (`key`,`engid`,`name`,`title`,`imagefull`,`imagesprite`,`imagegroup`,`x`,`y`,`w`,`h`) VALUES ('127','Lissandra','冰霜女巫','丽桑卓','Lissandra.png','champion1.png','champion','96','96','48','48') [ RunTime:0.0208s ]
SQL: INSERT INTO `lol_champion` (`key`,`engid`,`name`,`title`,`imagefull`,`imagesprite`,`imagegroup`,`x`,`y`,`w`,`h`) VALUES ('236','Lucian','圣枪游侠','卢锡安','Lucian.png','champion1.png','champion','144','96','48','48') [ RunTime:0.0215s ]
SQL: INSERT INTO `lol_champion` (`key`,`engid`,`name`,`title`,`imagefull`,`imagesprite`,`imagegroup`,`x`,`y`,`w`,`h`) VALUES ('117','Lulu','仙灵女巫','璐璐','Lulu.png','champion1.png','champion','192','96','48','48') [ RunTime:0.0208s ]
SQL: INSERT INTO `lol_champion` (`key`,`engid`,`name`,`title`,`imagefull`,`imagesprite`,`imagegroup`,`x`,`y`,`w`,`h`) VALUES ('99','Lux','光辉女郎','拉克丝','Lux.png','champion1.png','champion','240','96','48','48') [ RunTime:0.0217s ]
SQL: INSERT INTO `lol_champion` (`key`,`engid`,`name`,`title`,`imagefull`,`imagesprite`,`imagegroup`,`x`,`y`,`w`,`h`) VALUES ('54','Malphite','熔岩巨兽','墨菲特','Malphite.png','champion1.png','champion','288','96','48','48') [ RunTime:0.0209s ]
SQL: INSERT INTO `lol_champion` (`key`,`engid`,`name`,`title`,`imagefull`,`imagesprite`,`imagegroup`,`x`,`y`,`w`,`h`) VALUES ('90','Malzahar','虚空先知','玛尔扎哈','Malzahar.png','champion1.png','champion','336','96','48','48') [ RunTime:0.0215s ]
SQL: INSERT INTO `lol_champion` (`key`,`engid`,`name`,`title`,`imagefull`,`imagesprite`,`imagegroup`,`x`,`y`,`w`,`h`) VALUES ('57','Maokai','扭曲树精','茂凯','Maokai.png','champion1.png','champion','384','96','48','48') [ RunTime:0.0207s ]
SQL: INSERT INTO `lol_champion` (`key`,`engid`,`name`,`title`,`imagefull`,`imagesprite`,`imagegroup`,`x`,`y`,`w`,`h`) VALUES ('11','MasterYi','无极剑圣','易','MasterYi.png','champion1.png','champion','432','96','48','48') [ RunTime:0.0215s ]
SQL: INSERT INTO `lol_champion` (`key`,`engid`,`name`,`title`,`imagefull`,`imagesprite`,`imagegroup`,`x`,`y`,`w`,`h`) VALUES ('21','MissFortune','赏金猎人','厄运小姐','MissFortune.png','champion2.png','champion','0','0','48','48') [ RunTime:0.0210s ]
SQL: INSERT INTO `lol_champion` (`key`,`engid`,`name`,`title`,`imagefull`,`imagesprite`,`imagegroup`,`x`,`y`,`w`,`h`) VALUES ('62','MonkeyKing','齐天大圣','孙悟空','MonkeyKing.png','champion2.png','champion','48','0','48','48') [ RunTime:0.0216s ]
SQL: INSERT INTO `lol_champion` (`key`,`engid`,`name`,`title`,`imagefull`,`imagesprite`,`imagegroup`,`x`,`y`,`w`,`h`) VALUES ('82','Mordekaiser','金属大师','莫德凯撒','Mordekaiser.png','champion2.png','champion','96','0','48','48') [ RunTime:0.0298s ]
SQL: INSERT INTO `lol_champion` (`key`,`engid`,`name`,`title`,`imagefull`,`imagesprite`,`imagegroup`,`x`,`y`,`w`,`h`) VALUES ('25','Morgana','堕落天使','莫甘娜','Morgana.png','champion2.png','champion','144','0','48','48') [ RunTime:0.0129s ]
SQL: INSERT INTO `lol_champion` (`key`,`engid`,`name`,`title`,`imagefull`,`imagesprite`,`imagegroup`,`x`,`y`,`w`,`h`) VALUES ('267','Nami','唤潮鲛姬','娜美','Nami.png','champion2.png','champion','192','0','48','48') [ RunTime:0.0208s ]
SQL: INSERT INTO `lol_champion` (`key`,`engid`,`name`,`title`,`imagefull`,`imagesprite`,`imagegroup`,`x`,`y`,`w`,`h`) VALUES ('75','Nasus','沙漠死神','内瑟斯','Nasus.png','champion2.png','champion','240','0','48','48') [ RunTime:0.0217s ]
SQL: INSERT INTO `lol_champion` (`key`,`engid`,`name`,`title`,`imagefull`,`imagesprite`,`imagegroup`,`x`,`y`,`w`,`h`) VALUES ('111','Nautilus','深海泰坦','诺提勒斯','Nautilus.png','champion2.png','champion','288','0','48','48') [ RunTime:0.0209s ]
SQL: INSERT INTO `lol_champion` (`key`,`engid`,`name`,`title`,`imagefull`,`imagesprite`,`imagegroup`,`x`,`y`,`w`,`h`) VALUES ('76','Nidalee','狂野女猎手','奈德丽','Nidalee.png','champion2.png','champion','336','0','48','48') [ RunTime:0.0218s ]
SQL: INSERT INTO `lol_champion` (`key`,`engid`,`name`,`title`,`imagefull`,`imagesprite`,`imagegroup`,`x`,`y`,`w`,`h`) VALUES ('56','Nocturne','永恒梦魇','魔腾','Nocturne.png','champion2.png','champion','384','0','48','48') [ RunTime:0.0204s ]
SQL: INSERT INTO `lol_champion` (`key`,`engid`,`name`,`title`,`imagefull`,`imagesprite`,`imagegroup`,`x`,`y`,`w`,`h`) VALUES ('20','Nunu','雪人骑士','努努','Nunu.png','champion2.png','champion','432','0','48','48') [ RunTime:0.0214s ]
SQL: INSERT INTO `lol_champion` (`key`,`engid`,`name`,`title`,`imagefull`,`imagesprite`,`imagegroup`,`x`,`y`,`w`,`h`) VALUES ('2','Olaf','狂战士','奥拉夫','Olaf.png','champion2.png','champion','0','48','48','48') [ RunTime:0.0209s ]
SQL: INSERT INTO `lol_champion` (`key`,`engid`,`name`,`title`,`imagefull`,`imagesprite`,`imagegroup`,`x`,`y`,`w`,`h`) VALUES ('61','Orianna','发条魔灵','奥莉安娜','Orianna.png','champion2.png','champion','48','48','48','48') [ RunTime:0.0216s ]
SQL: INSERT INTO `lol_champion` (`key`,`engid`,`name`,`title`,`imagefull`,`imagesprite`,`imagegroup`,`x`,`y`,`w`,`h`) VALUES ('80','Pantheon','战争之王','潘森','Pantheon.png','champion2.png','champion','96','48','48','48') [ RunTime:0.0209s ]
SQL: INSERT INTO `lol_champion` (`key`,`engid`,`name`,`title`,`imagefull`,`imagesprite`,`imagegroup`,`x`,`y`,`w`,`h`) VALUES ('78','Poppy','钢铁大使','波比','Poppy.png','champion2.png','champion','144','48','48','48') [ RunTime:0.0218s ]
SQL: INSERT INTO `lol_champion` (`key`,`engid`,`name`,`title`,`imagefull`,`imagesprite`,`imagegroup`,`x`,`y`,`w`,`h`) VALUES ('133','Quinn','德玛西亚之翼','奎因','Quinn.png','champion2.png','champion','192','48','48','48') [ RunTime:0.0207s ]
SQL: INSERT INTO `lol_champion` (`key`,`engid`,`name`,`title`,`imagefull`,`imagesprite`,`imagegroup`,`x`,`y`,`w`,`h`) VALUES ('33','Rammus','披甲龙龟','拉莫斯','Rammus.png','champion2.png','champion','240','48','48','48') [ RunTime:0.0216s ]
SQL: INSERT INTO `lol_champion` (`key`,`engid`,`name`,`title`,`imagefull`,`imagesprite`,`imagegroup`,`x`,`y`,`w`,`h`) VALUES ('421','RekSai','虚空遁地兽','雷克塞','RekSai.png','champion2.png','champion','288','48','48','48') [ RunTime:0.0210s ]
SQL: INSERT INTO `lol_champion` (`key`,`engid`,`name`,`title`,`imagefull`,`imagesprite`,`imagegroup`,`x`,`y`,`w`,`h`) VALUES ('58','Renekton','荒漠屠夫','雷克顿','Renekton.png','champion2.png','champion','336','48','48','48') [ RunTime:0.0216s ]
SQL: INSERT INTO `lol_champion` (`key`,`engid`,`name`,`title`,`imagefull`,`imagesprite`,`imagegroup`,`x`,`y`,`w`,`h`) VALUES ('107','Rengar','傲之追猎者','雷恩加尔','Rengar.png','champion2.png','champion','384','48','48','48') [ RunTime:0.0209s ]
SQL: INSERT INTO `lol_champion` (`key`,`engid`,`name`,`title`,`imagefull`,`imagesprite`,`imagegroup`,`x`,`y`,`w`,`h`) VALUES ('92','Riven','放逐之刃','锐雯','Riven.png','champion2.png','champion','432','48','48','48') [ RunTime:0.0210s ]
SQL: INSERT INTO `lol_champion` (`key`,`engid`,`name`,`title`,`imagefull`,`imagesprite`,`imagegroup`,`x`,`y`,`w`,`h`) VALUES ('68','Rumble','机械公敌','兰博','Rumble.png','champion2.png','champion','0','96','48','48') [ RunTime:0.0226s ]
SQL: INSERT INTO `lol_champion` (`key`,`engid`,`name`,`title`,`imagefull`,`imagesprite`,`imagegroup`,`x`,`y`,`w`,`h`) VALUES ('13','Ryze','流浪法师','瑞兹','Ryze.png','champion2.png','champion','48','96','48','48') [ RunTime:0.0216s ]
SQL: INSERT INTO `lol_champion` (`key`,`engid`,`name`,`title`,`imagefull`,`imagesprite`,`imagegroup`,`x`,`y`,`w`,`h`) VALUES ('113','Sejuani','凛冬之怒','瑟庄妮','Sejuani.png','champion2.png','champion','96','96','48','48') [ RunTime:0.0295s ]
SQL: INSERT INTO `lol_champion` (`key`,`engid`,`name`,`title`,`imagefull`,`imagesprite`,`imagegroup`,`x`,`y`,`w`,`h`) VALUES ('35','Shaco','恶魔小丑','萨科','Shaco.png','champion2.png','champion','144','96','48','48') [ RunTime:0.0131s ]
SQL: INSERT INTO `lol_champion` (`key`,`engid`,`name`,`title`,`imagefull`,`imagesprite`,`imagegroup`,`x`,`y`,`w`,`h`) VALUES ('98','Shen','暮光之眼','慎','Shen.png','champion2.png','champion','192','96','48','48') [ RunTime:0.0306s ]
SQL: INSERT INTO `lol_champion` (`key`,`engid`,`name`,`title`,`imagefull`,`imagesprite`,`imagegroup`,`x`,`y`,`w`,`h`) VALUES ('102','Shyvana','龙血武姬','希瓦娜','Shyvana.png','champion2.png','champion','240','96','48','48') [ RunTime:0.0140s ]
SQL: INSERT INTO `lol_champion` (`key`,`engid`,`name`,`title`,`imagefull`,`imagesprite`,`imagegroup`,`x`,`y`,`w`,`h`) VALUES ('27','Singed','炼金术士','辛吉德','Singed.png','champion2.png','champion','288','96','48','48') [ RunTime:0.0143s ]
SQL: INSERT INTO `lol_champion` (`key`,`engid`,`name`,`title`,`imagefull`,`imagesprite`,`imagegroup`,`x`,`y`,`w`,`h`) VALUES ('14','Sion','亡灵战神','赛恩','Sion.png','champion2.png','champion','336','96','48','48') [ RunTime:0.0151s ]
SQL: INSERT INTO `lol_champion` (`key`,`engid`,`name`,`title`,`imagefull`,`imagesprite`,`imagegroup`,`x`,`y`,`w`,`h`) VALUES ('15','Sivir','战争女神','希维尔','Sivir.png','champion2.png','champion','384','96','48','48') [ RunTime:0.0146s ]
SQL: INSERT INTO `lol_champion` (`key`,`engid`,`name`,`title`,`imagefull`,`imagesprite`,`imagegroup`,`x`,`y`,`w`,`h`) VALUES ('72','Skarner','水晶先锋','斯卡纳','Skarner.png','champion2.png','champion','432','96','48','48') [ RunTime:0.0217s ]
SQL: INSERT INTO `lol_champion` (`key`,`engid`,`name`,`title`,`imagefull`,`imagesprite`,`imagegroup`,`x`,`y`,`w`,`h`) VALUES ('37','Sona','琴瑟仙女','娑娜','Sona.png','champion3.png','champion','0','0','48','48') [ RunTime:0.0209s ]
SQL: INSERT INTO `lol_champion` (`key`,`engid`,`name`,`title`,`imagefull`,`imagesprite`,`imagegroup`,`x`,`y`,`w`,`h`) VALUES ('16','Soraka','众星之子','索拉卡','Soraka.png','champion3.png','champion','48','0','48','48') [ RunTime:0.0215s ]
SQL: INSERT INTO `lol_champion` (`key`,`engid`,`name`,`title`,`imagefull`,`imagesprite`,`imagegroup`,`x`,`y`,`w`,`h`) VALUES ('50','Swain','策士统领','斯维因','Swain.png','champion3.png','champion','96','0','48','48') [ RunTime:0.0208s ]
SQL: INSERT INTO `lol_champion` (`key`,`engid`,`name`,`title`,`imagefull`,`imagesprite`,`imagegroup`,`x`,`y`,`w`,`h`) VALUES ('134','Syndra','暗黑元首','辛德拉','Syndra.png','champion3.png','champion','144','0','48','48') [ RunTime:0.0216s ]
SQL: INSERT INTO `lol_champion` (`key`,`engid`,`name`,`title`,`imagefull`,`imagesprite`,`imagegroup`,`x`,`y`,`w`,`h`) VALUES ('223','TahmKench','河流之王','塔姆','TahmKench.png','champion4.png','champion','240','0','48','48') [ RunTime:0.0209s ]
SQL: INSERT INTO `lol_champion` (`key`,`engid`,`name`,`title`,`imagefull`,`imagesprite`,`imagegroup`,`x`,`y`,`w`,`h`) VALUES ('91','Talon','刀锋之影','泰隆','Talon.png','champion3.png','champion','192','0','48','48') [ RunTime:0.0217s ]
SQL: INSERT INTO `lol_champion` (`key`,`engid`,`name`,`title`,`imagefull`,`imagesprite`,`imagegroup`,`x`,`y`,`w`,`h`) VALUES ('44','Taric','宝石骑士','塔里克','Taric.png','champion3.png','champion','240','0','48','48') [ RunTime:0.0208s ]
SQL: INSERT INTO `lol_champion` (`key`,`engid`,`name`,`title`,`imagefull`,`imagesprite`,`imagegroup`,`x`,`y`,`w`,`h`) VALUES ('17','Teemo','迅捷斥候','提莫','Teemo.png','champion3.png','champion','288','0','48','48') [ RunTime:0.0216s ]
SQL: INSERT INTO `lol_champion` (`key`,`engid`,`name`,`title`,`imagefull`,`imagesprite`,`imagegroup`,`x`,`y`,`w`,`h`) VALUES ('412','Thresh','魂锁典狱长','锤石','Thresh.png','champion3.png','champion','336','0','48','48') [ RunTime:0.0208s ]
SQL: INSERT INTO `lol_champion` (`key`,`engid`,`name`,`title`,`imagefull`,`imagesprite`,`imagegroup`,`x`,`y`,`w`,`h`) VALUES ('18','Tristana','麦林炮手','崔丝塔娜','Tristana.png','champion3.png','champion','384','0','48','48') [ RunTime:0.0217s ]
SQL: INSERT INTO `lol_champion` (`key`,`engid`,`name`,`title`,`imagefull`,`imagesprite`,`imagegroup`,`x`,`y`,`w`,`h`) VALUES ('48','Trundle','巨魔之王','特朗德尔','Trundle.png','champion3.png','champion','432','0','48','48') [ RunTime:0.0209s ]
SQL: INSERT INTO `lol_champion` (`key`,`engid`,`name`,`title`,`imagefull`,`imagesprite`,`imagegroup`,`x`,`y`,`w`,`h`) VALUES ('23','Tryndamere','蛮族之王','泰达米尔','Tryndamere.png','champion3.png','champion','0','48','48','48') [ RunTime:0.0217s ]
SQL: INSERT INTO `lol_champion` (`key`,`engid`,`name`,`title`,`imagefull`,`imagesprite`,`imagegroup`,`x`,`y`,`w`,`h`) VALUES ('4','TwistedFate','卡牌大师','崔斯特','TwistedFate.png','champion3.png','champion','48','48','48','48') [ RunTime:0.0207s ]
SQL: INSERT INTO `lol_champion` (`key`,`engid`,`name`,`title`,`imagefull`,`imagesprite`,`imagegroup`,`x`,`y`,`w`,`h`) VALUES ('29','Twitch','瘟疫之源','图奇','Twitch.png','champion3.png','champion','96','48','48','48') [ RunTime:0.0218s ]
SQL: INSERT INTO `lol_champion` (`key`,`engid`,`name`,`title`,`imagefull`,`imagesprite`,`imagegroup`,`x`,`y`,`w`,`h`) VALUES ('77','Udyr','兽灵行者','乌迪尔','Udyr.png','champion3.png','champion','144','48','48','48') [ RunTime:0.0123s ]
SQL: INSERT INTO `lol_champion` (`key`,`engid`,`name`,`title`,`imagefull`,`imagesprite`,`imagegroup`,`x`,`y`,`w`,`h`) VALUES ('6','Urgot','首领之傲','厄加特','Urgot.png','champion3.png','champion','192','48','48','48') [ RunTime:0.0217s ]
SQL: INSERT INTO `lol_champion` (`key`,`engid`,`name`,`title`,`imagefull`,`imagesprite`,`imagegroup`,`x`,`y`,`w`,`h`) VALUES ('110','Varus','惩戒之箭','韦鲁斯','Varus.png','champion3.png','champion','240','48','48','48') [ RunTime:0.0205s ]
SQL: INSERT INTO `lol_champion` (`key`,`engid`,`name`,`title`,`imagefull`,`imagesprite`,`imagegroup`,`x`,`y`,`w`,`h`) VALUES ('67','Vayne','暗夜猎手','薇恩','Vayne.png','champion3.png','champion','288','48','48','48') [ RunTime:0.0217s ]
SQL: INSERT INTO `lol_champion` (`key`,`engid`,`name`,`title`,`imagefull`,`imagesprite`,`imagegroup`,`x`,`y`,`w`,`h`) VALUES ('45','Veigar','邪恶小法师','维迦','Veigar.png','champion3.png','champion','336','48','48','48') [ RunTime:0.0209s ]
SQL: INSERT INTO `lol_champion` (`key`,`engid`,`name`,`title`,`imagefull`,`imagesprite`,`imagegroup`,`x`,`y`,`w`,`h`) VALUES ('161','Velkoz','虚空之眼','维克兹','Velkoz.png','champion3.png','champion','384','48','48','48') [ RunTime:0.0215s ]
SQL: INSERT INTO `lol_champion` (`key`,`engid`,`name`,`title`,`imagefull`,`imagesprite`,`imagegroup`,`x`,`y`,`w`,`h`) VALUES ('254','Vi','皮城执法官','蔚','Vi.png','champion3.png','champion','432','48','48','48') [ RunTime:0.0210s ]
SQL: INSERT INTO `lol_champion` (`key`,`engid`,`name`,`title`,`imagefull`,`imagesprite`,`imagegroup`,`x`,`y`,`w`,`h`) VALUES ('112','Viktor','机械先驱','维克托','Viktor.png','champion3.png','champion','0','96','48','48') [ RunTime:0.0214s ]
SQL: INSERT INTO `lol_champion` (`key`,`engid`,`name`,`title`,`imagefull`,`imagesprite`,`imagegroup`,`x`,`y`,`w`,`h`) VALUES ('8','Vladimir','猩红收割者','弗拉基米尔','Vladimir.png','champion3.png','champion','48','96','48','48') [ RunTime:0.0209s ]
SQL: INSERT INTO `lol_champion` (`key`,`engid`,`name`,`title`,`imagefull`,`imagesprite`,`imagegroup`,`x`,`y`,`w`,`h`) VALUES ('106','Volibear','雷霆咆哮','沃利贝尔','Volibear.png','champion3.png','champion','96','96','48','48') [ RunTime:0.0217s ]
SQL: INSERT INTO `lol_champion` (`key`,`engid`,`name`,`title`,`imagefull`,`imagesprite`,`imagegroup`,`x`,`y`,`w`,`h`) VALUES ('19','Warwick','嗜血猎手','沃里克','Warwick.png','champion3.png','champion','144','96','48','48') [ RunTime:0.0206s ]
SQL: INSERT INTO `lol_champion` (`key`,`engid`,`name`,`title`,`imagefull`,`imagesprite`,`imagegroup`,`x`,`y`,`w`,`h`) VALUES ('101','Xerath','远古巫灵','泽拉斯','Xerath.png','champion3.png','champion','192','96','48','48') [ RunTime:0.0217s ]
SQL: INSERT INTO `lol_champion` (`key`,`engid`,`name`,`title`,`imagefull`,`imagesprite`,`imagegroup`,`x`,`y`,`w`,`h`) VALUES ('5','XinZhao','德邦总管','赵信','XinZhao.png','champion3.png','champion','240','96','48','48') [ RunTime:0.0204s ]
SQL: INSERT INTO `lol_champion` (`key`,`engid`,`name`,`title`,`imagefull`,`imagesprite`,`imagegroup`,`x`,`y`,`w`,`h`) VALUES ('157','Yasuo','疾风剑豪','亚索','Yasuo.png','champion3.png','champion','288','96','48','48') [ RunTime:0.0215s ]
SQL: INSERT INTO `lol_champion` (`key`,`engid`,`name`,`title`,`imagefull`,`imagesprite`,`imagegroup`,`x`,`y`,`w`,`h`) VALUES ('83','Yorick','掘墓者','约里克','Yorick.png','champion3.png','champion','336','96','48','48') [ RunTime:0.0210s ]
SQL: INSERT INTO `lol_champion` (`key`,`engid`,`name`,`title`,`imagefull`,`imagesprite`,`imagegroup`,`x`,`y`,`w`,`h`) VALUES ('154','Zac','生化魔人','扎克','Zac.png','champion3.png','champion','384','96','48','48') [ RunTime:0.0215s ]
SQL: INSERT INTO `lol_champion` (`key`,`engid`,`name`,`title`,`imagefull`,`imagesprite`,`imagegroup`,`x`,`y`,`w`,`h`) VALUES ('238','Zed','影流之主','劫','Zed.png','champion3.png','champion','432','96','48','48') [ RunTime:0.0208s ]
SQL: INSERT INTO `lol_champion` (`key`,`engid`,`name`,`title`,`imagefull`,`imagesprite`,`imagegroup`,`x`,`y`,`w`,`h`) VALUES ('115','Ziggs','爆破鬼才','吉格斯','Ziggs.png','champion4.png','champion','0','0','48','48') [ RunTime:0.0217s ]
SQL: INSERT INTO `lol_champion` (`key`,`engid`,`name`,`title`,`imagefull`,`imagesprite`,`imagegroup`,`x`,`y`,`w`,`h`) VALUES ('26','Zilean','时光守护者','基兰','Zilean.png','champion4.png','champion','48','0','48','48') [ RunTime:0.0207s ]
SQL: INSERT INTO `lol_champion` (`key`,`engid`,`name`,`title`,`imagefull`,`imagesprite`,`imagegroup`,`x`,`y`,`w`,`h`) VALUES ('143','Zyra','荆棘之兴','婕拉','Zyra.png','champion4.png','champion','96','0','48','48') [ RunTime:0.0299s ]
INFO: [ app_end ] --START--
INFO: Run Behavior\ShowPageTraceBehavior [ RunTime:0.002255s ]
INFO: [ app_end ] --END-- [ RunTime:0.002988s ]

