[ 2015-08-21T15:52:31+08:00 ] 127.0.0.1 /Api/Qiniu/buckets
INFO: [ app_init ] --START--
INFO: Run Behavior\BuildLiteBehavior [ RunTime:0.001066s ]
INFO: [ app_init ] --END-- [ RunTime:0.007135s ]
INFO: [ app_begin ] --START--
INFO: Run Behavior\ReadHtmlCacheBehavior [ RunTime:0.003668s ]
INFO: [ app_begin ] --END-- [ RunTime:0.008602s ]
NOTIC: [2] session_start(): open(e:\tmp\sess_gol5m659p3kt7mmg4fbq3k8ad6, O_RDWR) failed: No such file or directory (2) D:\wnmp\www\allinone\ThinkPHP\Common\functions.php 第 1263 行.

[ 2015-08-21T15:53:13+08:00 ] 127.0.0.1 /Api/Qiniu/buckets
INFO: [ app_init ] --START--
INFO: Run Behavior\BuildLiteBehavior [ RunTime:0.001113s ]
INFO: [ app_init ] --END-- [ RunTime:0.006897s ]
INFO: [ app_begin ] --START--
INFO: Run Behavior\ReadHtmlCacheBehavior [ RunTime:0.004249s ]
INFO: [ app_begin ] --END-- [ RunTime:0.009984s ]
NOTIC: [2] session_start(): open(e:\tmp\sess_gol5m659p3kt7mmg4fbq3k8ad6, O_RDWR) failed: No such file or directory (2) D:\wnmp\www\allinone\ThinkPHP\Common\functions.php 第 1263 行.

[ 2015-08-21T15:54:07+08:00 ] 127.0.0.1 /Api/Qiniu/buckets
INFO: [ app_init ] --START--
INFO: Run Behavior\BuildLiteBehavior [ RunTime:0.001128s ]
INFO: [ app_init ] --END-- [ RunTime:0.009091s ]
INFO: [ app_begin ] --START--
INFO: Run Behavior\ReadHtmlCacheBehavior [ RunTime:0.005846s ]
INFO: [ app_begin ] --END-- [ RunTime:0.013576s ]
NOTIC: [2] session_start(): open(e:\tmp\sess_0f2cqu531jgb1binmgjldbld84, O_RDWR) failed: No such file or directory (2) D:\wnmp\www\allinone\ThinkPHP\Common\functions.php 第 1263 行.

[ 2015-08-21T15:54:30+08:00 ] 127.0.0.1 /Api/Qiniu/buckets
INFO: [ app_init ] --START--
INFO: Run Behavior\BuildLiteBehavior [ RunTime:0.001300s ]
INFO: [ app_init ] --END-- [ RunTime:0.009779s ]
INFO: [ app_begin ] --START--
INFO: Run Behavior\ReadHtmlCacheBehavior [ RunTime:0.004012s ]
INFO: [ app_begin ] --END-- [ RunTime:0.010570s ]
NOTIC: [2] session_start(): open(e:\tmp\sess_gol5m659p3kt7mmg4fbq3k8ad6, O_RDWR) failed: No such file or directory (2) D:\wnmp\www\allinone\ThinkPHP\Common\functions.php 第 1263 行.

[ 2015-08-21T15:59:48+08:00 ] 127.0.0.1 /Api/Qiniu/buckets
INFO: [ app_init ] --START--
INFO: Run Behavior\BuildLiteBehavior [ RunTime:0.000922s ]
INFO: [ app_init ] --END-- [ RunTime:0.007646s ]
INFO: [ app_begin ] --START--
INFO: Run Behavior\ReadHtmlCacheBehavior [ RunTime:0.004381s ]
INFO: [ app_begin ] --END-- [ RunTime:0.009957s ]
NOTIC: [2] session_start(): open(e:\tmp\sess_gol5m659p3kt7mmg4fbq3k8ad6, O_RDWR) failed: No such file or directory (2) D:\wnmp\www\allinone\ThinkPHP\Common\functions.php 第 1263 行.

[ 2015-08-21T16:01:58+08:00 ] 127.0.0.1 /Api/Qiniu/buckets
INFO: [ app_init ] --START--
INFO: Run Behavior\BuildLiteBehavior [ RunTime:0.000856s ]
INFO: [ app_init ] --END-- [ RunTime:0.010368s ]
INFO: [ app_begin ] --START--
INFO: Run Behavior\ReadHtmlCacheBehavior [ RunTime:0.006433s ]
INFO: [ app_begin ] --END-- [ RunTime:0.015881s ]
NOTIC: [2] session_start(): open(e:\tmp\sess_0f2cqu531jgb1binmgjldbld84, O_RDWR) failed: No such file or directory (2) D:\wnmp\www\allinone\ThinkPHP\Common\functions.php 第 1263 行.

[ 2015-08-21T16:02:56+08:00 ] 127.0.0.1 /Api/Qiniu/buckets
INFO: [ app_init ] --START--
INFO: Run Behavior\BuildLiteBehavior [ RunTime:0.000807s ]
INFO: [ app_init ] --END-- [ RunTime:0.007266s ]
INFO: [ app_begin ] --START--
INFO: Run Behavior\ReadHtmlCacheBehavior [ RunTime:0.003015s ]
INFO: [ app_begin ] --END-- [ RunTime:0.007808s ]
NOTIC: [2] session_start(): open(e:\tmp\sess_gol5m659p3kt7mmg4fbq3k8ad6, O_RDWR) failed: No such file or directory (2) D:\wnmp\www\allinone\ThinkPHP\Common\functions.php 第 1263 行.

[ 2015-08-21T16:08:26+08:00 ] 127.0.0.1 /Api/Qiniu/buckets
INFO: [ app_init ] --START--
INFO: Run Behavior\BuildLiteBehavior [ RunTime:0.001158s ]
INFO: [ app_init ] --END-- [ RunTime:0.008820s ]
INFO: [ app_begin ] --START--
INFO: Run Behavior\ReadHtmlCacheBehavior [ RunTime:0.003985s ]
INFO: [ app_begin ] --END-- [ RunTime:0.008786s ]
NOTIC: [2] session_start(): open(e:\tmp\sess_gol5m659p3kt7mmg4fbq3k8ad6, O_RDWR) failed: No such file or directory (2) D:\wnmp\www\allinone\ThinkPHP\Common\functions.php 第 1263 行.

[ 2015-08-21T16:13:11+08:00 ] 127.0.0.1 /Api/Qiniu/buckets
INFO: [ app_init ] --START--
INFO: Run Behavior\BuildLiteBehavior [ RunTime:0.000959s ]
INFO: [ app_init ] --END-- [ RunTime:0.008044s ]
INFO: [ app_begin ] --START--
INFO: Run Behavior\ReadHtmlCacheBehavior [ RunTime:0.005698s ]
INFO: [ app_begin ] --END-- [ RunTime:0.012678s ]
NOTIC: [2] session_start(): open(e:\tmp\sess_gol5m659p3kt7mmg4fbq3k8ad6, O_RDWR) failed: No such file or directory (2) D:\wnmp\www\allinone\ThinkPHP\Common\functions.php 第 1263 行.

[ 2015-08-21T16:13:16+08:00 ] 127.0.0.1 /Api/Qiniu/buckets
INFO: [ app_init ] --START--
INFO: Run Behavior\BuildLiteBehavior [ RunTime:0.000869s ]
INFO: [ app_init ] --END-- [ RunTime:0.006308s ]
INFO: [ app_begin ] --START--
INFO: Run Behavior\ReadHtmlCacheBehavior [ RunTime:0.004200s ]
INFO: [ app_begin ] --END-- [ RunTime:0.009011s ]
NOTIC: [2] session_start(): open(e:\tmp\sess_gol5m659p3kt7mmg4fbq3k8ad6, O_RDWR) failed: No such file or directory (2) D:\wnmp\www\allinone\ThinkPHP\Common\functions.php 第 1263 行.

[ 2015-08-21T16:14:55+08:00 ] 127.0.0.1 /Api/Qiniu/buckets
INFO: [ app_init ] --START--
INFO: Run Behavior\BuildLiteBehavior [ RunTime:0.000828s ]
INFO: [ app_init ] --END-- [ RunTime:0.006458s ]
INFO: [ app_begin ] --START--
INFO: Run Behavior\ReadHtmlCacheBehavior [ RunTime:0.003057s ]
INFO: [ app_begin ] --END-- [ RunTime:0.008034s ]
NOTIC: [2] session_start(): open(e:\tmp\sess_gol5m659p3kt7mmg4fbq3k8ad6, O_RDWR) failed: No such file or directory (2) D:\wnmp\www\allinone\ThinkPHP\Common\functions.php 第 1263 行.

[ 2015-08-21T16:15:31+08:00 ] 127.0.0.1 /Api/Qiniu/buckets
INFO: [ app_init ] --START--
INFO: Run Behavior\BuildLiteBehavior [ RunTime:0.000969s ]
INFO: [ app_init ] --END-- [ RunTime:0.006715s ]
INFO: [ app_begin ] --START--
INFO: Run Behavior\ReadHtmlCacheBehavior [ RunTime:0.003478s ]
INFO: [ app_begin ] --END-- [ RunTime:0.009111s ]
NOTIC: [2] session_start(): open(e:\tmp\sess_gol5m659p3kt7mmg4fbq3k8ad6, O_RDWR) failed: No such file or directory (2) D:\wnmp\www\allinone\ThinkPHP\Common\functions.php 第 1263 行.

[ 2015-08-21T16:15:56+08:00 ] 127.0.0.1 /Api/Qiniu/buckets
INFO: [ app_init ] --START--
INFO: Run Behavior\BuildLiteBehavior [ RunTime:0.001394s ]
INFO: [ app_init ] --END-- [ RunTime:0.011048s ]
INFO: [ app_begin ] --START--
INFO: Run Behavior\ReadHtmlCacheBehavior [ RunTime:0.003148s ]
INFO: [ app_begin ] --END-- [ RunTime:0.008002s ]
NOTIC: [2] session_start(): open(e:\tmp\sess_gol5m659p3kt7mmg4fbq3k8ad6, O_RDWR) failed: No such file or directory (2) D:\wnmp\www\allinone\ThinkPHP\Common\functions.php 第 1263 行.

[ 2015-08-21T16:17:53+08:00 ] 127.0.0.1 /Api/Qiniu/buckets
INFO: [ app_init ] --START--
INFO: Run Behavior\BuildLiteBehavior [ RunTime:0.000852s ]
INFO: [ app_init ] --END-- [ RunTime:0.007487s ]
INFO: [ app_begin ] --START--
INFO: Run Behavior\ReadHtmlCacheBehavior [ RunTime:0.003714s ]
INFO: [ app_begin ] --END-- [ RunTime:0.009933s ]
NOTIC: [2] session_start(): open(e:\tmp\sess_gol5m659p3kt7mmg4fbq3k8ad6, O_RDWR) failed: No such file or directory (2) D:\wnmp\www\allinone\ThinkPHP\Common\functions.php 第 1263 行.

[ 2015-08-21T16:18:52+08:00 ] 127.0.0.1 /Api/Qiniu/buckets
INFO: [ app_init ] --START--
INFO: Run Behavior\BuildLiteBehavior [ RunTime:0.000836s ]
INFO: [ app_init ] --END-- [ RunTime:0.006569s ]
INFO: [ app_begin ] --START--
INFO: Run Behavior\ReadHtmlCacheBehavior [ RunTime:0.003106s ]
INFO: [ app_begin ] --END-- [ RunTime:0.007957s ]
NOTIC: [2] session_start(): open(e:\tmp\sess_gol5m659p3kt7mmg4fbq3k8ad6, O_RDWR) failed: No such file or directory (2) D:\wnmp\www\allinone\ThinkPHP\Common\functions.php 第 1263 行.

[ 2015-08-21T16:19:00+08:00 ] 127.0.0.1 /Api/Qiniu/buckets
INFO: [ app_init ] --START--
INFO: Run Behavior\BuildLiteBehavior [ RunTime:0.000840s ]
INFO: [ app_init ] --END-- [ RunTime:0.006714s ]
INFO: [ app_begin ] --START--
INFO: Run Behavior\ReadHtmlCacheBehavior [ RunTime:0.003088s ]
INFO: [ app_begin ] --END-- [ RunTime:0.008236s ]
NOTIC: [2] session_start(): open(e:\tmp\sess_gol5m659p3kt7mmg4fbq3k8ad6, O_RDWR) failed: No such file or directory (2) D:\wnmp\www\allinone\ThinkPHP\Common\functions.php 第 1263 行.

[ 2015-08-21T16:19:17+08:00 ] 127.0.0.1 /Api/Qiniu/buckets
INFO: [ app_init ] --START--
INFO: Run Behavior\BuildLiteBehavior [ RunTime:0.000878s ]
INFO: [ app_init ] --END-- [ RunTime:0.007574s ]
INFO: [ app_begin ] --START--
INFO: Run Behavior\ReadHtmlCacheBehavior [ RunTime:0.002991s ]
INFO: [ app_begin ] --END-- [ RunTime:0.007942s ]
NOTIC: [2] session_start(): open(e:\tmp\sess_gol5m659p3kt7mmg4fbq3k8ad6, O_RDWR) failed: No such file or directory (2) D:\wnmp\www\allinone\ThinkPHP\Common\functions.php 第 1263 行.

[ 2015-08-21T16:19:53+08:00 ] 127.0.0.1 /Api/Qiniu/buckets
INFO: [ app_init ] --START--
INFO: Run Behavior\BuildLiteBehavior [ RunTime:0.000885s ]
INFO: [ app_init ] --END-- [ RunTime:0.006634s ]
INFO: [ app_begin ] --START--
INFO: Run Behavior\ReadHtmlCacheBehavior [ RunTime:0.003572s ]
INFO: [ app_begin ] --END-- [ RunTime:0.009455s ]
NOTIC: [2] session_start(): open(e:\tmp\sess_gol5m659p3kt7mmg4fbq3k8ad6, O_RDWR) failed: No such file or directory (2) D:\wnmp\www\allinone\ThinkPHP\Common\functions.php 第 1263 行.

[ 2015-08-21T16:20:01+08:00 ] 127.0.0.1 /Api/Qiniu/buckets
INFO: [ app_init ] --START--
INFO: Run Behavior\BuildLiteBehavior [ RunTime:0.001110s ]
INFO: [ app_init ] --END-- [ RunTime:0.011510s ]
INFO: [ app_begin ] --START--
INFO: Run Behavior\ReadHtmlCacheBehavior [ RunTime:0.004734s ]
INFO: [ app_begin ] --END-- [ RunTime:0.010255s ]
NOTIC: [2] session_start(): open(e:\tmp\sess_0f2cqu531jgb1binmgjldbld84, O_RDWR) failed: No such file or directory (2) D:\wnmp\www\allinone\ThinkPHP\Common\functions.php 第 1263 行.

[ 2015-08-21T16:20:13+08:00 ] 127.0.0.1 /Api/Qiniu/buckets
INFO: [ app_init ] --START--
INFO: Run Behavior\BuildLiteBehavior [ RunTime:0.000986s ]
INFO: [ app_init ] --END-- [ RunTime:0.008073s ]
INFO: [ app_begin ] --START--
INFO: Run Behavior\ReadHtmlCacheBehavior [ RunTime:0.003533s ]
INFO: [ app_begin ] --END-- [ RunTime:0.009110s ]
NOTIC: [2] session_start(): open(e:\tmp\sess_gol5m659p3kt7mmg4fbq3k8ad6, O_RDWR) failed: No such file or directory (2) D:\wnmp\www\allinone\ThinkPHP\Common\functions.php 第 1263 行.

[ 2015-08-21T16:20:39+08:00 ] 127.0.0.1 /Api/Qiniu/buckets
INFO: [ app_init ] --START--
INFO: Run Behavior\BuildLiteBehavior [ RunTime:0.002157s ]
INFO: [ app_init ] --END-- [ RunTime:0.014128s ]
INFO: [ app_begin ] --START--
INFO: Run Behavior\ReadHtmlCacheBehavior [ RunTime:0.003160s ]
INFO: [ app_begin ] --END-- [ RunTime:0.007985s ]
NOTIC: [2] session_start(): open(e:\tmp\sess_gol5m659p3kt7mmg4fbq3k8ad6, O_RDWR) failed: No such file or directory (2) D:\wnmp\www\allinone\ThinkPHP\Common\functions.php 第 1263 行.

[ 2015-08-21T16:22:46+08:00 ] 127.0.0.1 /Api/Qiniu/buckets
INFO: [ app_init ] --START--
INFO: Run Behavior\BuildLiteBehavior [ RunTime:0.000846s ]
INFO: [ app_init ] --END-- [ RunTime:0.007395s ]
INFO: [ app_begin ] --START--
INFO: Run Behavior\ReadHtmlCacheBehavior [ RunTime:0.004183s ]
INFO: [ app_begin ] --END-- [ RunTime:0.009477s ]
NOTIC: [2] session_start(): open(e:\tmp\sess_gol5m659p3kt7mmg4fbq3k8ad6, O_RDWR) failed: No such file or directory (2) D:\wnmp\www\allinone\ThinkPHP\Common\functions.php 第 1263 行.
NOTIC: [2] substr() expects parameter 1 to be string, array given D:\wnmp\www\allinone\ThinkPHP\Library\Think\Upload\Driver\Qiniu\QiniuStorage.class.php 第 166 行.

[ 2015-08-21T16:23:16+08:00 ] 127.0.0.1 /Api/Qiniu/buckets
INFO: [ app_init ] --START--
INFO: Run Behavior\BuildLiteBehavior [ RunTime:0.000819s ]
INFO: [ app_init ] --END-- [ RunTime:0.006465s ]
INFO: [ app_begin ] --START--
INFO: Run Behavior\ReadHtmlCacheBehavior [ RunTime:0.002991s ]
INFO: [ app_begin ] --END-- [ RunTime:0.007976s ]
NOTIC: [2] session_start(): open(e:\tmp\sess_gol5m659p3kt7mmg4fbq3k8ad6, O_RDWR) failed: No such file or directory (2) D:\wnmp\www\allinone\ThinkPHP\Common\functions.php 第 1263 行.

[ 2015-08-21T16:23:50+08:00 ] 127.0.0.1 /Api/Qiniu/buckets
INFO: [ app_init ] --START--
INFO: Run Behavior\BuildLiteBehavior [ RunTime:0.001295s ]
INFO: [ app_init ] --END-- [ RunTime:0.012083s ]
INFO: [ app_begin ] --START--
INFO: Run Behavior\ReadHtmlCacheBehavior [ RunTime:0.005408s ]
INFO: [ app_begin ] --END-- [ RunTime:0.013580s ]
NOTIC: [2] session_start(): open(e:\tmp\sess_gol5m659p3kt7mmg4fbq3k8ad6, O_RDWR) failed: No such file or directory (2) D:\wnmp\www\allinone\ThinkPHP\Common\functions.php 第 1263 行.

[ 2015-08-21T16:24:00+08:00 ] 127.0.0.1 /Api/Qiniu/buckets
INFO: [ app_init ] --START--
INFO: Run Behavior\BuildLiteBehavior [ RunTime:0.000923s ]
INFO: [ app_init ] --END-- [ RunTime:0.007664s ]
INFO: [ app_begin ] --START--
INFO: Run Behavior\ReadHtmlCacheBehavior [ RunTime:0.003426s ]
INFO: [ app_begin ] --END-- [ RunTime:0.010324s ]
NOTIC: [2] session_start(): open(e:\tmp\sess_gol5m659p3kt7mmg4fbq3k8ad6, O_RDWR) failed: No such file or directory (2) D:\wnmp\www\allinone\ThinkPHP\Common\functions.php 第 1263 行.

[ 2015-08-21T16:24:06+08:00 ] 127.0.0.1 /Api/Qiniu/buckets
INFO: [ app_init ] --START--
INFO: Run Behavior\BuildLiteBehavior [ RunTime:0.000841s ]
INFO: [ app_init ] --END-- [ RunTime:0.012292s ]
INFO: [ app_begin ] --START--
INFO: Run Behavior\ReadHtmlCacheBehavior [ RunTime:0.005775s ]
INFO: [ app_begin ] --END-- [ RunTime:0.014799s ]
NOTIC: [2] session_start(): open(e:\tmp\sess_0f2cqu531jgb1binmgjldbld84, O_RDWR) failed: No such file or directory (2) D:\wnmp\www\allinone\ThinkPHP\Common\functions.php 第 1263 行.

[ 2015-08-21T20:14:18+08:00 ] 127.0.0.1 /Api/Qiniu/filelist/?pageindex=NaN&pagesize=20
INFO: [ app_init ] --START--
INFO: Run Behavior\BuildLiteBehavior [ RunTime:0.000852s ]
INFO: [ app_init ] --END-- [ RunTime:0.007838s ]
INFO: [ app_begin ] --START--
INFO: Run Behavior\ReadHtmlCacheBehavior [ RunTime:0.003400s ]
INFO: [ app_begin ] --END-- [ RunTime:0.007482s ]
NOTIC: [2] session_start(): open(e:\tmp\sess_gol5m659p3kt7mmg4fbq3k8ad6, O_RDWR) failed: No such file or directory (2) D:\wnmp\www\allinone\ThinkPHP\Common\functions.php 第 1263 行.
SQL: SHOW COLUMNS FROM `qn_file` [ RunTime:0.0091s ]
SQL: SHOW COLUMNS FROM `qn_file` [ RunTime:0.0056s ]
SQL: SELECT COUNT(*) AS tp_count FROM `qn_file` WHERE `mimetype` = 'image/jpeg' LIMIT 1   [ RunTime:0.0024s ]
SQL: SELECT * FROM `qn_file` WHERE `mimetype` = 'image/jpeg' ORDER BY createon desc LIMIT 0,20   [ RunTime:0.0016s ]

[ 2015-08-21T20:23:07+08:00 ] 127.0.0.1 /Api/Qiniu/filelist/?pageindex=NaN&pagesize=20
INFO: [ app_init ] --START--
INFO: Run Behavior\BuildLiteBehavior [ RunTime:0.000812s ]
INFO: [ app_init ] --END-- [ RunTime:0.006244s ]
INFO: [ app_begin ] --START--
INFO: Run Behavior\ReadHtmlCacheBehavior [ RunTime:0.003803s ]
INFO: [ app_begin ] --END-- [ RunTime:0.008060s ]
NOTIC: [2] session_start(): open(e:\tmp\sess_gol5m659p3kt7mmg4fbq3k8ad6, O_RDWR) failed: No such file or directory (2) D:\wnmp\www\allinone\ThinkPHP\Common\functions.php 第 1263 行.
SQL: SHOW COLUMNS FROM `qn_file` [ RunTime:0.0098s ]
SQL: SHOW COLUMNS FROM `qn_file` [ RunTime:0.0063s ]
SQL: SELECT COUNT(*) AS tp_count FROM `qn_file` WHERE `mimetype` = 'image/jpeg' LIMIT 1   [ RunTime:0.0016s ]
SQL: SELECT * FROM `qn_file` WHERE `mimetype` = 'image/jpeg' ORDER BY createon desc LIMIT 0,20   [ RunTime:0.0018s ]

[ 2015-08-21T20:24:19+08:00 ] 127.0.0.1 /Api/Qiniu/filelist/?pageindex=NaN&pagesize=20
INFO: [ app_init ] --START--
INFO: Run Behavior\BuildLiteBehavior [ RunTime:0.001548s ]
INFO: [ app_init ] --END-- [ RunTime:0.010691s ]
INFO: [ app_begin ] --START--
INFO: Run Behavior\ReadHtmlCacheBehavior [ RunTime:0.003112s ]
INFO: [ app_begin ] --END-- [ RunTime:0.007634s ]
NOTIC: [2] session_start(): open(e:\tmp\sess_gol5m659p3kt7mmg4fbq3k8ad6, O_RDWR) failed: No such file or directory (2) D:\wnmp\www\allinone\ThinkPHP\Common\functions.php 第 1263 行.
SQL: SHOW COLUMNS FROM `qn_file` [ RunTime:0.0122s ]
SQL: SHOW COLUMNS FROM `qn_file` [ RunTime:0.0057s ]
SQL: SELECT COUNT(*) AS tp_count FROM `qn_file` WHERE `mimetype` = 'image/jpeg' LIMIT 1   [ RunTime:0.0013s ]
SQL: SELECT * FROM `qn_file` WHERE `mimetype` = 'image/jpeg' ORDER BY createon desc LIMIT 0,20   [ RunTime:0.0015s ]

[ 2015-08-21T21:10:13+08:00 ] 127.0.0.1 /Api/Qiniu/filelist/?pageindex=NaN&pagesize=20
INFO: [ app_init ] --START--
INFO: Run Behavior\BuildLiteBehavior [ RunTime:0.000834s ]
INFO: [ app_init ] --END-- [ RunTime:0.006256s ]
INFO: [ app_begin ] --START--
INFO: Run Behavior\ReadHtmlCacheBehavior [ RunTime:0.003291s ]
INFO: [ app_begin ] --END-- [ RunTime:0.007238s ]
NOTIC: [2] session_start(): open(e:\tmp\sess_gol5m659p3kt7mmg4fbq3k8ad6, O_RDWR) failed: No such file or directory (2) D:\wnmp\www\allinone\ThinkPHP\Common\functions.php 第 1263 行.
SQL: SHOW COLUMNS FROM `qn_file` [ RunTime:0.0088s ]
SQL: SHOW COLUMNS FROM `qn_file` [ RunTime:0.0067s ]
SQL: SELECT COUNT(*) AS tp_count FROM `qn_file` WHERE `mimetype` = 'image/jpeg' LIMIT 1   [ RunTime:0.0027s ]
SQL: SELECT * FROM `qn_file` WHERE `mimetype` = 'image/jpeg' ORDER BY createon desc LIMIT 0,20   [ RunTime:0.0029s ]

[ 2015-08-21T21:10:23+08:00 ] 127.0.0.1 /Api/Qiniu/filelist/?pageindex=NaN&pagesize=20
INFO: [ app_init ] --START--
INFO: Run Behavior\BuildLiteBehavior [ RunTime:0.000849s ]
INFO: [ app_init ] --END-- [ RunTime:0.006507s ]
INFO: [ app_begin ] --START--
INFO: Run Behavior\ReadHtmlCacheBehavior [ RunTime:0.005935s ]
INFO: [ app_begin ] --END-- [ RunTime:0.011188s ]
NOTIC: [2] session_start(): open(e:\tmp\sess_gol5m659p3kt7mmg4fbq3k8ad6, O_RDWR) failed: No such file or directory (2) D:\wnmp\www\allinone\ThinkPHP\Common\functions.php 第 1263 行.
SQL: SHOW COLUMNS FROM `qn_file` [ RunTime:0.0092s ]
SQL: SHOW COLUMNS FROM `qn_file` [ RunTime:0.0058s ]
SQL: SELECT COUNT(*) AS tp_count FROM `qn_file` WHERE `mimetype` = 'image/jpeg' LIMIT 1   [ RunTime:0.0047s ]
SQL: SELECT * FROM `qn_file` WHERE `mimetype` = 'image/jpeg' ORDER BY createon desc LIMIT 0,20   [ RunTime:0.0016s ]

[ 2015-08-21T21:11:40+08:00 ] 127.0.0.1 /Api/Qiniu/filelist/?pageindex=NaN&pagesize=20
INFO: [ app_init ] --START--
INFO: Run Behavior\BuildLiteBehavior [ RunTime:0.000875s ]
INFO: [ app_init ] --END-- [ RunTime:0.006387s ]
INFO: [ app_begin ] --START--
INFO: Run Behavior\ReadHtmlCacheBehavior [ RunTime:0.003501s ]
INFO: [ app_begin ] --END-- [ RunTime:0.008090s ]
NOTIC: [2] session_start(): open(e:\tmp\sess_gol5m659p3kt7mmg4fbq3k8ad6, O_RDWR) failed: No such file or directory (2) D:\wnmp\www\allinone\ThinkPHP\Common\functions.php 第 1263 行.
SQL: SHOW COLUMNS FROM `qn_file` [ RunTime:0.0197s ]
SQL: SHOW COLUMNS FROM `qn_file` [ RunTime:0.0072s ]
SQL: SELECT COUNT(*) AS tp_count FROM `qn_file` WHERE `mimetype` = 'image/jpeg' LIMIT 1   [ RunTime:0.0012s ]
SQL: SELECT * FROM `qn_file` WHERE `mimetype` = 'image/jpeg' ORDER BY createon desc LIMIT 0,20   [ RunTime:0.0027s ]

[ 2015-08-21T21:11:42+08:00 ] 127.0.0.1 /Api/Qiniu/filelist/?pageindex=NaN&pagesize=20
INFO: [ app_init ] --START--
INFO: Run Behavior\BuildLiteBehavior [ RunTime:0.000812s ]
INFO: [ app_init ] --END-- [ RunTime:0.006310s ]
INFO: [ app_begin ] --START--
INFO: Run Behavior\ReadHtmlCacheBehavior [ RunTime:0.003368s ]
INFO: [ app_begin ] --END-- [ RunTime:0.007210s ]
NOTIC: [2] session_start(): open(e:\tmp\sess_gol5m659p3kt7mmg4fbq3k8ad6, O_RDWR) failed: No such file or directory (2) D:\wnmp\www\allinone\ThinkPHP\Common\functions.php 第 1263 行.
SQL: SHOW COLUMNS FROM `qn_file` [ RunTime:0.0095s ]
SQL: SHOW COLUMNS FROM `qn_file` [ RunTime:0.0064s ]
SQL: SELECT COUNT(*) AS tp_count FROM `qn_file` WHERE `mimetype` = 'image/jpeg' LIMIT 1   [ RunTime:0.0023s ]
SQL: SELECT * FROM `qn_file` WHERE `mimetype` = 'image/jpeg' ORDER BY createon desc LIMIT 0,20   [ RunTime:0.0017s ]

[ 2015-08-21T21:11:43+08:00 ] 127.0.0.1 /Api/Qiniu/filelist/?pageindex=NaN&pagesize=20
INFO: [ app_init ] --START--
INFO: Run Behavior\BuildLiteBehavior [ RunTime:0.001093s ]
INFO: [ app_init ] --END-- [ RunTime:0.008146s ]
INFO: [ app_begin ] --START--
INFO: Run Behavior\ReadHtmlCacheBehavior [ RunTime:0.003149s ]
INFO: [ app_begin ] --END-- [ RunTime:0.007598s ]
NOTIC: [2] session_start(): open(e:\tmp\sess_gol5m659p3kt7mmg4fbq3k8ad6, O_RDWR) failed: No such file or directory (2) D:\wnmp\www\allinone\ThinkPHP\Common\functions.php 第 1263 行.
SQL: SHOW COLUMNS FROM `qn_file` [ RunTime:0.0129s ]
SQL: SHOW COLUMNS FROM `qn_file` [ RunTime:0.0064s ]
SQL: SELECT COUNT(*) AS tp_count FROM `qn_file` WHERE `mimetype` = 'image/jpeg' LIMIT 1   [ RunTime:0.0015s ]
SQL: SELECT * FROM `qn_file` WHERE `mimetype` = 'image/jpeg' ORDER BY createon desc LIMIT 0,20   [ RunTime:0.0015s ]

[ 2015-08-21T21:11:45+08:00 ] 127.0.0.1 /Api/Qiniu/filelist/?pageindex=NaN&pagesize=20
INFO: [ app_init ] --START--
INFO: Run Behavior\BuildLiteBehavior [ RunTime:0.001004s ]
INFO: [ app_init ] --END-- [ RunTime:0.006987s ]
INFO: [ app_begin ] --START--
INFO: Run Behavior\ReadHtmlCacheBehavior [ RunTime:0.003403s ]
INFO: [ app_begin ] --END-- [ RunTime:0.007248s ]
NOTIC: [2] session_start(): open(e:\tmp\sess_gol5m659p3kt7mmg4fbq3k8ad6, O_RDWR) failed: No such file or directory (2) D:\wnmp\www\allinone\ThinkPHP\Common\functions.php 第 1263 行.
SQL: SHOW COLUMNS FROM `qn_file` [ RunTime:0.0112s ]
SQL: SHOW COLUMNS FROM `qn_file` [ RunTime:0.0063s ]
SQL: SELECT COUNT(*) AS tp_count FROM `qn_file` WHERE `mimetype` = 'image/jpeg' LIMIT 1   [ RunTime:0.0013s ]
SQL: SELECT * FROM `qn_file` WHERE `mimetype` = 'image/jpeg' ORDER BY createon desc LIMIT 0,20   [ RunTime:0.0017s ]

[ 2015-08-21T21:11:49+08:00 ] 127.0.0.1 /Api/Qiniu/filelist/?pageindex=NaN&pagesize=20
INFO: [ app_init ] --START--
INFO: Run Behavior\BuildLiteBehavior [ RunTime:0.001184s ]
INFO: [ app_init ] --END-- [ RunTime:0.008811s ]
INFO: [ app_begin ] --START--
INFO: Run Behavior\ReadHtmlCacheBehavior [ RunTime:0.003929s ]
INFO: [ app_begin ] --END-- [ RunTime:0.009153s ]
NOTIC: [2] session_start(): open(e:\tmp\sess_gol5m659p3kt7mmg4fbq3k8ad6, O_RDWR) failed: No such file or directory (2) D:\wnmp\www\allinone\ThinkPHP\Common\functions.php 第 1263 行.
SQL: SHOW COLUMNS FROM `qn_file` [ RunTime:0.0171s ]
SQL: SHOW COLUMNS FROM `qn_file` [ RunTime:0.0078s ]
SQL: SELECT COUNT(*) AS tp_count FROM `qn_file` WHERE `mimetype` = 'image/jpeg' LIMIT 1   [ RunTime:0.0015s ]
SQL: SELECT * FROM `qn_file` WHERE `mimetype` = 'image/jpeg' ORDER BY createon desc LIMIT 0,20   [ RunTime:0.0060s ]

[ 2015-08-21T21:12:43+08:00 ] 127.0.0.1 /Api/Qiniu/filelist/?pageindex=NaN&pagesize=20
INFO: [ app_init ] --START--
INFO: Run Behavior\BuildLiteBehavior [ RunTime:0.001187s ]
INFO: [ app_init ] --END-- [ RunTime:0.009131s ]
INFO: [ app_begin ] --START--
INFO: Run Behavior\ReadHtmlCacheBehavior [ RunTime:0.004067s ]
INFO: [ app_begin ] --END-- [ RunTime:0.009095s ]
NOTIC: [2] session_start(): open(e:\tmp\sess_gol5m659p3kt7mmg4fbq3k8ad6, O_RDWR) failed: No such file or directory (2) D:\wnmp\www\allinone\ThinkPHP\Common\functions.php 第 1263 行.
SQL: SHOW COLUMNS FROM `qn_file` [ RunTime:0.0203s ]
SQL: SHOW COLUMNS FROM `qn_file` [ RunTime:0.0068s ]
SQL: SELECT COUNT(*) AS tp_count FROM `qn_file` WHERE `mimetype` = 'image/jpeg' LIMIT 1   [ RunTime:0.0013s ]
SQL: SELECT * FROM `qn_file` WHERE `mimetype` = 'image/jpeg' ORDER BY createon desc LIMIT 0,20   [ RunTime:0.0019s ]

[ 2015-08-21T21:12:46+08:00 ] 127.0.0.1 /Api/Qiniu/filelist/?pageindex=NaN&pagesize=20
INFO: [ app_init ] --START--
INFO: Run Behavior\BuildLiteBehavior [ RunTime:0.001419s ]
INFO: [ app_init ] --END-- [ RunTime:0.008921s ]
INFO: [ app_begin ] --START--
INFO: Run Behavior\ReadHtmlCacheBehavior [ RunTime:0.002998s ]
INFO: [ app_begin ] --END-- [ RunTime:0.006764s ]
NOTIC: [2] session_start(): open(e:\tmp\sess_gol5m659p3kt7mmg4fbq3k8ad6, O_RDWR) failed: No such file or directory (2) D:\wnmp\www\allinone\ThinkPHP\Common\functions.php 第 1263 行.
SQL: SHOW COLUMNS FROM `qn_file` [ RunTime:0.0103s ]
SQL: SHOW COLUMNS FROM `qn_file` [ RunTime:0.0061s ]
SQL: SELECT COUNT(*) AS tp_count FROM `qn_file` WHERE `mimetype` = 'image/jpeg' LIMIT 1   [ RunTime:0.0013s ]
SQL: SELECT * FROM `qn_file` WHERE `mimetype` = 'image/jpeg' ORDER BY createon desc LIMIT 0,20   [ RunTime:0.0016s ]

[ 2015-08-21T21:18:57+08:00 ] 127.0.0.1 /Api/Qiniu/filelist/?pageindex=NaN&pagesize=20
INFO: [ app_init ] --START--
INFO: Run Behavior\BuildLiteBehavior [ RunTime:0.000824s ]
INFO: [ app_init ] --END-- [ RunTime:0.006331s ]
INFO: [ app_begin ] --START--
INFO: Run Behavior\ReadHtmlCacheBehavior [ RunTime:0.005421s ]
INFO: [ app_begin ] --END-- [ RunTime:0.012347s ]
NOTIC: [2] session_start(): open(e:\tmp\sess_gol5m659p3kt7mmg4fbq3k8ad6, O_RDWR) failed: No such file or directory (2) D:\wnmp\www\allinone\ThinkPHP\Common\functions.php 第 1263 行.
SQL: SHOW COLUMNS FROM `qn_file` [ RunTime:0.0095s ]
SQL: SHOW COLUMNS FROM `qn_file` [ RunTime:0.0061s ]
SQL: SELECT COUNT(*) AS tp_count FROM `qn_file` WHERE `mimetype` = 'image/jpeg' LIMIT 1   [ RunTime:0.0023s ]
SQL: SELECT * FROM `qn_file` WHERE `mimetype` = 'image/jpeg' ORDER BY createon desc LIMIT 0,20   [ RunTime:0.0019s ]

[ 2015-08-21T21:21:46+08:00 ] 127.0.0.1 /Api/Qiniu/filelist/?pageindex=NaN&pagesize=20
INFO: [ app_init ] --START--
INFO: Run Behavior\BuildLiteBehavior [ RunTime:0.001123s ]
INFO: [ app_init ] --END-- [ RunTime:0.007421s ]
INFO: [ app_begin ] --START--
INFO: Run Behavior\ReadHtmlCacheBehavior [ RunTime:0.003120s ]
INFO: [ app_begin ] --END-- [ RunTime:0.007340s ]
NOTIC: [2] session_start(): open(e:\tmp\sess_gol5m659p3kt7mmg4fbq3k8ad6, O_RDWR) failed: No such file or directory (2) D:\wnmp\www\allinone\ThinkPHP\Common\functions.php 第 1263 行.
SQL: SHOW COLUMNS FROM `qn_file` [ RunTime:0.0082s ]
SQL: SHOW COLUMNS FROM `qn_file` [ RunTime:0.0082s ]
SQL: SELECT COUNT(*) AS tp_count FROM `qn_file` WHERE `mimetype` = 'image/jpeg' LIMIT 1   [ RunTime:0.0013s ]
SQL: SELECT * FROM `qn_file` WHERE `mimetype` = 'image/jpeg' ORDER BY createon desc LIMIT 0,20   [ RunTime:0.0032s ]

[ 2015-08-21T21:22:49+08:00 ] 127.0.0.1 /Api/Qiniu/filelist/?pageindex=NaN&pagesize=20
INFO: [ app_init ] --START--
INFO: Run Behavior\BuildLiteBehavior [ RunTime:0.001241s ]
INFO: [ app_init ] --END-- [ RunTime:0.010128s ]
INFO: [ app_begin ] --START--
INFO: Run Behavior\ReadHtmlCacheBehavior [ RunTime:0.002962s ]
INFO: [ app_begin ] --END-- [ RunTime:0.006803s ]
NOTIC: [2] session_start(): open(e:\tmp\sess_gol5m659p3kt7mmg4fbq3k8ad6, O_RDWR) failed: No such file or directory (2) D:\wnmp\www\allinone\ThinkPHP\Common\functions.php 第 1263 行.
SQL: SHOW COLUMNS FROM `qn_file` [ RunTime:0.0126s ]
SQL: SHOW COLUMNS FROM `qn_file` [ RunTime:0.0062s ]
SQL: SELECT COUNT(*) AS tp_count FROM `qn_file` WHERE `mimetype` = 'image/jpeg' LIMIT 1   [ RunTime:0.0013s ]
SQL: SELECT * FROM `qn_file` WHERE `mimetype` = 'image/jpeg' ORDER BY createon desc LIMIT 0,20   [ RunTime:0.0018s ]

[ 2015-08-21T21:26:15+08:00 ] 127.0.0.1 /Api/Qiniu/filelist/?pageindex=NaN&pagesize=20
INFO: [ app_init ] --START--
INFO: Run Behavior\BuildLiteBehavior [ RunTime:0.000823s ]
INFO: [ app_init ] --END-- [ RunTime:0.006424s ]
INFO: [ app_begin ] --START--
INFO: Run Behavior\ReadHtmlCacheBehavior [ RunTime:0.003335s ]
INFO: [ app_begin ] --END-- [ RunTime:0.007425s ]
NOTIC: [2] session_start(): open(e:\tmp\sess_gol5m659p3kt7mmg4fbq3k8ad6, O_RDWR) failed: No such file or directory (2) D:\wnmp\www\allinone\ThinkPHP\Common\functions.php 第 1263 行.
SQL: SHOW COLUMNS FROM `qn_file` [ RunTime:0.0086s ]
SQL: SHOW COLUMNS FROM `qn_file` [ RunTime:0.0063s ]
SQL: SELECT COUNT(*) AS tp_count FROM `qn_file` WHERE `mimetype` = 'image/jpeg' LIMIT 1   [ RunTime:0.0013s ]
SQL: SELECT * FROM `qn_file` WHERE `mimetype` = 'image/jpeg' ORDER BY createon desc LIMIT 0,20   [ RunTime:0.0015s ]

[ 2015-08-21T21:26:50+08:00 ] 127.0.0.1 /Api/Qiniu/filelist/?pageindex=NaN&pagesize=20
INFO: [ app_init ] --START--
INFO: Run Behavior\BuildLiteBehavior [ RunTime:0.000821s ]
INFO: [ app_init ] --END-- [ RunTime:0.006609s ]
INFO: [ app_begin ] --START--
INFO: Run Behavior\ReadHtmlCacheBehavior [ RunTime:0.003187s ]
INFO: [ app_begin ] --END-- [ RunTime:0.008087s ]
NOTIC: [2] session_start(): open(e:\tmp\sess_gol5m659p3kt7mmg4fbq3k8ad6, O_RDWR) failed: No such file or directory (2) D:\wnmp\www\allinone\ThinkPHP\Common\functions.php 第 1263 行.
SQL: SHOW COLUMNS FROM `qn_file` [ RunTime:0.0095s ]
SQL: SHOW COLUMNS FROM `qn_file` [ RunTime:0.0135s ]
SQL: SELECT COUNT(*) AS tp_count FROM `qn_file` WHERE `mimetype` = 'image/jpeg' LIMIT 1   [ RunTime:0.0013s ]
SQL: SELECT * FROM `qn_file` WHERE `mimetype` = 'image/jpeg' ORDER BY createon desc LIMIT 0,20   [ RunTime:0.0015s ]

[ 2015-08-21T21:27:05+08:00 ] 127.0.0.1 /Api/Qiniu/filelist/?pageindex=NaN&pagesize=20
INFO: [ app_init ] --START--
INFO: Run Behavior\BuildLiteBehavior [ RunTime:0.000835s ]
INFO: [ app_init ] --END-- [ RunTime:0.006759s ]
INFO: [ app_begin ] --START--
INFO: Run Behavior\ReadHtmlCacheBehavior [ RunTime:0.003127s ]
INFO: [ app_begin ] --END-- [ RunTime:0.007069s ]
NOTIC: [2] session_start(): open(e:\tmp\sess_gol5m659p3kt7mmg4fbq3k8ad6, O_RDWR) failed: No such file or directory (2) D:\wnmp\www\allinone\ThinkPHP\Common\functions.php 第 1263 行.
SQL: SHOW COLUMNS FROM `qn_file` [ RunTime:0.0107s ]
SQL: SHOW COLUMNS FROM `qn_file` [ RunTime:0.0062s ]
SQL: SELECT COUNT(*) AS tp_count FROM `qn_file` WHERE `mimetype` = 'image/jpeg' LIMIT 1   [ RunTime:0.0015s ]
SQL: SELECT * FROM `qn_file` WHERE `mimetype` = 'image/jpeg' ORDER BY createon desc LIMIT 0,20   [ RunTime:0.0063s ]

[ 2015-08-21T21:27:31+08:00 ] 127.0.0.1 /Api/Qiniu/filelist/?pageindex=NaN&pagesize=20
INFO: [ app_init ] --START--
INFO: Run Behavior\BuildLiteBehavior [ RunTime:0.001041s ]
INFO: [ app_init ] --END-- [ RunTime:0.007422s ]
INFO: [ app_begin ] --START--
INFO: Run Behavior\ReadHtmlCacheBehavior [ RunTime:0.003022s ]
INFO: [ app_begin ] --END-- [ RunTime:0.006919s ]
NOTIC: [2] session_start(): open(e:\tmp\sess_gol5m659p3kt7mmg4fbq3k8ad6, O_RDWR) failed: No such file or directory (2) D:\wnmp\www\allinone\ThinkPHP\Common\functions.php 第 1263 行.
SQL: SHOW COLUMNS FROM `qn_file` [ RunTime:0.0093s ]
SQL: SHOW COLUMNS FROM `qn_file` [ RunTime:0.0059s ]
SQL: SELECT COUNT(*) AS tp_count FROM `qn_file` WHERE `mimetype` = 'image/jpeg' LIMIT 1   [ RunTime:0.0014s ]
SQL: SELECT * FROM `qn_file` WHERE `mimetype` = 'image/jpeg' ORDER BY createon desc LIMIT 0,20   [ RunTime:0.0015s ]

[ 2015-08-21T21:30:14+08:00 ] 127.0.0.1 /Api/Qiniu/filelist/?pageindex=3&pagesize=20
INFO: [ app_init ] --START--
INFO: Run Behavior\BuildLiteBehavior [ RunTime:0.000903s ]
INFO: [ app_init ] --END-- [ RunTime:0.006812s ]
INFO: [ app_begin ] --START--
INFO: Run Behavior\ReadHtmlCacheBehavior [ RunTime:0.003016s ]
INFO: [ app_begin ] --END-- [ RunTime:0.007370s ]
NOTIC: [2] session_start(): open(e:\tmp\sess_gol5m659p3kt7mmg4fbq3k8ad6, O_RDWR) failed: No such file or directory (2) D:\wnmp\www\allinone\ThinkPHP\Common\functions.php 第 1263 行.
SQL: SHOW COLUMNS FROM `qn_file` [ RunTime:0.0100s ]
SQL: SHOW COLUMNS FROM `qn_file` [ RunTime:0.0101s ]
SQL: SELECT COUNT(*) AS tp_count FROM `qn_file` WHERE `mimetype` = 'image/jpeg' LIMIT 1   [ RunTime:0.0016s ]
SQL: SELECT * FROM `qn_file` WHERE `mimetype` = 'image/jpeg' ORDER BY createon desc LIMIT 40,20   [ RunTime:0.0353s ]

[ 2015-08-21T21:32:17+08:00 ] 127.0.0.1 /Api/Qiniu/filelist/?pageindex=3&pagesize=20
INFO: [ app_init ] --START--
INFO: Run Behavior\BuildLiteBehavior [ RunTime:0.000847s ]
INFO: [ app_init ] --END-- [ RunTime:0.006895s ]
INFO: [ app_begin ] --START--
INFO: Run Behavior\ReadHtmlCacheBehavior [ RunTime:0.002963s ]
INFO: [ app_begin ] --END-- [ RunTime:0.006784s ]
NOTIC: [2] session_start(): open(e:\tmp\sess_gol5m659p3kt7mmg4fbq3k8ad6, O_RDWR) failed: No such file or directory (2) D:\wnmp\www\allinone\ThinkPHP\Common\functions.php 第 1263 行.
SQL: SHOW COLUMNS FROM `qn_file` [ RunTime:0.0204s ]
SQL: SHOW COLUMNS FROM `qn_file` [ RunTime:0.0069s ]
SQL: SELECT COUNT(*) AS tp_count FROM `qn_file` WHERE `mimetype` = 'image/jpeg' LIMIT 1   [ RunTime:0.0016s ]
SQL: SELECT * FROM `qn_file` WHERE `mimetype` = 'image/jpeg' ORDER BY createon desc LIMIT 40,20   [ RunTime:0.0015s ]

[ 2015-08-21T21:32:51+08:00 ] 127.0.0.1 /Api/Qiniu/filelist/?pageindex=3&pagesize=20
INFO: [ app_init ] --START--
INFO: Run Behavior\BuildLiteBehavior [ RunTime:0.000838s ]
INFO: [ app_init ] --END-- [ RunTime:0.006479s ]
INFO: [ app_begin ] --START--
INFO: Run Behavior\ReadHtmlCacheBehavior [ RunTime:0.005546s ]
INFO: [ app_begin ] --END-- [ RunTime:0.010323s ]
NOTIC: [2] session_start(): open(e:\tmp\sess_gol5m659p3kt7mmg4fbq3k8ad6, O_RDWR) failed: No such file or directory (2) D:\wnmp\www\allinone\ThinkPHP\Common\functions.php 第 1263 行.
SQL: SHOW COLUMNS FROM `qn_file` [ RunTime:0.0191s ]
SQL: SHOW COLUMNS FROM `qn_file` [ RunTime:0.0073s ]
SQL: SELECT COUNT(*) AS tp_count FROM `qn_file` WHERE `mimetype` = 'image/jpeg' LIMIT 1   [ RunTime:0.0015s ]
SQL: SELECT * FROM `qn_file` WHERE `mimetype` = 'image/jpeg' ORDER BY createon desc LIMIT 40,20   [ RunTime:0.0018s ]

[ 2015-08-21T21:36:17+08:00 ] 127.0.0.1 /Api/Qiniu/filelist/?pageindex=3&pagesize=20
INFO: [ app_init ] --START--
INFO: Run Behavior\BuildLiteBehavior [ RunTime:0.000840s ]
INFO: [ app_init ] --END-- [ RunTime:0.007954s ]
INFO: [ app_begin ] --START--
INFO: Run Behavior\ReadHtmlCacheBehavior [ RunTime:0.003415s ]
INFO: [ app_begin ] --END-- [ RunTime:0.008168s ]
NOTIC: [2] session_start(): open(e:\tmp\sess_gol5m659p3kt7mmg4fbq3k8ad6, O_RDWR) failed: No such file or directory (2) D:\wnmp\www\allinone\ThinkPHP\Common\functions.php 第 1263 行.
SQL: SHOW COLUMNS FROM `qn_file` [ RunTime:0.0324s ]
SQL: SHOW COLUMNS FROM `qn_file` [ RunTime:0.0085s ]
SQL: SELECT COUNT(*) AS tp_count FROM `qn_file` WHERE `mimetype` = 'image/jpeg' LIMIT 1   [ RunTime:0.0013s ]
SQL: SELECT * FROM `qn_file` WHERE `mimetype` = 'image/jpeg' ORDER BY createon desc LIMIT 40,20   [ RunTime:0.0015s ]

